#
# There is insufficient memory for the Java Runtime Environment to continue.
# Native memory allocation (mmap) failed to map 65536 bytes for Failed to commit metaspace.
# Possible reasons:
#   The system is out of physical RAM or swap space
#   The process is running with CompressedOops enabled, and the Java Heap may be blocking the growth of the native heap
# Possible solutions:
#   Reduce memory load on the system
#   Increase physical memory or swap space
#   Check if swap backing store is full
#   Decrease Java heap size (-Xmx/-Xms)
#   Decrease number of Java threads
#   Decrease Java thread stack sizes (-Xss)
#   Set larger code cache with -XX:ReservedCodeCacheSize=
#   JVM is running with Zero Based Compressed Oops mode in which the Java heap is
#     placed in the first 32GB address space. The Java Heap base address is the
#     maximum limit for the native heap growth. Please use -XX:HeapBaseMinAddress
#     to set the Java Heap base and to place the Java Heap above 32GB virtual address.
# This output file may be truncated or incomplete.
#
#  Out of Memory Error (virtualSpaceNode.cpp:110), pid=5208, tid=9548
#
# JRE version: Java(TM) SE Runtime Environment (19.0.2+7) (build 19.0.2+7-44)
# Java VM: Java HotSpot(TM) 64-Bit Server VM (19.0.2+7-44, mixed mode, emulated-client, sharing, tiered, compressed oops, compressed class ptrs, g1 gc, windows-amd64)
# No core dump will be written. Minidumps are not enabled by default on client versions of Windows
#

---------------  S U M M A R Y ------------

Command Line: -XX:TieredStopAtLevel=1 com.plprv.PlataformaProveedores.PlataformaProveedoresApplication

Host: 11th Gen Intel(R) Core(TM) i7-1165G7 @ 2.80GHz, 8 cores, 15G,  Windows 10 , 64 bit Build 19041 (10.0.19041.2546)
Time: Fri Mar 17 15:04:41 2023 Hora est. Pac璗ico, Sudam廨ica elapsed time: 0.239390 seconds (0d 0h 0m 0s)

---------------  T H R E A D  ---------------

Current thread (0x000001f70680e910):  JavaThread "main" [_thread_in_vm, id=9548, stack(0x000000b7c1300000,0x000000b7c1400000)]

Stack: [0x000000b7c1300000,0x000000b7c1400000]
Native frames: (J=compiled Java code, j=interpreted, Vv=VM code, C=native code)
V  [jvm.dll+0x6ee21a]
V  [jvm.dll+0x85765e]
V  [jvm.dll+0x85904e]
V  [jvm.dll+0x859703]
V  [jvm.dll+0x28298f]
V  [jvm.dll+0x8532db]
V  [jvm.dll+0x692cb6]
V  [jvm.dll+0x1f2937]
V  [jvm.dll+0x6956f2]
V  [jvm.dll+0x6954de]
V  [jvm.dll+0x6936de]
V  [jvm.dll+0x26f546]
V  [jvm.dll+0x21ea57]
V  [jvm.dll+0x2146a1]
V  [jvm.dll+0x5a9cb6]
V  [jvm.dll+0x7cd5d8]
V  [jvm.dll+0x7cd4fa]
V  [jvm.dll+0x46b2ad]
V  [jvm.dll+0x47d46d]
C  [java.dll+0x1657]

Java frames: (J=compiled Java code, j=interpreted, Vv=VM code)
j  java.lang.ClassLoader.defineClass0(Ljava/lang/ClassLoader;Ljava/lang/Class;Ljava/lang/String;[BIILjava/security/ProtectionDomain;ZILjava/lang/Object;)Ljava/lang/Class;+0 java.base@19.0.2
j  java.lang.System$2.defineClass(Ljava/lang/ClassLoader;Ljava/lang/Class;Ljava/lang/String;[BLjava/security/ProtectionDomain;ZILjava/lang/Object;)Ljava/lang/Class;+17 java.base@19.0.2
j  java.lang.invoke.MethodHandles$Lookup$ClassDefiner.defineClass(ZLjava/lang/Object;)Ljava/lang/Class;+54 java.base@19.0.2
j  java.lang.invoke.InvokerBytecodeGenerator.loadMethod([B)Ljava/lang/invoke/MemberName;+19 java.base@19.0.2
j  java.lang.invoke.InvokerBytecodeGenerator.generateCustomizedCode(Ljava/lang/invoke/LambdaForm;Ljava/lang/invoke/MethodType;)Ljava/lang/invoke/MemberName;+30 java.base@19.0.2
j  java.lang.invoke.LambdaForm.compileToBytecode()V+69 java.base@19.0.2
j  java.lang.invoke.LambdaForm.prepare()V+21 java.base@19.0.2
j  java.lang.invoke.MethodHandle.<init>(Ljava/lang/invoke/MethodType;Ljava/lang/invoke/LambdaForm;)V+33 java.base@19.0.2
j  java.lang.invoke.BoundMethodHandle.<init>(Ljava/lang/invoke/MethodType;Ljava/lang/invoke/LambdaForm;)V+3 java.base@19.0.2
j  java.lang.invoke.BoundMethodHandle$Species_L.<init>(Ljava/lang/invoke/MethodType;Ljava/lang/invoke/LambdaForm;Ljava/lang/Object;)V+3 java.base@19.0.2
j  java.lang.invoke.BoundMethodHandle$Species_L.copyWith(Ljava/lang/invoke/MethodType;Ljava/lang/invoke/LambdaForm;)Ljava/lang/invoke/BoundMethodHandle;+10 java.base@19.0.2
j  java.lang.invoke.MethodHandles.dropArgumentsTrusted(Ljava/lang/invoke/MethodHandle;I[Ljava/lang/Class;)Ljava/lang/invoke/MethodHandle;+103 java.base@19.0.2
j  java.lang.invoke.StringConcatFactory.generateMHInlineCopy(Ljava/lang/invoke/MethodType;[Ljava/lang/String;)Ljava/lang/invoke/MethodHandle;+297 java.base@19.0.2
j  java.lang.invoke.StringConcatFactory.makeConcatWithConstants(Ljava/lang/invoke/MethodHandles$Lookup;Ljava/lang/String;Ljava/lang/invoke/MethodType;Ljava/lang/String;[Ljava/lang/Object;)Ljava/lang/invoke/CallSite;+220 java.base@19.0.2
j  java.lang.invoke.DirectMethodHandle$Holder.invokeStatic(Ljava/lang/Object;Ljava/lang/Object;Ljava/lang/Object;Ljava/lang/Object;Ljava/lang/Object;Ljava/lang/Object;)Ljava/lang/Object;+18 java.base@19.0.2
j  java.lang.invoke.DelegatingMethodHandle$Holder.delegate(Ljava/lang/Object;Ljava/lang/Object;Ljava/lang/Object;Ljava/lang/Object;Ljava/lang/Object;Ljava/lang/Object;)Ljava/lang/Object;+21 java.base@19.0.2
j  java.lang.invoke.Invokers$Holder.invokeExact_MT(Ljava/lang/Object;Ljava/lang/Object;Ljava/lang/Object;Ljava/lang/Object;Ljava/lang/Object;Ljava/lang/Object;Ljava/lang/Object;)Ljava/lang/Object;+26 java.base@19.0.2
j  java.lang.invoke.BootstrapMethodInvoker.invoke(Ljava/lang/Class;Ljava/lang/invoke/MethodHandle;Ljava/lang/String;Ljava/lang/Object;Ljava/lang/Object;Ljava/lang/Class;)Ljava/lang/Object;+157 java.base@19.0.2
j  java.lang.invoke.CallSite.makeSite(Ljava/lang/invoke/MethodHandle;Ljava/lang/String;Ljava/lang/invoke/MethodType;Ljava/lang/Object;Ljava/lang/Class;)Ljava/lang/invoke/CallSite;+8 java.base@19.0.2
j  java.lang.invoke.MethodHandleNatives.linkCallSiteImpl(Ljava/lang/Class;Ljava/lang/invoke/MethodHandle;Ljava/lang/String;Ljava/lang/invoke/MethodType;Ljava/lang/Object;[Ljava/lang/Object;)Ljava/lang/invoke/MemberName;+6 java.base@19.0.2
j  java.lang.invoke.MethodHandleNatives.linkCallSite(Ljava/lang/Object;Ljava/lang/Object;Ljava/lang/Object;Ljava/lang/Object;Ljava/lang/Object;[Ljava/lang/Object;)Ljava/lang/invoke/MemberName;+45 java.base@19.0.2
v  ~StubRoutines::call_stub 0x000001f7105010e8
j  ch.qos.logback.classic.util.DefaultJoranConfigurator.statusOnResourceSearch(Ljava/lang/String;Ljava/lang/ClassLoader;Ljava/net/URL;)V+22
j  ch.qos.logback.classic.util.DefaultJoranConfigurator.getResource(Ljava/lang/String;Ljava/lang/ClassLoader;Z)Ljava/net/URL;+16
j  ch.qos.logback.classic.util.DefaultJoranConfigurator.findURLOfDefaultConfigurationFile(Z)Ljava/net/URL;+23
j  ch.qos.logback.classic.util.DefaultJoranConfigurator.configure(Lch/qos/logback/classic/LoggerContext;)Lch/qos/logback/classic/spi/Configurator$ExecutionStatus;+2
j  ch.qos.logback.classic.util.ContextInitializer.autoConfig(Ljava/lang/ClassLoader;)V+115
j  ch.qos.logback.classic.util.ContextInitializer.autoConfig()V+6
j  ch.qos.logback.classic.spi.LogbackServiceProvider.initializeLoggerContext()V+11
j  ch.qos.logback.classic.spi.LogbackServiceProvider.initialize()V+21
j  org.slf4j.LoggerFactory.bind()V+37
j  org.slf4j.LoggerFactory.performInitialization()V+0
j  org.slf4j.LoggerFactory.getProvider()Lorg/slf4j/spi/SLF4JServiceProvider;+21
j  org.slf4j.LoggerFactory.getILoggerFactory()Lorg/slf4j/ILoggerFactory;+0
j  org.slf4j.LoggerFactory.getLogger(Ljava/lang/String;)Lorg/slf4j/Logger;+0
j  org.apache.commons.logging.LogAdapter$Slf4jAdapter.createLocationAwareLog(Ljava/lang/String;)Lorg/apache/commons/logging/Log;+1
j  org.apache.commons.logging.LogAdapter$$Lambda$1+0x0000000801005800.apply(Ljava/lang/Object;)Ljava/lang/Object;+4
j  org.apache.commons.logging.LogAdapter.createLog(Ljava/lang/String;)Lorg/apache/commons/logging/Log;+4
j  org.apache.commons.logging.LogFactory.getLog(Ljava/lang/String;)Lorg/apache/commons/logging/Log;+1
j  org.apache.commons.logging.LogFactory.getLog(Ljava/lang/Class;)Lorg/apache/commons/logging/Log;+4
j  org.springframework.boot.SpringApplication.<clinit>()V+2
v  ~StubRoutines::call_stub 0x000001f7105010e8
j  com.plprv.PlataformaProveedores.PlataformaProveedoresApplication.main([Ljava/lang/String;)V+3
v  ~StubRoutines::call_stub 0x000001f7105010e8

---------------  P R O C E S S  ---------------

Threads class SMR info:
_java_thread_list=0x000001f7241d71c0, length=14, elements={
0x000001f70680e910, 0x000001f71f7a92f0, 0x000001f71f7a9f00, 0x000001f71f7b2870,
0x000001f71f7b4850, 0x000001f71f7b52f0, 0x000001f71f7b3db0, 0x000001f71f7be720,
0x000001f71f7b3860, 0x000001f724164850, 0x000001f72416adf0, 0x000001f72416d380,
0x000001f71f7b5840, 0x000001f71f7b2320
}

Java Threads: ( => current thread )
=>0x000001f70680e910 JavaThread "main" [_thread_in_vm, id=9548, stack(0x000000b7c1300000,0x000000b7c1400000)]
  0x000001f71f7a92f0 JavaThread "Reference Handler" daemon [_thread_blocked, id=15712, stack(0x000000b7c1a00000,0x000000b7c1b00000)]
  0x000001f71f7a9f00 JavaThread "Finalizer" daemon [_thread_blocked, id=2484, stack(0x000000b7c1b00000,0x000000b7c1c00000)]
  0x000001f71f7b2870 JavaThread "Signal Dispatcher" daemon [_thread_blocked, id=23636, stack(0x000000b7c1c00000,0x000000b7c1d00000)]
  0x000001f71f7b4850 JavaThread "Attach Listener" daemon [_thread_blocked, id=23820, stack(0x000000b7c1d00000,0x000000b7c1e00000)]
  0x000001f71f7b52f0 JavaThread "Service Thread" daemon [_thread_blocked, id=7256, stack(0x000000b7c1e00000,0x000000b7c1f00000)]
  0x000001f71f7b3db0 JavaThread "Monitor Deflation Thread" daemon [_thread_blocked, id=21044, stack(0x000000b7c1f00000,0x000000b7c2000000)]
  0x000001f71f7be720 JavaThread "C1 CompilerThread0" daemon [_thread_blocked, id=23092, stack(0x000000b7c2000000,0x000000b7c2100000)]
  0x000001f71f7b3860 JavaThread "Sweeper thread" daemon [_thread_blocked, id=22804, stack(0x000000b7c2100000,0x000000b7c2200000)]
  0x000001f724164850 JavaThread "C1 CompilerThread1" daemon [_thread_blocked, id=10048, stack(0x000000b7c2200000,0x000000b7c2300000)]
  0x000001f72416adf0 JavaThread "C1 CompilerThread2" daemon [_thread_blocked, id=20540, stack(0x000000b7c2300000,0x000000b7c2400000)]
  0x000001f72416d380 JavaThread "C1 CompilerThread3" daemon [_thread_blocked, id=23556, stack(0x000000b7c2400000,0x000000b7c2500000)]
  0x000001f71f7b5840 JavaThread "Notification Thread" daemon [_thread_blocked, id=22296, stack(0x000000b7c2500000,0x000000b7c2600000)]
  0x000001f71f7b2320 JavaThread "Common-Cleaner" daemon [_thread_blocked, id=9968, stack(0x000000b7c2700000,0x000000b7c2800000)]

Other Threads:
  0x000001f724042010 VMThread "VM Thread" [stack: 0x000000b7c1900000,0x000000b7c1a00000] [id=23880]
  0x000001f7241d5de0 WatcherThread "VM Periodic Task Thread" [stack: 0x000000b7c2600000,0x000000b7c2700000] [id=3412]
  0x000001f708273ac0 WorkerThread "GC Thread#0" [stack: 0x000000b7c1400000,0x000000b7c1500000] [id=22188]
  0x000001f7082864e0 ConcurrentGCThread "G1 Main Marker" [stack: 0x000000b7c1500000,0x000000b7c1600000] [id=20076]
  0x000001f708286fc0 WorkerThread "G1 Conc#0" [stack: 0x000000b7c1600000,0x000000b7c1700000] [id=23188]
  0x000001f71f6525e0 ConcurrentGCThread "G1 Refine#0" [stack: 0x000000b7c1700000,0x000000b7c1800000] [id=20532]
  0x000001f71f652c40 ConcurrentGCThread "G1 Service" [stack: 0x000000b7c1800000,0x000000b7c1900000] [id=10092]

Threads with active compile tasks:

VM state: not at safepoint (normal execution)

VM Mutex/Monitor currently owned by a thread:  ([mutex/lock_event])
[0x000001f70680a630] Metaspace_lock - owner thread: 0x000001f70680e910

Heap address: 0x0000000704600000, size: 4026 MB, Compressed Oops mode: Zero based, Oop shift amount: 3

CDS archive(s) mapped at: [0x0000000800000000-0x0000000800c40000-0x0000000800c40000), size 12845056, SharedBaseAddress: 0x0000000800000000, ArchiveRelocationMode: 0.
Compressed class space mapped at: 0x0000000801000000-0x0000000841000000, reserved size: 1073741824
Narrow klass base: 0x0000000800000000, Narrow klass shift: 0, Narrow klass range: 0x100000000

GC Precious Log:
 CardTable entry size: 512
 Card Set container configuration: InlinePtr #cards 4 size 8 Array Of Cards #cards 16 size 48 Howl #buckets 8 coarsen threshold 3686 Howl Bitmap #cards 512 size 80 coarsen threshold 460 Card regions per heap region 1 cards per card region 4096
 CPUs: 8 total, 8 available
 Memory: 16103M
 Large Page Support: Disabled
 NUMA Support: Disabled
 Compressed Oops: Enabled (Zero based)
 Heap Region Size: 2M
 Heap Min Capacity: 8M
 Heap Initial Capacity: 252M
 Heap Max Capacity: 4026M
 Pre-touch: Disabled
 Parallel Workers: 8
 Concurrent Workers: 2
 Concurrent Refinement Workers: 8
 Periodic GC: Disabled

Heap:
 garbage-first heap   total 258048K, used 8192K [0x0000000704600000, 0x0000000800000000)
  region size 2048K, 5 young (10240K), 0 survivors (0K)
 Metaspace       used 1534K, committed 1600K, reserved 1114112K
  class space    used 141K, committed 192K, reserved 1048576K

Heap Regions: E=young(eden), S=young(survivor), O=old, HS=humongous(starts), HC=humongous(continues), CS=collection set, F=free, OA=open archive, CA=closed archive, TAMS=top-at-mark-start (previous, next)
|   0|0x0000000704600000, 0x0000000704600000, 0x0000000704800000|  0%| F|  |TAMS 0x0000000704600000, 0x0000000704600000| Untracked 
|   1|0x0000000704800000, 0x0000000704800000, 0x0000000704a00000|  0%| F|  |TAMS 0x0000000704800000, 0x0000000704800000| Untracked 
|   2|0x0000000704a00000, 0x0000000704a00000, 0x0000000704c00000|  0%| F|  |TAMS 0x0000000704a00000, 0x0000000704a00000| Untracked 
|   3|0x0000000704c00000, 0x0000000704c00000, 0x0000000704e00000|  0%| F|  |TAMS 0x0000000704c00000, 0x0000000704c00000| Untracked 
|   4|0x0000000704e00000, 0x0000000704e00000, 0x0000000705000000|  0%| F|  |TAMS 0x0000000704e00000, 0x0000000704e00000| Untracked 
|   5|0x0000000705000000, 0x0000000705000000, 0x0000000705200000|  0%| F|  |TAMS 0x0000000705000000, 0x0000000705000000| Untracked 
|   6|0x0000000705200000, 0x0000000705200000, 0x0000000705400000|  0%| F|  |TAMS 0x0000000705200000, 0x0000000705200000| Untracked 
|   7|0x0000000705400000, 0x0000000705400000, 0x0000000705600000|  0%| F|  |TAMS 0x0000000705400000, 0x0000000705400000| Untracked 
|   8|0x0000000705600000, 0x0000000705600000, 0x0000000705800000|  0%| F|  |TAMS 0x0000000705600000, 0x0000000705600000| Untracked 
|   9|0x0000000705800000, 0x0000000705800000, 0x0000000705a00000|  0%| F|  |TAMS 0x0000000705800000, 0x0000000705800000| Untracked 
|  10|0x0000000705a00000, 0x0000000705a00000, 0x0000000705c00000|  0%| F|  |TAMS 0x0000000705a00000, 0x0000000705a00000| Untracked 
|  11|0x0000000705c00000, 0x0000000705c00000, 0x0000000705e00000|  0%| F|  |TAMS 0x0000000705c00000, 0x0000000705c00000| Untracked 
|  12|0x0000000705e00000, 0x0000000705e00000, 0x0000000706000000|  0%| F|  |TAMS 0x0000000705e00000, 0x0000000705e00000| Untracked 
|  13|0x0000000706000000, 0x0000000706000000, 0x0000000706200000|  0%| F|  |TAMS 0x0000000706000000, 0x0000000706000000| Untracked 
|  14|0x0000000706200000, 0x0000000706200000, 0x0000000706400000|  0%| F|  |TAMS 0x0000000706200000, 0x0000000706200000| Untracked 
|  15|0x0000000706400000, 0x0000000706400000, 0x0000000706600000|  0%| F|  |TAMS 0x0000000706400000, 0x0000000706400000| Untracked 
|  16|0x0000000706600000, 0x0000000706600000, 0x0000000706800000|  0%| F|  |TAMS 0x0000000706600000, 0x0000000706600000| Untracked 
|  17|0x0000000706800000, 0x0000000706800000, 0x0000000706a00000|  0%| F|  |TAMS 0x0000000706800000, 0x0000000706800000| Untracked 
|  18|0x0000000706a00000, 0x0000000706a00000, 0x0000000706c00000|  0%| F|  |TAMS 0x0000000706a00000, 0x0000000706a00000| Untracked 
|  19|0x0000000706c00000, 0x0000000706c00000, 0x0000000706e00000|  0%| F|  |TAMS 0x0000000706c00000, 0x0000000706c00000| Untracked 
|  20|0x0000000706e00000, 0x0000000706e00000, 0x0000000707000000|  0%| F|  |TAMS 0x0000000706e00000, 0x0000000706e00000| Untracked 
|  21|0x0000000707000000, 0x0000000707000000, 0x0000000707200000|  0%| F|  |TAMS 0x0000000707000000, 0x0000000707000000| Untracked 
|  22|0x0000000707200000, 0x0000000707200000, 0x0000000707400000|  0%| F|  |TAMS 0x0000000707200000, 0x0000000707200000| Untracked 
|  23|0x0000000707400000, 0x0000000707400000, 0x0000000707600000|  0%| F|  |TAMS 0x0000000707400000, 0x0000000707400000| Untracked 
|  24|0x0000000707600000, 0x0000000707600000, 0x0000000707800000|  0%| F|  |TAMS 0x0000000707600000, 0x0000000707600000| Untracked 
|  25|0x0000000707800000, 0x0000000707800000, 0x0000000707a00000|  0%| F|  |TAMS 0x0000000707800000, 0x0000000707800000| Untracked 
|  26|0x0000000707a00000, 0x0000000707a00000, 0x0000000707c00000|  0%| F|  |TAMS 0x0000000707a00000, 0x0000000707a00000| Untracked 
|  27|0x0000000707c00000, 0x0000000707c00000, 0x0000000707e00000|  0%| F|  |TAMS 0x0000000707c00000, 0x0000000707c00000| Untracked 
|  28|0x0000000707e00000, 0x0000000707e00000, 0x0000000708000000|  0%| F|  |TAMS 0x0000000707e00000, 0x0000000707e00000| Untracked 
|  29|0x0000000708000000, 0x0000000708000000, 0x0000000708200000|  0%| F|  |TAMS 0x0000000708000000, 0x0000000708000000| Untracked 
|  30|0x0000000708200000, 0x0000000708200000, 0x0000000708400000|  0%| F|  |TAMS 0x0000000708200000, 0x0000000708200000| Untracked 
|  31|0x0000000708400000, 0x0000000708400000, 0x0000000708600000|  0%| F|  |TAMS 0x0000000708400000, 0x0000000708400000| Untracked 
|  32|0x0000000708600000, 0x0000000708600000, 0x0000000708800000|  0%| F|  |TAMS 0x0000000708600000, 0x0000000708600000| Untracked 
|  33|0x0000000708800000, 0x0000000708800000, 0x0000000708a00000|  0%| F|  |TAMS 0x0000000708800000, 0x0000000708800000| Untracked 
|  34|0x0000000708a00000, 0x0000000708a00000, 0x0000000708c00000|  0%| F|  |TAMS 0x0000000708a00000, 0x0000000708a00000| Untracked 
|  35|0x0000000708c00000, 0x0000000708c00000, 0x0000000708e00000|  0%| F|  |TAMS 0x0000000708c00000, 0x0000000708c00000| Untracked 
|  36|0x0000000708e00000, 0x0000000708e00000, 0x0000000709000000|  0%| F|  |TAMS 0x0000000708e00000, 0x0000000708e00000| Untracked 
|  37|0x0000000709000000, 0x0000000709000000, 0x0000000709200000|  0%| F|  |TAMS 0x0000000709000000, 0x0000000709000000| Untracked 
|  38|0x0000000709200000, 0x0000000709200000, 0x0000000709400000|  0%| F|  |TAMS 0x0000000709200000, 0x0000000709200000| Untracked 
|  39|0x0000000709400000, 0x0000000709400000, 0x0000000709600000|  0%| F|  |TAMS 0x0000000709400000, 0x0000000709400000| Untracked 
|  40|0x0000000709600000, 0x0000000709600000, 0x0000000709800000|  0%| F|  |TAMS 0x0000000709600000, 0x0000000709600000| Untracked 
|  41|0x0000000709800000, 0x0000000709800000, 0x0000000709a00000|  0%| F|  |TAMS 0x0000000709800000, 0x0000000709800000| Untracked 
|  42|0x0000000709a00000, 0x0000000709a00000, 0x0000000709c00000|  0%| F|  |TAMS 0x0000000709a00000, 0x0000000709a00000| Untracked 
|  43|0x0000000709c00000, 0x0000000709c00000, 0x0000000709e00000|  0%| F|  |TAMS 0x0000000709c00000, 0x0000000709c00000| Untracked 
|  44|0x0000000709e00000, 0x0000000709e00000, 0x000000070a000000|  0%| F|  |TAMS 0x0000000709e00000, 0x0000000709e00000| Untracked 
|  45|0x000000070a000000, 0x000000070a000000, 0x000000070a200000|  0%| F|  |TAMS 0x000000070a000000, 0x000000070a000000| Untracked 
|  46|0x000000070a200000, 0x000000070a200000, 0x000000070a400000|  0%| F|  |TAMS 0x000000070a200000, 0x000000070a200000| Untracked 
|  47|0x000000070a400000, 0x000000070a400000, 0x000000070a600000|  0%| F|  |TAMS 0x000000070a400000, 0x000000070a400000| Untracked 
|  48|0x000000070a600000, 0x000000070a600000, 0x000000070a800000|  0%| F|  |TAMS 0x000000070a600000, 0x000000070a600000| Untracked 
|  49|0x000000070a800000, 0x000000070a800000, 0x000000070aa00000|  0%| F|  |TAMS 0x000000070a800000, 0x000000070a800000| Untracked 
|  50|0x000000070aa00000, 0x000000070aa00000, 0x000000070ac00000|  0%| F|  |TAMS 0x000000070aa00000, 0x000000070aa00000| Untracked 
|  51|0x000000070ac00000, 0x000000070ac00000, 0x000000070ae00000|  0%| F|  |TAMS 0x000000070ac00000, 0x000000070ac00000| Untracked 
|  52|0x000000070ae00000, 0x000000070ae00000, 0x000000070b000000|  0%| F|  |TAMS 0x000000070ae00000, 0x000000070ae00000| Untracked 
|  53|0x000000070b000000, 0x000000070b000000, 0x000000070b200000|  0%| F|  |TAMS 0x000000070b000000, 0x000000070b000000| Untracked 
|  54|0x000000070b200000, 0x000000070b200000, 0x000000070b400000|  0%| F|  |TAMS 0x000000070b200000, 0x000000070b200000| Untracked 
|  55|0x000000070b400000, 0x000000070b400000, 0x000000070b600000|  0%| F|  |TAMS 0x000000070b400000, 0x000000070b400000| Untracked 
|  56|0x000000070b600000, 0x000000070b600000, 0x000000070b800000|  0%| F|  |TAMS 0x000000070b600000, 0x000000070b600000| Untracked 
|  57|0x000000070b800000, 0x000000070b800000, 0x000000070ba00000|  0%| F|  |TAMS 0x000000070b800000, 0x000000070b800000| Untracked 
|  58|0x000000070ba00000, 0x000000070ba00000, 0x000000070bc00000|  0%| F|  |TAMS 0x000000070ba00000, 0x000000070ba00000| Untracked 
|  59|0x000000070bc00000, 0x000000070bc00000, 0x000000070be00000|  0%| F|  |TAMS 0x000000070bc00000, 0x000000070bc00000| Untracked 
|  60|0x000000070be00000, 0x000000070be00000, 0x000000070c000000|  0%| F|  |TAMS 0x000000070be00000, 0x000000070be00000| Untracked 
|  61|0x000000070c000000, 0x000000070c000000, 0x000000070c200000|  0%| F|  |TAMS 0x000000070c000000, 0x000000070c000000| Untracked 
|  62|0x000000070c200000, 0x000000070c200000, 0x000000070c400000|  0%| F|  |TAMS 0x000000070c200000, 0x000000070c200000| Untracked 
|  63|0x000000070c400000, 0x000000070c400000, 0x000000070c600000|  0%| F|  |TAMS 0x000000070c400000, 0x000000070c400000| Untracked 
|  64|0x000000070c600000, 0x000000070c600000, 0x000000070c800000|  0%| F|  |TAMS 0x000000070c600000, 0x000000070c600000| Untracked 
|  65|0x000000070c800000, 0x000000070c800000, 0x000000070ca00000|  0%| F|  |TAMS 0x000000070c800000, 0x000000070c800000| Untracked 
|  66|0x000000070ca00000, 0x000000070ca00000, 0x000000070cc00000|  0%| F|  |TAMS 0x000000070ca00000, 0x000000070ca00000| Untracked 
|  67|0x000000070cc00000, 0x000000070cc00000, 0x000000070ce00000|  0%| F|  |TAMS 0x000000070cc00000, 0x000000070cc00000| Untracked 
|  68|0x000000070ce00000, 0x000000070ce00000, 0x000000070d000000|  0%| F|  |TAMS 0x000000070ce00000, 0x000000070ce00000| Untracked 
|  69|0x000000070d000000, 0x000000070d000000, 0x000000070d200000|  0%| F|  |TAMS 0x000000070d000000, 0x000000070d000000| Untracked 
|  70|0x000000070d200000, 0x000000070d200000, 0x000000070d400000|  0%| F|  |TAMS 0x000000070d200000, 0x000000070d200000| Untracked 
|  71|0x000000070d400000, 0x000000070d400000, 0x000000070d600000|  0%| F|  |TAMS 0x000000070d400000, 0x000000070d400000| Untracked 
|  72|0x000000070d600000, 0x000000070d600000, 0x000000070d800000|  0%| F|  |TAMS 0x000000070d600000, 0x000000070d600000| Untracked 
|  73|0x000000070d800000, 0x000000070d800000, 0x000000070da00000|  0%| F|  |TAMS 0x000000070d800000, 0x000000070d800000| Untracked 
|  74|0x000000070da00000, 0x000000070da00000, 0x000000070dc00000|  0%| F|  |TAMS 0x000000070da00000, 0x000000070da00000| Untracked 
|  75|0x000000070dc00000, 0x000000070dc00000, 0x000000070de00000|  0%| F|  |TAMS 0x000000070dc00000, 0x000000070dc00000| Untracked 
|  76|0x000000070de00000, 0x000000070de00000, 0x000000070e000000|  0%| F|  |TAMS 0x000000070de00000, 0x000000070de00000| Untracked 
|  77|0x000000070e000000, 0x000000070e000000, 0x000000070e200000|  0%| F|  |TAMS 0x000000070e000000, 0x000000070e000000| Untracked 
|  78|0x000000070e200000, 0x000000070e200000, 0x000000070e400000|  0%| F|  |TAMS 0x000000070e200000, 0x000000070e200000| Untracked 
|  79|0x000000070e400000, 0x000000070e400000, 0x000000070e600000|  0%| F|  |TAMS 0x000000070e400000, 0x000000070e400000| Untracked 
|  80|0x000000070e600000, 0x000000070e600000, 0x000000070e800000|  0%| F|  |TAMS 0x000000070e600000, 0x000000070e600000| Untracked 
|  81|0x000000070e800000, 0x000000070e800000, 0x000000070ea00000|  0%| F|  |TAMS 0x000000070e800000, 0x000000070e800000| Untracked 
|  82|0x000000070ea00000, 0x000000070ea00000, 0x000000070ec00000|  0%| F|  |TAMS 0x000000070ea00000, 0x000000070ea00000| Untracked 
|  83|0x000000070ec00000, 0x000000070ec00000, 0x000000070ee00000|  0%| F|  |TAMS 0x000000070ec00000, 0x000000070ec00000| Untracked 
|  84|0x000000070ee00000, 0x000000070ee00000, 0x000000070f000000|  0%| F|  |TAMS 0x000000070ee00000, 0x000000070ee00000| Untracked 
|  85|0x000000070f000000, 0x000000070f000000, 0x000000070f200000|  0%| F|  |TAMS 0x000000070f000000, 0x000000070f000000| Untracked 
|  86|0x000000070f200000, 0x000000070f200000, 0x000000070f400000|  0%| F|  |TAMS 0x000000070f200000, 0x000000070f200000| Untracked 
|  87|0x000000070f400000, 0x000000070f400000, 0x000000070f600000|  0%| F|  |TAMS 0x000000070f400000, 0x000000070f400000| Untracked 
|  88|0x000000070f600000, 0x000000070f600000, 0x000000070f800000|  0%| F|  |TAMS 0x000000070f600000, 0x000000070f600000| Untracked 
|  89|0x000000070f800000, 0x000000070f800000, 0x000000070fa00000|  0%| F|  |TAMS 0x000000070f800000, 0x000000070f800000| Untracked 
|  90|0x000000070fa00000, 0x000000070fa00000, 0x000000070fc00000|  0%| F|  |TAMS 0x000000070fa00000, 0x000000070fa00000| Untracked 
|  91|0x000000070fc00000, 0x000000070fc00000, 0x000000070fe00000|  0%| F|  |TAMS 0x000000070fc00000, 0x000000070fc00000| Untracked 
|  92|0x000000070fe00000, 0x000000070fe00000, 0x0000000710000000|  0%| F|  |TAMS 0x000000070fe00000, 0x000000070fe00000| Untracked 
|  93|0x0000000710000000, 0x0000000710000000, 0x0000000710200000|  0%| F|  |TAMS 0x0000000710000000, 0x0000000710000000| Untracked 
|  94|0x0000000710200000, 0x0000000710200000, 0x0000000710400000|  0%| F|  |TAMS 0x0000000710200000, 0x0000000710200000| Untracked 
|  95|0x0000000710400000, 0x0000000710400000, 0x0000000710600000|  0%| F|  |TAMS 0x0000000710400000, 0x0000000710400000| Untracked 
|  96|0x0000000710600000, 0x0000000710600000, 0x0000000710800000|  0%| F|  |TAMS 0x0000000710600000, 0x0000000710600000| Untracked 
|  97|0x0000000710800000, 0x0000000710800000, 0x0000000710a00000|  0%| F|  |TAMS 0x0000000710800000, 0x0000000710800000| Untracked 
|  98|0x0000000710a00000, 0x0000000710a00000, 0x0000000710c00000|  0%| F|  |TAMS 0x0000000710a00000, 0x0000000710a00000| Untracked 
|  99|0x0000000710c00000, 0x0000000710c00000, 0x0000000710e00000|  0%| F|  |TAMS 0x0000000710c00000, 0x0000000710c00000| Untracked 
| 100|0x0000000710e00000, 0x0000000710e00000, 0x0000000711000000|  0%| F|  |TAMS 0x0000000710e00000, 0x0000000710e00000| Untracked 
| 101|0x0000000711000000, 0x0000000711000000, 0x0000000711200000|  0%| F|  |TAMS 0x0000000711000000, 0x0000000711000000| Untracked 
| 102|0x0000000711200000, 0x0000000711200000, 0x0000000711400000|  0%| F|  |TAMS 0x0000000711200000, 0x0000000711200000| Untracked 
| 103|0x0000000711400000, 0x0000000711400000, 0x0000000711600000|  0%| F|  |TAMS 0x0000000711400000, 0x0000000711400000| Untracked 
| 104|0x0000000711600000, 0x0000000711600000, 0x0000000711800000|  0%| F|  |TAMS 0x0000000711600000, 0x0000000711600000| Untracked 
| 105|0x0000000711800000, 0x0000000711800000, 0x0000000711a00000|  0%| F|  |TAMS 0x0000000711800000, 0x0000000711800000| Untracked 
| 106|0x0000000711a00000, 0x0000000711a00000, 0x0000000711c00000|  0%| F|  |TAMS 0x0000000711a00000, 0x0000000711a00000| Untracked 
| 107|0x0000000711c00000, 0x0000000711c00000, 0x0000000711e00000|  0%| F|  |TAMS 0x0000000711c00000, 0x0000000711c00000| Untracked 
| 108|0x0000000711e00000, 0x0000000711e00000, 0x0000000712000000|  0%| F|  |TAMS 0x0000000711e00000, 0x0000000711e00000| Untracked 
| 109|0x0000000712000000, 0x0000000712000000, 0x0000000712200000|  0%| F|  |TAMS 0x0000000712000000, 0x0000000712000000| Untracked 
| 110|0x0000000712200000, 0x0000000712200000, 0x0000000712400000|  0%| F|  |TAMS 0x0000000712200000, 0x0000000712200000| Untracked 
| 111|0x0000000712400000, 0x0000000712400000, 0x0000000712600000|  0%| F|  |TAMS 0x0000000712400000, 0x0000000712400000| Untracked 
| 112|0x0000000712600000, 0x0000000712600000, 0x0000000712800000|  0%| F|  |TAMS 0x0000000712600000, 0x0000000712600000| Untracked 
| 113|0x0000000712800000, 0x0000000712800000, 0x0000000712a00000|  0%| F|  |TAMS 0x0000000712800000, 0x0000000712800000| Untracked 
| 114|0x0000000712a00000, 0x0000000712a00000, 0x0000000712c00000|  0%| F|  |TAMS 0x0000000712a00000, 0x0000000712a00000| Untracked 
| 115|0x0000000712c00000, 0x0000000712c00000, 0x0000000712e00000|  0%| F|  |TAMS 0x0000000712c00000, 0x0000000712c00000| Untracked 
| 116|0x0000000712e00000, 0x0000000712e00000, 0x0000000713000000|  0%| F|  |TAMS 0x0000000712e00000, 0x0000000712e00000| Untracked 
| 117|0x0000000713000000, 0x0000000713000000, 0x0000000713200000|  0%| F|  |TAMS 0x0000000713000000, 0x0000000713000000| Untracked 
| 118|0x0000000713200000, 0x0000000713200000, 0x0000000713400000|  0%| F|  |TAMS 0x0000000713200000, 0x0000000713200000| Untracked 
| 119|0x0000000713400000, 0x0000000713400000, 0x0000000713600000|  0%| F|  |TAMS 0x0000000713400000, 0x0000000713400000| Untracked 
| 120|0x0000000713600000, 0x0000000713600000, 0x0000000713800000|  0%| F|  |TAMS 0x0000000713600000, 0x0000000713600000| Untracked 
| 121|0x0000000713800000, 0x0000000713a00000, 0x0000000713a00000|100%| E|  |TAMS 0x0000000713800000, 0x0000000713800000| Complete 
| 122|0x0000000713a00000, 0x0000000713c00000, 0x0000000713c00000|100%| E|CS|TAMS 0x0000000713a00000, 0x0000000713a00000| Complete 
| 123|0x0000000713c00000, 0x0000000713e00000, 0x0000000713e00000|100%| E|CS|TAMS 0x0000000713c00000, 0x0000000713c00000| Complete 
| 124|0x0000000713e00000, 0x0000000714000000, 0x0000000714000000|100%| E|CS|TAMS 0x0000000713e00000, 0x0000000713e00000| Complete 
| 125|0x0000000714000000, 0x0000000714200000, 0x0000000714200000|100%| E|CS|TAMS 0x0000000714000000, 0x0000000714000000| Complete 

Card table byte_map: [0x000001f714570000,0x000001f714d50000] _byte_map_base: 0x000001f710d4d000

Marking Bits (Prev, Next): (CMBitMap*) 0x000001f708275010, (CMBitMap*) 0x000001f708275050
 Prev Bits: [0x000001f715530000, 0x000001f719418000)
 Next Bits: [0x000001f719420000, 0x000001f71d308000)

Polling page: 0x000001f706910000

Metaspace:

Usage:
  Non-class:      1.36 MB used.
      Class:    141.20 KB used.
       Both:      1.50 MB used.

Virtual space:
  Non-class space:       64.00 MB reserved,       1.38 MB (  2%) committed,  1 nodes.
      Class space:        1.00 GB reserved,     192.00 KB ( <1%) committed,  1 nodes.
             Both:        1.06 GB reserved,       1.56 MB ( <1%) committed. 

Chunk freelists:
   Non-Class:  3.50 MB
       Class:  3.69 MB
        Both:  7.19 MB

MaxMetaspaceSize: unlimited
CompressedClassSpaceSize: 1.00 GB
Initial GC threshold: 21.00 MB
Current GC threshold: 21.00 MB
CDS: on
MetaspaceReclaimPolicy: balanced
 - commit_granule_bytes: 65536.
 - commit_granule_words: 8192.
 - virtual_space_node_default_size: 8388608.
 - enlarge_chunks_in_place: 1.
 - new_chunks_are_fully_committed: 0.
 - uncommit_free_chunks: 1.
 - use_allocation_guard: 0.


Internal statistics:

num_allocs_failed_limit: 0.
num_arena_births: 14.
num_arena_deaths: 0.
num_vsnodes_births: 2.
num_vsnodes_deaths: 0.
num_space_committed: 25.
num_space_uncommitted: 0.
num_chunks_returned_to_freelist: 0.
num_chunks_taken_from_freelist: 45.
num_chunk_merges: 0.
num_chunk_splits: 21.
num_chunks_enlarged: 16.
num_inconsistent_stats: 0.

CodeCache: size=49152Kb used=3432Kb max_used=3432Kb free=45719Kb
 bounds [0x000001f710500000, 0x000001f710860000, 0x000001f713500000]
 total_blobs=820 nmethods=426 adapters=317
 compilation: enabled
              stopped_count=0, restarted_count=0
 full_count=0

Compilation events (20 events):
Event: 0.236 Thread 0x000001f724164850 nmethod 412 0x000001f710854f10 code [0x000001f7108550a0, 0x000001f710855178]
Event: 0.236 Thread 0x000001f724164850  415       1       java.util.concurrent.ConcurrentHashMap$Traverser::advance (188 bytes)
Event: 0.236 Thread 0x000001f72416d380 nmethod 414 0x000001f710855210 code [0x000001f7108553c0, 0x000001f7108554e8]
Event: 0.236 Thread 0x000001f71f7be720 nmethod 413 0x000001f710855590 code [0x000001f710855740, 0x000001f7108558d8]
Event: 0.236 Thread 0x000001f72416adf0 nmethod 411 0x000001f710855a10 code [0x000001f710855c00, 0x000001f710855f08]
Event: 0.237 Thread 0x000001f724164850 nmethod 415 0x000001f710856210 code [0x000001f710856400, 0x000001f7108569f8]
Event: 0.237 Thread 0x000001f72416adf0  416       1       java.lang.Class::getClassLoader (28 bytes)
Event: 0.237 Thread 0x000001f72416d380  418       1       java.lang.invoke.MethodType::parameterType (7 bytes)
Event: 0.237 Thread 0x000001f72416adf0 nmethod 416 0x000001f710856f90 code [0x000001f710857120, 0x000001f710857238]
Event: 0.237 Thread 0x000001f72416d380 nmethod 418 0x000001f710857590 code [0x000001f710857720, 0x000001f710857818]
Event: 0.237 Thread 0x000001f72416adf0  421       1       java.lang.invoke.MethodType::hashCode (53 bytes)
Event: 0.237 Thread 0x000001f72416d380  422       1       java.lang.invoke.MethodType$ConcurrentWeakInternSet::expungeStaleElements (27 bytes)
Event: 0.237 Thread 0x000001f724164850  423   !   1       java.lang.ref.NativeReferenceQueue::poll (28 bytes)
Event: 0.237 Thread 0x000001f72416adf0 nmethod 421 0x000001f710857c10 code [0x000001f710857dc0, 0x000001f710857f38]
Event: 0.237 Thread 0x000001f724164850 nmethod 423 0x000001f710858090 code [0x000001f710858240, 0x000001f710858468]
Event: 0.237 Thread 0x000001f724164850  424       1       jdk.internal.org.objectweb.asm.ByteVector::putUTF8 (144 bytes)
Event: 0.237 Thread 0x000001f72416d380 nmethod 422 0x000001f710858590 code [0x000001f710858740, 0x000001f7108588d8]
Event: 0.237 Thread 0x000001f72416d380  425       1       jdk.internal.org.objectweb.asm.Symbol::<init> (38 bytes)
Event: 0.237 Thread 0x000001f72416adf0  426       1       jdk.internal.org.objectweb.asm.SymbolTable::put (150 bytes)
Event: 0.237 Thread 0x000001f72416d380 nmethod 425 0x000001f710858a10 code [0x000001f710858ba0, 0x000001f710858d98]

GC Heap History (0 events):
No events

Dll operation events (6 events):
Event: 0.008 Loaded shared library C:\Program Files\Java\jdk-19\bin\java.dll
Event: 0.020 Loaded shared library C:\Program Files\Java\jdk-19\bin\jsvml.dll
Event: 0.089 Loaded shared library C:\Program Files\Java\jdk-19\bin\net.dll
Event: 0.091 Loaded shared library C:\Program Files\Java\jdk-19\bin\nio.dll
Event: 0.094 Loaded shared library C:\Program Files\Java\jdk-19\bin\zip.dll
Event: 0.167 Loaded shared library C:\Program Files\Java\jdk-19\bin\jimage.dll

Deoptimization events (0 events):
No events

Classes loaded (20 events):
Event: 0.235 Loading class sun/security/provider/PolicyFile$8
Event: 0.235 Loading class sun/security/provider/PolicyFile$8 done
Event: 0.235 Loading class sun/security/provider/PolicyFile$SelfPermission
Event: 0.235 Loading class sun/security/provider/PolicyFile$SelfPermission done
Event: 0.235 Loading class java/net/SocketPermissionCollection
Event: 0.235 Loading class java/net/SocketPermissionCollection done
Event: 0.235 Loading class java/net/SocketPermissionCollection$1
Event: 0.235 Loading class java/net/SocketPermissionCollection$1 done
Event: 0.235 Loading class java/util/PropertyPermissionCollection
Event: 0.235 Loading class java/util/PropertyPermissionCollection done
Event: 0.235 Loading class java/util/PropertyPermissionCollection$1
Event: 0.235 Loading class java/util/PropertyPermissionCollection$1 done
Event: 0.235 Loading class java/io/FilePermissionCollection
Event: 0.235 Loading class java/io/FilePermissionCollection done
Event: 0.235 Loading class java/io/FilePermissionCollection$1
Event: 0.235 Loading class java/io/FilePermissionCollection$1 done
Event: 0.235 Loading class java/security/PermissionsEnumerator
Event: 0.236 Loading class java/security/PermissionsEnumerator done
Event: 0.236 Loading class java/security/AccessControlException
Event: 0.236 Loading class java/security/AccessControlException done

Classes unloaded (0 events):
No events

Classes redefined (0 events):
No events

Internal exceptions (2 events):
Event: 0.231 Thread 0x000001f70680e910 Exception <a 'java/lang/ClassNotFoundException'{0x00000007139b3938}: javax/smartcardio/CardPermission> (0x00000007139b3938) 
thrown [s\open\src\hotspot\share\classfile\systemDictionary.cpp, line 255]
Event: 0.234 Thread 0x000001f70680e910 Exception <a 'java/io/FileNotFoundException'{0x00000007139c2090}> (0x00000007139c2090) 
thrown [s\open\src\hotspot\share\prims\jni.cpp, line 517]

VM Operations (4 events):
Event: 0.097 Executing VM operation: HandshakeAllThreads
Event: 0.097 Executing VM operation: HandshakeAllThreads done
Event: 0.172 Executing VM operation: HandshakeAllThreads
Event: 0.172 Executing VM operation: HandshakeAllThreads done

Events (14 events):
Event: 0.020 Thread 0x000001f70680e910 Thread added: 0x000001f70680e910
Event: 0.035 Thread 0x000001f71f7a92f0 Thread added: 0x000001f71f7a92f0
Event: 0.035 Thread 0x000001f71f7a9f00 Thread added: 0x000001f71f7a9f00
Event: 0.035 Thread 0x000001f71f7b2870 Thread added: 0x000001f71f7b2870
Event: 0.035 Thread 0x000001f71f7b4850 Thread added: 0x000001f71f7b4850
Event: 0.035 Thread 0x000001f71f7b52f0 Thread added: 0x000001f71f7b52f0
Event: 0.035 Thread 0x000001f71f7b3db0 Thread added: 0x000001f71f7b3db0
Event: 0.035 Thread 0x000001f71f7be720 Thread added: 0x000001f71f7be720
Event: 0.036 Thread 0x000001f71f7b3860 Thread added: 0x000001f71f7b3860
Event: 0.079 Thread 0x000001f724164850 Thread added: 0x000001f724164850
Event: 0.079 Thread 0x000001f72416adf0 Thread added: 0x000001f72416adf0
Event: 0.080 Thread 0x000001f72416d380 Thread added: 0x000001f72416d380
Event: 0.081 Thread 0x000001f71f7b5840 Thread added: 0x000001f71f7b5840
Event: 0.084 Thread 0x000001f71f7b2320 Thread added: 0x000001f71f7b2320


Dynamic libraries:
0x00007ff6ff6e0000 - 0x00007ff6ff6f0000 	C:\Program Files\Java\jdk-19\bin\java.exe
0x00007ffdde7d0000 - 0x00007ffdde9c8000 	C:\Windows\SYSTEM32\ntdll.dll
0x00007ffddd570000 - 0x00007ffddd62f000 	C:\Windows\System32\KERNEL32.DLL
0x00007ffddc250000 - 0x00007ffddc522000 	C:\Windows\System32\KERNELBASE.dll
0x00007ffddc5f0000 - 0x00007ffddc6f0000 	C:\Windows\System32\ucrtbase.dll
0x00007ffdb3af0000 - 0x00007ffdb3b0b000 	C:\Program Files\Java\jdk-19\bin\VCRUNTIME140.dll
0x00007ffdb2dd0000 - 0x00007ffdb2de8000 	C:\Program Files\Java\jdk-19\bin\jli.dll
0x00007ffdddae0000 - 0x00007ffdddb8e000 	C:\Windows\System32\ADVAPI32.dll
0x00007ffddd630000 - 0x00007ffddd6ce000 	C:\Windows\System32\msvcrt.dll
0x00007ffddd8a0000 - 0x00007ffddd93c000 	C:\Windows\System32\sechost.dll
0x00007ffdde650000 - 0x00007ffdde774000 	C:\Windows\System32\RPCRT4.dll
0x00007ffddc820000 - 0x00007ffddc9c1000 	C:\Windows\System32\USER32.dll
0x00007ffddc0c0000 - 0x00007ffddc0e2000 	C:\Windows\System32\win32u.dll
0x00007ffdc3e90000 - 0x00007ffdc412a000 	C:\Windows\WinSxS\amd64_microsoft.windows.common-controls_6595b64144ccf1df_6.0.19041.1110_none_60b5254171f9507e\COMCTL32.dll
0x00007ffdde0f0000 - 0x00007ffdde11b000 	C:\Windows\System32\GDI32.dll
0x00007ffddbed0000 - 0x00007ffddbfdf000 	C:\Windows\System32\gdi32full.dll
0x00007ffddc780000 - 0x00007ffddc81d000 	C:\Windows\System32\msvcp_win.dll
0x00007ffdd3bc0000 - 0x00007ffdd3bca000 	C:\Windows\SYSTEM32\VERSION.dll
0x00007ffddd280000 - 0x00007ffddd2b0000 	C:\Windows\System32\IMM32.DLL
0x00007ffdbdb10000 - 0x00007ffdbdbb4000 	C:\Program Files\McAfee\Endpoint Security\Threat Prevention\Ips\EpMPApi.dll
0x00007ffddc580000 - 0x00007ffddc5e9000 	C:\Windows\System32\WINTRUST.dll
0x00007ffddc0f0000 - 0x00007ffddc246000 	C:\Windows\System32\CRYPT32.dll
0x00007ffddbac0000 - 0x00007ffddbad2000 	C:\Windows\SYSTEM32\MSASN1.dll
0x00000000610a0000 - 0x00000000610ac000 	C:\Program Files\McAfee\Endpoint Security\Threat Prevention\Ips\EpMPThe.dll
0x00007ffdc9480000 - 0x00007ffdc94db000 	C:\Program Files\McAfee\Endpoint Security\Threat Prevention\Ips\HIPHandlers64.dll
0x00007ffddcb30000 - 0x00007ffddd275000 	C:\Windows\System32\SHELL32.dll
0x00007ffdde120000 - 0x00007ffdde175000 	C:\Windows\System32\SHLWAPI.dll
0x00007ffdd9bb0000 - 0x00007ffdd9d94000 	C:\Windows\SYSTEM32\dbghelp.dll
0x00007ffdc3040000 - 0x00007ffdc304c000 	C:\Program Files\Java\jdk-19\bin\vcruntime140_1.dll
0x00007ffdaffa0000 - 0x00007ffdb002e000 	C:\Program Files\Java\jdk-19\bin\msvcp140.dll
0x00007ffd33ff0000 - 0x00007ffd34cb0000 	C:\Program Files\Java\jdk-19\bin\server\jvm.dll
0x00007ffdd24a0000 - 0x00007ffdd24c7000 	C:\Windows\SYSTEM32\WINMM.dll
0x00007ffdaff60000 - 0x00007ffdaff69000 	C:\Windows\SYSTEM32\WSOCK32.dll
0x00007ffddda70000 - 0x00007ffdddadb000 	C:\Windows\System32\WS2_32.dll
0x00007ffdda6d0000 - 0x00007ffdda6e2000 	C:\Windows\SYSTEM32\kernel.appcore.dll
0x00007ffdbd780000 - 0x00007ffdbd78a000 	C:\Program Files\Java\jdk-19\bin\jimage.dll
0x00007ffdbd500000 - 0x00007ffdbd535000 	C:\Windows\SYSTEM32\dbgcore.DLL
0x00007ffddc6f0000 - 0x00007ffddc772000 	C:\Windows\System32\bcryptPrimitives.dll
0x00007ffdb25a0000 - 0x00007ffdb25c6000 	C:\Program Files\Java\jdk-19\bin\java.dll
0x00007ffd84df0000 - 0x00007ffd84ec7000 	C:\Program Files\Java\jdk-19\bin\jsvml.dll
0x00007ffdd9f20000 - 0x00007ffdda6b2000 	C:\Windows\SYSTEM32\windows.storage.dll
0x00007ffddb850000 - 0x00007ffddb880000 	C:\Windows\SYSTEM32\Wldp.dll
0x000001f724400000 - 0x000001f724755000 	C:\Windows\System32\combase.dll
0x00007ffddca80000 - 0x00007ffddcb2d000 	C:\Windows\System32\SHCORE.dll
0x00007ffddbe10000 - 0x00007ffddbe2f000 	C:\Windows\SYSTEM32\profapi.dll
0x00007ffdb2600000 - 0x00007ffdb2613000 	C:\Program Files\Java\jdk-19\bin\net.dll
0x00007ffdd6c40000 - 0x00007ffdd6d4a000 	C:\Windows\SYSTEM32\WINHTTP.dll
0x00007ffddb630000 - 0x00007ffddb69a000 	C:\Windows\system32\mswsock.dll
0x00007ffdb25e0000 - 0x00007ffdb25f6000 	C:\Program Files\Java\jdk-19\bin\nio.dll
0x00007ffdb2580000 - 0x00007ffdb2598000 	C:\Program Files\Java\jdk-19\bin\zip.dll

dbghelp: loaded successfully - version: 4.0.5 - missing functions: none
symbol engine: initialized successfully - sym options: 0x614 - pdb path: .;C:\Program Files\Java\jdk-19\bin;C:\Windows\SYSTEM32;C:\Windows\WinSxS\amd64_microsoft.windows.common-controls_6595b64144ccf1df_6.0.19041.1110_none_60b5254171f9507e;C:\Program Files\McAfee\Endpoint Security\Threat Prevention\Ips;C:\Program Files\Java\jdk-19\bin\server

VM Arguments:
jvm_args: -XX:TieredStopAtLevel=1 
java_command: com.plprv.PlataformaProveedores.PlataformaProveedoresApplication
java_class_path (initial): C:\Users\javgonzalez\Desktop\Nueva carpeta\PlataformaProveedores\target\classes;C:\Users\javgonzalez\.m2\repository\org\springframework\spring-aop\6.0.6\spring-aop-6.0.6.jar;C:\Users\javgonzalez\.m2\repository\org\aspectj\aspectjweaver\1.9.19\aspectjweaver-1.9.19.jar;C:\Users\javgonzalez\.m2\repository\com\zaxxer\HikariCP\5.0.1\HikariCP-5.0.1.jar;C:\Users\javgonzalez\.m2\repository\org\springframework\spring-jdbc\6.0.6\spring-jdbc-6.0.6.jar;C:\Users\javgonzalez\.m2\repository\org\hibernate\orm\hibernate-core\6.1.7.Final\hibernate-core-6.1.7.Final.jar;C:\Users\javgonzalez\.m2\repository\jakarta\persistence\jakarta.persistence-api\3.1.0\jakarta.persistence-api-3.1.0.jar;C:\Users\javgonzalez\.m2\repository\jakarta\transaction\jakarta.transaction-api\2.0.1\jakarta.transaction-api-2.0.1.jar;C:\Users\javgonzalez\.m2\repository\org\jboss\logging\jboss-logging\3.5.0.Final\jboss-logging-3.5.0.Final.jar;C:\Users\javgonzalez\.m2\repository\org\hibernate\common\hibernate-commons-annotations\6.0.6.Final\hibernate-commons-annotations-6.0.6.Final.jar;C:\Users\javgonzalez\.m2\repository\org\jboss\jandex\2.4.2.Final\jandex-2.4.2.Final.jar;C:\Users\javgonzalez\.m2\repository\com\fasterxml\classmate\1.5.1\classmate-1.5.1.jar;C:\Users\javgonzalez\.m2\repository\net\bytebuddy\byte-buddy\1.12.23\byte-buddy-1.12.23.jar;C:\Users\javgonzalez\.m2\repository\org\glassfish\jaxb\jaxb-runtime\4.0.2\jaxb-runtime-4.0.2.jar;C:\Users\javgonzalez\.m2\repository\org\glassfish\jaxb\jaxb-core\4.0.2\jaxb-core-4.0.2.jar;C:\Users\javgonzalez\.m2\repository\org\eclipse\angus\angus-activation\2.0.0\angus-activation-2.0.0.jar;C:\Users\javgonzalez\.m2\repository\org\glassfish\jaxb\txw2\4.0.2\txw2-4.0.2.jar;C:\Users\javgonzalez\.m2\repository\com\sun\istack\istack-commons-runtime\4.1.1\istack-commons-runtime-4.1.1.jar;C:\Users\javgonzalez\.m2\repository\jakarta\inject\jakarta.inject-api\2.0.0\jakarta.inject-api-2.0.0.jar;C:\Users\javgonzalez\.m2\repository\org\antlr\antlr4-runtime\4.10.1\antlr4-runtime-4.10.1.jar;C:\Users\javgonzalez\.m2\repository\org\springframework\data\spring-data-jpa\3.0.3\spring-data-jpa-3.0.3.jar;C:\Users\javgonzalez\.m2\repository\org\springframework\data\spring-data-commons\3.0.3\spring-data-commons-3.0.3.jar;C:\Users\javgonzalez\.m2\repository\org\springframework\spring-orm\6.0.6\spring-orm-6.0.6.jar;C:\Users\javgonzalez\.m2\repository\org\springframework\spring-context\6.0.6\spring-context-6.0.6.jar;C:\Users\javgonzalez\.m2\repository\org\springframework\spring-tx\6.0.6\spring-tx-6.0.6.jar;C:\Users\javgonzalez\.m2\repository\org\springframework\spring-beans\6.0.6\spring-beans-6.0.6.jar;C:\Users\javgonzalez\.m2\repository\jakarta\annotation\jakarta.annotation-api\2.1.1\jakarta.annotation-api-2.1.1.jar;C:\Users\javgonzalez\.m2\repository\org\springframework\spring-aspects\6.0.6\spring-aspects-6.0.6.jar;C:\Users\javgonzalez\.m2\repository\ch\qos\logback\logback-classic\1.4.5\logback-classic-1.4.5.jar;C:\Users\javgonzalez\.m2\repository\ch\qos\logback\logback-core\1.4.5\logback-core-1.4.5.jar;C:\Users\javgonzalez\.m2\repository\org\apache\logging\log4j\log4j-to-slf4j\2.19.0\log4j-to-slf4j-2.19.0.jar;C:\Users\javgonzalez\.m2\repository\org\apache\logging\log4j\log4j-api\2.19.0\log4j-api-2.19.0.jar;C:\Users\javgonzalez\.m2\repository\org\slf4j\jul-to-slf4j\2.0.6\jul-to-slf4j-2.0.6.jar;C:\Users\javgonzalez\.m2\repository\org\yaml\snakeyaml\1.33\snakeyaml-1.33.jar;C:\Users\javgonzalez\.m2\repository\org\thymeleaf\thymeleaf-spring6\3.1.1.RELEASE\thymeleaf-spring6-3.1.1.RELEASE.jar;C:\Users\javgonzalez\.m2\repository\org\thymeleaf\thymeleaf\3.1.1.RELEASE\thymeleaf-3.1.1.RELEASE.jar;C:\Users\javgonzalez\.m2\repository\org\attoparser\attoparser\2.0.6.RELEASE\attoparser-2.0.6.RELEASE.jar;C:\Users\javgonzalez\.m2\repository\org\unbescape\unbescape\1.1.6.RELEASE\unbescape-1.1.6.RELEASE.jar;C:\Users\javgonzalez\.m2\repository\com\fasterxml\jackson\core\jackson-databind\2.14.2\jackson-databind-2.14.2.jar;C:\Users\javgonzalez\.m2\repository\com\fasterxml\jackson\core\jackson-annotations\2.14.2\jackson-annotations-2.14.2.jar;C:\Users\javgonzalez\.m2\repository\com\fasterxml\jackson\core\jackson-core\2.14.2\jackson-core-2.14.2.jar;C:\Users\javgonzalez\.m2\repository\com\fasterxml\jackson\datatype\jackson-datatype-jdk8\2.14.2\jackson-datatype-jdk8-2.14.2.jar;C:\Users\javgonzalez\.m2\repository\com\fasterxml\jackson\datatype\jackson-datatype-jsr310\2.14.2\jackson-datatype-jsr310-2.14.2.jar;C:\Users\javgonzalez\.m2\repository\com\fasterxml\jackson\module\jackson-module-parameter-names\2.14.2\jackson-module-parameter-names-2.14.2.jar;C:\Users\javgonzalez\.m2\repository\org\apache\tomcat\embed\tomcat-embed-core\10.1.5\tomcat-embed-core-10.1.5.jar;C:\Users\javgonzalez\.m2\repository\org\apache\tomcat\embed\tomcat-embed-el\10.1.5\tomcat-embed-el-10.1.5.jar;C:\Users\javgonzalez\.m2\repository\org\apache\tomcat\embed\tomcat-embed-websocket\10.1.5\tomcat-embed-websocket-10.1.5.jar;C:\Users\javgonzalez\.m2\repository\org\springframework\spring-web\6.0.6\spring-web-6.0.6.jar;C:\Users\javgonzalez\.m2\repository\io\micrometer\micrometer-observation\1.10.4\micrometer-observation-1.10.4.jar;C:\Users\javgonzalez\.m2\repository\io\micrometer\micrometer-commons\1.10.4\micrometer-commons-1.10.4.jar;C:\Users\javgonzalez\.m2\repository\org\springframework\spring-webmvc\6.0.6\spring-webmvc-6.0.6.jar;C:\Users\javgonzalez\.m2\repository\org\springframework\spring-expression\6.0.6\spring-expression-6.0.6.jar;C:\Users\javgonzalez\.m2\repository\org\thymeleaf\extras\thymeleaf-extras-springsecurity6\3.1.1.RELEASE\thymeleaf-extras-springsecurity6-3.1.1.RELEASE.jar;C:\Users\javgonzalez\.m2\repository\org\slf4j\slf4j-api\2.0.6\slf4j-api-2.0.6.jar;C:\Users\javgonzalez\.m2\repository\org\springframework\boot\spring-boot-devtools\3.0.4\spring-boot-devtools-3.0.4.jar;C:\Users\javgonzalez\.m2\repository\org\springframework\boot\spring-boot\3.0.4\spring-boot-3.0.4.jar;C:\Users\javgonzalez\.m2\repository\org\springframework\boot\spring-boot-autoconfigure\3.0.4\spring-boot-autoconfigure-3.0.4.jar;C:\Users\javgonzalez\.m2\repository\com\oracle\database\jdbc\ojdbc8\21.7.0.0\ojdbc8-21.7.0.0.jar;C:\Users\javgonzalez\.m2\repository\jakarta\xml\bind\jakarta.xml.bind-api\4.0.0\jakarta.xml.bind-api-4.0.0.jar;C:\Users\javgonzalez\.m2\repository\jakarta\activation\jakarta.activation-api\2.1.1\jakarta.activation-api-2.1.1.jar;C:\Users\javgonzalez\.m2\repository\org\springframework\spring-core\6.0.6\spring-core-6.0.6.jar;C:\Users\javgonzalez\.m2\repository\org\springframework\spring-jcl\6.0.6\spring-jcl-6.0.6.jar;C:\Users\javgonzalez\.m2\repository\mysql\mysql-connector-java\8.0.26\mysql-connector-java-8.0.26.jar;C:\Users\javgonzalez\.m2\repository\com\google\protobuf\protobuf-java\3.11.4\protobuf-java-3.11.4.jar
Launcher Type: SUN_STANDARD

[Global flags]
     intx CICompilerCount                          = 4                                         {product} {ergonomic}
     uint ConcGCThreads                            = 2                                         {product} {ergonomic}
     uint G1ConcRefinementThreads                  = 8                                         {product} {ergonomic}
   size_t G1HeapRegionSize                         = 2097152                                   {product} {ergonomic}
    uintx GCDrainStackTargetSize                   = 64                                        {product} {ergonomic}
   size_t InitialHeapSize                          = 264241152                                 {product} {ergonomic}
   size_t MarkStackSize                            = 4194304                                   {product} {ergonomic}
   size_t MaxHeapSize                              = 4221566976                                {product} {ergonomic}
   size_t MaxNewSize                               = 2531262464                                {product} {ergonomic}
   size_t MinHeapDeltaBytes                        = 2097152                                   {product} {ergonomic}
   size_t MinHeapSize                              = 8388608                                   {product} {ergonomic}
    uintx NonProfiledCodeHeapSize                  = 0                                      {pd product} {ergonomic}
     bool ProfileInterpreter                       = false                                  {pd product} {command line}
    uintx ProfiledCodeHeapSize                     = 0                                      {pd product} {ergonomic}
   size_t SoftMaxHeapSize                          = 4221566976                             {manageable} {ergonomic}
     intx TieredStopAtLevel                        = 1                                         {product} {command line}
     bool UseCompressedClassPointers               = true                           {product lp64_product} {ergonomic}
     bool UseCompressedOops                        = true                           {product lp64_product} {ergonomic}
     bool UseG1GC                                  = true                                      {product} {ergonomic}
     bool UseLargePagesIndividualAllocation        = false                                  {pd product} {ergonomic}

Logging:
Log output configuration:
 #0: stdout all=warning uptime,level,tags foldmultilines=false
 #1: stderr all=off uptime,level,tags foldmultilines=false

Environment Variables:
PATH=C:\Program Files\Common Files\Oracle\Java\javapath;C:\orawin11g\jvagonzalez\product\11.2.0\client_1\bin;C:\Oracle\instantclient_21_9;C:\Oracle\jdk\jre\bin\classic;C:\Oracle\jdk\jre\bin;C:\Oracle\jdk\jre\bin\client;C:\Oracle\jlib;C:\Oracle\bin;C:\Oracle\jre\1.4.2\bin\client;C:\Oracle\jre\1.4.2\bin;C:\Program Files (x86)\Common Files\Oracle\Java\javapath;C:\Windows\system32;C:\Windows;C:\Windows\System32\Wbem;C:\Windows\System32\WindowsPowerShell\v1.0\;C:\Windows\System32\OpenSSH\;C:\Program Files\Microsoft SQL Server\150\Tools\Binn\;C:\Program Files\Microsoft SQL Server\Client SDK\ODBC\170\Tools\Binn\;C:\Program Files\dotnet\;C:\Program Files\nodejs\;C:\Program Files\Git\cmd;C:\Users\javgonzalez\AppData\Local\Programs\Python\Python310\Scripts\;C:\Users\javgonzalez\AppData\Local\Programs\Python\Python310\;C:\Users\javgonzalez\AppData\Local\Microsoft\WindowsApps;C:\Users\javgonzalez\.dotnet\tools;C:\Users\javgonzalez\AppData\Roaming\npm;C:\Users\javgonzalez\AppData\Local\Programs\Microsoft VS Code\bin
USERNAME=javgonzalez
OS=Windows_NT
PROCESSOR_IDENTIFIER=Intel64 Family 6 Model 140 Stepping 1, GenuineIntel
TMP=C:\Users\JAVGON~1\AppData\Local\Temp
TEMP=C:\Users\JAVGON~1\AppData\Local\Temp



---------------  S Y S T E M  ---------------

OS:
 Windows 10 , 64 bit Build 19041 (10.0.19041.2546)
OS uptime: 0 days 4:40 hours
Hyper-V role detected

CPU: total 8 (initial active 8) (4 cores per cpu, 2 threads per core) family 6 model 140 stepping 1 microcode 0xa4, cx8, cmov, fxsr, ht, mmx, 3dnowpref, sse, sse2, sse3, ssse3, sse4.1, sse4.2, popcnt, lzcnt, tsc, tscinvbit, avx, avx2, aes, erms, clmul, bmi1, bmi2, adx, avx512f, avx512dq, avx512cd, avx512bw, avx512vl, sha, fma, vzeroupper, avx512_vpopcntdq, avx512_vpclmulqdq, avx512_vaes, avx512_vnni, clflush, clflushopt, clwb, avx512_vbmi2, avx512_vbmi, hv, rdtscp, rdpid, fsrm, gfni, avx512_bitalg

Memory: 4k page, system-wide physical 16103M (601M free)
TotalPageFile size 18151M (AvailPageFile size 4M)
current process WorkingSet (physical memory assigned to process): 43M, peak: 43M
current process commit charge ("private bytes"): 342M, peak: 342M

vm_info: Java HotSpot(TM) 64-Bit Server VM (19.0.2+7-44) for windows-amd64 JRE (19.0.2+7-44), built on 2022-11-30T18:02:09Z by "mach5one" with MS VC++ 17.1 (VS2022)

END.
