#
# A fatal error has been detected by the Java Runtime Environment:
#
#  EXCEPTION_ACCESS_VIOLATION (0xc0000005) at pc=0x00007ffecfcf1bc5, pid=20348, tid=31436
#
# JRE version:  (19.0.2+7) (build )
# Java VM: Java HotSpot(TM) 64-Bit Server VM (19.0.2+7-44, mixed mode, sharing, tiered, unknown gc, windows-amd64)
# Problematic frame:
# C  [jimage.dll+0x1bc5]
#
# No core dump will be written. Minidumps are not enabled by default on client versions of Windows
#
#

---------------  S U M M A R Y ------------

Command Line: 

Host: 11th Gen Intel(R) Core(TM) i7-1165G7 @ 2.80GHz, 8 cores, 15G,  Windows 10 , 64 bit Build 19041 (10.0.19041.2546)
Time: Tue Apr  4 12:01:13 2023 Hora est. Pac璗ico, Sudam廨ica elapsed time: 0.033733 seconds (0d 0h 0m 0s)

---------------  T H R E A D  ---------------

Current thread is native thread

Stack: [0x000000c22bf00000,0x000000c22c000000],  sp=0x000000c22bffd180,  free space=1012k
Native frames: (J=compiled Java code, j=interpreted, Vv=VM code, C=native code)
C  [jimage.dll+0x1bc5]
C  [jimage.dll+0x1d53]
C  [jimage.dll+0x2619]
V  [jvm.dll+0x225e6a]
V  [jvm.dll+0xcdee2]
V  [jvm.dll+0x801a63]
V  [jvm.dll+0x44ae8f]
V  [jvm.dll+0x44c811]
C  [jli.dll+0x5287]
C  [ucrtbase.dll+0x21bb2]
C  [KERNEL32.DLL+0x17614]
C  [ntdll.dll+0x526a1]


siginfo: EXCEPTION_ACCESS_VIOLATION (0xc0000005), reading address 0x000000000001141c


Registers:
RAX=0x0000000000004500, RBX=0x000000c22bffd271, RCX=0x00007ffecfcf6000, RDX=0x0000000000004500
RSP=0x000000c22bffd180, RBP=0x000000c22bffd270, RSI=0x000000000000734c, RDI=0x000000c22bffd270
R8 =0x00007ffecfcf4298, R9 =0x000000000000001c, R10=0x00007ffed1710000, R11=0x00007ffecfcf6000
R12=0x0000000000000000, R13=0x000000c22bfff6a0, R14=0x000000c22bffe2e0, R15=0x00007ffe9ee02788
RIP=0x00007ffecfcf1bc5, EFLAGS=0x0000000000010246


Top of Stack: (sp=0x000000c22bffd180)
0x000000c22bffd180:   0000000000000050 00000000000003ff
0x000000c22bffd190:   000002423c2a7ab0 000000c22bffd2f0
0x000000c22bffd1a0:   00000242396f56c0 00007ffecfcf1d53
0x000000c22bffd1b0:   000000000000000b 00000242396f56c0
0x000000c22bffd1c0:   000000c22bffd211 0000000000000101
0x000000c22bffd1d0:   000002423979abc0 0000000000000050
0x000000c22bffd1e0:   00000242396afba0 00000242396a0150
0x000000c22bffd1f0:   00000000000006f5 0000000000000151
0x000000c22bffd200:   00000242396afb50 00007ffeee08e249
0x000000c22bffd210:   0000ac70e9ffc53c 0000000045000441
0x000000c22bffd220:   00007ffe9ede2690 0000000000000017
0x000000c22bffd230:   00000242396f56c0 000000c22bffe2e0
0x000000c22bffd240:   000000000000000b 00007ffecfcf2619
0x000000c22bffd250:   000000000000074d 000000000000074d
0x000000c22bffd260:   000000000000074d 0000024245000441
0x000000c22bffd270:   61622e6176616a2f 692f6b646a2f6573 

Instructions: (pc=0x00007ffecfcf1bc5)
0x00007ffecfcf1ac5:   48 85 c9 74 1d 80 3d 3f 45 00 00 00 74 06 48 8b
0x00007ffecfcf1ad5:   53 18 eb 04 48 8b 53 40 e8 96 0e 00 00 48 83 63
0x00007ffecfcf1ae5:   48 00 8b 4b 0c 83 f9 ff 74 09 e8 cc 0c 00 00 83
0x00007ffecfcf1af5:   4b 0c ff 48 8b 4b 70 48 85 c9 74 0f ba 10 00 00
0x00007ffecfcf1b05:   00 e8 ed 0e 00 00 48 83 63 70 00 48 83 c4 20 5b
0x00007ffecfcf1b15:   c3 cc cc 40 53 48 83 ec 20 48 8b d9 48 8d 0d f8
0x00007ffecfcf1b25:   46 00 00 e8 9b 0c 00 00 83 6b 08 01 75 24 48 8b
0x00007ffecfcf1b35:   d3 48 8d 0d db 44 00 00 e8 22 08 00 00 48 8b cb
0x00007ffecfcf1b45:   e8 d6 fe ff ff ba 78 00 00 00 48 8b cb e8 a1 0e
0x00007ffecfcf1b55:   00 00 48 8d 0d c2 46 00 00 48 83 c4 20 5b e9 68
0x00007ffecfcf1b65:   0c 00 00 48 89 5c 24 08 48 89 74 24 10 57 48 83
0x00007ffecfcf1b75:   ec 20 41 8b f1 4d 8b c8 48 8b fa 4c 8b d9 4d 85
0x00007ffecfcf1b85:   c0 74 78 85 f6 74 74 44 8a 12 48 8d 5a 01 48 8b
0x00007ffecfcf1b95:   d3 b8 93 01 00 01 eb 12 69 c0 93 01 00 01 41 0f
0x00007ffecfcf1ba5:   b6 ca 44 8a 12 33 c1 48 ff c2 45 84 d2 75 e9 4d
0x00007ffecfcf1bb5:   8b 03 0f ba f0 1f 33 d2 49 8b cb f7 f6 48 63 c2
0x00007ffecfcf1bc5:   41 8b 14 81 41 ff 50 08 85 c0 7e 24 8a 0f eb 10
0x00007ffecfcf1bd5:   69 c0 93 01 00 01 0f b6 c9 33 c1 8a 0b 48 ff c3
0x00007ffecfcf1be5:   84 c9 75 ec 0f ba f0 1f 33 d2 f7 f6 8b c2 eb 0e
0x00007ffecfcf1bf5:   79 09 83 c9 ff 2b c8 8b c1 eb 03 83 c8 ff 48 8b
0x00007ffecfcf1c05:   5c 24 30 48 8b 74 24 38 48 83 c4 20 5f c3 cc 48
0x00007ffecfcf1c15:   89 5c 24 08 48 89 74 24 10 57 48 83 ec 20 48 8b
0x00007ffecfcf1c25:   f1 48 8d 0d f3 45 00 00 e8 96 0b 00 00 33 ff 39
0x00007ffecfcf1c35:   3d de 43 00 00 76 24 48 8b 05 dd 43 00 00 48 8b
0x00007ffecfcf1c45:   d6 48 8b 1c f8 48 8b 0b e8 68 1e 00 00 85 c0 74
0x00007ffecfcf1c55:   2b ff c7 3b 3d ba 43 00 00 72 dc 33 db 48 8d 0d
0x00007ffecfcf1c65:   b7 45 00 00 e8 62 0b 00 00 48 8b 74 24 38 48 8b
0x00007ffecfcf1c75:   c3 48 8b 5c 24 30 48 83 c4 20 5f c3 ff 43 08 eb
0x00007ffecfcf1c85:   dc cc cc 48 89 5c 24 08 48 89 74 24 10 57 48 83
0x00007ffecfcf1c95:   ec 20 48 8b d9 48 8b f2 48 8b 49 10 49 8b f8 8b
0x00007ffecfcf1ca5:   53 30 48 8b 01 ff 50 20 4c 8b 43 50 48 8b d6 48
0x00007ffecfcf1cb5:   8b 4b 10 44 8b c8 e8 a8 fe ff ff 83 f8 ff 74 38 



---------------  P R O C E S S  ---------------

VM state: not at safepoint (not fully initialized)

VM Mutex/Monitor currently owned by a thread: None

GC Precious Log:
<Not initialized>


Dynamic libraries:
0x00007ff64f840000 - 0x00007ff64f850000 	C:\Program Files\Java\jdk-19\bin\java.exe
0x00007ffeee070000 - 0x00007ffeee268000 	C:\Windows\SYSTEM32\ntdll.dll
0x00007ffeecc10000 - 0x00007ffeecccf000 	C:\Windows\System32\KERNEL32.DLL
0x00007ffeebd00000 - 0x00007ffeebfd2000 	C:\Windows\System32\KERNELBASE.dll
0x00007ffeeb870000 - 0x00007ffeeb970000 	C:\Windows\System32\ucrtbase.dll
0x00007ffed3550000 - 0x00007ffed3568000 	C:\Program Files\Java\jdk-19\bin\jli.dll
0x00007ffed1710000 - 0x00007ffed172b000 	C:\Program Files\Java\jdk-19\bin\VCRUNTIME140.dll
0x00007ffeed450000 - 0x00007ffeed4fe000 	C:\Windows\System32\ADVAPI32.dll
0x00007ffeeceb0000 - 0x00007ffeecf4e000 	C:\Windows\System32\msvcrt.dll
0x00007ffeecb10000 - 0x00007ffeecbac000 	C:\Windows\System32\sechost.dll
0x00007ffeec7c0000 - 0x00007ffeec8e4000 	C:\Windows\System32\RPCRT4.dll
0x00007ffeec1f0000 - 0x00007ffeec391000 	C:\Windows\System32\USER32.dll
0x00007ffed3720000 - 0x00007ffed39ba000 	C:\Windows\WinSxS\amd64_microsoft.windows.common-controls_6595b64144ccf1df_6.0.19041.1110_none_60b5254171f9507e\COMCTL32.dll
0x00007ffeebfe0000 - 0x00007ffeec002000 	C:\Windows\System32\win32u.dll
0x00007ffeec920000 - 0x00007ffeec94b000 	C:\Windows\System32\GDI32.dll
0x00007ffeebb00000 - 0x00007ffeebc0f000 	C:\Windows\System32\gdi32full.dll
0x00007ffeebc60000 - 0x00007ffeebcfd000 	C:\Windows\System32\msvcp_win.dll
0x00007ffee2e90000 - 0x00007ffee2e9a000 	C:\Windows\SYSTEM32\VERSION.dll
0x00007ffeec8f0000 - 0x00007ffeec920000 	C:\Windows\System32\IMM32.DLL
0x00007ffebdaa0000 - 0x00007ffebdb44000 	C:\Program Files\McAfee\Endpoint Security\Threat Prevention\Ips\EpMPApi.dll
0x00007ffeeb770000 - 0x00007ffeeb7d9000 	C:\Windows\System32\WINTRUST.dll
0x00007ffeeb970000 - 0x00007ffeebac6000 	C:\Windows\System32\CRYPT32.dll
0x00007ffeeb360000 - 0x00007ffeeb372000 	C:\Windows\SYSTEM32\MSASN1.dll
0x0000000067f50000 - 0x0000000067f5c000 	C:\Program Files\McAfee\Endpoint Security\Threat Prevention\Ips\EpMPThe.dll
0x00007ffebb2d0000 - 0x00007ffebb32b000 	C:\Program Files\McAfee\Endpoint Security\Threat Prevention\Ips\HIPHandlers64.dll
0x00007ffeecab0000 - 0x00007ffeecb05000 	C:\Windows\System32\SHLWAPI.dll
0x00007ffee9d70000 - 0x00007ffee9f54000 	C:\Windows\SYSTEM32\dbghelp.dll
0x000002423b000000 - 0x000002423b745000 	C:\Windows\System32\SHELL32.dll
0x00007ffed1d00000 - 0x00007ffed1d0c000 	C:\Program Files\Java\jdk-19\bin\vcruntime140_1.dll
0x00007ffeaa4c0000 - 0x00007ffeaa54e000 	C:\Program Files\Java\jdk-19\bin\msvcp140.dll
0x00007ffe9e490000 - 0x00007ffe9f150000 	C:\Program Files\Java\jdk-19\bin\server\jvm.dll
0x00007ffec3b40000 - 0x00007ffec3b49000 	C:\Windows\SYSTEM32\WSOCK32.dll
0x00007ffee1680000 - 0x00007ffee16a7000 	C:\Windows\SYSTEM32\WINMM.dll
0x00007ffeeca40000 - 0x00007ffeecaab000 	C:\Windows\System32\WS2_32.dll
0x00007ffee9f70000 - 0x00007ffee9f82000 	C:\Windows\SYSTEM32\kernel.appcore.dll
0x00007ffecfcf0000 - 0x00007ffecfcfa000 	C:\Program Files\Java\jdk-19\bin\jimage.dll
0x00007ffec9780000 - 0x00007ffec97b5000 	C:\Windows\SYSTEM32\dbgcore.DLL
0x00007ffeeb7e0000 - 0x00007ffeeb862000 	C:\Windows\System32\bcryptPrimitives.dll

dbghelp: loaded successfully - version: 4.0.5 - missing functions: none
symbol engine: initialized successfully - sym options: 0x614 - pdb path: .;C:\Program Files\Java\jdk-19\bin;C:\Windows\SYSTEM32;C:\Windows\WinSxS\amd64_microsoft.windows.common-controls_6595b64144ccf1df_6.0.19041.1110_none_60b5254171f9507e;C:\Program Files\McAfee\Endpoint Security\Threat Prevention\Ips;C:\Program Files\Java\jdk-19\bin\server

VM Arguments:
java_command: <unknown>
java_class_path (initial): <not set>
Launcher Type: SUN_STANDARD

[Global flags]
     bool UseLargePagesIndividualAllocation        = false                                  {pd product} {ergonomic}

Logging:
Log output configuration:
 #0: stdout all=warning uptime,level,tags foldmultilines=false
 #1: stderr all=off uptime,level,tags foldmultilines=false

Environment Variables:
PATH=C:\Program Files\Common Files\Oracle\Java\javapath;C:\orawin11g\jvagonzalez\product\11.2.0\client_1\bin;C:\Oracle\instantclient_21_9;C:\Oracle\jdk\jre\bin\classic;C:\Oracle\jdk\jre\bin;C:\Oracle\jdk\jre\bin\client;C:\Oracle\jlib;C:\Oracle\bin;C:\Oracle\jre\1.4.2\bin\client;C:\Oracle\jre\1.4.2\bin;C:\Program Files (x86)\Common Files\Oracle\Java\javapath;C:\Windows\system32;C:\Windows;C:\Windows\System32\Wbem;C:\Windows\System32\WindowsPowerShell\v1.0\;C:\Windows\System32\OpenSSH\;C:\Program Files\Microsoft SQL Server\150\Tools\Binn\;C:\Program Files\Microsoft SQL Server\Client SDK\ODBC\170\Tools\Binn\;C:\Program Files\dotnet\;C:\Program Files\nodejs\;C:\Program Files\Git\cmd;C:\Users\javgonzalez\AppData\Local\Programs\Python\Python310\Scripts\;C:\Users\javgonzalez\AppData\Local\Programs\Python\Python310\;C:\Users\javgonzalez\AppData\Local\Microsoft\WindowsApps;C:\Users\javgonzalez\.dotnet\tools;C:\Users\javgonzalez\AppData\Roaming\npm;C:\Users\javgonzalez\AppData\Local\Programs\Microsoft VS Code\bin;C:\Users\javgonzalez\AppData\Local\GitHubDesktop\bin
USERNAME=javgonzalez
OS=Windows_NT
PROCESSOR_IDENTIFIER=Intel64 Family 6 Model 140 Stepping 1, GenuineIntel
TMP=C:\Users\JAVGON~1\AppData\Local\Temp
TEMP=C:\Users\JAVGON~1\AppData\Local\Temp



---------------  S Y S T E M  ---------------

OS:
 Windows 10 , 64 bit Build 19041 (10.0.19041.2546)
OS uptime: 1 days 4:27 hours

CPU: total 8 (initial active 0) 

Memory: 4k page, system-wide physical 16103M (965M free)
TotalPageFile size 18151M (AvailPageFile size 5M)
current process WorkingSet (physical memory assigned to process): 10M, peak: 10M
current process commit charge ("private bytes"): 4M, peak: 5M

vm_info: Java HotSpot(TM) 64-Bit Server VM (19.0.2+7-44) for windows-amd64 JRE (19.0.2+7-44), built on 2022-11-30T18:02:09Z by "mach5one" with MS VC++ 17.1 (VS2022)

END.
