#
# There is insufficient memory for the Java Runtime Environment to continue.
# Native memory allocation (malloc) failed to allocate 609136 bytes for Chunk::new
# Possible reasons:
#   The system is out of physical RAM or swap space
#   The process is running with CompressedOops enabled, and the Java Heap may be blocking the growth of the native heap
# Possible solutions:
#   Reduce memory load on the system
#   Increase physical memory or swap space
#   Check if swap backing store is full
#   Decrease Java heap size (-Xmx/-Xms)
#   Decrease number of Java threads
#   Decrease Java thread stack sizes (-Xss)
#   Set larger code cache with -XX:ReservedCodeCacheSize=
#   JVM is running with Zero Based Compressed Oops mode in which the Java heap is
#     placed in the first 32GB address space. The Java Heap base address is the
#     maximum limit for the native heap growth. Please use -XX:HeapBaseMinAddress
#     to set the Java Heap base and to place the Java Heap above 32GB virtual address.
# This output file may be truncated or incomplete.
#
#  Out of Memory Error (arena.cpp:184), pid=15596, tid=3752
#
# JRE version: Java(TM) SE Runtime Environment (19.0.2+7) (build 19.0.2+7-44)
# Java VM: Java HotSpot(TM) 64-Bit Server VM (19.0.2+7-44, mixed mode, sharing, tiered, compressed oops, compressed class ptrs, g1 gc, windows-amd64)
# No core dump will be written. Minidumps are not enabled by default on client versions of Windows
#

---------------  S U M M A R Y ------------

Command Line: -Dmaven.multiModuleProjectDirectory=C:\Users\javgonzalez\Desktop\PlataformaProveedores -Djansi.passthrough=true -Dmaven.home=C:\Users\javgonzalez\.m2\wrapper\dists\apache-maven-3.8.7-bin\1ktonn2lleg549uah6ngl1r74r\apache-maven-3.8.7 -Dclassworlds.conf=C:\Users\javgonzalez\.m2\wrapper\dists\apache-maven-3.8.7-bin\1ktonn2lleg549uah6ngl1r74r\apache-maven-3.8.7\bin\m2.conf -Dmaven.ext.class.path=C:\Program Files\JetBrains\IntelliJ IDEA 2022.3.3\plugins\maven\lib\maven-event-listener.jar -javaagent:C:\Program Files\JetBrains\IntelliJ IDEA 2022.3.3\lib\idea_rt.jar=53248:C:\Program Files\JetBrains\IntelliJ IDEA 2022.3.3\bin -Dfile.encoding=UTF-8 -Dsun.stdout.encoding=UTF-8 -Dsun.stderr.encoding=UTF-8 org.codehaus.classworlds.Launcher -Didea.version=2022.3.3 spring-boot:run

Host: 11th Gen Intel(R) Core(TM) i7-1165G7 @ 2.80GHz, 8 cores, 15G,  Windows 10 , 64 bit Build 19041 (10.0.19041.2546)
Time: Mon Mar 27 12:03:02 2023 Hora est. Pacífico, Sudamérica elapsed time: 1.704990 seconds (0d 0h 0m 1s)

---------------  T H R E A D  ---------------

Current thread (0x000001e75f320d10):  JavaThread "C2 CompilerThread0" daemon [_thread_in_native, id=3752, stack(0x0000009a59300000,0x0000009a59400000)]


Current CompileTask:
C2:   1705 3340   !   4       org.codehaus.plexus.interpolation.StringSearchInterpolator::interpolate (668 bytes)

Stack: [0x0000009a59300000,0x0000009a59400000]
Native frames: (J=compiled Java code, j=interpreted, Vv=VM code, C=native code)
V  [jvm.dll+0x6ee21a]
V  [jvm.dll+0x85765e]
V  [jvm.dll+0x85904e]
V  [jvm.dll+0x859703]
V  [jvm.dll+0x28298f]
V  [jvm.dll+0xc9adf]
V  [jvm.dll+0xc9e65]
V  [jvm.dll+0x2f7caf]
V  [jvm.dll+0x5f076b]
V  [jvm.dll+0x255483]
V  [jvm.dll+0x24da11]
V  [jvm.dll+0x24b673]
V  [jvm.dll+0x1d6ce1]
V  [jvm.dll+0x25b25a]
V  [jvm.dll+0x2596e8]
V  [jvm.dll+0x807588]
V  [jvm.dll+0x80125a]
V  [jvm.dll+0x6ecf0b]
C  [ucrtbase.dll+0x21bb2]
C  [KERNEL32.DLL+0x17614]
C  [ntdll.dll+0x526a1]


---------------  P R O C E S S  ---------------

Threads class SMR info:
_java_thread_list=0x000001e764471650, length=15, elements={
0x000001e73c4f9cf0, 0x000001e75f316f50, 0x000001e75f317ee0, 0x000001e75f31c530,
0x000001e75f31ce60, 0x000001e75f31d930, 0x000001e75f320160, 0x000001e75f320d10,
0x000001e75f321430, 0x000001e763855400, 0x000001e76394e260, 0x000001e76394e7b0,
0x000001e76394d270, 0x000001e763a48390, 0x000001e76419a000
}

Java Threads: ( => current thread )
  0x000001e73c4f9cf0 JavaThread "main" [_thread_in_Java, id=15968, stack(0x0000009a58600000,0x0000009a58700000)]
  0x000001e75f316f50 JavaThread "Reference Handler" daemon [_thread_blocked, id=17400, stack(0x0000009a58d00000,0x0000009a58e00000)]
  0x000001e75f317ee0 JavaThread "Finalizer" daemon [_thread_blocked, id=13656, stack(0x0000009a58e00000,0x0000009a58f00000)]
  0x000001e75f31c530 JavaThread "Signal Dispatcher" daemon [_thread_blocked, id=16296, stack(0x0000009a58f00000,0x0000009a59000000)]
  0x000001e75f31ce60 JavaThread "Attach Listener" daemon [_thread_blocked, id=17956, stack(0x0000009a59000000,0x0000009a59100000)]
  0x000001e75f31d930 JavaThread "Service Thread" daemon [_thread_blocked, id=14716, stack(0x0000009a59100000,0x0000009a59200000)]
  0x000001e75f320160 JavaThread "Monitor Deflation Thread" daemon [_thread_blocked, id=2892, stack(0x0000009a59200000,0x0000009a59300000)]
=>0x000001e75f320d10 JavaThread "C2 CompilerThread0" daemon [_thread_in_native, id=3752, stack(0x0000009a59300000,0x0000009a59400000)]
  0x000001e75f321430 JavaThread "C1 CompilerThread0" daemon [_thread_in_native, id=20984, stack(0x0000009a59400000,0x0000009a59500000)]
  0x000001e763855400 JavaThread "Sweeper thread" daemon [_thread_blocked, id=19900, stack(0x0000009a59500000,0x0000009a59600000)]
  0x000001e76394e260 JavaThread "Common-Cleaner" daemon [_thread_blocked, id=24148, stack(0x0000009a59600000,0x0000009a59700000)]
  0x000001e76394e7b0 JavaThread "Monitor Ctrl-Break" daemon [_thread_in_native, id=4804, stack(0x0000009a59700000,0x0000009a59800000)]
  0x000001e76394d270 JavaThread "Notification Thread" daemon [_thread_blocked, id=24124, stack(0x0000009a59800000,0x0000009a59900000)]
  0x000001e763a48390 JavaThread "C2 CompilerThread1" daemon [_thread_in_native, id=23936, stack(0x0000009a59a00000,0x0000009a59b00000)]
  0x000001e76419a000 JavaThread "C2 CompilerThread2" daemon [_thread_in_native, id=17688, stack(0x0000009a59b00000,0x0000009a59c00000)]

Other Threads:
  0x000001e75f2fa320 VMThread "VM Thread" [stack: 0x0000009a58c00000,0x0000009a58d00000] [id=20892]
  0x000001e7639e85f0 WatcherThread "VM Periodic Task Thread" [stack: 0x0000009a59900000,0x0000009a59a00000] [id=15100]
  0x000001e73c56af90 WorkerThread "GC Thread#0" [stack: 0x0000009a58700000,0x0000009a58800000] [id=20444]
  0x000001e75f2fab90 WorkerThread "GC Thread#1" [stack: 0x0000009a59c00000,0x0000009a59d00000] [id=10068]
  0x000001e75f2fae60 WorkerThread "GC Thread#2" [stack: 0x0000009a59d00000,0x0000009a59e00000] [id=20448]
  0x000001e75f2fbc70 WorkerThread "GC Thread#3" [stack: 0x0000009a59e00000,0x0000009a59f00000] [id=15980]
  0x000001e75f2fa050 WorkerThread "GC Thread#4" [stack: 0x0000009a59f00000,0x0000009a5a000000] [id=23976]
  0x000001e75f2fa8c0 WorkerThread "GC Thread#5" [stack: 0x0000009a5a000000,0x0000009a5a100000] [id=24556]
  0x000001e75f2fa5f0 WorkerThread "GC Thread#6" [stack: 0x0000009a5a100000,0x0000009a5a200000] [id=2376]
  0x000001e75f2fb130 WorkerThread "GC Thread#7" [stack: 0x0000009a5a200000,0x0000009a5a300000] [id=23264]
  0x000001e73c57cb40 ConcurrentGCThread "G1 Main Marker" [stack: 0x0000009a58800000,0x0000009a58900000] [id=22052]
  0x000001e73c57e490 WorkerThread "G1 Conc#0" [stack: 0x0000009a58900000,0x0000009a58a00000] [id=21372]
  0x000001e75f1b6b40 ConcurrentGCThread "G1 Refine#0" [stack: 0x0000009a58a00000,0x0000009a58b00000] [id=23896]
  0x000001e75f1b7590 ConcurrentGCThread "G1 Service" [stack: 0x0000009a58b00000,0x0000009a58c00000] [id=23808]

Threads with active compile tasks:
C2 CompilerThread0     1724 3340   !   4       org.codehaus.plexus.interpolation.StringSearchInterpolator::interpolate (668 bytes)
C2 CompilerThread1     1724 3425       4       org.apache.maven.model.validation.DefaultModelValidator::validateEffectiveDependency (616 bytes)
C2 CompilerThread2     1724 3376       4       java.io.WinNTFileSystem::normalize (224 bytes)

VM state: not at safepoint (normal execution)

VM Mutex/Monitor currently owned by a thread: None

Heap address: 0x0000000704600000, size: 4026 MB, Compressed Oops mode: Zero based, Oop shift amount: 3

CDS archive(s) mapped at: [0x0000000800000000-0x0000000800c40000-0x0000000800c40000), size 12845056, SharedBaseAddress: 0x0000000800000000, ArchiveRelocationMode: 0.
Compressed class space mapped at: 0x0000000801000000-0x0000000841000000, reserved size: 1073741824
Narrow klass base: 0x0000000800000000, Narrow klass shift: 0, Narrow klass range: 0x100000000

GC Precious Log:
 CardTable entry size: 512
 Card Set container configuration: InlinePtr #cards 4 size 8 Array Of Cards #cards 16 size 48 Howl #buckets 8 coarsen threshold 3686 Howl Bitmap #cards 512 size 80 coarsen threshold 460 Card regions per heap region 1 cards per card region 4096
 CPUs: 8 total, 8 available
 Memory: 16103M
 Large Page Support: Disabled
 NUMA Support: Disabled
 Compressed Oops: Enabled (Zero based)
 Heap Region Size: 2M
 Heap Min Capacity: 8M
 Heap Initial Capacity: 252M
 Heap Max Capacity: 4026M
 Pre-touch: Disabled
 Parallel Workers: 8
 Concurrent Workers: 2
 Concurrent Refinement Workers: 8
 Periodic GC: Disabled

Heap:
 garbage-first heap   total 258048K, used 59589K [0x0000000704600000, 0x0000000800000000)
  region size 2048K, 29 young (59392K), 2 survivors (4096K)
 Metaspace       used 13990K, committed 14272K, reserved 1114112K
  class space    used 1525K, committed 1664K, reserved 1048576K

Heap Regions: E=young(eden), S=young(survivor), O=old, HS=humongous(starts), HC=humongous(continues), CS=collection set, F=free, OA=open archive, CA=closed archive, TAMS=top-at-mark-start (previous, next)
|   0|0x0000000704600000, 0x0000000704800000, 0x0000000704800000|100%| O|  |TAMS 0x0000000704600000, 0x0000000704600000| Untracked 
|   1|0x0000000704800000, 0x0000000704955a00, 0x0000000704a00000| 66%| O|  |TAMS 0x0000000704800000, 0x0000000704800000| Untracked 
|   2|0x0000000704a00000, 0x0000000704a00000, 0x0000000704c00000|  0%| F|  |TAMS 0x0000000704a00000, 0x0000000704a00000| Untracked 
|   3|0x0000000704c00000, 0x0000000704c00000, 0x0000000704e00000|  0%| F|  |TAMS 0x0000000704c00000, 0x0000000704c00000| Untracked 
|   4|0x0000000704e00000, 0x0000000704e00000, 0x0000000705000000|  0%| F|  |TAMS 0x0000000704e00000, 0x0000000704e00000| Untracked 
|   5|0x0000000705000000, 0x0000000705000000, 0x0000000705200000|  0%| F|  |TAMS 0x0000000705000000, 0x0000000705000000| Untracked 
|   6|0x0000000705200000, 0x0000000705200000, 0x0000000705400000|  0%| F|  |TAMS 0x0000000705200000, 0x0000000705200000| Untracked 
|   7|0x0000000705400000, 0x0000000705400000, 0x0000000705600000|  0%| F|  |TAMS 0x0000000705400000, 0x0000000705400000| Untracked 
|   8|0x0000000705600000, 0x0000000705600000, 0x0000000705800000|  0%| F|  |TAMS 0x0000000705600000, 0x0000000705600000| Untracked 
|   9|0x0000000705800000, 0x0000000705800000, 0x0000000705a00000|  0%| F|  |TAMS 0x0000000705800000, 0x0000000705800000| Untracked 
|  10|0x0000000705a00000, 0x0000000705a00000, 0x0000000705c00000|  0%| F|  |TAMS 0x0000000705a00000, 0x0000000705a00000| Untracked 
|  11|0x0000000705c00000, 0x0000000705c00000, 0x0000000705e00000|  0%| F|  |TAMS 0x0000000705c00000, 0x0000000705c00000| Untracked 
|  12|0x0000000705e00000, 0x0000000705e00000, 0x0000000706000000|  0%| F|  |TAMS 0x0000000705e00000, 0x0000000705e00000| Untracked 
|  13|0x0000000706000000, 0x0000000706000000, 0x0000000706200000|  0%| F|  |TAMS 0x0000000706000000, 0x0000000706000000| Untracked 
|  14|0x0000000706200000, 0x0000000706200000, 0x0000000706400000|  0%| F|  |TAMS 0x0000000706200000, 0x0000000706200000| Untracked 
|  15|0x0000000706400000, 0x0000000706400000, 0x0000000706600000|  0%| F|  |TAMS 0x0000000706400000, 0x0000000706400000| Untracked 
|  16|0x0000000706600000, 0x0000000706600000, 0x0000000706800000|  0%| F|  |TAMS 0x0000000706600000, 0x0000000706600000| Untracked 
|  17|0x0000000706800000, 0x0000000706800000, 0x0000000706a00000|  0%| F|  |TAMS 0x0000000706800000, 0x0000000706800000| Untracked 
|  18|0x0000000706a00000, 0x0000000706a00000, 0x0000000706c00000|  0%| F|  |TAMS 0x0000000706a00000, 0x0000000706a00000| Untracked 
|  19|0x0000000706c00000, 0x0000000706c00000, 0x0000000706e00000|  0%| F|  |TAMS 0x0000000706c00000, 0x0000000706c00000| Untracked 
|  20|0x0000000706e00000, 0x0000000706e00000, 0x0000000707000000|  0%| F|  |TAMS 0x0000000706e00000, 0x0000000706e00000| Untracked 
|  21|0x0000000707000000, 0x0000000707000000, 0x0000000707200000|  0%| F|  |TAMS 0x0000000707000000, 0x0000000707000000| Untracked 
|  22|0x0000000707200000, 0x0000000707200000, 0x0000000707400000|  0%| F|  |TAMS 0x0000000707200000, 0x0000000707200000| Untracked 
|  23|0x0000000707400000, 0x0000000707400000, 0x0000000707600000|  0%| F|  |TAMS 0x0000000707400000, 0x0000000707400000| Untracked 
|  24|0x0000000707600000, 0x0000000707600000, 0x0000000707800000|  0%| F|  |TAMS 0x0000000707600000, 0x0000000707600000| Untracked 
|  25|0x0000000707800000, 0x0000000707800000, 0x0000000707a00000|  0%| F|  |TAMS 0x0000000707800000, 0x0000000707800000| Untracked 
|  26|0x0000000707a00000, 0x0000000707a00000, 0x0000000707c00000|  0%| F|  |TAMS 0x0000000707a00000, 0x0000000707a00000| Untracked 
|  27|0x0000000707c00000, 0x0000000707c00000, 0x0000000707e00000|  0%| F|  |TAMS 0x0000000707c00000, 0x0000000707c00000| Untracked 
|  28|0x0000000707e00000, 0x0000000707e00000, 0x0000000708000000|  0%| F|  |TAMS 0x0000000707e00000, 0x0000000707e00000| Untracked 
|  29|0x0000000708000000, 0x0000000708000000, 0x0000000708200000|  0%| F|  |TAMS 0x0000000708000000, 0x0000000708000000| Untracked 
|  30|0x0000000708200000, 0x0000000708200000, 0x0000000708400000|  0%| F|  |TAMS 0x0000000708200000, 0x0000000708200000| Untracked 
|  31|0x0000000708400000, 0x0000000708400000, 0x0000000708600000|  0%| F|  |TAMS 0x0000000708400000, 0x0000000708400000| Untracked 
|  32|0x0000000708600000, 0x0000000708600000, 0x0000000708800000|  0%| F|  |TAMS 0x0000000708600000, 0x0000000708600000| Untracked 
|  33|0x0000000708800000, 0x0000000708800000, 0x0000000708a00000|  0%| F|  |TAMS 0x0000000708800000, 0x0000000708800000| Untracked 
|  34|0x0000000708a00000, 0x0000000708a00000, 0x0000000708c00000|  0%| F|  |TAMS 0x0000000708a00000, 0x0000000708a00000| Untracked 
|  35|0x0000000708c00000, 0x0000000708c00000, 0x0000000708e00000|  0%| F|  |TAMS 0x0000000708c00000, 0x0000000708c00000| Untracked 
|  36|0x0000000708e00000, 0x0000000708e00000, 0x0000000709000000|  0%| F|  |TAMS 0x0000000708e00000, 0x0000000708e00000| Untracked 
|  37|0x0000000709000000, 0x0000000709000000, 0x0000000709200000|  0%| F|  |TAMS 0x0000000709000000, 0x0000000709000000| Untracked 
|  38|0x0000000709200000, 0x0000000709200000, 0x0000000709400000|  0%| F|  |TAMS 0x0000000709200000, 0x0000000709200000| Untracked 
|  39|0x0000000709400000, 0x0000000709400000, 0x0000000709600000|  0%| F|  |TAMS 0x0000000709400000, 0x0000000709400000| Untracked 
|  40|0x0000000709600000, 0x0000000709600000, 0x0000000709800000|  0%| F|  |TAMS 0x0000000709600000, 0x0000000709600000| Untracked 
|  41|0x0000000709800000, 0x0000000709800000, 0x0000000709a00000|  0%| F|  |TAMS 0x0000000709800000, 0x0000000709800000| Untracked 
|  42|0x0000000709a00000, 0x0000000709a00000, 0x0000000709c00000|  0%| F|  |TAMS 0x0000000709a00000, 0x0000000709a00000| Untracked 
|  43|0x0000000709c00000, 0x0000000709c00000, 0x0000000709e00000|  0%| F|  |TAMS 0x0000000709c00000, 0x0000000709c00000| Untracked 
|  44|0x0000000709e00000, 0x0000000709e00000, 0x000000070a000000|  0%| F|  |TAMS 0x0000000709e00000, 0x0000000709e00000| Untracked 
|  45|0x000000070a000000, 0x000000070a000000, 0x000000070a200000|  0%| F|  |TAMS 0x000000070a000000, 0x000000070a000000| Untracked 
|  46|0x000000070a200000, 0x000000070a200000, 0x000000070a400000|  0%| F|  |TAMS 0x000000070a200000, 0x000000070a200000| Untracked 
|  47|0x000000070a400000, 0x000000070a400000, 0x000000070a600000|  0%| F|  |TAMS 0x000000070a400000, 0x000000070a400000| Untracked 
|  48|0x000000070a600000, 0x000000070a600000, 0x000000070a800000|  0%| F|  |TAMS 0x000000070a600000, 0x000000070a600000| Untracked 
|  49|0x000000070a800000, 0x000000070a800000, 0x000000070aa00000|  0%| F|  |TAMS 0x000000070a800000, 0x000000070a800000| Untracked 
|  50|0x000000070aa00000, 0x000000070aa00000, 0x000000070ac00000|  0%| F|  |TAMS 0x000000070aa00000, 0x000000070aa00000| Untracked 
|  51|0x000000070ac00000, 0x000000070ac00000, 0x000000070ae00000|  0%| F|  |TAMS 0x000000070ac00000, 0x000000070ac00000| Untracked 
|  52|0x000000070ae00000, 0x000000070ae00000, 0x000000070b000000|  0%| F|  |TAMS 0x000000070ae00000, 0x000000070ae00000| Untracked 
|  53|0x000000070b000000, 0x000000070b000000, 0x000000070b200000|  0%| F|  |TAMS 0x000000070b000000, 0x000000070b000000| Untracked 
|  54|0x000000070b200000, 0x000000070b200000, 0x000000070b400000|  0%| F|  |TAMS 0x000000070b200000, 0x000000070b200000| Untracked 
|  55|0x000000070b400000, 0x000000070b400000, 0x000000070b600000|  0%| F|  |TAMS 0x000000070b400000, 0x000000070b400000| Untracked 
|  56|0x000000070b600000, 0x000000070b600000, 0x000000070b800000|  0%| F|  |TAMS 0x000000070b600000, 0x000000070b600000| Untracked 
|  57|0x000000070b800000, 0x000000070b800000, 0x000000070ba00000|  0%| F|  |TAMS 0x000000070b800000, 0x000000070b800000| Untracked 
|  58|0x000000070ba00000, 0x000000070ba00000, 0x000000070bc00000|  0%| F|  |TAMS 0x000000070ba00000, 0x000000070ba00000| Untracked 
|  59|0x000000070bc00000, 0x000000070bc00000, 0x000000070be00000|  0%| F|  |TAMS 0x000000070bc00000, 0x000000070bc00000| Untracked 
|  60|0x000000070be00000, 0x000000070be00000, 0x000000070c000000|  0%| F|  |TAMS 0x000000070be00000, 0x000000070be00000| Untracked 
|  61|0x000000070c000000, 0x000000070c000000, 0x000000070c200000|  0%| F|  |TAMS 0x000000070c000000, 0x000000070c000000| Untracked 
|  62|0x000000070c200000, 0x000000070c200000, 0x000000070c400000|  0%| F|  |TAMS 0x000000070c200000, 0x000000070c200000| Untracked 
|  63|0x000000070c400000, 0x000000070c400000, 0x000000070c600000|  0%| F|  |TAMS 0x000000070c400000, 0x000000070c400000| Untracked 
|  64|0x000000070c600000, 0x000000070c600000, 0x000000070c800000|  0%| F|  |TAMS 0x000000070c600000, 0x000000070c600000| Untracked 
|  65|0x000000070c800000, 0x000000070c800000, 0x000000070ca00000|  0%| F|  |TAMS 0x000000070c800000, 0x000000070c800000| Untracked 
|  66|0x000000070ca00000, 0x000000070ca00000, 0x000000070cc00000|  0%| F|  |TAMS 0x000000070ca00000, 0x000000070ca00000| Untracked 
|  67|0x000000070cc00000, 0x000000070cc00000, 0x000000070ce00000|  0%| F|  |TAMS 0x000000070cc00000, 0x000000070cc00000| Untracked 
|  68|0x000000070ce00000, 0x000000070ce00000, 0x000000070d000000|  0%| F|  |TAMS 0x000000070ce00000, 0x000000070ce00000| Untracked 
|  69|0x000000070d000000, 0x000000070d000000, 0x000000070d200000|  0%| F|  |TAMS 0x000000070d000000, 0x000000070d000000| Untracked 
|  70|0x000000070d200000, 0x000000070d200000, 0x000000070d400000|  0%| F|  |TAMS 0x000000070d200000, 0x000000070d200000| Untracked 
|  71|0x000000070d400000, 0x000000070d400000, 0x000000070d600000|  0%| F|  |TAMS 0x000000070d400000, 0x000000070d400000| Untracked 
|  72|0x000000070d600000, 0x000000070d600000, 0x000000070d800000|  0%| F|  |TAMS 0x000000070d600000, 0x000000070d600000| Untracked 
|  73|0x000000070d800000, 0x000000070d800000, 0x000000070da00000|  0%| F|  |TAMS 0x000000070d800000, 0x000000070d800000| Untracked 
|  74|0x000000070da00000, 0x000000070da00000, 0x000000070dc00000|  0%| F|  |TAMS 0x000000070da00000, 0x000000070da00000| Untracked 
|  75|0x000000070dc00000, 0x000000070dc00000, 0x000000070de00000|  0%| F|  |TAMS 0x000000070dc00000, 0x000000070dc00000| Untracked 
|  76|0x000000070de00000, 0x000000070de00000, 0x000000070e000000|  0%| F|  |TAMS 0x000000070de00000, 0x000000070de00000| Untracked 
|  77|0x000000070e000000, 0x000000070e000000, 0x000000070e200000|  0%| F|  |TAMS 0x000000070e000000, 0x000000070e000000| Untracked 
|  78|0x000000070e200000, 0x000000070e200000, 0x000000070e400000|  0%| F|  |TAMS 0x000000070e200000, 0x000000070e200000| Untracked 
|  79|0x000000070e400000, 0x000000070e400000, 0x000000070e600000|  0%| F|  |TAMS 0x000000070e400000, 0x000000070e400000| Untracked 
|  80|0x000000070e600000, 0x000000070e600000, 0x000000070e800000|  0%| F|  |TAMS 0x000000070e600000, 0x000000070e600000| Untracked 
|  81|0x000000070e800000, 0x000000070e800000, 0x000000070ea00000|  0%| F|  |TAMS 0x000000070e800000, 0x000000070e800000| Untracked 
|  82|0x000000070ea00000, 0x000000070ea00000, 0x000000070ec00000|  0%| F|  |TAMS 0x000000070ea00000, 0x000000070ea00000| Untracked 
|  83|0x000000070ec00000, 0x000000070ec00000, 0x000000070ee00000|  0%| F|  |TAMS 0x000000070ec00000, 0x000000070ec00000| Untracked 
|  84|0x000000070ee00000, 0x000000070ee00000, 0x000000070f000000|  0%| F|  |TAMS 0x000000070ee00000, 0x000000070ee00000| Untracked 
|  85|0x000000070f000000, 0x000000070f000000, 0x000000070f200000|  0%| F|  |TAMS 0x000000070f000000, 0x000000070f000000| Untracked 
|  86|0x000000070f200000, 0x000000070f200000, 0x000000070f400000|  0%| F|  |TAMS 0x000000070f200000, 0x000000070f200000| Untracked 
|  87|0x000000070f400000, 0x000000070f400000, 0x000000070f600000|  0%| F|  |TAMS 0x000000070f400000, 0x000000070f400000| Untracked 
|  88|0x000000070f600000, 0x000000070f600000, 0x000000070f800000|  0%| F|  |TAMS 0x000000070f600000, 0x000000070f600000| Untracked 
|  89|0x000000070f800000, 0x000000070f800000, 0x000000070fa00000|  0%| F|  |TAMS 0x000000070f800000, 0x000000070f800000| Untracked 
|  90|0x000000070fa00000, 0x000000070fa00000, 0x000000070fc00000|  0%| F|  |TAMS 0x000000070fa00000, 0x000000070fa00000| Untracked 
|  91|0x000000070fc00000, 0x000000070fc00000, 0x000000070fe00000|  0%| F|  |TAMS 0x000000070fc00000, 0x000000070fc00000| Untracked 
|  92|0x000000070fe00000, 0x000000070fe00000, 0x0000000710000000|  0%| F|  |TAMS 0x000000070fe00000, 0x000000070fe00000| Untracked 
|  93|0x0000000710000000, 0x0000000710000000, 0x0000000710200000|  0%| F|  |TAMS 0x0000000710000000, 0x0000000710000000| Untracked 
|  94|0x0000000710200000, 0x0000000710200000, 0x0000000710400000|  0%| F|  |TAMS 0x0000000710200000, 0x0000000710200000| Untracked 
|  95|0x0000000710400000, 0x0000000710400000, 0x0000000710600000|  0%| F|  |TAMS 0x0000000710400000, 0x0000000710400000| Untracked 
|  96|0x0000000710600000, 0x0000000710600000, 0x0000000710800000|  0%| F|  |TAMS 0x0000000710600000, 0x0000000710600000| Untracked 
|  97|0x0000000710800000, 0x000000071094c078, 0x0000000710a00000| 64%| E|  |TAMS 0x0000000710800000, 0x0000000710800000| Complete 
|  98|0x0000000710a00000, 0x0000000710c00000, 0x0000000710c00000|100%| E|CS|TAMS 0x0000000710a00000, 0x0000000710a00000| Complete 
|  99|0x0000000710c00000, 0x0000000710e00000, 0x0000000710e00000|100%| E|CS|TAMS 0x0000000710c00000, 0x0000000710c00000| Complete 
| 100|0x0000000710e00000, 0x0000000711000000, 0x0000000711000000|100%| E|CS|TAMS 0x0000000710e00000, 0x0000000710e00000| Complete 
| 101|0x0000000711000000, 0x0000000711200000, 0x0000000711200000|100%| E|CS|TAMS 0x0000000711000000, 0x0000000711000000| Complete 
| 102|0x0000000711200000, 0x0000000711400000, 0x0000000711400000|100%| E|CS|TAMS 0x0000000711200000, 0x0000000711200000| Complete 
| 103|0x0000000711400000, 0x0000000711600000, 0x0000000711600000|100%| E|CS|TAMS 0x0000000711400000, 0x0000000711400000| Complete 
| 104|0x0000000711600000, 0x0000000711800000, 0x0000000711800000|100%| E|CS|TAMS 0x0000000711600000, 0x0000000711600000| Complete 
| 105|0x0000000711800000, 0x00000007118dbcf8, 0x0000000711a00000| 42%| S|CS|TAMS 0x0000000711800000, 0x0000000711800000| Complete 
| 106|0x0000000711a00000, 0x0000000711c00000, 0x0000000711c00000|100%| S|CS|TAMS 0x0000000711a00000, 0x0000000711a00000| Complete 
| 107|0x0000000711c00000, 0x0000000711e00000, 0x0000000711e00000|100%| E|CS|TAMS 0x0000000711c00000, 0x0000000711c00000| Complete 
| 108|0x0000000711e00000, 0x0000000712000000, 0x0000000712000000|100%| E|CS|TAMS 0x0000000711e00000, 0x0000000711e00000| Complete 
| 109|0x0000000712000000, 0x0000000712200000, 0x0000000712200000|100%| E|CS|TAMS 0x0000000712000000, 0x0000000712000000| Complete 
| 110|0x0000000712200000, 0x0000000712400000, 0x0000000712400000|100%| E|CS|TAMS 0x0000000712200000, 0x0000000712200000| Complete 
| 111|0x0000000712400000, 0x0000000712600000, 0x0000000712600000|100%| E|CS|TAMS 0x0000000712400000, 0x0000000712400000| Complete 
| 112|0x0000000712600000, 0x0000000712800000, 0x0000000712800000|100%| E|CS|TAMS 0x0000000712600000, 0x0000000712600000| Complete 
| 113|0x0000000712800000, 0x0000000712a00000, 0x0000000712a00000|100%| E|CS|TAMS 0x0000000712800000, 0x0000000712800000| Complete 
| 114|0x0000000712a00000, 0x0000000712c00000, 0x0000000712c00000|100%| E|CS|TAMS 0x0000000712a00000, 0x0000000712a00000| Complete 
| 115|0x0000000712c00000, 0x0000000712e00000, 0x0000000712e00000|100%| E|CS|TAMS 0x0000000712c00000, 0x0000000712c00000| Complete 
| 116|0x0000000712e00000, 0x0000000713000000, 0x0000000713000000|100%| E|CS|TAMS 0x0000000712e00000, 0x0000000712e00000| Complete 
| 117|0x0000000713000000, 0x0000000713200000, 0x0000000713200000|100%| E|CS|TAMS 0x0000000713000000, 0x0000000713000000| Complete 
| 118|0x0000000713200000, 0x0000000713400000, 0x0000000713400000|100%| E|CS|TAMS 0x0000000713200000, 0x0000000713200000| Complete 
| 119|0x0000000713400000, 0x0000000713600000, 0x0000000713600000|100%| E|CS|TAMS 0x0000000713400000, 0x0000000713400000| Complete 
| 120|0x0000000713600000, 0x0000000713800000, 0x0000000713800000|100%| E|CS|TAMS 0x0000000713600000, 0x0000000713600000| Complete 
| 121|0x0000000713800000, 0x0000000713a00000, 0x0000000713a00000|100%| E|CS|TAMS 0x0000000713800000, 0x0000000713800000| Complete 
| 122|0x0000000713a00000, 0x0000000713c00000, 0x0000000713c00000|100%| E|CS|TAMS 0x0000000713a00000, 0x0000000713a00000| Complete 
| 123|0x0000000713c00000, 0x0000000713e00000, 0x0000000713e00000|100%| E|CS|TAMS 0x0000000713c00000, 0x0000000713c00000| Complete 
| 124|0x0000000713e00000, 0x0000000714000000, 0x0000000714000000|100%| E|CS|TAMS 0x0000000713e00000, 0x0000000713e00000| Complete 
| 125|0x0000000714000000, 0x0000000714200000, 0x0000000714200000|100%| E|CS|TAMS 0x0000000714000000, 0x0000000714000000| Complete 

Card table byte_map: [0x000001e753f40000,0x000001e754720000] _byte_map_base: 0x000001e75071d000

Marking Bits (Prev, Next): (CMBitMap*) 0x000001e73c56c4e0, (CMBitMap*) 0x000001e73c56c520
 Prev Bits: [0x000001e754f00000, 0x000001e758de8000)
 Next Bits: [0x000001e758df0000, 0x000001e75ccd8000)

Polling page: 0x000001e73a070000

Metaspace:

Usage:
  Non-class:     12.18 MB used.
      Class:      1.49 MB used.
       Both:     13.67 MB used.

Virtual space:
  Non-class space:       64.00 MB reserved,      12.31 MB ( 19%) committed,  1 nodes.
      Class space:        1.00 GB reserved,       1.62 MB ( <1%) committed,  1 nodes.
             Both:        1.06 GB reserved,      13.94 MB (  1%) committed. 

Chunk freelists:
   Non-Class:  3.27 MB
       Class:  2.34 MB
        Both:  5.61 MB

MaxMetaspaceSize: unlimited
CompressedClassSpaceSize: 1.00 GB
Initial GC threshold: 21.00 MB
Current GC threshold: 21.00 MB
CDS: on
MetaspaceReclaimPolicy: balanced
 - commit_granule_bytes: 65536.
 - commit_granule_words: 8192.
 - virtual_space_node_default_size: 8388608.
 - enlarge_chunks_in_place: 1.
 - new_chunks_are_fully_committed: 0.
 - uncommit_free_chunks: 1.
 - use_allocation_guard: 0.


Internal statistics:

num_allocs_failed_limit: 0.
num_arena_births: 266.
num_arena_deaths: 0.
num_vsnodes_births: 2.
num_vsnodes_deaths: 0.
num_space_committed: 223.
num_space_uncommitted: 0.
num_chunks_returned_to_freelist: 0.
num_chunks_taken_from_freelist: 716.
num_chunk_merges: 0.
num_chunk_splits: 509.
num_chunks_enlarged: 377.
num_inconsistent_stats: 0.

CodeHeap 'non-profiled nmethods': size=120000Kb used=1571Kb max_used=1571Kb free=118428Kb
 bounds [0x000001e74bf00000, 0x000001e74c170000, 0x000001e753430000]
CodeHeap 'profiled nmethods': size=120000Kb used=6762Kb max_used=6762Kb free=113237Kb
 bounds [0x000001e744430000, 0x000001e744ad0000, 0x000001e74b960000]
CodeHeap 'non-nmethods': size=5760Kb used=1291Kb max_used=1325Kb free=4468Kb
 bounds [0x000001e74b960000, 0x000001e74bbd0000, 0x000001e74bf00000]
 total_blobs=3930 nmethods=3442 adapters=398
 compilation: enabled
              stopped_count=0, restarted_count=0
 full_count=0

Compilation events (20 events):
Event: 1.697 Thread 0x000001e75f321430 nmethod 3379 0x000001e744aa6190 code [0x000001e744aa6360, 0x000001e744aa6758]
Event: 1.697 Thread 0x000001e75f321430 3380       1       org.apache.maven.model.DistributionManagement::getDownloadUrl (5 bytes)
Event: 1.698 Thread 0x000001e76419a000 nmethod 3374 0x000001e74c07d910 code [0x000001e74c07dac0, 0x000001e74c07e128]
Event: 1.698 Thread 0x000001e76419a000 3376       4       java.io.WinNTFileSystem::normalize (224 bytes)
Event: 1.698 Thread 0x000001e75f321430 nmethod 3380 0x000001e74c07e410 code [0x000001e74c07e5a0, 0x000001e74c07e678]
Event: 1.698 Thread 0x000001e75f321430 3381       1       org.apache.maven.model.Parent::getRelativePath (5 bytes)
Event: 1.698 Thread 0x000001e75f321430 nmethod 3381 0x000001e74c07e710 code [0x000001e74c07e8a0, 0x000001e74c07e978]
Event: 1.698 Thread 0x000001e75f321430 3382       1       org.apache.maven.model.Model::getPrerequisites (5 bytes)
Event: 1.698 Thread 0x000001e75f321430 nmethod 3382 0x000001e74c07ea10 code [0x000001e74c07eba0, 0x000001e74c07ec78]
Event: 1.699 Thread 0x000001e75f321430 3383       1       org.apache.maven.model.building.DefaultModelBuildingRequest::isLocationTracking (5 bytes)
Event: 1.699 Thread 0x000001e75f321430 nmethod 3383 0x000001e74c07ed10 code [0x000001e74c07eea0, 0x000001e74c07ef78]
Event: 1.699 Thread 0x000001e75f321430 3384       1       org.apache.maven.model.Parent::setVersion (6 bytes)
Event: 1.699 Thread 0x000001e75f321430 nmethod 3384 0x000001e74c07f010 code [0x000001e74c07f1a0, 0x000001e74c07f2b8]
Event: 1.700 Thread 0x000001e75f321430 3385       3       org.eclipse.sisu.wire.EntrySetAdapter$ValueIterator::hasNext (10 bytes)
Event: 1.700 Thread 0x000001e75f321430 nmethod 3385 0x000001e744aa6890 code [0x000001e744aa6a40, 0x000001e744aa6c28]
Event: 1.701 Thread 0x000001e75f321430 3386       1       org.apache.maven.model.Model::setArtifactId (6 bytes)
Event: 1.701 Thread 0x000001e75f321430 nmethod 3386 0x000001e74c07f310 code [0x000001e74c07f4a0, 0x000001e74c07f5b8]
Event: 1.701 Thread 0x000001e75f321430 3387       1       org.apache.maven.model.Model::setScm (6 bytes)
Event: 1.701 Thread 0x000001e75f321430 nmethod 3387 0x000001e74c07f610 code [0x000001e74c07f7a0, 0x000001e74c07f8b8]
Event: 1.702 Thread 0x000001e75f321430 3388   !   3       org.apache.maven.model.Model::clone (502 bytes)

GC Heap History (4 events):
Event: 0.652 GC heap before
{Heap before GC invocations=0 (full 0):
 garbage-first heap   total 258048K, used 22528K [0x0000000704600000, 0x0000000800000000)
  region size 2048K, 11 young (22528K), 0 survivors (0K)
 Metaspace       used 5289K, committed 5440K, reserved 1114112K
  class space    used 583K, committed 640K, reserved 1048576K
}
Event: 0.655 GC heap after
{Heap after GC invocations=1 (full 0):
 garbage-first heap   total 258048K, used 3734K [0x0000000704600000, 0x0000000800000000)
  region size 2048K, 2 young (4096K), 2 survivors (4096K)
 Metaspace       used 5289K, committed 5440K, reserved 1114112K
  class space    used 583K, committed 640K, reserved 1048576K
}
Event: 1.084 GC heap before
{Heap before GC invocations=1 (full 0):
 garbage-first heap   total 258048K, used 38550K [0x0000000704600000, 0x0000000800000000)
  region size 2048K, 19 young (38912K), 2 survivors (4096K)
 Metaspace       used 10759K, committed 11008K, reserved 1114112K
  class space    used 1257K, committed 1344K, reserved 1048576K
}
Event: 1.088 GC heap after
{Heap after GC invocations=2 (full 0):
 garbage-first heap   total 258048K, used 6341K [0x0000000704600000, 0x0000000800000000)
  region size 2048K, 2 young (4096K), 2 survivors (4096K)
 Metaspace       used 10759K, committed 11008K, reserved 1114112K
  class space    used 1257K, committed 1344K, reserved 1048576K
}

Dll operation events (12 events):
Event: 0.008 Loaded shared library C:\Program Files\Java\jdk-19\bin\java.dll
Event: 0.029 Loaded shared library C:\Program Files\Java\jdk-19\bin\jsvml.dll
Event: 0.084 Loaded shared library C:\Program Files\Java\jdk-19\bin\zip.dll
Event: 0.087 Loaded shared library C:\Program Files\Java\jdk-19\bin\instrument.dll
Event: 0.094 Loaded shared library C:\Program Files\Java\jdk-19\bin\net.dll
Event: 0.096 Loaded shared library C:\Program Files\Java\jdk-19\bin\nio.dll
Event: 0.098 Loaded shared library C:\Program Files\Java\jdk-19\bin\zip.dll
Event: 0.109 Loaded shared library C:\Program Files\JetBrains\IntelliJ IDEA 2022.3.3\bin\breakgen64.dll
Event: 0.120 Loaded shared library C:\Program Files\Java\jdk-19\bin\extnet.dll
Event: 0.174 Loaded shared library C:\Program Files\Java\jdk-19\bin\jimage.dll
Event: 0.366 Loaded shared library C:\Users\javgonzalez\AppData\Local\Temp\jansi-2.4.0-a5505032731e2ffa-jansi.dll
Event: 0.377 Loaded shared library C:\Program Files\Java\jdk-19\bin\verify.dll

Deoptimization events (20 events):
Event: 1.497 Thread 0x000001e73c4f9cf0 DEOPT PACKING pc=0x000001e74c001718 sp=0x0000009a586fe8b0
Event: 1.497 Thread 0x000001e73c4f9cf0 DEOPT UNPACKING pc=0x000001e74b9ca5a3 sp=0x0000009a586fe7d0 mode 2
Event: 1.497 Thread 0x000001e73c4f9cf0 Uncommon trap: trap_request=0xffffff45 fr.pc=0x000001e74bf98058 relative=0x0000000000000238
Event: 1.497 Thread 0x000001e73c4f9cf0 Uncommon trap: reason=unstable_if action=reinterpret pc=0x000001e74bf98058 method=java.util.HashMap.hash(Ljava/lang/Object;)I @ 1 c2
Event: 1.497 Thread 0x000001e73c4f9cf0 DEOPT PACKING pc=0x000001e74bf98058 sp=0x0000009a586fe920
Event: 1.497 Thread 0x000001e73c4f9cf0 DEOPT UNPACKING pc=0x000001e74b9ca5a3 sp=0x0000009a586fe7b8 mode 2
Event: 1.497 Thread 0x000001e73c4f9cf0 Uncommon trap: trap_request=0xffffff45 fr.pc=0x000001e74bf4a0f8 relative=0x00000000000000d8
Event: 1.497 Thread 0x000001e73c4f9cf0 Uncommon trap: reason=unstable_if action=reinterpret pc=0x000001e74bf4a0f8 method=java.util.HashMap.hash(Ljava/lang/Object;)I @ 1 c2
Event: 1.497 Thread 0x000001e73c4f9cf0 DEOPT PACKING pc=0x000001e74bf4a0f8 sp=0x0000009a586fe980
Event: 1.497 Thread 0x000001e73c4f9cf0 DEOPT UNPACKING pc=0x000001e74b9ca5a3 sp=0x0000009a586fe8c0 mode 2
Event: 1.657 Thread 0x000001e73c4f9cf0 Uncommon trap: trap_request=0xffffff45 fr.pc=0x000001e74bf98cc0 relative=0x00000000000002a0
Event: 1.657 Thread 0x000001e73c4f9cf0 Uncommon trap: reason=unstable_if action=reinterpret pc=0x000001e74bf98cc0 method=java.lang.String.regionMatches(ZILjava/lang/String;II)Z @ 21 c2
Event: 1.657 Thread 0x000001e73c4f9cf0 DEOPT PACKING pc=0x000001e74bf98cc0 sp=0x0000009a586fd1c0
Event: 1.657 Thread 0x000001e73c4f9cf0 DEOPT UNPACKING pc=0x000001e74b9ca5a3 sp=0x0000009a586fd168 mode 2
Event: 1.682 Thread 0x000001e73c4f9cf0 Uncommon trap: trap_request=0xffffff45 fr.pc=0x000001e74c050e24 relative=0x00000000000021c4
Event: 1.682 Thread 0x000001e73c4f9cf0 Uncommon trap: reason=unstable_if action=reinterpret pc=0x000001e74c050e24 method=org.codehaus.plexus.util.xml.pull.MXParser.parseAttribute()C @ 995 c2
Event: 1.682 Thread 0x000001e73c4f9cf0 DEOPT PACKING pc=0x000001e74c050e24 sp=0x0000009a586fc600
Event: 1.682 Thread 0x000001e73c4f9cf0 DEOPT UNPACKING pc=0x000001e74b9ca5a3 sp=0x0000009a586fc578 mode 2
Event: 1.695 Thread 0x000001e73c4f9cf0 DEOPT PACKING pc=0x000001e7444ecbd1 sp=0x0000009a586fd080
Event: 1.695 Thread 0x000001e73c4f9cf0 DEOPT UNPACKING pc=0x000001e74b9cb0e3 sp=0x0000009a586fc580 mode 0

Classes loaded (20 events):
Event: 1.279 Loading class java/lang/Short$ShortCache
Event: 1.279 Loading class java/lang/Short$ShortCache done
Event: 1.279 Loading class java/lang/Byte$ByteCache
Event: 1.279 Loading class java/lang/Byte$ByteCache done
Event: 1.283 Loading class sun/invoke/util/ValueConversions$1
Event: 1.284 Loading class sun/invoke/util/ValueConversions$1 done
Event: 1.284 Loading class java/lang/invoke/BoundMethodHandle$Species_LI
Event: 1.284 Loading class java/lang/invoke/BoundMethodHandle$Species_LI done
Event: 1.431 Loading class java/util/LinkedList$ListItr
Event: 1.431 Loading class java/util/LinkedList$ListItr done
Event: 1.448 Loading class java/util/concurrent/locks/ReentrantReadWriteLock$NonfairSync
Event: 1.448 Loading class java/util/concurrent/locks/ReentrantReadWriteLock$Sync
Event: 1.449 Loading class java/util/concurrent/locks/ReentrantReadWriteLock$Sync done
Event: 1.449 Loading class java/util/concurrent/locks/ReentrantReadWriteLock$NonfairSync done
Event: 1.449 Loading class java/util/concurrent/locks/ReentrantReadWriteLock$Sync$ThreadLocalHoldCounter
Event: 1.449 Loading class java/util/concurrent/locks/ReentrantReadWriteLock$Sync$ThreadLocalHoldCounter done
Event: 1.449 Loading class java/util/concurrent/locks/ReentrantReadWriteLock$ReadLock
Event: 1.449 Loading class java/util/concurrent/locks/ReentrantReadWriteLock$ReadLock done
Event: 1.449 Loading class java/util/concurrent/locks/ReentrantReadWriteLock$WriteLock
Event: 1.449 Loading class java/util/concurrent/locks/ReentrantReadWriteLock$WriteLock done

Classes unloaded (0 events):
No events

Classes redefined (0 events):
No events

Internal exceptions (20 events):
Event: 1.066 Thread 0x000001e73c4f9cf0 Exception <a 'java/lang/NoSuchMethodError'{0x0000000711c30f08}: 'void java.lang.invoke.DelegatingMethodHandle$Holder.delegate(java.lang.Object, java.lang.Object, int, java.lang.Object)'> (0x0000000711c30f08) 
thrown [s\open\src\hotspot\share\interpreter\linkResolver.cpp, line 774]
Event: 1.066 Thread 0x000001e73c4f9cf0 Exception <a 'java/lang/NoSuchMethodError'{0x0000000711c357e8}: 'int java.lang.invoke.DirectMethodHandle$Holder.invokeSpecial(java.lang.Object, java.lang.Object, java.lang.Object)'> (0x0000000711c357e8) 
thrown [s\open\src\hotspot\share\interpreter\linkResolver.cpp, line 774]
Event: 1.081 Thread 0x000001e75f31ce60 Exception <a 'java/lang/NoSuchMethodError'{0x0000000711d6db50}: 'java.lang.Object java.lang.invoke.Invokers$Holder.invokeExact_MT(java.lang.Object, java.lang.Object, java.lang.Object, java.lang.Object, java.lang.Object, java.lang.Object)'> (0x0000000711d6db50) 
thrown [s\open\src\hotspot\share\interpreter\linkResolver.cpp, line 774]
Event: 1.094 Thread 0x000001e73c4f9cf0 Exception <a 'java/lang/NoSuchMethodError'{0x00000007140dd330}: 'java.lang.Object java.lang.invoke.DirectMethodHandle$Holder.newInvokeSpecial(java.lang.Object, java.lang.Object, java.lang.Object, java.lang.Object, java.lang.Object, java.lang.Object, java.lang.Object)'> (0x00000007140dd330) 
thrown [s\open\src\hotspot\share\interpreter\linkResolver.cpp, line 774]
Event: 1.098 Thread 0x000001e73c4f9cf0 Exception <a 'java/lang/NoSuchMethodError'{0x000000071411a620}: 'java.lang.Object java.lang.invoke.DirectMethodHandle$Holder.newInvokeSpecial(java.lang.Object, java.lang.Object, java.lang.Object, java.lang.Object, java.lang.Object, java.lang.Object, java.lang.Object, java.lang.Object, java.lang.Object)'> (0x000000071411a620) 
thrown [s\open\src\hotspot\share\interpreter\linkResolver.cpp, line 774]
Event: 1.110 Thread 0x000001e73c4f9cf0 Exception <a 'java/lang/NoSuchMethodError'{0x0000000713e02808}: 'java.lang.Object java.lang.invoke.DirectMethodHandle$Holder.newInvokeSpecial(java.lang.Object, java.lang.Object, java.lang.Object, java.lang.Object, java.lang.Object, java.lang.Object, java.lang.Object, java.lang.Object, java.lang.Object, java.lang.Object, java.lang.Object, java.lang.Object)'> (0x0000000713e02808) 
thrown [s\open\src\hotspot\share\interpreter\linkResolver.cpp, line 774]
Event: 1.114 Thread 0x000001e73c4f9cf0 Exception <a 'java/lang/NoSuchMethodError'{0x0000000713e4a4c0}: 'java.lang.Object java.lang.invoke.DirectMethodHandle$Holder.invokeStatic(java.lang.Object, java.lang.Object, java.lang.Object, java.lang.Object, java.lang.Object, java.lang.Object, java.lang.Object, java.lang.Object, java.lang.Object, java.lang.Object, java.lang.Object, java.lang.Object, java.lang.Object)'> (0x0000000713e4a4c0) 
thrown [s\open\src\hotspot\share\interpreter\linkResolver.cpp, line 774]
Event: 1.116 Thread 0x000001e73c4f9cf0 Exception <a 'java/lang/NoSuchMethodError'{0x0000000713e69f60}: 'java.lang.Object java.lang.invoke.DirectMethodHandle$Holder.invokeStatic(java.lang.Object, java.lang.Object, java.lang.Object, java.lang.Object, java.lang.Object, java.lang.Object, java.lang.Object, java.lang.Object, java.lang.Object, java.lang.Object, java.lang.Object, java.lang.Object, java.lang.Object, java.lang.Object)'> (0x0000000713e69f60) 
thrown [s\open\src\hotspot\share\interpreter\linkResolver.cpp, line 774]
Event: 1.117 Thread 0x000001e73c4f9cf0 Exception <a 'java/lang/NoSuchMethodError'{0x0000000713e8b3e8}: 'java.lang.Object java.lang.invoke.DirectMethodHandle$Holder.invokeStatic(java.lang.Object, java.lang.Object, java.lang.Object, java.lang.Object, java.lang.Object, java.lang.Object, java.lang.Object, java.lang.Object, java.lang.Object, java.lang.Object, java.lang.Object, java.lang.Object, java.lang.Object, java.lang.Object, java.lang.Object)'> (0x0000000713e8b3e8) 
thrown [s\open\src\hotspot\share\interpreter\linkResolver.cpp, line 774]
Event: 1.136 Thread 0x000001e73c4f9cf0 Exception <a 'java/lang/NoSuchMethodError'{0x0000000713f02fb0}: 'java.lang.Object java.lang.invoke.DirectMethodHandle$Holder.invokeStaticInit(java.lang.Object, int, int, int, int)'> (0x0000000713f02fb0) 
thrown [s\open\src\hotspot\share\interpreter\linkResolver.cpp, line 774]
Event: 1.227 Thread 0x000001e73c4f9cf0 Implicit null exception at 0x000001e74bf82372 to 0x000001e74bf828dc
Event: 1.227 Thread 0x000001e73c4f9cf0 Implicit null exception at 0x000001e74bf46df2 to 0x000001e74bf47354
Event: 1.237 Thread 0x000001e73c4f9cf0 Implicit null exception at 0x000001e74bfa14a0 to 0x000001e74bfa1658
Event: 1.283 Thread 0x000001e73c4f9cf0 Exception <a 'java/lang/NoSuchMethodError'{0x00000007136c3050}: 'void java.lang.invoke.DirectMethodHandle$Holder.invokeVirtual(java.lang.Object, java.lang.Object, int)'> (0x00000007136c3050) 
thrown [s\open\src\hotspot\share\interpreter\linkResolver.cpp, line 774]
Event: 1.284 Thread 0x000001e73c4f9cf0 Exception <a 'java/lang/NoSuchMethodError'{0x00000007136c7468}: 'int java.lang.invoke.DirectMethodHandle$Holder.invokeSpecial(java.lang.Object, java.lang.Object, java.lang.Object, int)'> (0x00000007136c7468) 
thrown [s\open\src\hotspot\share\interpreter\linkResolver.cpp, line 774]
Event: 1.285 Thread 0x000001e73c4f9cf0 Exception <a 'java/lang/NoSuchMethodError'{0x00000007136d7870}: 'java.lang.Object java.lang.invoke.DirectMethodHandle$Holder.invokeStatic(java.lang.Object, java.lang.Object, java.lang.Object, java.lang.Object, int)'> (0x00000007136d7870) 
thrown [s\open\src\hotspot\share\interpreter\linkResolver.cpp, line 774]
Event: 1.285 Thread 0x000001e73c4f9cf0 Exception <a 'java/lang/NoSuchMethodError'{0x00000007136e3130}: 'void java.lang.invoke.DelegatingMethodHandle$Holder.reinvoke_L(java.lang.Object, java.lang.Object, int)'> (0x00000007136e3130) 
thrown [s\open\src\hotspot\share\interpreter\linkResolver.cpp, line 774]
Event: 1.497 Thread 0x000001e73c4f9cf0 Implicit null exception at 0x000001e74c000120 to 0x000001e74c001704
Event: 1.497 Thread 0x000001e73c4f9cf0 Implicit null exception at 0x000001e74bf97e6d to 0x000001e74bf98038
Event: 1.497 Thread 0x000001e73c4f9cf0 Implicit null exception at 0x000001e74bf4a058 to 0x000001e74bf4a0ee

VM Operations (20 events):
Event: 1.084 Executing VM operation: G1CollectForAllocation
Event: 1.088 Executing VM operation: G1CollectForAllocation done
Event: 1.124 Executing VM operation: HandshakeAllThreads
Event: 1.124 Executing VM operation: HandshakeAllThreads done
Event: 1.151 Executing VM operation: HandshakeAllThreads
Event: 1.151 Executing VM operation: HandshakeAllThreads done
Event: 1.177 Executing VM operation: HandshakeAllThreads
Event: 1.177 Executing VM operation: HandshakeAllThreads done
Event: 1.206 Executing VM operation: HandshakeAllThreads
Event: 1.206 Executing VM operation: HandshakeAllThreads done
Event: 1.366 Executing VM operation: ICBufferFull
Event: 1.366 Executing VM operation: ICBufferFull done
Event: 1.449 Executing VM operation: HandshakeAllThreads
Event: 1.449 Executing VM operation: HandshakeAllThreads done
Event: 1.449 Executing VM operation: HandshakeAllThreads
Event: 1.449 Executing VM operation: HandshakeAllThreads done
Event: 1.522 Executing VM operation: ICBufferFull
Event: 1.522 Executing VM operation: ICBufferFull done
Event: 1.595 Executing VM operation: HandshakeAllThreads
Event: 1.595 Executing VM operation: HandshakeAllThreads done

Events (17 events):
Event: 0.029 Thread 0x000001e73c4f9cf0 Thread added: 0x000001e73c4f9cf0
Event: 0.048 Thread 0x000001e75f316f50 Thread added: 0x000001e75f316f50
Event: 0.049 Thread 0x000001e75f317ee0 Thread added: 0x000001e75f317ee0
Event: 0.049 Thread 0x000001e75f31c530 Thread added: 0x000001e75f31c530
Event: 0.049 Thread 0x000001e75f31ce60 Thread added: 0x000001e75f31ce60
Event: 0.049 Thread 0x000001e75f31d930 Thread added: 0x000001e75f31d930
Event: 0.049 Thread 0x000001e75f320160 Thread added: 0x000001e75f320160
Event: 0.049 Thread 0x000001e75f320d10 Thread added: 0x000001e75f320d10
Event: 0.050 Thread 0x000001e75f321430 Thread added: 0x000001e75f321430
Event: 0.050 Thread 0x000001e763855400 Thread added: 0x000001e763855400
Event: 0.070 Thread 0x000001e76394e260 Thread added: 0x000001e76394e260
Event: 0.110 Thread 0x000001e76394e7b0 Thread added: 0x000001e76394e7b0
Event: 0.110 Thread 0x000001e76394d270 Thread added: 0x000001e76394d270
Event: 0.142 Thread 0x000001e763b22190 Thread added: 0x000001e763b22190
Event: 0.294 Thread 0x000001e763b22190 Thread exited: 0x000001e763b22190
Event: 0.471 Thread 0x000001e763a48390 Thread added: 0x000001e763a48390
Event: 0.629 Thread 0x000001e76419a000 Thread added: 0x000001e76419a000


Dynamic libraries:
0x00007ff703960000 - 0x00007ff703970000 	C:\Program Files\Java\jdk-19\bin\java.exe
0x00007ff8535d0000 - 0x00007ff8537c8000 	C:\Windows\SYSTEM32\ntdll.dll
0x00007ff852b00000 - 0x00007ff852bbf000 	C:\Windows\System32\KERNEL32.DLL
0x00007ff850eb0000 - 0x00007ff851182000 	C:\Windows\System32\KERNELBASE.dll
0x00007ff851520000 - 0x00007ff851620000 	C:\Windows\System32\ucrtbase.dll
0x00007ff821860000 - 0x00007ff82187b000 	C:\Program Files\Java\jdk-19\bin\VCRUNTIME140.dll
0x00007ff817dc0000 - 0x00007ff817dd8000 	C:\Program Files\Java\jdk-19\bin\jli.dll
0x00007ff8534e0000 - 0x00007ff85358e000 	C:\Windows\System32\ADVAPI32.dll
0x00007ff851a40000 - 0x00007ff851ade000 	C:\Windows\System32\msvcrt.dll
0x00007ff852d20000 - 0x00007ff852dbc000 	C:\Windows\System32\sechost.dll
0x00007ff852720000 - 0x00007ff852844000 	C:\Windows\System32\RPCRT4.dll
0x00007ff8532b0000 - 0x00007ff853451000 	C:\Windows\System32\USER32.dll
0x00007ff840670000 - 0x00007ff84090a000 	C:\Windows\WinSxS\amd64_microsoft.windows.common-controls_6595b64144ccf1df_6.0.19041.1110_none_60b5254171f9507e\COMCTL32.dll
0x00007ff850cd0000 - 0x00007ff850cf2000 	C:\Windows\System32\win32u.dll
0x00007ff8516b0000 - 0x00007ff8516db000 	C:\Windows\System32\GDI32.dll
0x00007ff851320000 - 0x00007ff85142f000 	C:\Windows\System32\gdi32full.dll
0x00007ff851480000 - 0x00007ff85151d000 	C:\Windows\System32\msvcp_win.dll
0x00007ff848a40000 - 0x00007ff848a4a000 	C:\Windows\SYSTEM32\VERSION.dll
0x00007ff851620000 - 0x00007ff851650000 	C:\Windows\System32\IMM32.DLL
0x00007ff818d20000 - 0x00007ff818dc4000 	C:\Program Files\McAfee\Endpoint Security\Threat Prevention\Ips\EpMPApi.dll
0x00007ff850e40000 - 0x00007ff850ea9000 	C:\Windows\System32\WINTRUST.dll
0x00007ff8511c0000 - 0x00007ff851316000 	C:\Windows\System32\CRYPT32.dll
0x00007ff8508c0000 - 0x00007ff8508d2000 	C:\Windows\SYSTEM32\MSASN1.dll
0x0000000075560000 - 0x000000007556c000 	C:\Program Files\McAfee\Endpoint Security\Threat Prevention\Ips\EpMPThe.dll
0x00007ff818930000 - 0x00007ff81898b000 	C:\Program Files\McAfee\Endpoint Security\Threat Prevention\Ips\HIPHandlers64.dll
0x00007ff851c00000 - 0x00007ff852345000 	C:\Windows\System32\SHELL32.dll
0x00007ff852aa0000 - 0x00007ff852af5000 	C:\Windows\System32\SHLWAPI.dll
0x00007ff84f2d0000 - 0x00007ff84f4b4000 	C:\Windows\SYSTEM32\dbghelp.dll
0x00007ff83fe40000 - 0x00007ff83fe4c000 	C:\Program Files\Java\jdk-19\bin\vcruntime140_1.dll
0x00007ff817c20000 - 0x00007ff817cae000 	C:\Program Files\Java\jdk-19\bin\msvcp140.dll
0x00007fffa6670000 - 0x00007fffa7330000 	C:\Program Files\Java\jdk-19\bin\server\jvm.dll
0x00007ff846510000 - 0x00007ff846537000 	C:\Windows\SYSTEM32\WINMM.dll
0x00007ff82ac20000 - 0x00007ff82ac29000 	C:\Windows\SYSTEM32\WSOCK32.dll
0x00007ff852bc0000 - 0x00007ff852c2b000 	C:\Windows\System32\WS2_32.dll
0x00007ff84f4d0000 - 0x00007ff84f4e2000 	C:\Windows\SYSTEM32\kernel.appcore.dll
0x00007ff838260000 - 0x00007ff83826a000 	C:\Program Files\Java\jdk-19\bin\jimage.dll
0x00007ff830f40000 - 0x00007ff830f75000 	C:\Windows\SYSTEM32\dbgcore.DLL
0x00007ff850d00000 - 0x00007ff850d82000 	C:\Windows\System32\bcryptPrimitives.dll
0x00007ff81b440000 - 0x00007ff81b44e000 	C:\Program Files\Java\jdk-19\bin\instrument.dll
0x00007ff817d90000 - 0x00007ff817db6000 	C:\Program Files\Java\jdk-19\bin\java.dll
0x00007ff817b40000 - 0x00007ff817c17000 	C:\Program Files\Java\jdk-19\bin\jsvml.dll
0x00007ff84ea60000 - 0x00007ff84f1f2000 	C:\Windows\SYSTEM32\windows.storage.dll
0x00007ff8516e0000 - 0x00007ff851a35000 	C:\Windows\System32\combase.dll
0x00007ff850650000 - 0x00007ff850680000 	C:\Windows\SYSTEM32\Wldp.dll
0x00007ff852360000 - 0x00007ff85240d000 	C:\Windows\System32\SHCORE.dll
0x00007ff850c10000 - 0x00007ff850c2f000 	C:\Windows\SYSTEM32\profapi.dll
0x00007ff817ae0000 - 0x00007ff817af8000 	C:\Program Files\Java\jdk-19\bin\zip.dll
0x00007ff817b20000 - 0x00007ff817b33000 	C:\Program Files\Java\jdk-19\bin\net.dll
0x00007ff84bb60000 - 0x00007ff84bc6a000 	C:\Windows\SYSTEM32\WINHTTP.dll
0x00007ff850430000 - 0x00007ff85049a000 	C:\Windows\system32\mswsock.dll
0x00007ff817b00000 - 0x00007ff817b16000 	C:\Program Files\Java\jdk-19\bin\nio.dll
0x00007ff818110000 - 0x00007ff81812a000 	C:\Program Files\JetBrains\IntelliJ IDEA 2022.3.3\bin\breakgen64.dll
0x00007ff821850000 - 0x00007ff821858000 	C:\Program Files\Java\jdk-19\bin\extnet.dll
0x0000000069ac0000 - 0x0000000069ae4000 	C:\Users\javgonzalez\AppData\Local\Temp\jansi-2.4.0-a5505032731e2ffa-jansi.dll
0x00007ff817ab0000 - 0x00007ff817ac0000 	C:\Program Files\Java\jdk-19\bin\verify.dll

dbghelp: loaded successfully - version: 4.0.5 - missing functions: none
symbol engine: initialized successfully - sym options: 0x614 - pdb path: .;C:\Program Files\Java\jdk-19\bin;C:\Windows\SYSTEM32;C:\Windows\WinSxS\amd64_microsoft.windows.common-controls_6595b64144ccf1df_6.0.19041.1110_none_60b5254171f9507e;C:\Program Files\McAfee\Endpoint Security\Threat Prevention\Ips;C:\Program Files\Java\jdk-19\bin\server;C:\Program Files\JetBrains\IntelliJ IDEA 2022.3.3\bin;C:\Users\javgonzalez\AppData\Local\Temp

VM Arguments:
jvm_args: -Dmaven.multiModuleProjectDirectory=C:\Users\javgonzalez\Desktop\PlataformaProveedores -Djansi.passthrough=true -Dmaven.home=C:\Users\javgonzalez\.m2\wrapper\dists\apache-maven-3.8.7-bin\1ktonn2lleg549uah6ngl1r74r\apache-maven-3.8.7 -Dclassworlds.conf=C:\Users\javgonzalez\.m2\wrapper\dists\apache-maven-3.8.7-bin\1ktonn2lleg549uah6ngl1r74r\apache-maven-3.8.7\bin\m2.conf -Dmaven.ext.class.path=C:\Program Files\JetBrains\IntelliJ IDEA 2022.3.3\plugins\maven\lib\maven-event-listener.jar -javaagent:C:\Program Files\JetBrains\IntelliJ IDEA 2022.3.3\lib\idea_rt.jar=53248:C:\Program Files\JetBrains\IntelliJ IDEA 2022.3.3\bin -Dfile.encoding=UTF-8 -Dsun.stdout.encoding=UTF-8 -Dsun.stderr.encoding=UTF-8 
java_command: org.codehaus.classworlds.Launcher -Didea.version=2022.3.3 spring-boot:run
java_class_path (initial): C:\Users\javgonzalez\.m2\wrapper\dists\apache-maven-3.8.7-bin\1ktonn2lleg549uah6ngl1r74r\apache-maven-3.8.7\boot\plexus-classworlds-2.6.0.jar;C:\Users\javgonzalez\.m2\wrapper\dists\apache-maven-3.8.7-bin\1ktonn2lleg549uah6ngl1r74r\apache-maven-3.8.7\boot\plexus-classworlds.license
Launcher Type: SUN_STANDARD

[Global flags]
     intx CICompilerCount                          = 4                                         {product} {ergonomic}
     uint ConcGCThreads                            = 2                                         {product} {ergonomic}
     uint G1ConcRefinementThreads                  = 8                                         {product} {ergonomic}
   size_t G1HeapRegionSize                         = 2097152                                   {product} {ergonomic}
    uintx GCDrainStackTargetSize                   = 64                                        {product} {ergonomic}
   size_t InitialHeapSize                          = 264241152                                 {product} {ergonomic}
   size_t MarkStackSize                            = 4194304                                   {product} {ergonomic}
   size_t MaxHeapSize                              = 4221566976                                {product} {ergonomic}
   size_t MaxNewSize                               = 2531262464                                {product} {ergonomic}
   size_t MinHeapDeltaBytes                        = 2097152                                   {product} {ergonomic}
   size_t MinHeapSize                              = 8388608                                   {product} {ergonomic}
    uintx NonNMethodCodeHeapSize                   = 5839372                                {pd product} {ergonomic}
    uintx NonProfiledCodeHeapSize                  = 122909434                              {pd product} {ergonomic}
    uintx ProfiledCodeHeapSize                     = 122909434                              {pd product} {ergonomic}
    uintx ReservedCodeCacheSize                    = 251658240                              {pd product} {ergonomic}
     bool SegmentedCodeCache                       = true                                      {product} {ergonomic}
   size_t SoftMaxHeapSize                          = 4221566976                             {manageable} {ergonomic}
     bool UseCompressedClassPointers               = true                           {product lp64_product} {ergonomic}
     bool UseCompressedOops                        = true                           {product lp64_product} {ergonomic}
     bool UseG1GC                                  = true                                      {product} {ergonomic}
     bool UseLargePagesIndividualAllocation        = false                                  {pd product} {ergonomic}

Logging:
Log output configuration:
 #0: stdout all=warning uptime,level,tags foldmultilines=false
 #1: stderr all=off uptime,level,tags foldmultilines=false

Environment Variables:
PATH=C:\Program Files\Common Files\Oracle\Java\javapath;C:\orawin11g\jvagonzalez\product\11.2.0\client_1\bin;C:\Oracle\instantclient_21_9;C:\Oracle\jdk\jre\bin\classic;C:\Oracle\jdk\jre\bin;C:\Oracle\jdk\jre\bin\client;C:\Oracle\jlib;C:\Oracle\bin;C:\Oracle\jre\1.4.2\bin\client;C:\Oracle\jre\1.4.2\bin;C:\Program Files (x86)\Common Files\Oracle\Java\javapath;C:\Windows\system32;C:\Windows;C:\Windows\System32\Wbem;C:\Windows\System32\WindowsPowerShell\v1.0\;C:\Windows\System32\OpenSSH\;C:\Program Files\Microsoft SQL Server\150\Tools\Binn\;C:\Program Files\Microsoft SQL Server\Client SDK\ODBC\170\Tools\Binn\;C:\Program Files\dotnet\;C:\Program Files\nodejs\;C:\Program Files\Git\cmd;C:\Users\javgonzalez\AppData\Local\Programs\Python\Python310\Scripts\;C:\Users\javgonzalez\AppData\Local\Programs\Python\Python310\;C:\Users\javgonzalez\AppData\Local\Microsoft\WindowsApps;C:\Users\javgonzalez\.dotnet\tools;C:\Users\javgonzalez\AppData\Roaming\npm;C:\Users\javgonzalez\AppData\Local\Programs\Microsoft VS Code\bin;C:\Users\javgonzalez\AppData\Local\GitHubDesktop\bin
USERNAME=javgonzalez
OS=Windows_NT
PROCESSOR_IDENTIFIER=Intel64 Family 6 Model 140 Stepping 1, GenuineIntel
TMP=C:\Users\JAVGON~1\AppData\Local\Temp
TEMP=C:\Users\JAVGON~1\AppData\Local\Temp



---------------  S Y S T E M  ---------------

OS:
 Windows 10 , 64 bit Build 19041 (10.0.19041.2546)
OS uptime: 0 days 2:00 hours
Hyper-V role detected

CPU: total 8 (initial active 8) (4 cores per cpu, 2 threads per core) family 6 model 140 stepping 1 microcode 0xa4, cx8, cmov, fxsr, ht, mmx, 3dnowpref, sse, sse2, sse3, ssse3, sse4.1, sse4.2, popcnt, lzcnt, tsc, tscinvbit, avx, avx2, aes, erms, clmul, bmi1, bmi2, adx, avx512f, avx512dq, avx512cd, avx512bw, avx512vl, sha, fma, vzeroupper, avx512_vpopcntdq, avx512_vpclmulqdq, avx512_vaes, avx512_vnni, clflush, clflushopt, clwb, avx512_vbmi2, avx512_vbmi, hv, rdtscp, rdpid, fsrm, gfni, avx512_bitalg

Memory: 4k page, system-wide physical 16103M (610M free)
TotalPageFile size 18151M (AvailPageFile size 5M)
current process WorkingSet (physical memory assigned to process): 144M, peak: 144M
current process commit charge ("private bytes"): 385M, peak: 385M

vm_info: Java HotSpot(TM) 64-Bit Server VM (19.0.2+7-44) for windows-amd64 JRE (19.0.2+7-44), built on 2022-11-30T18:02:09Z by "mach5one" with MS VC++ 17.1 (VS2022)

END.
