#
# There is insufficient memory for the Java Runtime Environment to continue.
# Native memory allocation (malloc) failed to allocate 786208 bytes for Chunk::new
# Possible reasons:
#   The system is out of physical RAM or swap space
#   The process is running with CompressedOops enabled, and the Java Heap may be blocking the growth of the native heap
# Possible solutions:
#   Reduce memory load on the system
#   Increase physical memory or swap space
#   Check if swap backing store is full
#   Decrease Java heap size (-Xmx/-Xms)
#   Decrease number of Java threads
#   Decrease Java thread stack sizes (-Xss)
#   Set larger code cache with -XX:ReservedCodeCacheSize=
#   JVM is running with Zero Based Compressed Oops mode in which the Java heap is
#     placed in the first 32GB address space. The Java Heap base address is the
#     maximum limit for the native heap growth. Please use -XX:HeapBaseMinAddress
#     to set the Java Heap base and to place the Java Heap above 32GB virtual address.
# This output file may be truncated or incomplete.
#
#  Out of Memory Error (arena.cpp:184), pid=12940, tid=17672
#
# JRE version: Java(TM) SE Runtime Environment (19.0.2+7) (build 19.0.2+7-44)
# Java VM: Java HotSpot(TM) 64-Bit Server VM (19.0.2+7-44, mixed mode, sharing, tiered, compressed oops, compressed class ptrs, g1 gc, windows-amd64)
# No core dump will be written. Minidumps are not enabled by default on client versions of Windows
#

---------------  S U M M A R Y ------------

Command Line: -Dmaven.multiModuleProjectDirectory=C:\Users\javgonzalez\Desktop\PlataformaProveedores -Djansi.passthrough=true -Dmaven.home=C:\Users\javgonzalez\.m2\wrapper\dists\apache-maven-3.8.7-bin\1ktonn2lleg549uah6ngl1r74r\apache-maven-3.8.7 -Dclassworlds.conf=C:\Users\javgonzalez\.m2\wrapper\dists\apache-maven-3.8.7-bin\1ktonn2lleg549uah6ngl1r74r\apache-maven-3.8.7\bin\m2.conf -Dmaven.ext.class.path=C:\Program Files\JetBrains\IntelliJ IDEA 2022.3.3\plugins\maven\lib\maven-event-listener.jar -javaagent:C:\Program Files\JetBrains\IntelliJ IDEA 2022.3.3\lib\idea_rt.jar=53267:C:\Program Files\JetBrains\IntelliJ IDEA 2022.3.3\bin -Dfile.encoding=UTF-8 -Dsun.stdout.encoding=UTF-8 -Dsun.stderr.encoding=UTF-8 org.codehaus.classworlds.Launcher -Didea.version=2022.3.3 spring-boot:run

Host: 11th Gen Intel(R) Core(TM) i7-1165G7 @ 2.80GHz, 8 cores, 15G,  Windows 10 , 64 bit Build 19041 (10.0.19041.2546)
Time: Mon Mar 27 12:03:18 2023 Hora est. Pac璗ico, Sudam廨ica elapsed time: 1.015093 seconds (0d 0h 0m 1s)

---------------  T H R E A D  ---------------

Current thread (0x000001ee25eaf490):  JavaThread "C2 CompilerThread1" daemon [_thread_in_native, id=17672, stack(0x0000007340900000,0x0000007340a00000)]


Current CompileTask:
C2:   1015 2374       4       org.codehaus.plexus.util.xml.pull.MXParser::parseStartTag (1195 bytes)

Stack: [0x0000007340900000,0x0000007340a00000]
Native frames: (J=compiled Java code, j=interpreted, Vv=VM code, C=native code)
V  [jvm.dll+0x6ee21a]
V  [jvm.dll+0x85765e]
V  [jvm.dll+0x85904e]
V  [jvm.dll+0x859703]
V  [jvm.dll+0x28298f]
V  [jvm.dll+0xc9adf]
V  [jvm.dll+0xc9e65]
V  [jvm.dll+0x3bca4c]
V  [jvm.dll+0x3860e1]
V  [jvm.dll+0x38555a]
V  [jvm.dll+0x24c3d9]
V  [jvm.dll+0x24b781]
V  [jvm.dll+0x1d6ce1]
V  [jvm.dll+0x25b25a]
V  [jvm.dll+0x2596e8]
V  [jvm.dll+0x807588]
V  [jvm.dll+0x80125a]
V  [jvm.dll+0x6ecf0b]
C  [ucrtbase.dll+0x21bb2]
C  [KERNEL32.DLL+0x17614]
C  [ntdll.dll+0x526a1]


---------------  P R O C E S S  ---------------

Threads class SMR info:
_java_thread_list=0x000001ee25ffc9f0, length=15, elements={
0x000001ee7d700120, 0x000001ee2580c590, 0x000001ee2580f390, 0x000001ee25813840,
0x000001ee25814170, 0x000001ee25814aa0, 0x000001ee25815510, 0x000001ee258214f0,
0x000001ee25819bb0, 0x000001ee2581a520, 0x000001ee2592c8b0, 0x000001ee259f3e10,
0x000001ee259f4350, 0x000001ee25eaf490, 0x000001ee263aa240
}

Java Threads: ( => current thread )
  0x000001ee7d700120 JavaThread "main" [_thread_in_Java, id=18264, stack(0x000000733f500000,0x000000733f600000)]
  0x000001ee2580c590 JavaThread "Reference Handler" daemon [_thread_blocked, id=9488, stack(0x000000733fc00000,0x000000733fd00000)]
  0x000001ee2580f390 JavaThread "Finalizer" daemon [_thread_blocked, id=16236, stack(0x000000733fd00000,0x000000733fe00000)]
  0x000001ee25813840 JavaThread "Signal Dispatcher" daemon [_thread_blocked, id=22696, stack(0x000000733fe00000,0x000000733ff00000)]
  0x000001ee25814170 JavaThread "Attach Listener" daemon [_thread_blocked, id=13316, stack(0x000000733ff00000,0x0000007340000000)]
  0x000001ee25814aa0 JavaThread "Service Thread" daemon [_thread_blocked, id=21272, stack(0x0000007340000000,0x0000007340100000)]
  0x000001ee25815510 JavaThread "Monitor Deflation Thread" daemon [_thread_blocked, id=24056, stack(0x0000007340100000,0x0000007340200000)]
  0x000001ee258214f0 JavaThread "C2 CompilerThread0" daemon [_thread_in_native, id=23452, stack(0x0000007340200000,0x0000007340300000)]
  0x000001ee25819bb0 JavaThread "C1 CompilerThread0" daemon [_thread_in_vm, id=24100, stack(0x0000007340300000,0x0000007340400000)]
  0x000001ee2581a520 JavaThread "Sweeper thread" daemon [_thread_blocked, id=15812, stack(0x0000007340400000,0x0000007340500000)]
  0x000001ee2592c8b0 JavaThread "Common-Cleaner" daemon [_thread_blocked, id=23980, stack(0x0000007340500000,0x0000007340600000)]
  0x000001ee259f3e10 JavaThread "Monitor Ctrl-Break" daemon [_thread_in_native, id=23128, stack(0x0000007340600000,0x0000007340700000)]
  0x000001ee259f4350 JavaThread "Notification Thread" daemon [_thread_blocked, id=23948, stack(0x0000007340700000,0x0000007340800000)]
=>0x000001ee25eaf490 JavaThread "C2 CompilerThread1" daemon [_thread_in_native, id=17672, stack(0x0000007340900000,0x0000007340a00000)]
  0x000001ee263aa240 JavaThread "C2 CompilerThread2" daemon [_thread_blocked, id=16020, stack(0x0000007340a00000,0x0000007340b00000)]

Other Threads:
  0x000001ee20e71eb0 VMThread "VM Thread" [stack: 0x000000733fb00000,0x000000733fc00000] [id=1980]
  0x000001ee7d701050 WatcherThread "VM Periodic Task Thread" [stack: 0x0000007340800000,0x0000007340900000] [id=5648]
  0x000001ee7d770470 WorkerThread "GC Thread#0" [stack: 0x000000733f600000,0x000000733f700000] [id=17776]
  0x000001ee25f20dc0 WorkerThread "GC Thread#1" [stack: 0x0000007340b00000,0x0000007340c00000] [id=24188]
  0x000001ee25f21090 WorkerThread "GC Thread#2" [stack: 0x0000007340c00000,0x0000007340d00000] [id=21956]
  0x000001ee266475c0 WorkerThread "GC Thread#3" [stack: 0x0000007340d00000,0x0000007340e00000] [id=488]
  0x000001ee26742390 WorkerThread "GC Thread#4" [stack: 0x0000007340e00000,0x0000007340f00000] [id=19528]
  0x000001ee26743740 WorkerThread "GC Thread#5" [stack: 0x0000007340f00000,0x0000007341000000] [id=4212]
  0x000001ee26742660 WorkerThread "GC Thread#6" [stack: 0x0000007341000000,0x0000007341100000] [id=6084]
  0x000001ee26743a10 WorkerThread "GC Thread#7" [stack: 0x0000007341100000,0x0000007341200000] [id=22636]
  0x000001ee7bd9de50 ConcurrentGCThread "G1 Main Marker" [stack: 0x000000733f700000,0x000000733f800000] [id=24452]
  0x000001ee7bd9e790 WorkerThread "G1 Conc#0" [stack: 0x000000733f800000,0x000000733f900000] [id=24184]
  0x000001ee7d78eb40 ConcurrentGCThread "G1 Refine#0" [stack: 0x000000733f900000,0x000000733fa00000] [id=16148]
  0x000001ee20d2aba0 ConcurrentGCThread "G1 Service" [stack: 0x000000733fa00000,0x000000733fb00000] [id=24104]

Threads with active compile tasks:
C2 CompilerThread0     1030 2470       4       jdk.internal.org.objectweb.asm.SymbolTable::addType (81 bytes)
C1 CompilerThread0     1030 2473       3       jdk.internal.org.objectweb.asm.MethodWriter::putMethodInfo (1274 bytes)
C2 CompilerThread1     1030 2374       4       org.codehaus.plexus.util.xml.pull.MXParser::parseStartTag (1195 bytes)

VM state: not at safepoint (normal execution)

VM Mutex/Monitor currently owned by a thread: None

Heap address: 0x0000000704600000, size: 4026 MB, Compressed Oops mode: Zero based, Oop shift amount: 3

CDS archive(s) mapped at: [0x0000000800000000-0x0000000800c40000-0x0000000800c40000), size 12845056, SharedBaseAddress: 0x0000000800000000, ArchiveRelocationMode: 0.
Compressed class space mapped at: 0x0000000801000000-0x0000000841000000, reserved size: 1073741824
Narrow klass base: 0x0000000800000000, Narrow klass shift: 0, Narrow klass range: 0x100000000

GC Precious Log:
 CardTable entry size: 512
 Card Set container configuration: InlinePtr #cards 4 size 8 Array Of Cards #cards 16 size 48 Howl #buckets 8 coarsen threshold 3686 Howl Bitmap #cards 512 size 80 coarsen threshold 460 Card regions per heap region 1 cards per card region 4096
 CPUs: 8 total, 8 available
 Memory: 16103M
 Large Page Support: Disabled
 NUMA Support: Disabled
 Compressed Oops: Enabled (Zero based)
 Heap Region Size: 2M
 Heap Min Capacity: 8M
 Heap Initial Capacity: 252M
 Heap Max Capacity: 4026M
 Pre-touch: Disabled
 Parallel Workers: 8
 Concurrent Workers: 2
 Concurrent Refinement Workers: 8
 Periodic GC: Disabled

Heap:
 garbage-first heap   total 258048K, used 14038K [0x0000000704600000, 0x0000000800000000)
  region size 2048K, 7 young (14336K), 2 survivors (4096K)
 Metaspace       used 12846K, committed 13120K, reserved 1114112K
  class space    used 1460K, committed 1600K, reserved 1048576K

Heap Regions: E=young(eden), S=young(survivor), O=old, HS=humongous(starts), HC=humongous(continues), CS=collection set, F=free, OA=open archive, CA=closed archive, TAMS=top-at-mark-start (previous, next)
|   0|0x0000000704600000, 0x0000000704800000, 0x0000000704800000|100%| O|  |TAMS 0x0000000704600000, 0x0000000704600000| Untracked 
|   1|0x0000000704800000, 0x0000000704954800, 0x0000000704a00000| 66%| O|  |TAMS 0x0000000704800000, 0x0000000704800000| Untracked 
|   2|0x0000000704a00000, 0x0000000704a00000, 0x0000000704c00000|  0%| F|  |TAMS 0x0000000704a00000, 0x0000000704a00000| Untracked 
|   3|0x0000000704c00000, 0x0000000704c00000, 0x0000000704e00000|  0%| F|  |TAMS 0x0000000704c00000, 0x0000000704c00000| Untracked 
|   4|0x0000000704e00000, 0x0000000704e00000, 0x0000000705000000|  0%| F|  |TAMS 0x0000000704e00000, 0x0000000704e00000| Untracked 
|   5|0x0000000705000000, 0x0000000705000000, 0x0000000705200000|  0%| F|  |TAMS 0x0000000705000000, 0x0000000705000000| Untracked 
|   6|0x0000000705200000, 0x0000000705200000, 0x0000000705400000|  0%| F|  |TAMS 0x0000000705200000, 0x0000000705200000| Untracked 
|   7|0x0000000705400000, 0x0000000705400000, 0x0000000705600000|  0%| F|  |TAMS 0x0000000705400000, 0x0000000705400000| Untracked 
|   8|0x0000000705600000, 0x0000000705600000, 0x0000000705800000|  0%| F|  |TAMS 0x0000000705600000, 0x0000000705600000| Untracked 
|   9|0x0000000705800000, 0x0000000705800000, 0x0000000705a00000|  0%| F|  |TAMS 0x0000000705800000, 0x0000000705800000| Untracked 
|  10|0x0000000705a00000, 0x0000000705a00000, 0x0000000705c00000|  0%| F|  |TAMS 0x0000000705a00000, 0x0000000705a00000| Untracked 
|  11|0x0000000705c00000, 0x0000000705c00000, 0x0000000705e00000|  0%| F|  |TAMS 0x0000000705c00000, 0x0000000705c00000| Untracked 
|  12|0x0000000705e00000, 0x0000000705e00000, 0x0000000706000000|  0%| F|  |TAMS 0x0000000705e00000, 0x0000000705e00000| Untracked 
|  13|0x0000000706000000, 0x0000000706000000, 0x0000000706200000|  0%| F|  |TAMS 0x0000000706000000, 0x0000000706000000| Untracked 
|  14|0x0000000706200000, 0x0000000706200000, 0x0000000706400000|  0%| F|  |TAMS 0x0000000706200000, 0x0000000706200000| Untracked 
|  15|0x0000000706400000, 0x0000000706400000, 0x0000000706600000|  0%| F|  |TAMS 0x0000000706400000, 0x0000000706400000| Untracked 
|  16|0x0000000706600000, 0x0000000706600000, 0x0000000706800000|  0%| F|  |TAMS 0x0000000706600000, 0x0000000706600000| Untracked 
|  17|0x0000000706800000, 0x0000000706800000, 0x0000000706a00000|  0%| F|  |TAMS 0x0000000706800000, 0x0000000706800000| Untracked 
|  18|0x0000000706a00000, 0x0000000706a00000, 0x0000000706c00000|  0%| F|  |TAMS 0x0000000706a00000, 0x0000000706a00000| Untracked 
|  19|0x0000000706c00000, 0x0000000706c00000, 0x0000000706e00000|  0%| F|  |TAMS 0x0000000706c00000, 0x0000000706c00000| Untracked 
|  20|0x0000000706e00000, 0x0000000706e00000, 0x0000000707000000|  0%| F|  |TAMS 0x0000000706e00000, 0x0000000706e00000| Untracked 
|  21|0x0000000707000000, 0x0000000707000000, 0x0000000707200000|  0%| F|  |TAMS 0x0000000707000000, 0x0000000707000000| Untracked 
|  22|0x0000000707200000, 0x0000000707200000, 0x0000000707400000|  0%| F|  |TAMS 0x0000000707200000, 0x0000000707200000| Untracked 
|  23|0x0000000707400000, 0x0000000707400000, 0x0000000707600000|  0%| F|  |TAMS 0x0000000707400000, 0x0000000707400000| Untracked 
|  24|0x0000000707600000, 0x0000000707600000, 0x0000000707800000|  0%| F|  |TAMS 0x0000000707600000, 0x0000000707600000| Untracked 
|  25|0x0000000707800000, 0x0000000707800000, 0x0000000707a00000|  0%| F|  |TAMS 0x0000000707800000, 0x0000000707800000| Untracked 
|  26|0x0000000707a00000, 0x0000000707a00000, 0x0000000707c00000|  0%| F|  |TAMS 0x0000000707a00000, 0x0000000707a00000| Untracked 
|  27|0x0000000707c00000, 0x0000000707c00000, 0x0000000707e00000|  0%| F|  |TAMS 0x0000000707c00000, 0x0000000707c00000| Untracked 
|  28|0x0000000707e00000, 0x0000000707e00000, 0x0000000708000000|  0%| F|  |TAMS 0x0000000707e00000, 0x0000000707e00000| Untracked 
|  29|0x0000000708000000, 0x0000000708000000, 0x0000000708200000|  0%| F|  |TAMS 0x0000000708000000, 0x0000000708000000| Untracked 
|  30|0x0000000708200000, 0x0000000708200000, 0x0000000708400000|  0%| F|  |TAMS 0x0000000708200000, 0x0000000708200000| Untracked 
|  31|0x0000000708400000, 0x0000000708400000, 0x0000000708600000|  0%| F|  |TAMS 0x0000000708400000, 0x0000000708400000| Untracked 
|  32|0x0000000708600000, 0x0000000708600000, 0x0000000708800000|  0%| F|  |TAMS 0x0000000708600000, 0x0000000708600000| Untracked 
|  33|0x0000000708800000, 0x0000000708800000, 0x0000000708a00000|  0%| F|  |TAMS 0x0000000708800000, 0x0000000708800000| Untracked 
|  34|0x0000000708a00000, 0x0000000708a00000, 0x0000000708c00000|  0%| F|  |TAMS 0x0000000708a00000, 0x0000000708a00000| Untracked 
|  35|0x0000000708c00000, 0x0000000708c00000, 0x0000000708e00000|  0%| F|  |TAMS 0x0000000708c00000, 0x0000000708c00000| Untracked 
|  36|0x0000000708e00000, 0x0000000708e00000, 0x0000000709000000|  0%| F|  |TAMS 0x0000000708e00000, 0x0000000708e00000| Untracked 
|  37|0x0000000709000000, 0x0000000709000000, 0x0000000709200000|  0%| F|  |TAMS 0x0000000709000000, 0x0000000709000000| Untracked 
|  38|0x0000000709200000, 0x0000000709200000, 0x0000000709400000|  0%| F|  |TAMS 0x0000000709200000, 0x0000000709200000| Untracked 
|  39|0x0000000709400000, 0x0000000709400000, 0x0000000709600000|  0%| F|  |TAMS 0x0000000709400000, 0x0000000709400000| Untracked 
|  40|0x0000000709600000, 0x0000000709600000, 0x0000000709800000|  0%| F|  |TAMS 0x0000000709600000, 0x0000000709600000| Untracked 
|  41|0x0000000709800000, 0x0000000709800000, 0x0000000709a00000|  0%| F|  |TAMS 0x0000000709800000, 0x0000000709800000| Untracked 
|  42|0x0000000709a00000, 0x0000000709a00000, 0x0000000709c00000|  0%| F|  |TAMS 0x0000000709a00000, 0x0000000709a00000| Untracked 
|  43|0x0000000709c00000, 0x0000000709c00000, 0x0000000709e00000|  0%| F|  |TAMS 0x0000000709c00000, 0x0000000709c00000| Untracked 
|  44|0x0000000709e00000, 0x0000000709e00000, 0x000000070a000000|  0%| F|  |TAMS 0x0000000709e00000, 0x0000000709e00000| Untracked 
|  45|0x000000070a000000, 0x000000070a000000, 0x000000070a200000|  0%| F|  |TAMS 0x000000070a000000, 0x000000070a000000| Untracked 
|  46|0x000000070a200000, 0x000000070a200000, 0x000000070a400000|  0%| F|  |TAMS 0x000000070a200000, 0x000000070a200000| Untracked 
|  47|0x000000070a400000, 0x000000070a400000, 0x000000070a600000|  0%| F|  |TAMS 0x000000070a400000, 0x000000070a400000| Untracked 
|  48|0x000000070a600000, 0x000000070a600000, 0x000000070a800000|  0%| F|  |TAMS 0x000000070a600000, 0x000000070a600000| Untracked 
|  49|0x000000070a800000, 0x000000070a800000, 0x000000070aa00000|  0%| F|  |TAMS 0x000000070a800000, 0x000000070a800000| Untracked 
|  50|0x000000070aa00000, 0x000000070aa00000, 0x000000070ac00000|  0%| F|  |TAMS 0x000000070aa00000, 0x000000070aa00000| Untracked 
|  51|0x000000070ac00000, 0x000000070ac00000, 0x000000070ae00000|  0%| F|  |TAMS 0x000000070ac00000, 0x000000070ac00000| Untracked 
|  52|0x000000070ae00000, 0x000000070ae00000, 0x000000070b000000|  0%| F|  |TAMS 0x000000070ae00000, 0x000000070ae00000| Untracked 
|  53|0x000000070b000000, 0x000000070b000000, 0x000000070b200000|  0%| F|  |TAMS 0x000000070b000000, 0x000000070b000000| Untracked 
|  54|0x000000070b200000, 0x000000070b200000, 0x000000070b400000|  0%| F|  |TAMS 0x000000070b200000, 0x000000070b200000| Untracked 
|  55|0x000000070b400000, 0x000000070b400000, 0x000000070b600000|  0%| F|  |TAMS 0x000000070b400000, 0x000000070b400000| Untracked 
|  56|0x000000070b600000, 0x000000070b600000, 0x000000070b800000|  0%| F|  |TAMS 0x000000070b600000, 0x000000070b600000| Untracked 
|  57|0x000000070b800000, 0x000000070b800000, 0x000000070ba00000|  0%| F|  |TAMS 0x000000070b800000, 0x000000070b800000| Untracked 
|  58|0x000000070ba00000, 0x000000070ba00000, 0x000000070bc00000|  0%| F|  |TAMS 0x000000070ba00000, 0x000000070ba00000| Untracked 
|  59|0x000000070bc00000, 0x000000070bc00000, 0x000000070be00000|  0%| F|  |TAMS 0x000000070bc00000, 0x000000070bc00000| Untracked 
|  60|0x000000070be00000, 0x000000070be00000, 0x000000070c000000|  0%| F|  |TAMS 0x000000070be00000, 0x000000070be00000| Untracked 
|  61|0x000000070c000000, 0x000000070c000000, 0x000000070c200000|  0%| F|  |TAMS 0x000000070c000000, 0x000000070c000000| Untracked 
|  62|0x000000070c200000, 0x000000070c200000, 0x000000070c400000|  0%| F|  |TAMS 0x000000070c200000, 0x000000070c200000| Untracked 
|  63|0x000000070c400000, 0x000000070c400000, 0x000000070c600000|  0%| F|  |TAMS 0x000000070c400000, 0x000000070c400000| Untracked 
|  64|0x000000070c600000, 0x000000070c600000, 0x000000070c800000|  0%| F|  |TAMS 0x000000070c600000, 0x000000070c600000| Untracked 
|  65|0x000000070c800000, 0x000000070c800000, 0x000000070ca00000|  0%| F|  |TAMS 0x000000070c800000, 0x000000070c800000| Untracked 
|  66|0x000000070ca00000, 0x000000070ca00000, 0x000000070cc00000|  0%| F|  |TAMS 0x000000070ca00000, 0x000000070ca00000| Untracked 
|  67|0x000000070cc00000, 0x000000070cc00000, 0x000000070ce00000|  0%| F|  |TAMS 0x000000070cc00000, 0x000000070cc00000| Untracked 
|  68|0x000000070ce00000, 0x000000070ce00000, 0x000000070d000000|  0%| F|  |TAMS 0x000000070ce00000, 0x000000070ce00000| Untracked 
|  69|0x000000070d000000, 0x000000070d000000, 0x000000070d200000|  0%| F|  |TAMS 0x000000070d000000, 0x000000070d000000| Untracked 
|  70|0x000000070d200000, 0x000000070d200000, 0x000000070d400000|  0%| F|  |TAMS 0x000000070d200000, 0x000000070d200000| Untracked 
|  71|0x000000070d400000, 0x000000070d400000, 0x000000070d600000|  0%| F|  |TAMS 0x000000070d400000, 0x000000070d400000| Untracked 
|  72|0x000000070d600000, 0x000000070d600000, 0x000000070d800000|  0%| F|  |TAMS 0x000000070d600000, 0x000000070d600000| Untracked 
|  73|0x000000070d800000, 0x000000070d800000, 0x000000070da00000|  0%| F|  |TAMS 0x000000070d800000, 0x000000070d800000| Untracked 
|  74|0x000000070da00000, 0x000000070da00000, 0x000000070dc00000|  0%| F|  |TAMS 0x000000070da00000, 0x000000070da00000| Untracked 
|  75|0x000000070dc00000, 0x000000070dc00000, 0x000000070de00000|  0%| F|  |TAMS 0x000000070dc00000, 0x000000070dc00000| Untracked 
|  76|0x000000070de00000, 0x000000070de00000, 0x000000070e000000|  0%| F|  |TAMS 0x000000070de00000, 0x000000070de00000| Untracked 
|  77|0x000000070e000000, 0x000000070e000000, 0x000000070e200000|  0%| F|  |TAMS 0x000000070e000000, 0x000000070e000000| Untracked 
|  78|0x000000070e200000, 0x000000070e200000, 0x000000070e400000|  0%| F|  |TAMS 0x000000070e200000, 0x000000070e200000| Untracked 
|  79|0x000000070e400000, 0x000000070e400000, 0x000000070e600000|  0%| F|  |TAMS 0x000000070e400000, 0x000000070e400000| Untracked 
|  80|0x000000070e600000, 0x000000070e600000, 0x000000070e800000|  0%| F|  |TAMS 0x000000070e600000, 0x000000070e600000| Untracked 
|  81|0x000000070e800000, 0x000000070e800000, 0x000000070ea00000|  0%| F|  |TAMS 0x000000070e800000, 0x000000070e800000| Untracked 
|  82|0x000000070ea00000, 0x000000070ea00000, 0x000000070ec00000|  0%| F|  |TAMS 0x000000070ea00000, 0x000000070ea00000| Untracked 
|  83|0x000000070ec00000, 0x000000070ec00000, 0x000000070ee00000|  0%| F|  |TAMS 0x000000070ec00000, 0x000000070ec00000| Untracked 
|  84|0x000000070ee00000, 0x000000070ee00000, 0x000000070f000000|  0%| F|  |TAMS 0x000000070ee00000, 0x000000070ee00000| Untracked 
|  85|0x000000070f000000, 0x000000070f000000, 0x000000070f200000|  0%| F|  |TAMS 0x000000070f000000, 0x000000070f000000| Untracked 
|  86|0x000000070f200000, 0x000000070f200000, 0x000000070f400000|  0%| F|  |TAMS 0x000000070f200000, 0x000000070f200000| Untracked 
|  87|0x000000070f400000, 0x000000070f400000, 0x000000070f600000|  0%| F|  |TAMS 0x000000070f400000, 0x000000070f400000| Untracked 
|  88|0x000000070f600000, 0x000000070f600000, 0x000000070f800000|  0%| F|  |TAMS 0x000000070f600000, 0x000000070f600000| Untracked 
|  89|0x000000070f800000, 0x000000070f800000, 0x000000070fa00000|  0%| F|  |TAMS 0x000000070f800000, 0x000000070f800000| Untracked 
|  90|0x000000070fa00000, 0x000000070fa00000, 0x000000070fc00000|  0%| F|  |TAMS 0x000000070fa00000, 0x000000070fa00000| Untracked 
|  91|0x000000070fc00000, 0x000000070fc00000, 0x000000070fe00000|  0%| F|  |TAMS 0x000000070fc00000, 0x000000070fc00000| Untracked 
|  92|0x000000070fe00000, 0x000000070fe00000, 0x0000000710000000|  0%| F|  |TAMS 0x000000070fe00000, 0x000000070fe00000| Untracked 
|  93|0x0000000710000000, 0x0000000710000000, 0x0000000710200000|  0%| F|  |TAMS 0x0000000710000000, 0x0000000710000000| Untracked 
|  94|0x0000000710200000, 0x0000000710200000, 0x0000000710400000|  0%| F|  |TAMS 0x0000000710200000, 0x0000000710200000| Untracked 
|  95|0x0000000710400000, 0x0000000710400000, 0x0000000710600000|  0%| F|  |TAMS 0x0000000710400000, 0x0000000710400000| Untracked 
|  96|0x0000000710600000, 0x0000000710600000, 0x0000000710800000|  0%| F|  |TAMS 0x0000000710600000, 0x0000000710600000| Untracked 
|  97|0x0000000710800000, 0x0000000710800000, 0x0000000710a00000|  0%| F|  |TAMS 0x0000000710800000, 0x0000000710800000| Untracked 
|  98|0x0000000710a00000, 0x0000000710a00000, 0x0000000710c00000|  0%| F|  |TAMS 0x0000000710a00000, 0x0000000710a00000| Untracked 
|  99|0x0000000710c00000, 0x0000000710c00000, 0x0000000710e00000|  0%| F|  |TAMS 0x0000000710c00000, 0x0000000710c00000| Untracked 
| 100|0x0000000710e00000, 0x0000000710e00000, 0x0000000711000000|  0%| F|  |TAMS 0x0000000710e00000, 0x0000000710e00000| Untracked 
| 101|0x0000000711000000, 0x0000000711000000, 0x0000000711200000|  0%| F|  |TAMS 0x0000000711000000, 0x0000000711000000| Untracked 
| 102|0x0000000711200000, 0x0000000711200000, 0x0000000711400000|  0%| F|  |TAMS 0x0000000711200000, 0x0000000711200000| Untracked 
| 103|0x0000000711400000, 0x0000000711400000, 0x0000000711600000|  0%| F|  |TAMS 0x0000000711400000, 0x0000000711400000| Untracked 
| 104|0x0000000711600000, 0x0000000711600000, 0x0000000711800000|  0%| F|  |TAMS 0x0000000711600000, 0x0000000711600000| Untracked 
| 105|0x0000000711800000, 0x0000000711861140, 0x0000000711a00000| 18%| S|CS|TAMS 0x0000000711800000, 0x0000000711800000| Complete 
| 106|0x0000000711a00000, 0x0000000711c00000, 0x0000000711c00000|100%| S|CS|TAMS 0x0000000711a00000, 0x0000000711a00000| Complete 
| 107|0x0000000711c00000, 0x0000000711c00000, 0x0000000711e00000|  0%| F|  |TAMS 0x0000000711c00000, 0x0000000711c00000| Untracked 
| 108|0x0000000711e00000, 0x0000000711e00000, 0x0000000712000000|  0%| F|  |TAMS 0x0000000711e00000, 0x0000000711e00000| Untracked 
| 109|0x0000000712000000, 0x0000000712000000, 0x0000000712200000|  0%| F|  |TAMS 0x0000000712000000, 0x0000000712000000| Untracked 
| 110|0x0000000712200000, 0x0000000712200000, 0x0000000712400000|  0%| F|  |TAMS 0x0000000712200000, 0x0000000712200000| Untracked 
| 111|0x0000000712400000, 0x0000000712400000, 0x0000000712600000|  0%| F|  |TAMS 0x0000000712400000, 0x0000000712400000| Untracked 
| 112|0x0000000712600000, 0x0000000712600000, 0x0000000712800000|  0%| F|  |TAMS 0x0000000712600000, 0x0000000712600000| Untracked 
| 113|0x0000000712800000, 0x0000000712800000, 0x0000000712a00000|  0%| F|  |TAMS 0x0000000712800000, 0x0000000712800000| Untracked 
| 114|0x0000000712a00000, 0x0000000712a00000, 0x0000000712c00000|  0%| F|  |TAMS 0x0000000712a00000, 0x0000000712a00000| Untracked 
| 115|0x0000000712c00000, 0x0000000712c00000, 0x0000000712e00000|  0%| F|  |TAMS 0x0000000712c00000, 0x0000000712c00000| Untracked 
| 116|0x0000000712e00000, 0x0000000712e00000, 0x0000000713000000|  0%| F|  |TAMS 0x0000000712e00000, 0x0000000712e00000| Untracked 
| 117|0x0000000713000000, 0x0000000713000000, 0x0000000713200000|  0%| F|  |TAMS 0x0000000713000000, 0x0000000713000000| Untracked 
| 118|0x0000000713200000, 0x0000000713200000, 0x0000000713400000|  0%| F|  |TAMS 0x0000000713200000, 0x0000000713200000| Untracked 
| 119|0x0000000713400000, 0x0000000713400000, 0x0000000713600000|  0%| F|  |TAMS 0x0000000713400000, 0x0000000713400000| Untracked 
| 120|0x0000000713600000, 0x0000000713600000, 0x0000000713800000|  0%| F|  |TAMS 0x0000000713600000, 0x0000000713600000| Untracked 
| 121|0x0000000713800000, 0x00000007139fbe68, 0x0000000713a00000| 99%| E|  |TAMS 0x0000000713800000, 0x0000000713800000| Complete 
| 122|0x0000000713a00000, 0x0000000713c00000, 0x0000000713c00000|100%| E|CS|TAMS 0x0000000713a00000, 0x0000000713a00000| Complete 
| 123|0x0000000713c00000, 0x0000000713e00000, 0x0000000713e00000|100%| E|CS|TAMS 0x0000000713c00000, 0x0000000713c00000| Complete 
| 124|0x0000000713e00000, 0x0000000714000000, 0x0000000714000000|100%| E|CS|TAMS 0x0000000713e00000, 0x0000000713e00000| Complete 
| 125|0x0000000714000000, 0x0000000714200000, 0x0000000714200000|100%| E|CS|TAMS 0x0000000714000000, 0x0000000714000000| Complete 

Card table byte_map: [0x000001ee7ed80000,0x000001ee7f560000] _byte_map_base: 0x000001ee7b55d000

Marking Bits (Prev, Next): (CMBitMap*) 0x000001ee7d7709b0, (CMBitMap*) 0x000001ee7d7709f0
 Prev Bits: [0x000001ee16ea0000, 0x000001ee1ad88000)
 Next Bits: [0x000001ee1ad90000, 0x000001ee1ec78000)

Polling page: 0x000001ee7be30000

Metaspace:

Usage:
  Non-class:     11.15 MB used.
      Class:      1.43 MB used.
       Both:     12.58 MB used.

Virtual space:
  Non-class space:       64.00 MB reserved,      11.25 MB ( 18%) committed,  1 nodes.
      Class space:        1.00 GB reserved,       1.56 MB ( <1%) committed,  1 nodes.
             Both:        1.06 GB reserved,      12.81 MB (  1%) committed. 

Chunk freelists:
   Non-Class:  3.89 MB
       Class:  2.49 MB
        Both:  6.38 MB

MaxMetaspaceSize: unlimited
CompressedClassSpaceSize: 1.00 GB
Initial GC threshold: 21.00 MB
Current GC threshold: 21.00 MB
CDS: on
MetaspaceReclaimPolicy: balanced
 - commit_granule_bytes: 65536.
 - commit_granule_words: 8192.
 - virtual_space_node_default_size: 8388608.
 - enlarge_chunks_in_place: 1.
 - new_chunks_are_fully_committed: 0.
 - uncommit_free_chunks: 1.
 - use_allocation_guard: 0.


Internal statistics:

num_allocs_failed_limit: 0.
num_arena_births: 258.
num_arena_deaths: 0.
num_vsnodes_births: 2.
num_vsnodes_deaths: 0.
num_space_committed: 205.
num_space_uncommitted: 0.
num_chunks_returned_to_freelist: 0.
num_chunks_taken_from_freelist: 684.
num_chunk_merges: 0.
num_chunk_splits: 479.
num_chunks_enlarged: 350.
num_inconsistent_stats: 0.

CodeHeap 'non-profiled nmethods': size=120000Kb used=953Kb max_used=953Kb free=119046Kb
 bounds [0x000001ee0f970000, 0x000001ee0fbe0000, 0x000001ee16ea0000]
CodeHeap 'profiled nmethods': size=120000Kb used=4740Kb max_used=4740Kb free=115259Kb
 bounds [0x000001ee07ea0000, 0x000001ee08350000, 0x000001ee0f3d0000]
CodeHeap 'non-nmethods': size=5760Kb used=1284Kb max_used=1311Kb free=4475Kb
 bounds [0x000001ee0f3d0000, 0x000001ee0f640000, 0x000001ee0f970000]
 total_blobs=2955 nmethods=2474 adapters=391
 compilation: enabled
              stopped_count=0, restarted_count=0
 full_count=0

Compilation events (20 events):
Event: 1.005 Thread 0x000001ee25819bb0 nmethod 2420 0x000001ee08323a90 code [0x000001ee08323da0, 0x000001ee08325158]
Event: 1.005 Thread 0x000001ee25819bb0 2424       3       sun.util.locale.BaseLocale$Key::equals (109 bytes)
Event: 1.005 Thread 0x000001ee25819bb0 nmethod 2424 0x000001ee08325810 code [0x000001ee08325a80, 0x000001ee083267f8]
Event: 1.006 Thread 0x000001ee25819bb0 2425       3       java.util.Locale::equals (75 bytes)
Event: 1.006 Thread 0x000001ee25819bb0 nmethod 2425 0x000001ee08326b10 code [0x000001ee08326d20, 0x000001ee083274b8]
Event: 1.006 Thread 0x000001ee25819bb0 2426       3       java.util.Locale::hasExtensions (13 bytes)
Event: 1.006 Thread 0x000001ee25819bb0 nmethod 2426 0x000001ee08327690 code [0x000001ee08327820, 0x000001ee08327998]
Event: 1.006 Thread 0x000001ee25819bb0 2427       3       sun.util.locale.BaseLocale::equals (71 bytes)
Event: 1.006 Thread 0x000001ee25819bb0 nmethod 2427 0x000001ee08327a10 code [0x000001ee08327be0, 0x000001ee083280f8]
Event: 1.006 Thread 0x000001ee25819bb0 2428       3       java.util.Locale::stripExtensions (20 bytes)
Event: 1.006 Thread 0x000001ee25819bb0 nmethod 2428 0x000001ee08328210 code [0x000001ee083283e0, 0x000001ee08328668]
Event: 1.008 Thread 0x000001ee25819bb0 2429       3       java.nio.Buffer::limit (65 bytes)
Event: 1.009 Thread 0x000001ee25819bb0 nmethod 2429 0x000001ee08328710 code [0x000001ee083288c0, 0x000001ee08328b88]
Event: 1.010 Thread 0x000001ee258214f0 nmethod 2390 0x000001ee0fa55b10 code [0x000001ee0fa55da0, 0x000001ee0fa569f8]
Event: 1.010 Thread 0x000001ee258214f0 2392       4       java.nio.charset.CoderResult::isUnderflow (13 bytes)
Event: 1.010 Thread 0x000001ee263aa240 nmethod 2423 0x000001ee0fa57490 code [0x000001ee0fa57660, 0x000001ee0fa57dd8]
Event: 1.011 Thread 0x000001ee258214f0 nmethod 2392 0x000001ee0fa58210 code [0x000001ee0fa58380, 0x000001ee0fa58418]
Event: 1.011 Thread 0x000001ee263aa240 2399       4       org.codehaus.plexus.util.xml.pull.MXParser::getName (84 bytes)
Event: 1.011 Thread 0x000001ee258214f0 2396       4       java.util.ArrayList::add (23 bytes)
Event: 1.011 Thread 0x000001ee263aa240 nmethod 2399 0x000001ee0fa58510 code [0x000001ee0fa586a0, 0x000001ee0fa58778]

GC Heap History (4 events):
Event: 0.444 GC heap before
{Heap before GC invocations=0 (full 0):
 garbage-first heap   total 258048K, used 22528K [0x0000000704600000, 0x0000000800000000)
  region size 2048K, 11 young (22528K), 0 survivors (0K)
 Metaspace       used 5287K, committed 5440K, reserved 1114112K
  class space    used 583K, committed 640K, reserved 1048576K
}
Event: 0.447 GC heap after
{Heap after GC invocations=1 (full 0):
 garbage-first heap   total 258048K, used 3729K [0x0000000704600000, 0x0000000800000000)
  region size 2048K, 2 young (4096K), 2 survivors (4096K)
 Metaspace       used 5287K, committed 5440K, reserved 1114112K
  class space    used 583K, committed 640K, reserved 1048576K
}
Event: 0.880 GC heap before
{Heap before GC invocations=1 (full 0):
 garbage-first heap   total 258048K, used 38545K [0x0000000704600000, 0x0000000800000000)
  region size 2048K, 19 young (38912K), 2 survivors (4096K)
 Metaspace       used 10685K, committed 10944K, reserved 1114112K
  class space    used 1256K, committed 1408K, reserved 1048576K
}
Event: 0.884 GC heap after
{Heap after GC invocations=2 (full 0):
 garbage-first heap   total 258048K, used 5846K [0x0000000704600000, 0x0000000800000000)
  region size 2048K, 2 young (4096K), 2 survivors (4096K)
 Metaspace       used 10685K, committed 10944K, reserved 1114112K
  class space    used 1256K, committed 1408K, reserved 1048576K
}

Dll operation events (12 events):
Event: 0.009 Loaded shared library C:\Program Files\Java\jdk-19\bin\java.dll
Event: 0.017 Loaded shared library C:\Program Files\Java\jdk-19\bin\jsvml.dll
Event: 0.061 Loaded shared library C:\Program Files\Java\jdk-19\bin\zip.dll
Event: 0.063 Loaded shared library C:\Program Files\Java\jdk-19\bin\instrument.dll
Event: 0.067 Loaded shared library C:\Program Files\Java\jdk-19\bin\net.dll
Event: 0.069 Loaded shared library C:\Program Files\Java\jdk-19\bin\nio.dll
Event: 0.071 Loaded shared library C:\Program Files\Java\jdk-19\bin\zip.dll
Event: 0.085 Loaded shared library C:\Program Files\JetBrains\IntelliJ IDEA 2022.3.3\bin\breakgen64.dll
Event: 0.090 Loaded shared library C:\Program Files\Java\jdk-19\bin\extnet.dll
Event: 0.141 Loaded shared library C:\Program Files\Java\jdk-19\bin\jimage.dll
Event: 0.207 Loaded shared library C:\Users\javgonzalez\AppData\Local\Temp\jansi-2.4.0-60ef7d2c5d022cc4-jansi.dll
Event: 0.213 Loaded shared library C:\Program Files\Java\jdk-19\bin\verify.dll

Deoptimization events (20 events):
Event: 1.006 Thread 0x000001ee7d700120 Uncommon trap: trap_request=0xffffffc6 fr.pc=0x000001ee0f9dff7c relative=0x000000000000033c
Event: 1.006 Thread 0x000001ee7d700120 Uncommon trap: reason=bimorphic_or_optimized_type_check action=maybe_recompile pc=0x000001ee0f9dff7c method=java.nio.Buffer.<init>(IIIILjava/lang/foreign/MemorySegment;)V @ 39 c2
Event: 1.006 Thread 0x000001ee7d700120 DEOPT PACKING pc=0x000001ee0f9dff7c sp=0x000000733f5fc870
Event: 1.006 Thread 0x000001ee7d700120 DEOPT UNPACKING pc=0x000001ee0f43a5a3 sp=0x000000733f5fc818 mode 2
Event: 1.007 Thread 0x000001ee7d700120 Uncommon trap: trap_request=0xffffff45 fr.pc=0x000001ee0f9df348 relative=0x00000000000000a8
Event: 1.007 Thread 0x000001ee7d700120 Uncommon trap: reason=unstable_if action=reinterpret pc=0x000001ee0f9df348 method=java.nio.Buffer.limit(I)Ljava/nio/Buffer; @ 42 c2
Event: 1.007 Thread 0x000001ee7d700120 DEOPT PACKING pc=0x000001ee0f9df348 sp=0x000000733f5fcc80
Event: 1.007 Thread 0x000001ee7d700120 DEOPT UNPACKING pc=0x000001ee0f43a5a3 sp=0x000000733f5fcc08 mode 2
Event: 1.007 Thread 0x000001ee7d700120 Uncommon trap: trap_request=0xffffffc6 fr.pc=0x000001ee0f9dff7c relative=0x000000000000033c
Event: 1.007 Thread 0x000001ee7d700120 Uncommon trap: reason=bimorphic_or_optimized_type_check action=maybe_recompile pc=0x000001ee0f9dff7c method=java.nio.Buffer.<init>(IIIILjava/lang/foreign/MemorySegment;)V @ 39 c2
Event: 1.007 Thread 0x000001ee7d700120 DEOPT PACKING pc=0x000001ee0f9dff7c sp=0x000000733f5fc940
Event: 1.007 Thread 0x000001ee7d700120 DEOPT UNPACKING pc=0x000001ee0f43a5a3 sp=0x000000733f5fc8e8 mode 2
Event: 1.008 Thread 0x000001ee7d700120 Uncommon trap: trap_request=0xffffffc6 fr.pc=0x000001ee0f9dff7c relative=0x000000000000033c
Event: 1.008 Thread 0x000001ee7d700120 Uncommon trap: reason=bimorphic_or_optimized_type_check action=maybe_recompile pc=0x000001ee0f9dff7c method=java.nio.Buffer.<init>(IIIILjava/lang/foreign/MemorySegment;)V @ 39 c2
Event: 1.008 Thread 0x000001ee7d700120 DEOPT PACKING pc=0x000001ee0f9dff7c sp=0x000000733f5fca10
Event: 1.008 Thread 0x000001ee7d700120 DEOPT UNPACKING pc=0x000001ee0f43a5a3 sp=0x000000733f5fc9b8 mode 2
Event: 1.008 Thread 0x000001ee7d700120 Uncommon trap: trap_request=0xffffffc6 fr.pc=0x000001ee0f9dff7c relative=0x000000000000033c
Event: 1.008 Thread 0x000001ee7d700120 Uncommon trap: reason=bimorphic_or_optimized_type_check action=maybe_recompile pc=0x000001ee0f9dff7c method=java.nio.Buffer.<init>(IIIILjava/lang/foreign/MemorySegment;)V @ 39 c2
Event: 1.008 Thread 0x000001ee7d700120 DEOPT PACKING pc=0x000001ee0f9dff7c sp=0x000000733f5fcae0
Event: 1.008 Thread 0x000001ee7d700120 DEOPT UNPACKING pc=0x000001ee0f43a5a3 sp=0x000000733f5fca88 mode 2

Classes loaded (20 events):
Event: 0.962 Loading class java/net/URL$1
Event: 0.962 Loading class java/net/URL$1 done
Event: 0.962 Loading class java/net/spi/URLStreamHandlerProvider
Event: 0.962 Loading class java/net/spi/URLStreamHandlerProvider done
Event: 0.963 Loading class sun/net/www/protocol/https/Handler
Event: 0.963 Loading class sun/net/www/protocol/http/Handler
Event: 0.963 Loading class sun/net/www/protocol/http/Handler done
Event: 0.963 Loading class sun/net/www/protocol/https/Handler done
Event: 0.963 Loading class java/util/regex/Pattern$Pos
Event: 0.964 Loading class java/util/regex/Pattern$Pos done
Event: 0.965 Loading class java/util/ArrayList$SubList$1
Event: 0.965 Loading class java/util/ArrayList$SubList$1 done
Event: 1.006 Loading class sun/util/resources/LocaleData$CommonResourceBundleProvider
Event: 1.006 Loading class sun/util/resources/LocaleData$LocaleDataResourceBundleProvider
Event: 1.006 Loading class java/util/spi/ResourceBundleProvider
Event: 1.006 Loading class java/util/spi/ResourceBundleProvider done
Event: 1.006 Loading class sun/util/resources/LocaleData$LocaleDataResourceBundleProvider done
Event: 1.006 Loading class sun/util/resources/LocaleData$CommonResourceBundleProvider done
Event: 1.006 Loading class sun/util/resources/Bundles$2
Event: 1.006 Loading class sun/util/resources/Bundles$2 done

Classes unloaded (0 events):
No events

Classes redefined (0 events):
No events

Internal exceptions (20 events):
Event: 0.091 Thread 0x000001ee259f3e10 Exception <a 'java/lang/NoSuchMethodError'{0x0000000713f59d28}: 'void java.lang.invoke.DirectMethodHandle$Holder.invokeStatic(java.lang.Object, java.lang.Object)'> (0x0000000713f59d28) 
thrown [s\open\src\hotspot\share\interpreter\linkResolver.cpp, line 774]
Event: 0.139 Thread 0x000001ee7d700120 Exception <a 'java/lang/NullPointerException'{0x0000000713da2a70}> (0x0000000713da2a70) 
thrown [s\open\src\hotspot\share\interpreter\linkResolver.cpp, line 1374]
Event: 0.381 Thread 0x000001ee7d700120 Exception <a 'java/lang/NoSuchMethodError'{0x000000071301d848}: 'java.lang.Object java.lang.invoke.DirectMethodHandle$Holder.newInvokeSpecial(java.lang.Object, java.lang.Object, java.lang.Object, java.lang.Object, java.lang.Object)'> (0x000000071301d848) 
thrown [s\open\src\hotspot\share\interpreter\linkResolver.cpp, line 774]
Event: 0.403 Thread 0x000001ee7d700120 Exception <a 'java/lang/NoClassDefFoundError'{0x0000000713178458}: javax/enterprise/inject/Typed> (0x0000000713178458) 
thrown [s\open\src\hotspot\share\classfile\systemDictionary.cpp, line 244]
Event: 0.819 Thread 0x000001ee7d700120 Exception <a 'java/lang/NoSuchMethodError'{0x0000000711e47dc8}: 'void java.lang.invoke.DirectMethodHandle$Holder.invokeSpecial(java.lang.Object, java.lang.Object, java.lang.Object)'> (0x0000000711e47dc8) 
thrown [s\open\src\hotspot\share\interpreter\linkResolver.cpp, line 774]
Event: 0.822 Thread 0x000001ee7d700120 Exception <a 'java/lang/NoSuchMethodError'{0x0000000711e6f168}: 'void java.lang.invoke.Invokers$Holder.invokeExact_MT(java.lang.Object, java.lang.Object, java.lang.Object, java.lang.Object)'> (0x0000000711e6f168) 
thrown [s\open\src\hotspot\share\interpreter\linkResolver.cpp, line 774]
Event: 0.833 Thread 0x000001ee7d700120 Exception <a 'java/lang/NoClassDefFoundError'{0x0000000711ef20e8}: com/google/inject/servlet/ServletModuleTargetVisitor> (0x0000000711ef20e8) 
thrown [s\open\src\hotspot\share\classfile\systemDictionary.cpp, line 244]
Event: 0.851 Thread 0x000001ee7d700120 Exception <a 'java/lang/NoSuchMethodError'{0x0000000711fdebf0}: 'java.lang.Object java.lang.invoke.DirectMethodHandle$Holder.invokeStatic(java.lang.Object, java.lang.Object, int)'> (0x0000000711fdebf0) 
thrown [s\open\src\hotspot\share\interpreter\linkResolver.cpp, line 774]
Event: 0.852 Thread 0x000001ee7d700120 Exception <a 'java/lang/NoSuchMethodError'{0x0000000711feb000}: 'void java.lang.invoke.DelegatingMethodHandle$Holder.delegate(java.lang.Object, java.lang.Object, int, java.lang.Object)'> (0x0000000711feb000) 
thrown [s\open\src\hotspot\share\interpreter\linkResolver.cpp, line 774]
Event: 0.852 Thread 0x000001ee7d700120 Exception <a 'java/lang/NoSuchMethodError'{0x0000000711fef8e0}: 'int java.lang.invoke.DirectMethodHandle$Holder.invokeSpecial(java.lang.Object, java.lang.Object, java.lang.Object)'> (0x0000000711fef8e0) 
thrown [s\open\src\hotspot\share\interpreter\linkResolver.cpp, line 774]
Event: 0.868 Thread 0x000001ee7d700120 Exception <a 'java/lang/NoSuchMethodError'{0x0000000711d3cae0}: 'java.lang.Object java.lang.invoke.DirectMethodHandle$Holder.newInvokeSpecial(java.lang.Object, java.lang.Object, java.lang.Object, java.lang.Object, java.lang.Object, java.lang.Object, java.lang.Object)'> (0x0000000711d3cae0) 
thrown [s\open\src\hotspot\share\interpreter\linkResolver.cpp, line 774]
Event: 0.872 Thread 0x000001ee7d700120 Exception <a 'java/lang/NoSuchMethodError'{0x0000000711d7a260}: 'java.lang.Object java.lang.invoke.DirectMethodHandle$Holder.newInvokeSpecial(java.lang.Object, java.lang.Object, java.lang.Object, java.lang.Object, java.lang.Object, java.lang.Object, java.lang.Object, java.lang.Object, java.lang.Object)'> (0x0000000711d7a260) 
thrown [s\open\src\hotspot\share\interpreter\linkResolver.cpp, line 774]
Event: 0.887 Thread 0x000001ee7d700120 Exception <a 'java/lang/NoSuchMethodError'{0x0000000714064000}: 'java.lang.Object java.lang.invoke.DirectMethodHandle$Holder.newInvokeSpecial(java.lang.Object, java.lang.Object, java.lang.Object, java.lang.Object, java.lang.Object, java.lang.Object, java.lang.Object, java.lang.Object, java.lang.Object, java.lang.Object, java.lang.Object, java.lang.Object)'> (0x0000000714064000) 
thrown [s\open\src\hotspot\share\interpreter\linkResolver.cpp, line 774]
Event: 0.890 Thread 0x000001ee7d700120 Exception <a 'java/lang/NoSuchMethodError'{0x00000007140abcb8}: 'java.lang.Object java.lang.invoke.DirectMethodHandle$Holder.invokeStatic(java.lang.Object, java.lang.Object, java.lang.Object, java.lang.Object, java.lang.Object, java.lang.Object, java.lang.Object, java.lang.Object, java.lang.Object, java.lang.Object, java.lang.Object, java.lang.Object, java.lang.Object)'> (0x00000007140abcb8) 
thrown [s\open\src\hotspot\share\interpreter\linkResolver.cpp, line 774]
Event: 0.891 Thread 0x000001ee7d700120 Exception <a 'java/lang/NoSuchMethodError'{0x00000007140cb938}: 'java.lang.Object java.lang.invoke.DirectMethodHandle$Holder.invokeStatic(java.lang.Object, java.lang.Object, java.lang.Object, java.lang.Object, java.lang.Object, java.lang.Object, java.lang.Object, java.lang.Object, java.lang.Object, java.lang.Object, java.lang.Object, java.lang.Object, java.lang.Object, java.lang.Object)'> (0x00000007140cb938) 
thrown [s\open\src\hotspot\share\interpreter\linkResolver.cpp, line 774]
Event: 0.892 Thread 0x000001ee7d700120 Exception <a 'java/lang/NoSuchMethodError'{0x0000000714125970}: 'java.lang.Object java.lang.invoke.DirectMethodHandle$Holder.invokeStatic(java.lang.Object, java.lang.Object, java.lang.Object, java.lang.Object, java.lang.Object, java.lang.Object, java.lang.Object, java.lang.Object, java.lang.Object, java.lang.Object, java.lang.Object, java.lang.Object, java.lang.Object, java.lang.Object, java.lang.Object)'> (0x0000000714125970) 
thrown [s\open\src\hotspot\share\interpreter\linkResolver.cpp, line 774]
Event: 0.903 Thread 0x000001ee7d700120 Exception <a 'java/lang/NoSuchMethodError'{0x00000007141a20f8}: 'java.lang.Object java.lang.invoke.DirectMethodHandle$Holder.invokeStaticInit(java.lang.Object, int, int, int, int)'> (0x00000007141a20f8) 
thrown [s\open\src\hotspot\share\interpreter\linkResolver.cpp, line 774]
Event: 0.979 Thread 0x000001ee7d700120 Implicit null exception at 0x000001ee0f9f5172 to 0x000001ee0f9f56dc
Event: 0.979 Thread 0x000001ee7d700120 Implicit null exception at 0x000001ee0f9b3c72 to 0x000001ee0f9b41d4
Event: 0.987 Thread 0x000001ee7d700120 Implicit null exception at 0x000001ee0fa23420 to 0x000001ee0fa235e4

VM Operations (20 events):
Event: 0.750 Executing VM operation: ICBufferFull
Event: 0.750 Executing VM operation: ICBufferFull done
Event: 0.776 Executing VM operation: HandshakeAllThreads
Event: 0.776 Executing VM operation: HandshakeAllThreads done
Event: 0.777 Executing VM operation: HandshakeAllThreads
Event: 0.777 Executing VM operation: HandshakeAllThreads done
Event: 0.819 Executing VM operation: HandshakeAllThreads
Event: 0.819 Executing VM operation: HandshakeAllThreads done
Event: 0.851 Executing VM operation: HandshakeAllThreads
Event: 0.851 Executing VM operation: HandshakeAllThreads done
Event: 0.880 Executing VM operation: G1CollectForAllocation
Event: 0.884 Executing VM operation: G1CollectForAllocation done
Event: 0.896 Executing VM operation: HandshakeAllThreads
Event: 0.896 Executing VM operation: HandshakeAllThreads done
Event: 0.912 Executing VM operation: HandshakeAllThreads
Event: 0.912 Executing VM operation: HandshakeAllThreads done
Event: 0.942 Executing VM operation: HandshakeAllThreads
Event: 0.942 Executing VM operation: HandshakeAllThreads done
Event: 0.963 Executing VM operation: HandshakeAllThreads
Event: 0.963 Executing VM operation: HandshakeAllThreads done

Events (15 events):
Event: 0.017 Thread 0x000001ee7d700120 Thread added: 0x000001ee7d700120
Event: 0.028 Thread 0x000001ee2580c590 Thread added: 0x000001ee2580c590
Event: 0.028 Thread 0x000001ee2580f390 Thread added: 0x000001ee2580f390
Event: 0.029 Thread 0x000001ee25813840 Thread added: 0x000001ee25813840
Event: 0.029 Thread 0x000001ee25814170 Thread added: 0x000001ee25814170
Event: 0.029 Thread 0x000001ee25814aa0 Thread added: 0x000001ee25814aa0
Event: 0.029 Thread 0x000001ee25815510 Thread added: 0x000001ee25815510
Event: 0.029 Thread 0x000001ee258214f0 Thread added: 0x000001ee258214f0
Event: 0.029 Thread 0x000001ee25819bb0 Thread added: 0x000001ee25819bb0
Event: 0.029 Thread 0x000001ee2581a520 Thread added: 0x000001ee2581a520
Event: 0.046 Thread 0x000001ee2592c8b0 Thread added: 0x000001ee2592c8b0
Event: 0.085 Thread 0x000001ee259f3e10 Thread added: 0x000001ee259f3e10
Event: 0.085 Thread 0x000001ee259f4350 Thread added: 0x000001ee259f4350
Event: 0.276 Thread 0x000001ee25eaf490 Thread added: 0x000001ee25eaf490
Event: 0.421 Thread 0x000001ee263aa240 Thread added: 0x000001ee263aa240


Dynamic libraries:
0x00007ff703960000 - 0x00007ff703970000 	C:\Program Files\Java\jdk-19\bin\java.exe
0x00007ff8535d0000 - 0x00007ff8537c8000 	C:\Windows\SYSTEM32\ntdll.dll
0x00007ff852b00000 - 0x00007ff852bbf000 	C:\Windows\System32\KERNEL32.DLL
0x00007ff850eb0000 - 0x00007ff851182000 	C:\Windows\System32\KERNELBASE.dll
0x00007ff851520000 - 0x00007ff851620000 	C:\Windows\System32\ucrtbase.dll
0x00007ff817dc0000 - 0x00007ff817dd8000 	C:\Program Files\Java\jdk-19\bin\jli.dll
0x00007ff821860000 - 0x00007ff82187b000 	C:\Program Files\Java\jdk-19\bin\VCRUNTIME140.dll
0x00007ff8534e0000 - 0x00007ff85358e000 	C:\Windows\System32\ADVAPI32.dll
0x00007ff851a40000 - 0x00007ff851ade000 	C:\Windows\System32\msvcrt.dll
0x00007ff852d20000 - 0x00007ff852dbc000 	C:\Windows\System32\sechost.dll
0x00007ff852720000 - 0x00007ff852844000 	C:\Windows\System32\RPCRT4.dll
0x00007ff8532b0000 - 0x00007ff853451000 	C:\Windows\System32\USER32.dll
0x00007ff850cd0000 - 0x00007ff850cf2000 	C:\Windows\System32\win32u.dll
0x00007ff840670000 - 0x00007ff84090a000 	C:\Windows\WinSxS\amd64_microsoft.windows.common-controls_6595b64144ccf1df_6.0.19041.1110_none_60b5254171f9507e\COMCTL32.dll
0x00007ff8516b0000 - 0x00007ff8516db000 	C:\Windows\System32\GDI32.dll
0x00007ff851320000 - 0x00007ff85142f000 	C:\Windows\System32\gdi32full.dll
0x00007ff851480000 - 0x00007ff85151d000 	C:\Windows\System32\msvcp_win.dll
0x00007ff848a40000 - 0x00007ff848a4a000 	C:\Windows\SYSTEM32\VERSION.dll
0x00007ff851620000 - 0x00007ff851650000 	C:\Windows\System32\IMM32.DLL
0x00007ff818d20000 - 0x00007ff818dc4000 	C:\Program Files\McAfee\Endpoint Security\Threat Prevention\Ips\EpMPApi.dll
0x00007ff850e40000 - 0x00007ff850ea9000 	C:\Windows\System32\WINTRUST.dll
0x00007ff8511c0000 - 0x00007ff851316000 	C:\Windows\System32\CRYPT32.dll
0x00007ff8508c0000 - 0x00007ff8508d2000 	C:\Windows\SYSTEM32\MSASN1.dll
0x0000000075560000 - 0x000000007556c000 	C:\Program Files\McAfee\Endpoint Security\Threat Prevention\Ips\EpMPThe.dll
0x00007ff818930000 - 0x00007ff81898b000 	C:\Program Files\McAfee\Endpoint Security\Threat Prevention\Ips\HIPHandlers64.dll
0x00007ff851c00000 - 0x00007ff852345000 	C:\Windows\System32\SHELL32.dll
0x00007ff852aa0000 - 0x00007ff852af5000 	C:\Windows\System32\SHLWAPI.dll
0x00007ff84f2d0000 - 0x00007ff84f4b4000 	C:\Windows\SYSTEM32\dbghelp.dll
0x00007ff83fe40000 - 0x00007ff83fe4c000 	C:\Program Files\Java\jdk-19\bin\vcruntime140_1.dll
0x00007ff817c20000 - 0x00007ff817cae000 	C:\Program Files\Java\jdk-19\bin\msvcp140.dll
0x00007fffa6670000 - 0x00007fffa7330000 	C:\Program Files\Java\jdk-19\bin\server\jvm.dll
0x00007ff846510000 - 0x00007ff846537000 	C:\Windows\SYSTEM32\WINMM.dll
0x00007ff82ac20000 - 0x00007ff82ac29000 	C:\Windows\SYSTEM32\WSOCK32.dll
0x00007ff852bc0000 - 0x00007ff852c2b000 	C:\Windows\System32\WS2_32.dll
0x00007ff84f4d0000 - 0x00007ff84f4e2000 	C:\Windows\SYSTEM32\kernel.appcore.dll
0x00007ff838260000 - 0x00007ff83826a000 	C:\Program Files\Java\jdk-19\bin\jimage.dll
0x00007ff830f40000 - 0x00007ff830f75000 	C:\Windows\SYSTEM32\dbgcore.DLL
0x00007ff850d00000 - 0x00007ff850d82000 	C:\Windows\System32\bcryptPrimitives.dll
0x00007ff81b440000 - 0x00007ff81b44e000 	C:\Program Files\Java\jdk-19\bin\instrument.dll
0x00007ff817d90000 - 0x00007ff817db6000 	C:\Program Files\Java\jdk-19\bin\java.dll
0x00007ff817b40000 - 0x00007ff817c17000 	C:\Program Files\Java\jdk-19\bin\jsvml.dll
0x00007ff84ea60000 - 0x00007ff84f1f2000 	C:\Windows\SYSTEM32\windows.storage.dll
0x00007ff8516e0000 - 0x00007ff851a35000 	C:\Windows\System32\combase.dll
0x00007ff850650000 - 0x00007ff850680000 	C:\Windows\SYSTEM32\Wldp.dll
0x00007ff852360000 - 0x00007ff85240d000 	C:\Windows\System32\SHCORE.dll
0x00007ff850c10000 - 0x00007ff850c2f000 	C:\Windows\SYSTEM32\profapi.dll
0x00007ff817ae0000 - 0x00007ff817af8000 	C:\Program Files\Java\jdk-19\bin\zip.dll
0x00007ff817b20000 - 0x00007ff817b33000 	C:\Program Files\Java\jdk-19\bin\net.dll
0x00007ff84bb60000 - 0x00007ff84bc6a000 	C:\Windows\SYSTEM32\WINHTTP.dll
0x00007ff850430000 - 0x00007ff85049a000 	C:\Windows\system32\mswsock.dll
0x00007ff817b00000 - 0x00007ff817b16000 	C:\Program Files\Java\jdk-19\bin\nio.dll
0x00007ff818110000 - 0x00007ff81812a000 	C:\Program Files\JetBrains\IntelliJ IDEA 2022.3.3\bin\breakgen64.dll
0x00007ff821850000 - 0x00007ff821858000 	C:\Program Files\Java\jdk-19\bin\extnet.dll
0x0000000069ac0000 - 0x0000000069ae4000 	C:\Users\javgonzalez\AppData\Local\Temp\jansi-2.4.0-60ef7d2c5d022cc4-jansi.dll
0x00007ff817ab0000 - 0x00007ff817ac0000 	C:\Program Files\Java\jdk-19\bin\verify.dll

dbghelp: loaded successfully - version: 4.0.5 - missing functions: none
symbol engine: initialized successfully - sym options: 0x614 - pdb path: .;C:\Program Files\Java\jdk-19\bin;C:\Windows\SYSTEM32;C:\Windows\WinSxS\amd64_microsoft.windows.common-controls_6595b64144ccf1df_6.0.19041.1110_none_60b5254171f9507e;C:\Program Files\McAfee\Endpoint Security\Threat Prevention\Ips;C:\Program Files\Java\jdk-19\bin\server;C:\Program Files\JetBrains\IntelliJ IDEA 2022.3.3\bin;C:\Users\javgonzalez\AppData\Local\Temp

VM Arguments:
jvm_args: -Dmaven.multiModuleProjectDirectory=C:\Users\javgonzalez\Desktop\PlataformaProveedores -Djansi.passthrough=true -Dmaven.home=C:\Users\javgonzalez\.m2\wrapper\dists\apache-maven-3.8.7-bin\1ktonn2lleg549uah6ngl1r74r\apache-maven-3.8.7 -Dclassworlds.conf=C:\Users\javgonzalez\.m2\wrapper\dists\apache-maven-3.8.7-bin\1ktonn2lleg549uah6ngl1r74r\apache-maven-3.8.7\bin\m2.conf -Dmaven.ext.class.path=C:\Program Files\JetBrains\IntelliJ IDEA 2022.3.3\plugins\maven\lib\maven-event-listener.jar -javaagent:C:\Program Files\JetBrains\IntelliJ IDEA 2022.3.3\lib\idea_rt.jar=53267:C:\Program Files\JetBrains\IntelliJ IDEA 2022.3.3\bin -Dfile.encoding=UTF-8 -Dsun.stdout.encoding=UTF-8 -Dsun.stderr.encoding=UTF-8 
java_command: org.codehaus.classworlds.Launcher -Didea.version=2022.3.3 spring-boot:run
java_class_path (initial): C:\Users\javgonzalez\.m2\wrapper\dists\apache-maven-3.8.7-bin\1ktonn2lleg549uah6ngl1r74r\apache-maven-3.8.7\boot\plexus-classworlds-2.6.0.jar;C:\Users\javgonzalez\.m2\wrapper\dists\apache-maven-3.8.7-bin\1ktonn2lleg549uah6ngl1r74r\apache-maven-3.8.7\boot\plexus-classworlds.license
Launcher Type: SUN_STANDARD

[Global flags]
     intx CICompilerCount                          = 4                                         {product} {ergonomic}
     uint ConcGCThreads                            = 2                                         {product} {ergonomic}
     uint G1ConcRefinementThreads                  = 8                                         {product} {ergonomic}
   size_t G1HeapRegionSize                         = 2097152                                   {product} {ergonomic}
    uintx GCDrainStackTargetSize                   = 64                                        {product} {ergonomic}
   size_t InitialHeapSize                          = 264241152                                 {product} {ergonomic}
   size_t MarkStackSize                            = 4194304                                   {product} {ergonomic}
   size_t MaxHeapSize                              = 4221566976                                {product} {ergonomic}
   size_t MaxNewSize                               = 2531262464                                {product} {ergonomic}
   size_t MinHeapDeltaBytes                        = 2097152                                   {product} {ergonomic}
   size_t MinHeapSize                              = 8388608                                   {product} {ergonomic}
    uintx NonNMethodCodeHeapSize                   = 5839372                                {pd product} {ergonomic}
    uintx NonProfiledCodeHeapSize                  = 122909434                              {pd product} {ergonomic}
    uintx ProfiledCodeHeapSize                     = 122909434                              {pd product} {ergonomic}
    uintx ReservedCodeCacheSize                    = 251658240                              {pd product} {ergonomic}
     bool SegmentedCodeCache                       = true                                      {product} {ergonomic}
   size_t SoftMaxHeapSize                          = 4221566976                             {manageable} {ergonomic}
     bool UseCompressedClassPointers               = true                           {product lp64_product} {ergonomic}
     bool UseCompressedOops                        = true                           {product lp64_product} {ergonomic}
     bool UseG1GC                                  = true                                      {product} {ergonomic}
     bool UseLargePagesIndividualAllocation        = false                                  {pd product} {ergonomic}

Logging:
Log output configuration:
 #0: stdout all=warning uptime,level,tags foldmultilines=false
 #1: stderr all=off uptime,level,tags foldmultilines=false

Environment Variables:
PATH=C:\Program Files\Common Files\Oracle\Java\javapath;C:\orawin11g\jvagonzalez\product\11.2.0\client_1\bin;C:\Oracle\instantclient_21_9;C:\Oracle\jdk\jre\bin\classic;C:\Oracle\jdk\jre\bin;C:\Oracle\jdk\jre\bin\client;C:\Oracle\jlib;C:\Oracle\bin;C:\Oracle\jre\1.4.2\bin\client;C:\Oracle\jre\1.4.2\bin;C:\Program Files (x86)\Common Files\Oracle\Java\javapath;C:\Windows\system32;C:\Windows;C:\Windows\System32\Wbem;C:\Windows\System32\WindowsPowerShell\v1.0\;C:\Windows\System32\OpenSSH\;C:\Program Files\Microsoft SQL Server\150\Tools\Binn\;C:\Program Files\Microsoft SQL Server\Client SDK\ODBC\170\Tools\Binn\;C:\Program Files\dotnet\;C:\Program Files\nodejs\;C:\Program Files\Git\cmd;C:\Users\javgonzalez\AppData\Local\Programs\Python\Python310\Scripts\;C:\Users\javgonzalez\AppData\Local\Programs\Python\Python310\;C:\Users\javgonzalez\AppData\Local\Microsoft\WindowsApps;C:\Users\javgonzalez\.dotnet\tools;C:\Users\javgonzalez\AppData\Roaming\npm;C:\Users\javgonzalez\AppData\Local\Programs\Microsoft VS Code\bin;C:\Users\javgonzalez\AppData\Local\GitHubDesktop\bin
USERNAME=javgonzalez
OS=Windows_NT
PROCESSOR_IDENTIFIER=Intel64 Family 6 Model 140 Stepping 1, GenuineIntel
TMP=C:\Users\JAVGON~1\AppData\Local\Temp
TEMP=C:\Users\JAVGON~1\AppData\Local\Temp



---------------  S Y S T E M  ---------------

OS:
 Windows 10 , 64 bit Build 19041 (10.0.19041.2546)
OS uptime: 0 days 2:00 hours
Hyper-V role detected

CPU: total 8 (initial active 8) (4 cores per cpu, 2 threads per core) family 6 model 140 stepping 1 microcode 0xa4, cx8, cmov, fxsr, ht, mmx, 3dnowpref, sse, sse2, sse3, ssse3, sse4.1, sse4.2, popcnt, lzcnt, tsc, tscinvbit, avx, avx2, aes, erms, clmul, bmi1, bmi2, adx, avx512f, avx512dq, avx512cd, avx512bw, avx512vl, sha, fma, vzeroupper, avx512_vpopcntdq, avx512_vpclmulqdq, avx512_vaes, avx512_vnni, clflush, clflushopt, clwb, avx512_vbmi2, avx512_vbmi, hv, rdtscp, rdpid, fsrm, gfni, avx512_bitalg

Memory: 4k page, system-wide physical 16103M (636M free)
TotalPageFile size 18151M (AvailPageFile size 5M)
current process WorkingSet (physical memory assigned to process): 120M, peak: 120M
current process commit charge ("private bytes"): 379M, peak: 379M

vm_info: Java HotSpot(TM) 64-Bit Server VM (19.0.2+7-44) for windows-amd64 JRE (19.0.2+7-44), built on 2022-11-30T18:02:09Z by "mach5one" with MS VC++ 17.1 (VS2022)

END.
