#
# There is insufficient memory for the Java Runtime Environment to continue.
# Native memory allocation (malloc) failed to allocate 634256 bytes for Chunk::new
# Possible reasons:
#   The system is out of physical RAM or swap space
#   The process is running with CompressedOops enabled, and the Java Heap may be blocking the growth of the native heap
# Possible solutions:
#   Reduce memory load on the system
#   Increase physical memory or swap space
#   Check if swap backing store is full
#   Decrease Java heap size (-Xmx/-Xms)
#   Decrease number of Java threads
#   Decrease Java thread stack sizes (-Xss)
#   Set larger code cache with -XX:ReservedCodeCacheSize=
#   JVM is running with Zero Based Compressed Oops mode in which the Java heap is
#     placed in the first 32GB address space. The Java Heap base address is the
#     maximum limit for the native heap growth. Please use -XX:HeapBaseMinAddress
#     to set the Java Heap base and to place the Java Heap above 32GB virtual address.
# This output file may be truncated or incomplete.
#
#  Out of Memory Error (arena.cpp:184), pid=1736, tid=22756
#
# JRE version: Java(TM) SE Runtime Environment (19.0.2+7) (build 19.0.2+7-44)
# Java VM: Java HotSpot(TM) 64-Bit Server VM (19.0.2+7-44, mixed mode, sharing, tiered, compressed oops, compressed class ptrs, g1 gc, windows-amd64)
# No core dump will be written. Minidumps are not enabled by default on client versions of Windows
#

---------------  S U M M A R Y ------------

Command Line: -Dmaven.multiModuleProjectDirectory=C:\Users\javgonzalez\Desktop\PlataformaProveedores -Djansi.passthrough=true -Dmaven.home=C:\Users\javgonzalez\.m2\wrapper\dists\apache-maven-3.8.7-bin\1ktonn2lleg549uah6ngl1r74r\apache-maven-3.8.7 -Dclassworlds.conf=C:\Users\javgonzalez\.m2\wrapper\dists\apache-maven-3.8.7-bin\1ktonn2lleg549uah6ngl1r74r\apache-maven-3.8.7\bin\m2.conf -Dmaven.ext.class.path=C:\Program Files\JetBrains\IntelliJ IDEA 2022.3.3\plugins\maven\lib\maven-event-listener.jar -javaagent:C:\Program Files\JetBrains\IntelliJ IDEA 2022.3.3\lib\idea_rt.jar=53576:C:\Program Files\JetBrains\IntelliJ IDEA 2022.3.3\bin -Dfile.encoding=UTF-8 -Dsun.stdout.encoding=UTF-8 -Dsun.stderr.encoding=UTF-8 org.codehaus.classworlds.Launcher -Didea.version=2022.3.3 spring-boot:run

Host: 11th Gen Intel(R) Core(TM) i7-1165G7 @ 2.80GHz, 8 cores, 15G,  Windows 10 , 64 bit Build 19041 (10.0.19041.2546)
Time: Mon Mar 27 12:08:32 2023 Hora est. Pacífico, Sudamérica elapsed time: 0.534647 seconds (0d 0h 0m 0s)

---------------  T H R E A D  ---------------

Current thread (0x0000018dea5cfd80):  JavaThread "C2 CompilerThread2" daemon [_thread_in_native, id=22756, stack(0x00000055e2500000,0x00000055e2600000)]


Current CompileTask:
C2:    534 1061       4       java.io.InputStreamReader::read (11 bytes)

Stack: [0x00000055e2500000,0x00000055e2600000]
Native frames: (J=compiled Java code, j=interpreted, Vv=VM code, C=native code)
V  [jvm.dll+0x6ee21a]
V  [jvm.dll+0x85765e]
V  [jvm.dll+0x85904e]
V  [jvm.dll+0x859703]
V  [jvm.dll+0x28298f]
V  [jvm.dll+0xc9adf]
V  [jvm.dll+0xc9e65]
V  [jvm.dll+0x3bca12]
V  [jvm.dll+0x3860e1]
V  [jvm.dll+0x38555a]
V  [jvm.dll+0x24c3d9]
V  [jvm.dll+0x24b781]
V  [jvm.dll+0x1d6ce1]
V  [jvm.dll+0x25b25a]
V  [jvm.dll+0x2596e8]
V  [jvm.dll+0x807588]
V  [jvm.dll+0x80125a]
V  [jvm.dll+0x6ecf0b]
C  [ucrtbase.dll+0x21bb2]
C  [KERNEL32.DLL+0x17614]
C  [ntdll.dll+0x526a1]


---------------  P R O C E S S  ---------------

Threads class SMR info:
_java_thread_list=0x0000018dea7cb870, length=15, elements={
0x0000018dc279b1b0, 0x0000018de55a18d0, 0x0000018de55a27b0, 0x0000018de55aa9c0,
0x0000018de55ab3e0, 0x0000018de55ac5a0, 0x0000018de55ad760, 0x0000018de55ae920,
0x0000018de9c20090, 0x0000018de9c24f00, 0x0000018de9d21190, 0x0000018de9d1e710,
0x0000018de9d20c40, 0x0000018dea199dd0, 0x0000018dea5cfd80
}

Java Threads: ( => current thread )
  0x0000018dc279b1b0 JavaThread "main" [_thread_in_native, id=20936, stack(0x00000055e1000000,0x00000055e1100000)]
  0x0000018de55a18d0 JavaThread "Reference Handler" daemon [_thread_blocked, id=4036, stack(0x00000055e1700000,0x00000055e1800000)]
  0x0000018de55a27b0 JavaThread "Finalizer" daemon [_thread_blocked, id=24136, stack(0x00000055e1800000,0x00000055e1900000)]
  0x0000018de55aa9c0 JavaThread "Signal Dispatcher" daemon [_thread_blocked, id=17584, stack(0x00000055e1900000,0x00000055e1a00000)]
  0x0000018de55ab3e0 JavaThread "Attach Listener" daemon [_thread_blocked, id=22216, stack(0x00000055e1a00000,0x00000055e1b00000)]
  0x0000018de55ac5a0 JavaThread "Service Thread" daemon [_thread_blocked, id=23600, stack(0x00000055e1b00000,0x00000055e1c00000)]
  0x0000018de55ad760 JavaThread "Monitor Deflation Thread" daemon [_thread_blocked, id=19800, stack(0x00000055e1c00000,0x00000055e1d00000)]
  0x0000018de55ae920 JavaThread "C2 CompilerThread0" daemon [_thread_in_native, id=564, stack(0x00000055e1d00000,0x00000055e1e00000)]
  0x0000018de9c20090 JavaThread "C1 CompilerThread0" daemon [_thread_blocked, id=14608, stack(0x00000055e1e00000,0x00000055e1f00000)]
  0x0000018de9c24f00 JavaThread "Sweeper thread" daemon [_thread_blocked, id=8216, stack(0x00000055e1f00000,0x00000055e2000000)]
  0x0000018de9d21190 JavaThread "Common-Cleaner" daemon [_thread_blocked, id=4696, stack(0x00000055e2000000,0x00000055e2100000)]
  0x0000018de9d1e710 JavaThread "Monitor Ctrl-Break" daemon [_thread_in_native, id=2372, stack(0x00000055e2100000,0x00000055e2200000)]
  0x0000018de9d20c40 JavaThread "Notification Thread" daemon [_thread_blocked, id=9392, stack(0x00000055e2200000,0x00000055e2300000)]
  0x0000018dea199dd0 JavaThread "C2 CompilerThread1" daemon [_thread_in_native, id=21604, stack(0x00000055e2400000,0x00000055e2500000)]
=>0x0000018dea5cfd80 JavaThread "C2 CompilerThread2" daemon [_thread_in_native, id=22756, stack(0x00000055e2500000,0x00000055e2600000)]

Other Threads:
  0x0000018de5587fb0 VMThread "VM Thread" [stack: 0x00000055e1600000,0x00000055e1700000] [id=8328]
  0x0000018de9ec47c0 WatcherThread "VM Periodic Task Thread" [stack: 0x00000055e2300000,0x00000055e2400000] [id=14480]
  0x0000018dc280b080 WorkerThread "GC Thread#0" [stack: 0x00000055e1100000,0x00000055e1200000] [id=21012]
  0x0000018deaf7e9f0 WorkerThread "GC Thread#1" [stack: 0x00000055e2600000,0x00000055e2700000] [id=22428]
  0x0000018deaf7f530 WorkerThread "GC Thread#2" [stack: 0x00000055e2700000,0x00000055e2800000] [id=15828]
  0x0000018deaf7e450 WorkerThread "GC Thread#3" [stack: 0x00000055e2800000,0x00000055e2900000] [id=6108]
  0x0000018deaf7ecc0 WorkerThread "GC Thread#4" [stack: 0x00000055e2900000,0x00000055e2a00000] [id=2292]
  0x0000018deaf7e720 WorkerThread "GC Thread#5" [stack: 0x00000055e2a00000,0x00000055e2b00000] [id=1796]
  0x0000018deaf7f260 WorkerThread "GC Thread#6" [stack: 0x00000055e2b00000,0x00000055e2c00000] [id=18148]
  0x0000018deaf7ef90 WorkerThread "GC Thread#7" [stack: 0x00000055e2c00000,0x00000055e2d00000] [id=7076]
  0x0000018dc281cd20 ConcurrentGCThread "G1 Main Marker" [stack: 0x00000055e1200000,0x00000055e1300000] [id=10940]
  0x0000018dc281d750 WorkerThread "G1 Conc#0" [stack: 0x00000055e1300000,0x00000055e1400000] [id=13396]
  0x0000018de54412a0 ConcurrentGCThread "G1 Refine#0" [stack: 0x00000055e1400000,0x00000055e1500000] [id=14744]
  0x0000018de5442490 ConcurrentGCThread "G1 Service" [stack: 0x00000055e1500000,0x00000055e1600000] [id=21556]

Threads with active compile tasks:
C2 CompilerThread0      552 1063       4       org.codehaus.plexus.util.InterpolationFilterReader::read (477 bytes)
C2 CompilerThread1      552 1098       4       sun.nio.cs.StreamDecoder::lockedRead (189 bytes)
C2 CompilerThread2      552 1061       4       java.io.InputStreamReader::read (11 bytes)

VM state: not at safepoint (normal execution)

VM Mutex/Monitor currently owned by a thread: None

Heap address: 0x0000000704600000, size: 4026 MB, Compressed Oops mode: Zero based, Oop shift amount: 3

CDS archive(s) mapped at: [0x0000000800000000-0x0000000800c40000-0x0000000800c40000), size 12845056, SharedBaseAddress: 0x0000000800000000, ArchiveRelocationMode: 0.
Compressed class space mapped at: 0x0000000801000000-0x0000000841000000, reserved size: 1073741824
Narrow klass base: 0x0000000800000000, Narrow klass shift: 0, Narrow klass range: 0x100000000

GC Precious Log:
 CardTable entry size: 512
 Card Set container configuration: InlinePtr #cards 4 size 8 Array Of Cards #cards 16 size 48 Howl #buckets 8 coarsen threshold 3686 Howl Bitmap #cards 512 size 80 coarsen threshold 460 Card regions per heap region 1 cards per card region 4096
 CPUs: 8 total, 8 available
 Memory: 16103M
 Large Page Support: Disabled
 NUMA Support: Disabled
 Compressed Oops: Enabled (Zero based)
 Heap Region Size: 2M
 Heap Min Capacity: 8M
 Heap Initial Capacity: 252M
 Heap Max Capacity: 4026M
 Pre-touch: Disabled
 Parallel Workers: 8
 Concurrent Workers: 2
 Concurrent Refinement Workers: 8
 Periodic GC: Disabled

Heap:
 garbage-first heap   total 258048K, used 5784K [0x0000000704600000, 0x0000000800000000)
  region size 2048K, 4 young (8192K), 2 survivors (4096K)
 Metaspace       used 5417K, committed 5568K, reserved 1114112K
  class space    used 602K, committed 640K, reserved 1048576K

Heap Regions: E=young(eden), S=young(survivor), O=old, HS=humongous(starts), HC=humongous(continues), CS=collection set, F=free, OA=open archive, CA=closed archive, TAMS=top-at-mark-start (previous, next)
|   0|0x0000000704600000, 0x0000000704600000, 0x0000000704800000|  0%| F|  |TAMS 0x0000000704600000, 0x0000000704600000| Untracked 
|   1|0x0000000704800000, 0x0000000704800000, 0x0000000704a00000|  0%| F|  |TAMS 0x0000000704800000, 0x0000000704800000| Untracked 
|   2|0x0000000704a00000, 0x0000000704a00000, 0x0000000704c00000|  0%| F|  |TAMS 0x0000000704a00000, 0x0000000704a00000| Untracked 
|   3|0x0000000704c00000, 0x0000000704c00000, 0x0000000704e00000|  0%| F|  |TAMS 0x0000000704c00000, 0x0000000704c00000| Untracked 
|   4|0x0000000704e00000, 0x0000000704e00000, 0x0000000705000000|  0%| F|  |TAMS 0x0000000704e00000, 0x0000000704e00000| Untracked 
|   5|0x0000000705000000, 0x0000000705000000, 0x0000000705200000|  0%| F|  |TAMS 0x0000000705000000, 0x0000000705000000| Untracked 
|   6|0x0000000705200000, 0x0000000705200000, 0x0000000705400000|  0%| F|  |TAMS 0x0000000705200000, 0x0000000705200000| Untracked 
|   7|0x0000000705400000, 0x0000000705400000, 0x0000000705600000|  0%| F|  |TAMS 0x0000000705400000, 0x0000000705400000| Untracked 
|   8|0x0000000705600000, 0x0000000705600000, 0x0000000705800000|  0%| F|  |TAMS 0x0000000705600000, 0x0000000705600000| Untracked 
|   9|0x0000000705800000, 0x0000000705800000, 0x0000000705a00000|  0%| F|  |TAMS 0x0000000705800000, 0x0000000705800000| Untracked 
|  10|0x0000000705a00000, 0x0000000705a00000, 0x0000000705c00000|  0%| F|  |TAMS 0x0000000705a00000, 0x0000000705a00000| Untracked 
|  11|0x0000000705c00000, 0x0000000705c00000, 0x0000000705e00000|  0%| F|  |TAMS 0x0000000705c00000, 0x0000000705c00000| Untracked 
|  12|0x0000000705e00000, 0x0000000705e00000, 0x0000000706000000|  0%| F|  |TAMS 0x0000000705e00000, 0x0000000705e00000| Untracked 
|  13|0x0000000706000000, 0x0000000706000000, 0x0000000706200000|  0%| F|  |TAMS 0x0000000706000000, 0x0000000706000000| Untracked 
|  14|0x0000000706200000, 0x0000000706200000, 0x0000000706400000|  0%| F|  |TAMS 0x0000000706200000, 0x0000000706200000| Untracked 
|  15|0x0000000706400000, 0x0000000706400000, 0x0000000706600000|  0%| F|  |TAMS 0x0000000706400000, 0x0000000706400000| Untracked 
|  16|0x0000000706600000, 0x0000000706600000, 0x0000000706800000|  0%| F|  |TAMS 0x0000000706600000, 0x0000000706600000| Untracked 
|  17|0x0000000706800000, 0x0000000706800000, 0x0000000706a00000|  0%| F|  |TAMS 0x0000000706800000, 0x0000000706800000| Untracked 
|  18|0x0000000706a00000, 0x0000000706a00000, 0x0000000706c00000|  0%| F|  |TAMS 0x0000000706a00000, 0x0000000706a00000| Untracked 
|  19|0x0000000706c00000, 0x0000000706c00000, 0x0000000706e00000|  0%| F|  |TAMS 0x0000000706c00000, 0x0000000706c00000| Untracked 
|  20|0x0000000706e00000, 0x0000000706e00000, 0x0000000707000000|  0%| F|  |TAMS 0x0000000706e00000, 0x0000000706e00000| Untracked 
|  21|0x0000000707000000, 0x0000000707000000, 0x0000000707200000|  0%| F|  |TAMS 0x0000000707000000, 0x0000000707000000| Untracked 
|  22|0x0000000707200000, 0x0000000707200000, 0x0000000707400000|  0%| F|  |TAMS 0x0000000707200000, 0x0000000707200000| Untracked 
|  23|0x0000000707400000, 0x0000000707400000, 0x0000000707600000|  0%| F|  |TAMS 0x0000000707400000, 0x0000000707400000| Untracked 
|  24|0x0000000707600000, 0x0000000707600000, 0x0000000707800000|  0%| F|  |TAMS 0x0000000707600000, 0x0000000707600000| Untracked 
|  25|0x0000000707800000, 0x0000000707800000, 0x0000000707a00000|  0%| F|  |TAMS 0x0000000707800000, 0x0000000707800000| Untracked 
|  26|0x0000000707a00000, 0x0000000707a00000, 0x0000000707c00000|  0%| F|  |TAMS 0x0000000707a00000, 0x0000000707a00000| Untracked 
|  27|0x0000000707c00000, 0x0000000707c00000, 0x0000000707e00000|  0%| F|  |TAMS 0x0000000707c00000, 0x0000000707c00000| Untracked 
|  28|0x0000000707e00000, 0x0000000707e00000, 0x0000000708000000|  0%| F|  |TAMS 0x0000000707e00000, 0x0000000707e00000| Untracked 
|  29|0x0000000708000000, 0x0000000708000000, 0x0000000708200000|  0%| F|  |TAMS 0x0000000708000000, 0x0000000708000000| Untracked 
|  30|0x0000000708200000, 0x0000000708200000, 0x0000000708400000|  0%| F|  |TAMS 0x0000000708200000, 0x0000000708200000| Untracked 
|  31|0x0000000708400000, 0x0000000708400000, 0x0000000708600000|  0%| F|  |TAMS 0x0000000708400000, 0x0000000708400000| Untracked 
|  32|0x0000000708600000, 0x0000000708600000, 0x0000000708800000|  0%| F|  |TAMS 0x0000000708600000, 0x0000000708600000| Untracked 
|  33|0x0000000708800000, 0x0000000708800000, 0x0000000708a00000|  0%| F|  |TAMS 0x0000000708800000, 0x0000000708800000| Untracked 
|  34|0x0000000708a00000, 0x0000000708a00000, 0x0000000708c00000|  0%| F|  |TAMS 0x0000000708a00000, 0x0000000708a00000| Untracked 
|  35|0x0000000708c00000, 0x0000000708c00000, 0x0000000708e00000|  0%| F|  |TAMS 0x0000000708c00000, 0x0000000708c00000| Untracked 
|  36|0x0000000708e00000, 0x0000000708e00000, 0x0000000709000000|  0%| F|  |TAMS 0x0000000708e00000, 0x0000000708e00000| Untracked 
|  37|0x0000000709000000, 0x0000000709000000, 0x0000000709200000|  0%| F|  |TAMS 0x0000000709000000, 0x0000000709000000| Untracked 
|  38|0x0000000709200000, 0x0000000709200000, 0x0000000709400000|  0%| F|  |TAMS 0x0000000709200000, 0x0000000709200000| Untracked 
|  39|0x0000000709400000, 0x0000000709400000, 0x0000000709600000|  0%| F|  |TAMS 0x0000000709400000, 0x0000000709400000| Untracked 
|  40|0x0000000709600000, 0x0000000709600000, 0x0000000709800000|  0%| F|  |TAMS 0x0000000709600000, 0x0000000709600000| Untracked 
|  41|0x0000000709800000, 0x0000000709800000, 0x0000000709a00000|  0%| F|  |TAMS 0x0000000709800000, 0x0000000709800000| Untracked 
|  42|0x0000000709a00000, 0x0000000709a00000, 0x0000000709c00000|  0%| F|  |TAMS 0x0000000709a00000, 0x0000000709a00000| Untracked 
|  43|0x0000000709c00000, 0x0000000709c00000, 0x0000000709e00000|  0%| F|  |TAMS 0x0000000709c00000, 0x0000000709c00000| Untracked 
|  44|0x0000000709e00000, 0x0000000709e00000, 0x000000070a000000|  0%| F|  |TAMS 0x0000000709e00000, 0x0000000709e00000| Untracked 
|  45|0x000000070a000000, 0x000000070a000000, 0x000000070a200000|  0%| F|  |TAMS 0x000000070a000000, 0x000000070a000000| Untracked 
|  46|0x000000070a200000, 0x000000070a200000, 0x000000070a400000|  0%| F|  |TAMS 0x000000070a200000, 0x000000070a200000| Untracked 
|  47|0x000000070a400000, 0x000000070a400000, 0x000000070a600000|  0%| F|  |TAMS 0x000000070a400000, 0x000000070a400000| Untracked 
|  48|0x000000070a600000, 0x000000070a600000, 0x000000070a800000|  0%| F|  |TAMS 0x000000070a600000, 0x000000070a600000| Untracked 
|  49|0x000000070a800000, 0x000000070a800000, 0x000000070aa00000|  0%| F|  |TAMS 0x000000070a800000, 0x000000070a800000| Untracked 
|  50|0x000000070aa00000, 0x000000070aa00000, 0x000000070ac00000|  0%| F|  |TAMS 0x000000070aa00000, 0x000000070aa00000| Untracked 
|  51|0x000000070ac00000, 0x000000070ac00000, 0x000000070ae00000|  0%| F|  |TAMS 0x000000070ac00000, 0x000000070ac00000| Untracked 
|  52|0x000000070ae00000, 0x000000070ae00000, 0x000000070b000000|  0%| F|  |TAMS 0x000000070ae00000, 0x000000070ae00000| Untracked 
|  53|0x000000070b000000, 0x000000070b000000, 0x000000070b200000|  0%| F|  |TAMS 0x000000070b000000, 0x000000070b000000| Untracked 
|  54|0x000000070b200000, 0x000000070b200000, 0x000000070b400000|  0%| F|  |TAMS 0x000000070b200000, 0x000000070b200000| Untracked 
|  55|0x000000070b400000, 0x000000070b400000, 0x000000070b600000|  0%| F|  |TAMS 0x000000070b400000, 0x000000070b400000| Untracked 
|  56|0x000000070b600000, 0x000000070b600000, 0x000000070b800000|  0%| F|  |TAMS 0x000000070b600000, 0x000000070b600000| Untracked 
|  57|0x000000070b800000, 0x000000070b800000, 0x000000070ba00000|  0%| F|  |TAMS 0x000000070b800000, 0x000000070b800000| Untracked 
|  58|0x000000070ba00000, 0x000000070ba00000, 0x000000070bc00000|  0%| F|  |TAMS 0x000000070ba00000, 0x000000070ba00000| Untracked 
|  59|0x000000070bc00000, 0x000000070bc00000, 0x000000070be00000|  0%| F|  |TAMS 0x000000070bc00000, 0x000000070bc00000| Untracked 
|  60|0x000000070be00000, 0x000000070be00000, 0x000000070c000000|  0%| F|  |TAMS 0x000000070be00000, 0x000000070be00000| Untracked 
|  61|0x000000070c000000, 0x000000070c000000, 0x000000070c200000|  0%| F|  |TAMS 0x000000070c000000, 0x000000070c000000| Untracked 
|  62|0x000000070c200000, 0x000000070c200000, 0x000000070c400000|  0%| F|  |TAMS 0x000000070c200000, 0x000000070c200000| Untracked 
|  63|0x000000070c400000, 0x000000070c400000, 0x000000070c600000|  0%| F|  |TAMS 0x000000070c400000, 0x000000070c400000| Untracked 
|  64|0x000000070c600000, 0x000000070c600000, 0x000000070c800000|  0%| F|  |TAMS 0x000000070c600000, 0x000000070c600000| Untracked 
|  65|0x000000070c800000, 0x000000070c800000, 0x000000070ca00000|  0%| F|  |TAMS 0x000000070c800000, 0x000000070c800000| Untracked 
|  66|0x000000070ca00000, 0x000000070ca00000, 0x000000070cc00000|  0%| F|  |TAMS 0x000000070ca00000, 0x000000070ca00000| Untracked 
|  67|0x000000070cc00000, 0x000000070cc00000, 0x000000070ce00000|  0%| F|  |TAMS 0x000000070cc00000, 0x000000070cc00000| Untracked 
|  68|0x000000070ce00000, 0x000000070ce00000, 0x000000070d000000|  0%| F|  |TAMS 0x000000070ce00000, 0x000000070ce00000| Untracked 
|  69|0x000000070d000000, 0x000000070d000000, 0x000000070d200000|  0%| F|  |TAMS 0x000000070d000000, 0x000000070d000000| Untracked 
|  70|0x000000070d200000, 0x000000070d200000, 0x000000070d400000|  0%| F|  |TAMS 0x000000070d200000, 0x000000070d200000| Untracked 
|  71|0x000000070d400000, 0x000000070d400000, 0x000000070d600000|  0%| F|  |TAMS 0x000000070d400000, 0x000000070d400000| Untracked 
|  72|0x000000070d600000, 0x000000070d600000, 0x000000070d800000|  0%| F|  |TAMS 0x000000070d600000, 0x000000070d600000| Untracked 
|  73|0x000000070d800000, 0x000000070d800000, 0x000000070da00000|  0%| F|  |TAMS 0x000000070d800000, 0x000000070d800000| Untracked 
|  74|0x000000070da00000, 0x000000070da00000, 0x000000070dc00000|  0%| F|  |TAMS 0x000000070da00000, 0x000000070da00000| Untracked 
|  75|0x000000070dc00000, 0x000000070dc00000, 0x000000070de00000|  0%| F|  |TAMS 0x000000070dc00000, 0x000000070dc00000| Untracked 
|  76|0x000000070de00000, 0x000000070de00000, 0x000000070e000000|  0%| F|  |TAMS 0x000000070de00000, 0x000000070de00000| Untracked 
|  77|0x000000070e000000, 0x000000070e000000, 0x000000070e200000|  0%| F|  |TAMS 0x000000070e000000, 0x000000070e000000| Untracked 
|  78|0x000000070e200000, 0x000000070e200000, 0x000000070e400000|  0%| F|  |TAMS 0x000000070e200000, 0x000000070e200000| Untracked 
|  79|0x000000070e400000, 0x000000070e400000, 0x000000070e600000|  0%| F|  |TAMS 0x000000070e400000, 0x000000070e400000| Untracked 
|  80|0x000000070e600000, 0x000000070e600000, 0x000000070e800000|  0%| F|  |TAMS 0x000000070e600000, 0x000000070e600000| Untracked 
|  81|0x000000070e800000, 0x000000070e800000, 0x000000070ea00000|  0%| F|  |TAMS 0x000000070e800000, 0x000000070e800000| Untracked 
|  82|0x000000070ea00000, 0x000000070ea00000, 0x000000070ec00000|  0%| F|  |TAMS 0x000000070ea00000, 0x000000070ea00000| Untracked 
|  83|0x000000070ec00000, 0x000000070ec00000, 0x000000070ee00000|  0%| F|  |TAMS 0x000000070ec00000, 0x000000070ec00000| Untracked 
|  84|0x000000070ee00000, 0x000000070ee00000, 0x000000070f000000|  0%| F|  |TAMS 0x000000070ee00000, 0x000000070ee00000| Untracked 
|  85|0x000000070f000000, 0x000000070f000000, 0x000000070f200000|  0%| F|  |TAMS 0x000000070f000000, 0x000000070f000000| Untracked 
|  86|0x000000070f200000, 0x000000070f200000, 0x000000070f400000|  0%| F|  |TAMS 0x000000070f200000, 0x000000070f200000| Untracked 
|  87|0x000000070f400000, 0x000000070f400000, 0x000000070f600000|  0%| F|  |TAMS 0x000000070f400000, 0x000000070f400000| Untracked 
|  88|0x000000070f600000, 0x000000070f600000, 0x000000070f800000|  0%| F|  |TAMS 0x000000070f600000, 0x000000070f600000| Untracked 
|  89|0x000000070f800000, 0x000000070f800000, 0x000000070fa00000|  0%| F|  |TAMS 0x000000070f800000, 0x000000070f800000| Untracked 
|  90|0x000000070fa00000, 0x000000070fa00000, 0x000000070fc00000|  0%| F|  |TAMS 0x000000070fa00000, 0x000000070fa00000| Untracked 
|  91|0x000000070fc00000, 0x000000070fc00000, 0x000000070fe00000|  0%| F|  |TAMS 0x000000070fc00000, 0x000000070fc00000| Untracked 
|  92|0x000000070fe00000, 0x000000070fe00000, 0x0000000710000000|  0%| F|  |TAMS 0x000000070fe00000, 0x000000070fe00000| Untracked 
|  93|0x0000000710000000, 0x0000000710000000, 0x0000000710200000|  0%| F|  |TAMS 0x0000000710000000, 0x0000000710000000| Untracked 
|  94|0x0000000710200000, 0x0000000710200000, 0x0000000710400000|  0%| F|  |TAMS 0x0000000710200000, 0x0000000710200000| Untracked 
|  95|0x0000000710400000, 0x0000000710400000, 0x0000000710600000|  0%| F|  |TAMS 0x0000000710400000, 0x0000000710400000| Untracked 
|  96|0x0000000710600000, 0x0000000710600000, 0x0000000710800000|  0%| F|  |TAMS 0x0000000710600000, 0x0000000710600000| Untracked 
|  97|0x0000000710800000, 0x0000000710800000, 0x0000000710a00000|  0%| F|  |TAMS 0x0000000710800000, 0x0000000710800000| Untracked 
|  98|0x0000000710a00000, 0x0000000710a00000, 0x0000000710c00000|  0%| F|  |TAMS 0x0000000710a00000, 0x0000000710a00000| Untracked 
|  99|0x0000000710c00000, 0x0000000710c00000, 0x0000000710e00000|  0%| F|  |TAMS 0x0000000710c00000, 0x0000000710c00000| Untracked 
| 100|0x0000000710e00000, 0x0000000710e00000, 0x0000000711000000|  0%| F|  |TAMS 0x0000000710e00000, 0x0000000710e00000| Untracked 
| 101|0x0000000711000000, 0x0000000711000000, 0x0000000711200000|  0%| F|  |TAMS 0x0000000711000000, 0x0000000711000000| Untracked 
| 102|0x0000000711200000, 0x0000000711200000, 0x0000000711400000|  0%| F|  |TAMS 0x0000000711200000, 0x0000000711200000| Untracked 
| 103|0x0000000711400000, 0x0000000711400000, 0x0000000711600000|  0%| F|  |TAMS 0x0000000711400000, 0x0000000711400000| Untracked 
| 104|0x0000000711600000, 0x0000000711600000, 0x0000000711800000|  0%| F|  |TAMS 0x0000000711600000, 0x0000000711600000| Untracked 
| 105|0x0000000711800000, 0x0000000711800000, 0x0000000711a00000|  0%| F|  |TAMS 0x0000000711800000, 0x0000000711800000| Untracked 
| 106|0x0000000711a00000, 0x0000000711a00000, 0x0000000711c00000|  0%| F|  |TAMS 0x0000000711a00000, 0x0000000711a00000| Untracked 
| 107|0x0000000711c00000, 0x0000000711c00000, 0x0000000711e00000|  0%| F|  |TAMS 0x0000000711c00000, 0x0000000711c00000| Untracked 
| 108|0x0000000711e00000, 0x0000000711e00000, 0x0000000712000000|  0%| F|  |TAMS 0x0000000711e00000, 0x0000000711e00000| Untracked 
| 109|0x0000000712000000, 0x0000000712000000, 0x0000000712200000|  0%| F|  |TAMS 0x0000000712000000, 0x0000000712000000| Untracked 
| 110|0x0000000712200000, 0x0000000712200000, 0x0000000712400000|  0%| F|  |TAMS 0x0000000712200000, 0x0000000712200000| Untracked 
| 111|0x0000000712400000, 0x0000000712400000, 0x0000000712600000|  0%| F|  |TAMS 0x0000000712400000, 0x0000000712400000| Untracked 
| 112|0x0000000712600000, 0x0000000712600000, 0x0000000712800000|  0%| F|  |TAMS 0x0000000712600000, 0x0000000712600000| Untracked 
| 113|0x0000000712800000, 0x00000007129a6250, 0x0000000712a00000| 82%| S|CS|TAMS 0x0000000712800000, 0x0000000712800000| Complete 
| 114|0x0000000712a00000, 0x0000000712c00000, 0x0000000712c00000|100%| S|CS|TAMS 0x0000000712a00000, 0x0000000712a00000| Complete 
| 115|0x0000000712c00000, 0x0000000712c00000, 0x0000000712e00000|  0%| F|  |TAMS 0x0000000712c00000, 0x0000000712c00000| Untracked 
| 116|0x0000000712e00000, 0x0000000712e00000, 0x0000000713000000|  0%| F|  |TAMS 0x0000000712e00000, 0x0000000712e00000| Untracked 
| 117|0x0000000713000000, 0x0000000713000000, 0x0000000713200000|  0%| F|  |TAMS 0x0000000713000000, 0x0000000713000000| Untracked 
| 118|0x0000000713200000, 0x0000000713200000, 0x0000000713400000|  0%| F|  |TAMS 0x0000000713200000, 0x0000000713200000| Untracked 
| 119|0x0000000713400000, 0x0000000713400000, 0x0000000713600000|  0%| F|  |TAMS 0x0000000713400000, 0x0000000713400000| Untracked 
| 120|0x0000000713600000, 0x0000000713600000, 0x0000000713800000|  0%| F|  |TAMS 0x0000000713600000, 0x0000000713600000| Untracked 
| 121|0x0000000713800000, 0x0000000713800000, 0x0000000713a00000|  0%| F|  |TAMS 0x0000000713800000, 0x0000000713800000| Untracked 
| 122|0x0000000713a00000, 0x0000000713a00000, 0x0000000713c00000|  0%| F|  |TAMS 0x0000000713a00000, 0x0000000713a00000| Untracked 
| 123|0x0000000713c00000, 0x0000000713c00000, 0x0000000713e00000|  0%| F|  |TAMS 0x0000000713c00000, 0x0000000713c00000| Untracked 
| 124|0x0000000713e00000, 0x0000000714000000, 0x0000000714000000|100%| E|  |TAMS 0x0000000713e00000, 0x0000000713e00000| Complete 
| 125|0x0000000714000000, 0x0000000714200000, 0x0000000714200000|100%| E|CS|TAMS 0x0000000714000000, 0x0000000714000000| Complete 

Card table byte_map: [0x0000018dda1e0000,0x0000018dda9c0000] _byte_map_base: 0x0000018dd69bd000

Marking Bits (Prev, Next): (CMBitMap*) 0x0000018dc280b6b0, (CMBitMap*) 0x0000018dc280b6f0
 Prev Bits: [0x0000018ddb1a0000, 0x0000018ddf088000)
 Next Bits: [0x0000018ddf090000, 0x0000018de2f78000)

Polling page: 0x0000018dc03a0000

Metaspace:

Usage:
  Non-class:      4.72 MB used.
      Class:    608.35 KB used.
       Both:      5.31 MB used.

Virtual space:
  Non-class space:       64.00 MB reserved,       4.81 MB (  8%) committed,  1 nodes.
      Class space:        1.00 GB reserved,     640.00 KB ( <1%) committed,  1 nodes.
             Both:        1.06 GB reserved,       5.44 MB ( <1%) committed. 

Chunk freelists:
   Non-Class:  1.28 MB
       Class:  3.31 MB
        Both:  4.59 MB

MaxMetaspaceSize: unlimited
CompressedClassSpaceSize: 1.00 GB
Initial GC threshold: 21.00 MB
Current GC threshold: 21.00 MB
CDS: on
MetaspaceReclaimPolicy: balanced
 - commit_granule_bytes: 65536.
 - commit_granule_words: 8192.
 - virtual_space_node_default_size: 8388608.
 - enlarge_chunks_in_place: 1.
 - new_chunks_are_fully_committed: 0.
 - uncommit_free_chunks: 1.
 - use_allocation_guard: 0.


Internal statistics:

num_allocs_failed_limit: 0.
num_arena_births: 46.
num_arena_deaths: 0.
num_vsnodes_births: 2.
num_vsnodes_deaths: 0.
num_space_committed: 87.
num_space_uncommitted: 0.
num_chunks_returned_to_freelist: 0.
num_chunks_taken_from_freelist: 181.
num_chunk_merges: 0.
num_chunk_splits: 128.
num_chunks_enlarged: 109.
num_inconsistent_stats: 0.

CodeHeap 'non-profiled nmethods': size=120000Kb used=381Kb max_used=381Kb free=119619Kb
 bounds [0x0000018dd21a0000, 0x0000018dd2410000, 0x0000018dd96d0000]
CodeHeap 'profiled nmethods': size=120000Kb used=2134Kb max_used=2134Kb free=117865Kb
 bounds [0x0000018dca6d0000, 0x0000018dca940000, 0x0000018dd1c00000]
CodeHeap 'non-nmethods': size=5760Kb used=1262Kb max_used=1307Kb free=4497Kb
 bounds [0x0000018dd1c00000, 0x0000018dd1e70000, 0x0000018dd21a0000]
 total_blobs=1551 nmethods=1092 adapters=370
 compilation: enabled
              stopped_count=0, restarted_count=0
 full_count=0

Compilation events (20 events):
Event: 0.514 Thread 0x0000018de9c20090 1082   !   3       java.lang.String::<init> (884 bytes)
Event: 0.516 Thread 0x0000018de9c20090 nmethod 1082 0x0000018dca8d8990 code [0x0000018dca8d8ec0, 0x0000018dca8dbf08]
Event: 0.516 Thread 0x0000018de9c20090 1083       3       java.lang.StringBuilder::charAt (6 bytes)
Event: 0.516 Thread 0x0000018de9c20090 nmethod 1083 0x0000018dca8dcb90 code [0x0000018dca8dcd40, 0x0000018dca8dce88]
Event: 0.520 Thread 0x0000018dea199dd0 nmethod 1044 0x0000018dd21f4110 code [0x0000018dd21f4400, 0x0000018dd21f6730]
Event: 0.520 Thread 0x0000018dea199dd0 1072       4       sun.nio.cs.StreamDecoder::implRead (243 bytes)
Event: 0.520 Thread 0x0000018de9c20090 1091   !   3       sun.nio.cs.StreamDecoder::read (78 bytes)
Event: 0.521 Thread 0x0000018de9c20090 nmethod 1091 0x0000018dca8dcf10 code [0x0000018dca8dd1a0, 0x0000018dca8de038]
Event: 0.521 Thread 0x0000018de55ae920 nmethod 1045 0x0000018dd21f8490 code [0x0000018dd21f8780, 0x0000018dd21fabb0]
Event: 0.521 Thread 0x0000018de55ae920 1062       4       org.codehaus.plexus.util.xml.XmlReader::read (11 bytes)
Event: 0.522 Thread 0x0000018de9c20090 1094       1       org.codehaus.plexus.util.xml.pull.MXParser::getDepth (5 bytes)
Event: 0.522 Thread 0x0000018de9c20090 nmethod 1094 0x0000018dd21fc990 code [0x0000018dd21fcb20, 0x0000018dd21fcbd8]
Event: 0.523 Thread 0x0000018de9c20090 1095       3       sun.nio.cs.StreamDecoder::lockedRead (189 bytes)
Event: 0.524 Thread 0x0000018de9c20090 nmethod 1095 0x0000018dca8de510 code [0x0000018dca8de780, 0x0000018dca8df268]
Event: 0.525 Thread 0x0000018de9c20090 1097       2       java.util.HashMap::isEmpty (13 bytes)
Event: 0.526 Thread 0x0000018de9c20090 nmethod 1097 0x0000018dca8df590 code [0x0000018dca8df720, 0x0000018dca8df838]
Event: 0.526 Thread 0x0000018de55ae920 nmethod 1062 0x0000018dd21fcc90 code [0x0000018dd21fce40, 0x0000018dd21fd2d8]
Event: 0.526 Thread 0x0000018de55ae920 1096       4       sun.nio.cs.StreamDecoder::ensureOpen (18 bytes)
Event: 0.526 Thread 0x0000018de55ae920 nmethod 1096 0x0000018dd21fd790 code [0x0000018dd21fd920, 0x0000018dd21fd9b8]
Event: 0.526 Thread 0x0000018de55ae920 1063       4       org.codehaus.plexus.util.InterpolationFilterReader::read (477 bytes)

GC Heap History (1 events):
Event: 0.529 GC heap before
{Heap before GC invocations=0 (full 0):
 garbage-first heap   total 258048K, used 22528K [0x0000000704600000, 0x0000000800000000)
  region size 2048K, 11 young (22528K), 0 survivors (0K)
 Metaspace       used 5286K, committed 5440K, reserved 1114112K
  class space    used 583K, committed 640K, reserved 1048576K
}

Dll operation events (12 events):
Event: 0.011 Loaded shared library C:\Program Files\Java\jdk-19\bin\java.dll
Event: 0.023 Loaded shared library C:\Program Files\Java\jdk-19\bin\jsvml.dll
Event: 0.088 Loaded shared library C:\Program Files\Java\jdk-19\bin\zip.dll
Event: 0.091 Loaded shared library C:\Program Files\Java\jdk-19\bin\instrument.dll
Event: 0.098 Loaded shared library C:\Program Files\Java\jdk-19\bin\net.dll
Event: 0.101 Loaded shared library C:\Program Files\Java\jdk-19\bin\nio.dll
Event: 0.103 Loaded shared library C:\Program Files\Java\jdk-19\bin\zip.dll
Event: 0.117 Loaded shared library C:\Program Files\JetBrains\IntelliJ IDEA 2022.3.3\bin\breakgen64.dll
Event: 0.125 Loaded shared library C:\Program Files\Java\jdk-19\bin\extnet.dll
Event: 0.189 Loaded shared library C:\Program Files\Java\jdk-19\bin\jimage.dll
Event: 0.262 Loaded shared library C:\Users\javgonzalez\AppData\Local\Temp\jansi-2.4.0-5adfd21cf4f241bf-jansi.dll
Event: 0.271 Loaded shared library C:\Program Files\Java\jdk-19\bin\verify.dll

Deoptimization events (20 events):
Event: 0.486 Thread 0x0000018dc279b1b0 DEOPT PACKING pc=0x0000018dd21ccc50 sp=0x00000055e10fe340
Event: 0.486 Thread 0x0000018dc279b1b0 DEOPT UNPACKING pc=0x0000018dd1c6a5a3 sp=0x00000055e10fe2d0 mode 2
Event: 0.488 Thread 0x0000018dc279b1b0 Uncommon trap: trap_request=0xffffff45 fr.pc=0x0000018dd21f20e8 relative=0x00000000000000c8
Event: 0.488 Thread 0x0000018dc279b1b0 Uncommon trap: reason=unstable_if action=reinterpret pc=0x0000018dd21f20e8 method=java.util.concurrent.locks.ReentrantLock$Sync.tryRelease(I)Z @ 26 c2
Event: 0.488 Thread 0x0000018dc279b1b0 DEOPT PACKING pc=0x0000018dd21f20e8 sp=0x00000055e10fdc10
Event: 0.488 Thread 0x0000018dc279b1b0 DEOPT UNPACKING pc=0x0000018dd1c6a5a3 sp=0x00000055e10fdbb0 mode 2
Event: 0.514 Thread 0x0000018dc279b1b0 DEOPT PACKING pc=0x0000018dca78265e sp=0x00000055e10fe0a0
Event: 0.514 Thread 0x0000018dc279b1b0 DEOPT UNPACKING pc=0x0000018dd1c6b0e3 sp=0x00000055e10fd578 mode 0
Event: 0.514 Thread 0x0000018dc279b1b0 Uncommon trap: trap_request=0xffffffde fr.pc=0x0000018dd21da7c8 relative=0x0000000000000548
Event: 0.514 Thread 0x0000018dc279b1b0 Uncommon trap: reason=class_check action=maybe_recompile pc=0x0000018dd21da7c8 method=java.util.regex.Matcher.search(I)Z @ 121 c2
Event: 0.514 Thread 0x0000018dc279b1b0 DEOPT PACKING pc=0x0000018dd21da7c8 sp=0x00000055e10fe180
Event: 0.514 Thread 0x0000018dc279b1b0 DEOPT UNPACKING pc=0x0000018dd1c6a5a3 sp=0x00000055e10fe160 mode 2
Event: 0.520 Thread 0x0000018dc279b1b0 Uncommon trap: trap_request=0xffffff45 fr.pc=0x0000018dd21f5ae0 relative=0x00000000000016e0
Event: 0.520 Thread 0x0000018dc279b1b0 Uncommon trap: reason=unstable_if action=reinterpret pc=0x0000018dd21f5ae0 method=java.nio.charset.CoderResult.isOverflow()Z @ 5 c2
Event: 0.520 Thread 0x0000018dc279b1b0 DEOPT PACKING pc=0x0000018dd21f5ae0 sp=0x00000055e10fdf60
Event: 0.520 Thread 0x0000018dc279b1b0 DEOPT UNPACKING pc=0x0000018dd1c6a5a3 sp=0x00000055e10fdaf0 mode 2
Event: 0.523 Thread 0x0000018dc279b1b0 Uncommon trap: trap_request=0xffffff45 fr.pc=0x0000018dd21f9a34 relative=0x00000000000012b4
Event: 0.523 Thread 0x0000018dc279b1b0 Uncommon trap: reason=unstable_if action=reinterpret pc=0x0000018dd21f9a34 method=java.nio.charset.CharsetDecoder.decode(Ljava/nio/ByteBuffer;Ljava/nio/CharBuffer;Z)Ljava/nio/charset/CoderResult; @ 82 c2
Event: 0.523 Thread 0x0000018dc279b1b0 DEOPT PACKING pc=0x0000018dd21f9a34 sp=0x00000055e10fdea0
Event: 0.523 Thread 0x0000018dc279b1b0 DEOPT UNPACKING pc=0x0000018dd1c6a5a3 sp=0x00000055e10fdb38 mode 2

Classes loaded (20 events):
Event: 0.475 Loading class sun/reflect/generics/repository/GenericDeclRepository done
Event: 0.475 Loading class sun/reflect/generics/repository/ClassRepository done
Event: 0.475 Loading class java/lang/reflect/TypeVariable
Event: 0.475 Loading class java/lang/reflect/TypeVariable done
Event: 0.475 Loading class sun/reflect/generics/tree/FormalTypeParameter
Event: 0.475 Loading class sun/reflect/generics/tree/FormalTypeParameter done
Event: 0.475 Loading class sun/reflect/generics/tree/ClassSignature
Event: 0.475 Loading class sun/reflect/generics/tree/Signature
Event: 0.475 Loading class sun/reflect/generics/tree/Signature done
Event: 0.475 Loading class sun/reflect/generics/tree/ClassSignature done
Event: 0.475 Loading class java/lang/reflect/WildcardType
Event: 0.475 Loading class java/lang/reflect/WildcardType done
Event: 0.476 Loading class sun/reflect/generics/tree/TypeVariableSignature
Event: 0.476 Loading class sun/reflect/generics/tree/TypeVariableSignature done
Event: 0.482 Loading class java/lang/annotation/IncompleteAnnotationException
Event: 0.482 Loading class java/lang/annotation/IncompleteAnnotationException done
Event: 0.510 Loading class java/lang/foreign/MemorySegment
Event: 0.510 Loading class java/lang/foreign/Addressable
Event: 0.510 Loading class java/lang/foreign/Addressable done
Event: 0.510 Loading class java/lang/foreign/MemorySegment done

Classes unloaded (0 events):
No events

Classes redefined (0 events):
No events

Internal exceptions (6 events):
Event: 0.107 Thread 0x0000018dc279b1b0 Exception <a 'java/lang/NoSuchMethodError'{0x0000000713ec9118}: 'void java.lang.invoke.DirectMethodHandle$Holder.invokeStatic(java.lang.Object, java.lang.Object, java.lang.Object)'> (0x0000000713ec9118) 
thrown [s\open\src\hotspot\share\interpreter\linkResolver.cpp, line 774]
Event: 0.109 Thread 0x0000018dc279b1b0 Exception <a 'java/lang/NoSuchMethodError'{0x0000000713ee1710}: 'java.lang.Object java.lang.invoke.Invokers$Holder.invokeExact_MT(java.lang.Object, java.lang.Object, java.lang.Object, java.lang.Object, java.lang.Object)'> (0x0000000713ee1710) 
thrown [s\open\src\hotspot\share\interpreter\linkResolver.cpp, line 774]
Event: 0.126 Thread 0x0000018de9d1e710 Exception <a 'java/lang/NoSuchMethodError'{0x0000000713f59d10}: 'void java.lang.invoke.DirectMethodHandle$Holder.invokeStatic(java.lang.Object, java.lang.Object)'> (0x0000000713f59d10) 
thrown [s\open\src\hotspot\share\interpreter\linkResolver.cpp, line 774]
Event: 0.186 Thread 0x0000018dc279b1b0 Exception <a 'java/lang/NullPointerException'{0x0000000713da2b30}> (0x0000000713da2b30) 
thrown [s\open\src\hotspot\share\interpreter\linkResolver.cpp, line 1374]
Event: 0.458 Thread 0x0000018dc279b1b0 Exception <a 'java/lang/NoSuchMethodError'{0x000000071301dde8}: 'java.lang.Object java.lang.invoke.DirectMethodHandle$Holder.newInvokeSpecial(java.lang.Object, java.lang.Object, java.lang.Object, java.lang.Object, java.lang.Object)'> (0x000000071301dde8) 
thrown [s\open\src\hotspot\share\interpreter\linkResolver.cpp, line 774]
Event: 0.482 Thread 0x0000018dc279b1b0 Exception <a 'java/lang/NoClassDefFoundError'{0x0000000713178bd8}: javax/enterprise/inject/Typed> (0x0000000713178bd8) 
thrown [s\open\src\hotspot\share\classfile\systemDictionary.cpp, line 244]

VM Operations (11 events):
Event: 0.073 Executing VM operation: HandshakeAllThreads
Event: 0.074 Executing VM operation: HandshakeAllThreads done
Event: 0.120 Executing VM operation: HandshakeAllThreads
Event: 0.120 Executing VM operation: HandshakeAllThreads done
Event: 0.185 Executing VM operation: HandshakeAllThreads
Event: 0.185 Executing VM operation: HandshakeAllThreads done
Event: 0.190 Executing VM operation: HandshakeAllThreads
Event: 0.191 Executing VM operation: HandshakeAllThreads done
Event: 0.483 Executing VM operation: ICBufferFull
Event: 0.484 Executing VM operation: ICBufferFull done
Event: 0.529 Executing VM operation: G1CollectForAllocation

Events (15 events):
Event: 0.023 Thread 0x0000018dc279b1b0 Thread added: 0x0000018dc279b1b0
Event: 0.041 Thread 0x0000018de55a18d0 Thread added: 0x0000018de55a18d0
Event: 0.042 Thread 0x0000018de55a27b0 Thread added: 0x0000018de55a27b0
Event: 0.042 Thread 0x0000018de55aa9c0 Thread added: 0x0000018de55aa9c0
Event: 0.042 Thread 0x0000018de55ab3e0 Thread added: 0x0000018de55ab3e0
Event: 0.042 Thread 0x0000018de55ac5a0 Thread added: 0x0000018de55ac5a0
Event: 0.042 Thread 0x0000018de55ad760 Thread added: 0x0000018de55ad760
Event: 0.042 Thread 0x0000018de55ae920 Thread added: 0x0000018de55ae920
Event: 0.042 Thread 0x0000018de9c20090 Thread added: 0x0000018de9c20090
Event: 0.042 Thread 0x0000018de9c24f00 Thread added: 0x0000018de9c24f00
Event: 0.066 Thread 0x0000018de9d21190 Thread added: 0x0000018de9d21190
Event: 0.118 Thread 0x0000018de9d1e710 Thread added: 0x0000018de9d1e710
Event: 0.118 Thread 0x0000018de9d20c40 Thread added: 0x0000018de9d20c40
Event: 0.342 Thread 0x0000018dea199dd0 Thread added: 0x0000018dea199dd0
Event: 0.501 Thread 0x0000018dea5cfd80 Thread added: 0x0000018dea5cfd80


Dynamic libraries:
0x00007ff703960000 - 0x00007ff703970000 	C:\Program Files\Java\jdk-19\bin\java.exe
0x00007ff8535d0000 - 0x00007ff8537c8000 	C:\Windows\SYSTEM32\ntdll.dll
0x00007ff852b00000 - 0x00007ff852bbf000 	C:\Windows\System32\KERNEL32.DLL
0x00007ff850eb0000 - 0x00007ff851182000 	C:\Windows\System32\KERNELBASE.dll
0x00007ff851520000 - 0x00007ff851620000 	C:\Windows\System32\ucrtbase.dll
0x00007ff817ac0000 - 0x00007ff817adb000 	C:\Program Files\Java\jdk-19\bin\VCRUNTIME140.dll
0x00007ff817d90000 - 0x00007ff817da8000 	C:\Program Files\Java\jdk-19\bin\jli.dll
0x00007ff8534e0000 - 0x00007ff85358e000 	C:\Windows\System32\ADVAPI32.dll
0x00007ff851a40000 - 0x00007ff851ade000 	C:\Windows\System32\msvcrt.dll
0x00007ff852d20000 - 0x00007ff852dbc000 	C:\Windows\System32\sechost.dll
0x00007ff852720000 - 0x00007ff852844000 	C:\Windows\System32\RPCRT4.dll
0x00007ff8532b0000 - 0x00007ff853451000 	C:\Windows\System32\USER32.dll
0x00007ff850cd0000 - 0x00007ff850cf2000 	C:\Windows\System32\win32u.dll
0x00007ff840670000 - 0x00007ff84090a000 	C:\Windows\WinSxS\amd64_microsoft.windows.common-controls_6595b64144ccf1df_6.0.19041.1110_none_60b5254171f9507e\COMCTL32.dll
0x00007ff8516b0000 - 0x00007ff8516db000 	C:\Windows\System32\GDI32.dll
0x00007ff851320000 - 0x00007ff85142f000 	C:\Windows\System32\gdi32full.dll
0x00007ff851480000 - 0x00007ff85151d000 	C:\Windows\System32\msvcp_win.dll
0x00007ff848a40000 - 0x00007ff848a4a000 	C:\Windows\SYSTEM32\VERSION.dll
0x00007ff851620000 - 0x00007ff851650000 	C:\Windows\System32\IMM32.DLL
0x00007ff818d20000 - 0x00007ff818dc4000 	C:\Program Files\McAfee\Endpoint Security\Threat Prevention\Ips\EpMPApi.dll
0x00007ff850e40000 - 0x00007ff850ea9000 	C:\Windows\System32\WINTRUST.dll
0x00007ff8511c0000 - 0x00007ff851316000 	C:\Windows\System32\CRYPT32.dll
0x00007ff8508c0000 - 0x00007ff8508d2000 	C:\Windows\SYSTEM32\MSASN1.dll
0x0000000075560000 - 0x000000007556c000 	C:\Program Files\McAfee\Endpoint Security\Threat Prevention\Ips\EpMPThe.dll
0x00007ff818930000 - 0x00007ff81898b000 	C:\Program Files\McAfee\Endpoint Security\Threat Prevention\Ips\HIPHandlers64.dll
0x00007ff851c00000 - 0x00007ff852345000 	C:\Windows\System32\SHELL32.dll
0x00007ff852aa0000 - 0x00007ff852af5000 	C:\Windows\System32\SHLWAPI.dll
0x00007ff84f2d0000 - 0x00007ff84f4b4000 	C:\Windows\SYSTEM32\dbghelp.dll
0x00007ff81b430000 - 0x00007ff81b43c000 	C:\Program Files\Java\jdk-19\bin\vcruntime140_1.dll
0x00007ff80f4e0000 - 0x00007ff80f56e000 	C:\Program Files\Java\jdk-19\bin\msvcp140.dll
0x00007ff80d2d0000 - 0x00007ff80df90000 	C:\Program Files\Java\jdk-19\bin\server\jvm.dll
0x00007ff846510000 - 0x00007ff846537000 	C:\Windows\SYSTEM32\WINMM.dll
0x00007ff82ac20000 - 0x00007ff82ac29000 	C:\Windows\SYSTEM32\WSOCK32.dll
0x00007ff852bc0000 - 0x00007ff852c2b000 	C:\Windows\System32\WS2_32.dll
0x00007ff84f4d0000 - 0x00007ff84f4e2000 	C:\Windows\SYSTEM32\kernel.appcore.dll
0x00007ff8180e0000 - 0x00007ff8180ea000 	C:\Program Files\Java\jdk-19\bin\jimage.dll
0x00007ff830f40000 - 0x00007ff830f75000 	C:\Windows\SYSTEM32\dbgcore.DLL
0x00007ff850d00000 - 0x00007ff850d82000 	C:\Windows\System32\bcryptPrimitives.dll
0x00007ff849d70000 - 0x00007ff849d7e000 	C:\Program Files\Java\jdk-19\bin\instrument.dll
0x00007ff8127c0000 - 0x00007ff8127e6000 	C:\Program Files\Java\jdk-19\bin\java.dll
0x00007ff80f400000 - 0x00007ff80f4d7000 	C:\Program Files\Java\jdk-19\bin\jsvml.dll
0x00007ff84ea60000 - 0x00007ff84f1f2000 	C:\Windows\SYSTEM32\windows.storage.dll
0x00007ff8516e0000 - 0x00007ff851a35000 	C:\Windows\System32\combase.dll
0x00007ff850650000 - 0x00007ff850680000 	C:\Windows\SYSTEM32\Wldp.dll
0x00007ff852360000 - 0x00007ff85240d000 	C:\Windows\System32\SHCORE.dll
0x00007ff850c10000 - 0x00007ff850c2f000 	C:\Windows\SYSTEM32\profapi.dll
0x00007ff817dd0000 - 0x00007ff817de8000 	C:\Program Files\Java\jdk-19\bin\zip.dll
0x00007ff81f5d0000 - 0x00007ff81f5e3000 	C:\Program Files\Java\jdk-19\bin\net.dll
0x00007ff84bb60000 - 0x00007ff84bc6a000 	C:\Windows\SYSTEM32\WINHTTP.dll
0x00007ff850430000 - 0x00007ff85049a000 	C:\Windows\system32\mswsock.dll
0x00007ff818110000 - 0x00007ff818126000 	C:\Program Files\Java\jdk-19\bin\nio.dll
0x00007ff82abb0000 - 0x00007ff82abca000 	C:\Program Files\JetBrains\IntelliJ IDEA 2022.3.3\bin\breakgen64.dll
0x00007ff821850000 - 0x00007ff821858000 	C:\Program Files\Java\jdk-19\bin\extnet.dll
0x0000000069ac0000 - 0x0000000069ae4000 	C:\Users\javgonzalez\AppData\Local\Temp\jansi-2.4.0-5adfd21cf4f241bf-jansi.dll
0x00007ff817e60000 - 0x00007ff817e70000 	C:\Program Files\Java\jdk-19\bin\verify.dll

dbghelp: loaded successfully - version: 4.0.5 - missing functions: none
symbol engine: initialized successfully - sym options: 0x614 - pdb path: .;C:\Program Files\Java\jdk-19\bin;C:\Windows\SYSTEM32;C:\Windows\WinSxS\amd64_microsoft.windows.common-controls_6595b64144ccf1df_6.0.19041.1110_none_60b5254171f9507e;C:\Program Files\McAfee\Endpoint Security\Threat Prevention\Ips;C:\Program Files\Java\jdk-19\bin\server;C:\Program Files\JetBrains\IntelliJ IDEA 2022.3.3\bin;C:\Users\javgonzalez\AppData\Local\Temp

VM Arguments:
jvm_args: -Dmaven.multiModuleProjectDirectory=C:\Users\javgonzalez\Desktop\PlataformaProveedores -Djansi.passthrough=true -Dmaven.home=C:\Users\javgonzalez\.m2\wrapper\dists\apache-maven-3.8.7-bin\1ktonn2lleg549uah6ngl1r74r\apache-maven-3.8.7 -Dclassworlds.conf=C:\Users\javgonzalez\.m2\wrapper\dists\apache-maven-3.8.7-bin\1ktonn2lleg549uah6ngl1r74r\apache-maven-3.8.7\bin\m2.conf -Dmaven.ext.class.path=C:\Program Files\JetBrains\IntelliJ IDEA 2022.3.3\plugins\maven\lib\maven-event-listener.jar -javaagent:C:\Program Files\JetBrains\IntelliJ IDEA 2022.3.3\lib\idea_rt.jar=53576:C:\Program Files\JetBrains\IntelliJ IDEA 2022.3.3\bin -Dfile.encoding=UTF-8 -Dsun.stdout.encoding=UTF-8 -Dsun.stderr.encoding=UTF-8 
java_command: org.codehaus.classworlds.Launcher -Didea.version=2022.3.3 spring-boot:run
java_class_path (initial): C:\Users\javgonzalez\.m2\wrapper\dists\apache-maven-3.8.7-bin\1ktonn2lleg549uah6ngl1r74r\apache-maven-3.8.7\boot\plexus-classworlds-2.6.0.jar;C:\Users\javgonzalez\.m2\wrapper\dists\apache-maven-3.8.7-bin\1ktonn2lleg549uah6ngl1r74r\apache-maven-3.8.7\boot\plexus-classworlds.license
Launcher Type: SUN_STANDARD

[Global flags]
     intx CICompilerCount                          = 4                                         {product} {ergonomic}
     uint ConcGCThreads                            = 2                                         {product} {ergonomic}
     uint G1ConcRefinementThreads                  = 8                                         {product} {ergonomic}
   size_t G1HeapRegionSize                         = 2097152                                   {product} {ergonomic}
    uintx GCDrainStackTargetSize                   = 64                                        {product} {ergonomic}
   size_t InitialHeapSize                          = 264241152                                 {product} {ergonomic}
   size_t MarkStackSize                            = 4194304                                   {product} {ergonomic}
   size_t MaxHeapSize                              = 4221566976                                {product} {ergonomic}
   size_t MaxNewSize                               = 2531262464                                {product} {ergonomic}
   size_t MinHeapDeltaBytes                        = 2097152                                   {product} {ergonomic}
   size_t MinHeapSize                              = 8388608                                   {product} {ergonomic}
    uintx NonNMethodCodeHeapSize                   = 5839372                                {pd product} {ergonomic}
    uintx NonProfiledCodeHeapSize                  = 122909434                              {pd product} {ergonomic}
    uintx ProfiledCodeHeapSize                     = 122909434                              {pd product} {ergonomic}
    uintx ReservedCodeCacheSize                    = 251658240                              {pd product} {ergonomic}
     bool SegmentedCodeCache                       = true                                      {product} {ergonomic}
   size_t SoftMaxHeapSize                          = 4221566976                             {manageable} {ergonomic}
     bool UseCompressedClassPointers               = true                           {product lp64_product} {ergonomic}
     bool UseCompressedOops                        = true                           {product lp64_product} {ergonomic}
     bool UseG1GC                                  = true                                      {product} {ergonomic}
     bool UseLargePagesIndividualAllocation        = false                                  {pd product} {ergonomic}

Logging:
Log output configuration:
 #0: stdout all=warning uptime,level,tags foldmultilines=false
 #1: stderr all=off uptime,level,tags foldmultilines=false

Environment Variables:
PATH=C:\Program Files\Common Files\Oracle\Java\javapath;C:\orawin11g\jvagonzalez\product\11.2.0\client_1\bin;C:\Oracle\instantclient_21_9;C:\Oracle\jdk\jre\bin\classic;C:\Oracle\jdk\jre\bin;C:\Oracle\jdk\jre\bin\client;C:\Oracle\jlib;C:\Oracle\bin;C:\Oracle\jre\1.4.2\bin\client;C:\Oracle\jre\1.4.2\bin;C:\Program Files (x86)\Common Files\Oracle\Java\javapath;C:\Windows\system32;C:\Windows;C:\Windows\System32\Wbem;C:\Windows\System32\WindowsPowerShell\v1.0\;C:\Windows\System32\OpenSSH\;C:\Program Files\Microsoft SQL Server\150\Tools\Binn\;C:\Program Files\Microsoft SQL Server\Client SDK\ODBC\170\Tools\Binn\;C:\Program Files\dotnet\;C:\Program Files\nodejs\;C:\Program Files\Git\cmd;C:\Users\javgonzalez\AppData\Local\Programs\Python\Python310\Scripts\;C:\Users\javgonzalez\AppData\Local\Programs\Python\Python310\;C:\Users\javgonzalez\AppData\Local\Microsoft\WindowsApps;C:\Users\javgonzalez\.dotnet\tools;C:\Users\javgonzalez\AppData\Roaming\npm;C:\Users\javgonzalez\AppData\Local\Programs\Microsoft VS Code\bin;C:\Users\javgonzalez\AppData\Local\GitHubDesktop\bin
USERNAME=javgonzalez
OS=Windows_NT
PROCESSOR_IDENTIFIER=Intel64 Family 6 Model 140 Stepping 1, GenuineIntel
TMP=C:\Users\JAVGON~1\AppData\Local\Temp
TEMP=C:\Users\JAVGON~1\AppData\Local\Temp



---------------  S Y S T E M  ---------------

OS:
 Windows 10 , 64 bit Build 19041 (10.0.19041.2546)
OS uptime: 0 days 2:05 hours
Hyper-V role detected

CPU: total 8 (initial active 8) (4 cores per cpu, 2 threads per core) family 6 model 140 stepping 1 microcode 0xa4, cx8, cmov, fxsr, ht, mmx, 3dnowpref, sse, sse2, sse3, ssse3, sse4.1, sse4.2, popcnt, lzcnt, tsc, tscinvbit, avx, avx2, aes, erms, clmul, bmi1, bmi2, adx, avx512f, avx512dq, avx512cd, avx512bw, avx512vl, sha, fma, vzeroupper, avx512_vpopcntdq, avx512_vpclmulqdq, avx512_vaes, avx512_vnni, clflush, clflushopt, clwb, avx512_vbmi2, avx512_vbmi, hv, rdtscp, rdpid, fsrm, gfni, avx512_bitalg

Memory: 4k page, system-wide physical 16103M (876M free)
TotalPageFile size 18151M (AvailPageFile size 5M)
current process WorkingSet (physical memory assigned to process): 86M, peak: 86M
current process commit charge ("private bytes"): 363M, peak: 364M

vm_info: Java HotSpot(TM) 64-Bit Server VM (19.0.2+7-44) for windows-amd64 JRE (19.0.2+7-44), built on 2022-11-30T18:02:09Z by "mach5one" with MS VC++ 17.1 (VS2022)

END.
