#
# There is insufficient memory for the Java Runtime Environment to continue.
# Native memory allocation (malloc) failed to allocate 32744 bytes for Chunk::new
# Possible reasons:
#   The system is out of physical RAM or swap space
#   The process is running with CompressedOops enabled, and the Java Heap may be blocking the growth of the native heap
# Possible solutions:
#   Reduce memory load on the system
#   Increase physical memory or swap space
#   Check if swap backing store is full
#   Decrease Java heap size (-Xmx/-Xms)
#   Decrease number of Java threads
#   Decrease Java thread stack sizes (-Xss)
#   Set larger code cache with -XX:ReservedCodeCacheSize=
#   JVM is running with Zero Based Compressed Oops mode in which the Java heap is
#     placed in the first 32GB address space. The Java Heap base address is the
#     maximum limit for the native heap growth. Please use -XX:HeapBaseMinAddress
#     to set the Java Heap base and to place the Java Heap above 32GB virtual address.
# This output file may be truncated or incomplete.
#
#  Out of Memory Error (arena.cpp:184), pid=20416, tid=24420
#
# JRE version: Java(TM) SE Runtime Environment (19.0.2+7) (build 19.0.2+7-44)
# Java VM: Java HotSpot(TM) 64-Bit Server VM (19.0.2+7-44, mixed mode, emulated-client, sharing, tiered, compressed oops, compressed class ptrs, g1 gc, windows-amd64)
# No core dump will be written. Minidumps are not enabled by default on client versions of Windows
#

---------------  S U M M A R Y ------------

Command Line: -XX:TieredStopAtLevel=1 com.plprv.PlataformaProveedores.PlataformaProveedoresApplication

Host: 11th Gen Intel(R) Core(TM) i7-1165G7 @ 2.80GHz, 8 cores, 15G,  Windows 10 , 64 bit Build 19041 (10.0.19041.2546)
Time: Thu Mar 16 08:28:14 2023 Hora est. Pac璗ico, Sudam廨ica elapsed time: 0.617710 seconds (0d 0h 0m 0s)

---------------  T H R E A D  ---------------

Current thread (0x000001d80cc0cf50):  JavaThread "C1 CompilerThread0" daemon [_thread_in_native, id=24420, stack(0x00000007c0200000,0x00000007c0300000)]


Current CompileTask:
C1:    617  690       1       java.net.URLStreamHandler::parseURL (1124 bytes)

Stack: [0x00000007c0200000,0x00000007c0300000]
Native frames: (J=compiled Java code, j=interpreted, Vv=VM code, C=native code)
V  [jvm.dll+0x6ee21a]
V  [jvm.dll+0x85765e]
V  [jvm.dll+0x85904e]
V  [jvm.dll+0x859703]
V  [jvm.dll+0x28298f]
V  [jvm.dll+0xc9adf]
V  [jvm.dll+0xc9e65]
V  [jvm.dll+0x16f57c]
V  [jvm.dll+0x16d00e]
V  [jvm.dll+0x16b675]
V  [jvm.dll+0x173e93]
V  [jvm.dll+0x1733b5]
V  [jvm.dll+0x16ade5]
V  [jvm.dll+0x16d067]
V  [jvm.dll+0x16b57c]
V  [jvm.dll+0x173e93]
V  [jvm.dll+0x1733b5]
V  [jvm.dll+0x16ade5]
V  [jvm.dll+0x16d067]
V  [jvm.dll+0x16b675]
V  [jvm.dll+0x165590]
V  [jvm.dll+0x174ff6]
V  [jvm.dll+0x160bb0]
V  [jvm.dll+0x160f23]
V  [jvm.dll+0x161208]
V  [jvm.dll+0x160666]
V  [jvm.dll+0x16235d]
V  [jvm.dll+0x25b25a]
V  [jvm.dll+0x2596e8]
V  [jvm.dll+0x807588]
V  [jvm.dll+0x80125a]
V  [jvm.dll+0x6ecf0b]
C  [ucrtbase.dll+0x21bb2]
C  [KERNEL32.DLL+0x17614]
C  [ntdll.dll+0x526a1]


---------------  P R O C E S S  ---------------

Threads class SMR info:
_java_thread_list=0x000001d80cd2e030, length=13, elements={
0x000001d870c17610, 0x000001d8080e1950, 0x000001d8080e24a0, 0x000001d8080e7140,
0x000001d8080e7a40, 0x000001d8080e9f90, 0x000001d8080ea820, 0x000001d80cc0cf50,
0x000001d80cc19700, 0x000001d80cd1dbc0, 0x000001d80cd22150, 0x000001d80cd2d350,
0x000001d80cd36540
}

Java Threads: ( => current thread )
  0x000001d870c17610 JavaThread "main" [_thread_in_native, id=29532, stack(0x00000007bf500000,0x00000007bf600000)]
  0x000001d8080e1950 JavaThread "Reference Handler" daemon [_thread_blocked, id=18716, stack(0x00000007bfc00000,0x00000007bfd00000)]
  0x000001d8080e24a0 JavaThread "Finalizer" daemon [_thread_blocked, id=21820, stack(0x00000007bfd00000,0x00000007bfe00000)]
  0x000001d8080e7140 JavaThread "Signal Dispatcher" daemon [_thread_blocked, id=26176, stack(0x00000007bfe00000,0x00000007bff00000)]
  0x000001d8080e7a40 JavaThread "Attach Listener" daemon [_thread_blocked, id=15536, stack(0x00000007bff00000,0x00000007c0000000)]
  0x000001d8080e9f90 JavaThread "Service Thread" daemon [_thread_blocked, id=15508, stack(0x00000007c0000000,0x00000007c0100000)]
  0x000001d8080ea820 JavaThread "Monitor Deflation Thread" daemon [_thread_blocked, id=14844, stack(0x00000007c0100000,0x00000007c0200000)]
=>0x000001d80cc0cf50 JavaThread "C1 CompilerThread0" daemon [_thread_in_native, id=24420, stack(0x00000007c0200000,0x00000007c0300000)]
  0x000001d80cc19700 JavaThread "Sweeper thread" daemon [_thread_blocked, id=10100, stack(0x00000007c0300000,0x00000007c0400000)]
  0x000001d80cd1dbc0 JavaThread "C1 CompilerThread1" daemon [_thread_in_vm, id=28176, stack(0x00000007c0400000,0x00000007c0500000)]
  0x000001d80cd22150 JavaThread "C1 CompilerThread2" daemon [_thread_in_native, id=2128, stack(0x00000007c0500000,0x00000007c0600000)]
  0x000001d80cd2d350 JavaThread "Notification Thread" daemon [_thread_blocked, id=18904, stack(0x00000007c0600000,0x00000007c0700000)]
  0x000001d80cd36540 JavaThread "Common-Cleaner" daemon [_thread_blocked, id=7056, stack(0x00000007c0800000,0x00000007c0900000)]

Other Threads:
  0x000001d8080c7a90 VMThread "VM Thread" [stack: 0x00000007bfb00000,0x00000007bfc00000] [id=6472]
  0x000001d80cd2e8a0 WatcherThread "VM Periodic Task Thread" [stack: 0x00000007c0700000,0x00000007c0800000] [id=23904]
  0x000001d870c85830 WorkerThread "GC Thread#0" [stack: 0x00000007bf600000,0x00000007bf700000] [id=472]
  0x000001d870c973e0 ConcurrentGCThread "G1 Main Marker" [stack: 0x00000007bf700000,0x00000007bf800000] [id=12376]
  0x000001d870c97d20 WorkerThread "G1 Conc#0" [stack: 0x00000007bf800000,0x00000007bf900000] [id=29644]
  0x000001d807f7d880 ConcurrentGCThread "G1 Refine#0" [stack: 0x00000007bf900000,0x00000007bfa00000] [id=24804]
  0x000001d807f802f0 ConcurrentGCThread "G1 Service" [stack: 0x00000007bfa00000,0x00000007bfb00000] [id=13288]

Threads with active compile tasks:
C1 CompilerThread0      671  690       1       java.net.URLStreamHandler::parseURL (1124 bytes)

VM state: not at safepoint (normal execution)

VM Mutex/Monitor currently owned by a thread:  ([mutex/lock_event])
[0x000001d870c12770] CompiledIC_lock - owner thread: 0x0000000000000000

Heap address: 0x00000004d8400000, size: 4026 MB, Compressed Oops mode: Zero based, Oop shift amount: 3

CDS archive(s) mapped at: [0x0000000800000000-0x0000000800c40000-0x0000000800c40000), size 12845056, SharedBaseAddress: 0x0000000800000000, ArchiveRelocationMode: 0.
Compressed class space mapped at: 0x0000000801000000-0x0000000841000000, reserved size: 1073741824
Narrow klass base: 0x0000000800000000, Narrow klass shift: 0, Narrow klass range: 0x100000000

GC Precious Log:
 CardTable entry size: 512
 Card Set container configuration: InlinePtr #cards 4 size 8 Array Of Cards #cards 16 size 48 Howl #buckets 8 coarsen threshold 3686 Howl Bitmap #cards 512 size 80 coarsen threshold 460 Card regions per heap region 1 cards per card region 4096
 CPUs: 8 total, 8 available
 Memory: 16103M
 Large Page Support: Disabled
 NUMA Support: Disabled
 Compressed Oops: Enabled (Zero based)
 Heap Region Size: 2M
 Heap Min Capacity: 8M
 Heap Initial Capacity: 252M
 Heap Max Capacity: 4026M
 Pre-touch: Disabled
 Parallel Workers: 8
 Concurrent Workers: 2
 Concurrent Refinement Workers: 8
 Periodic GC: Disabled

Heap:
 garbage-first heap   total 258048K, used 14336K [0x00000004d8400000, 0x00000005d3e00000)
  region size 2048K, 8 young (16384K), 0 survivors (0K)
 Metaspace       used 2886K, committed 3072K, reserved 1114112K
  class space    used 346K, committed 448K, reserved 1048576K

Heap Regions: E=young(eden), S=young(survivor), O=old, HS=humongous(starts), HC=humongous(continues), CS=collection set, F=free, OA=open archive, CA=closed archive, TAMS=top-at-mark-start (previous, next)
|   0|0x00000004d8400000, 0x00000004d8400000, 0x00000004d8600000|  0%| F|  |TAMS 0x00000004d8400000, 0x00000004d8400000| Untracked 
|   1|0x00000004d8600000, 0x00000004d8600000, 0x00000004d8800000|  0%| F|  |TAMS 0x00000004d8600000, 0x00000004d8600000| Untracked 
|   2|0x00000004d8800000, 0x00000004d8800000, 0x00000004d8a00000|  0%| F|  |TAMS 0x00000004d8800000, 0x00000004d8800000| Untracked 
|   3|0x00000004d8a00000, 0x00000004d8a00000, 0x00000004d8c00000|  0%| F|  |TAMS 0x00000004d8a00000, 0x00000004d8a00000| Untracked 
|   4|0x00000004d8c00000, 0x00000004d8c00000, 0x00000004d8e00000|  0%| F|  |TAMS 0x00000004d8c00000, 0x00000004d8c00000| Untracked 
|   5|0x00000004d8e00000, 0x00000004d8e00000, 0x00000004d9000000|  0%| F|  |TAMS 0x00000004d8e00000, 0x00000004d8e00000| Untracked 
|   6|0x00000004d9000000, 0x00000004d9000000, 0x00000004d9200000|  0%| F|  |TAMS 0x00000004d9000000, 0x00000004d9000000| Untracked 
|   7|0x00000004d9200000, 0x00000004d9200000, 0x00000004d9400000|  0%| F|  |TAMS 0x00000004d9200000, 0x00000004d9200000| Untracked 
|   8|0x00000004d9400000, 0x00000004d9400000, 0x00000004d9600000|  0%| F|  |TAMS 0x00000004d9400000, 0x00000004d9400000| Untracked 
|   9|0x00000004d9600000, 0x00000004d9600000, 0x00000004d9800000|  0%| F|  |TAMS 0x00000004d9600000, 0x00000004d9600000| Untracked 
|  10|0x00000004d9800000, 0x00000004d9800000, 0x00000004d9a00000|  0%| F|  |TAMS 0x00000004d9800000, 0x00000004d9800000| Untracked 
|  11|0x00000004d9a00000, 0x00000004d9a00000, 0x00000004d9c00000|  0%| F|  |TAMS 0x00000004d9a00000, 0x00000004d9a00000| Untracked 
|  12|0x00000004d9c00000, 0x00000004d9c00000, 0x00000004d9e00000|  0%| F|  |TAMS 0x00000004d9c00000, 0x00000004d9c00000| Untracked 
|  13|0x00000004d9e00000, 0x00000004d9e00000, 0x00000004da000000|  0%| F|  |TAMS 0x00000004d9e00000, 0x00000004d9e00000| Untracked 
|  14|0x00000004da000000, 0x00000004da000000, 0x00000004da200000|  0%| F|  |TAMS 0x00000004da000000, 0x00000004da000000| Untracked 
|  15|0x00000004da200000, 0x00000004da200000, 0x00000004da400000|  0%| F|  |TAMS 0x00000004da200000, 0x00000004da200000| Untracked 
|  16|0x00000004da400000, 0x00000004da400000, 0x00000004da600000|  0%| F|  |TAMS 0x00000004da400000, 0x00000004da400000| Untracked 
|  17|0x00000004da600000, 0x00000004da600000, 0x00000004da800000|  0%| F|  |TAMS 0x00000004da600000, 0x00000004da600000| Untracked 
|  18|0x00000004da800000, 0x00000004da800000, 0x00000004daa00000|  0%| F|  |TAMS 0x00000004da800000, 0x00000004da800000| Untracked 
|  19|0x00000004daa00000, 0x00000004daa00000, 0x00000004dac00000|  0%| F|  |TAMS 0x00000004daa00000, 0x00000004daa00000| Untracked 
|  20|0x00000004dac00000, 0x00000004dac00000, 0x00000004dae00000|  0%| F|  |TAMS 0x00000004dac00000, 0x00000004dac00000| Untracked 
|  21|0x00000004dae00000, 0x00000004dae00000, 0x00000004db000000|  0%| F|  |TAMS 0x00000004dae00000, 0x00000004dae00000| Untracked 
|  22|0x00000004db000000, 0x00000004db000000, 0x00000004db200000|  0%| F|  |TAMS 0x00000004db000000, 0x00000004db000000| Untracked 
|  23|0x00000004db200000, 0x00000004db200000, 0x00000004db400000|  0%| F|  |TAMS 0x00000004db200000, 0x00000004db200000| Untracked 
|  24|0x00000004db400000, 0x00000004db400000, 0x00000004db600000|  0%| F|  |TAMS 0x00000004db400000, 0x00000004db400000| Untracked 
|  25|0x00000004db600000, 0x00000004db600000, 0x00000004db800000|  0%| F|  |TAMS 0x00000004db600000, 0x00000004db600000| Untracked 
|  26|0x00000004db800000, 0x00000004db800000, 0x00000004dba00000|  0%| F|  |TAMS 0x00000004db800000, 0x00000004db800000| Untracked 
|  27|0x00000004dba00000, 0x00000004dba00000, 0x00000004dbc00000|  0%| F|  |TAMS 0x00000004dba00000, 0x00000004dba00000| Untracked 
|  28|0x00000004dbc00000, 0x00000004dbc00000, 0x00000004dbe00000|  0%| F|  |TAMS 0x00000004dbc00000, 0x00000004dbc00000| Untracked 
|  29|0x00000004dbe00000, 0x00000004dbe00000, 0x00000004dc000000|  0%| F|  |TAMS 0x00000004dbe00000, 0x00000004dbe00000| Untracked 
|  30|0x00000004dc000000, 0x00000004dc000000, 0x00000004dc200000|  0%| F|  |TAMS 0x00000004dc000000, 0x00000004dc000000| Untracked 
|  31|0x00000004dc200000, 0x00000004dc200000, 0x00000004dc400000|  0%| F|  |TAMS 0x00000004dc200000, 0x00000004dc200000| Untracked 
|  32|0x00000004dc400000, 0x00000004dc400000, 0x00000004dc600000|  0%| F|  |TAMS 0x00000004dc400000, 0x00000004dc400000| Untracked 
|  33|0x00000004dc600000, 0x00000004dc600000, 0x00000004dc800000|  0%| F|  |TAMS 0x00000004dc600000, 0x00000004dc600000| Untracked 
|  34|0x00000004dc800000, 0x00000004dc800000, 0x00000004dca00000|  0%| F|  |TAMS 0x00000004dc800000, 0x00000004dc800000| Untracked 
|  35|0x00000004dca00000, 0x00000004dca00000, 0x00000004dcc00000|  0%| F|  |TAMS 0x00000004dca00000, 0x00000004dca00000| Untracked 
|  36|0x00000004dcc00000, 0x00000004dcc00000, 0x00000004dce00000|  0%| F|  |TAMS 0x00000004dcc00000, 0x00000004dcc00000| Untracked 
|  37|0x00000004dce00000, 0x00000004dce00000, 0x00000004dd000000|  0%| F|  |TAMS 0x00000004dce00000, 0x00000004dce00000| Untracked 
|  38|0x00000004dd000000, 0x00000004dd000000, 0x00000004dd200000|  0%| F|  |TAMS 0x00000004dd000000, 0x00000004dd000000| Untracked 
|  39|0x00000004dd200000, 0x00000004dd200000, 0x00000004dd400000|  0%| F|  |TAMS 0x00000004dd200000, 0x00000004dd200000| Untracked 
|  40|0x00000004dd400000, 0x00000004dd400000, 0x00000004dd600000|  0%| F|  |TAMS 0x00000004dd400000, 0x00000004dd400000| Untracked 
|  41|0x00000004dd600000, 0x00000004dd600000, 0x00000004dd800000|  0%| F|  |TAMS 0x00000004dd600000, 0x00000004dd600000| Untracked 
|  42|0x00000004dd800000, 0x00000004dd800000, 0x00000004dda00000|  0%| F|  |TAMS 0x00000004dd800000, 0x00000004dd800000| Untracked 
|  43|0x00000004dda00000, 0x00000004dda00000, 0x00000004ddc00000|  0%| F|  |TAMS 0x00000004dda00000, 0x00000004dda00000| Untracked 
|  44|0x00000004ddc00000, 0x00000004ddc00000, 0x00000004dde00000|  0%| F|  |TAMS 0x00000004ddc00000, 0x00000004ddc00000| Untracked 
|  45|0x00000004dde00000, 0x00000004dde00000, 0x00000004de000000|  0%| F|  |TAMS 0x00000004dde00000, 0x00000004dde00000| Untracked 
|  46|0x00000004de000000, 0x00000004de000000, 0x00000004de200000|  0%| F|  |TAMS 0x00000004de000000, 0x00000004de000000| Untracked 
|  47|0x00000004de200000, 0x00000004de200000, 0x00000004de400000|  0%| F|  |TAMS 0x00000004de200000, 0x00000004de200000| Untracked 
|  48|0x00000004de400000, 0x00000004de400000, 0x00000004de600000|  0%| F|  |TAMS 0x00000004de400000, 0x00000004de400000| Untracked 
|  49|0x00000004de600000, 0x00000004de600000, 0x00000004de800000|  0%| F|  |TAMS 0x00000004de600000, 0x00000004de600000| Untracked 
|  50|0x00000004de800000, 0x00000004de800000, 0x00000004dea00000|  0%| F|  |TAMS 0x00000004de800000, 0x00000004de800000| Untracked 
|  51|0x00000004dea00000, 0x00000004dea00000, 0x00000004dec00000|  0%| F|  |TAMS 0x00000004dea00000, 0x00000004dea00000| Untracked 
|  52|0x00000004dec00000, 0x00000004dec00000, 0x00000004dee00000|  0%| F|  |TAMS 0x00000004dec00000, 0x00000004dec00000| Untracked 
|  53|0x00000004dee00000, 0x00000004dee00000, 0x00000004df000000|  0%| F|  |TAMS 0x00000004dee00000, 0x00000004dee00000| Untracked 
|  54|0x00000004df000000, 0x00000004df000000, 0x00000004df200000|  0%| F|  |TAMS 0x00000004df000000, 0x00000004df000000| Untracked 
|  55|0x00000004df200000, 0x00000004df200000, 0x00000004df400000|  0%| F|  |TAMS 0x00000004df200000, 0x00000004df200000| Untracked 
|  56|0x00000004df400000, 0x00000004df400000, 0x00000004df600000|  0%| F|  |TAMS 0x00000004df400000, 0x00000004df400000| Untracked 
|  57|0x00000004df600000, 0x00000004df600000, 0x00000004df800000|  0%| F|  |TAMS 0x00000004df600000, 0x00000004df600000| Untracked 
|  58|0x00000004df800000, 0x00000004df800000, 0x00000004dfa00000|  0%| F|  |TAMS 0x00000004df800000, 0x00000004df800000| Untracked 
|  59|0x00000004dfa00000, 0x00000004dfa00000, 0x00000004dfc00000|  0%| F|  |TAMS 0x00000004dfa00000, 0x00000004dfa00000| Untracked 
|  60|0x00000004dfc00000, 0x00000004dfc00000, 0x00000004dfe00000|  0%| F|  |TAMS 0x00000004dfc00000, 0x00000004dfc00000| Untracked 
|  61|0x00000004dfe00000, 0x00000004dfe00000, 0x00000004e0000000|  0%| F|  |TAMS 0x00000004dfe00000, 0x00000004dfe00000| Untracked 
|  62|0x00000004e0000000, 0x00000004e0000000, 0x00000004e0200000|  0%| F|  |TAMS 0x00000004e0000000, 0x00000004e0000000| Untracked 
|  63|0x00000004e0200000, 0x00000004e0200000, 0x00000004e0400000|  0%| F|  |TAMS 0x00000004e0200000, 0x00000004e0200000| Untracked 
|  64|0x00000004e0400000, 0x00000004e0400000, 0x00000004e0600000|  0%| F|  |TAMS 0x00000004e0400000, 0x00000004e0400000| Untracked 
|  65|0x00000004e0600000, 0x00000004e0600000, 0x00000004e0800000|  0%| F|  |TAMS 0x00000004e0600000, 0x00000004e0600000| Untracked 
|  66|0x00000004e0800000, 0x00000004e0800000, 0x00000004e0a00000|  0%| F|  |TAMS 0x00000004e0800000, 0x00000004e0800000| Untracked 
|  67|0x00000004e0a00000, 0x00000004e0a00000, 0x00000004e0c00000|  0%| F|  |TAMS 0x00000004e0a00000, 0x00000004e0a00000| Untracked 
|  68|0x00000004e0c00000, 0x00000004e0c00000, 0x00000004e0e00000|  0%| F|  |TAMS 0x00000004e0c00000, 0x00000004e0c00000| Untracked 
|  69|0x00000004e0e00000, 0x00000004e0e00000, 0x00000004e1000000|  0%| F|  |TAMS 0x00000004e0e00000, 0x00000004e0e00000| Untracked 
|  70|0x00000004e1000000, 0x00000004e1000000, 0x00000004e1200000|  0%| F|  |TAMS 0x00000004e1000000, 0x00000004e1000000| Untracked 
|  71|0x00000004e1200000, 0x00000004e1200000, 0x00000004e1400000|  0%| F|  |TAMS 0x00000004e1200000, 0x00000004e1200000| Untracked 
|  72|0x00000004e1400000, 0x00000004e1400000, 0x00000004e1600000|  0%| F|  |TAMS 0x00000004e1400000, 0x00000004e1400000| Untracked 
|  73|0x00000004e1600000, 0x00000004e1600000, 0x00000004e1800000|  0%| F|  |TAMS 0x00000004e1600000, 0x00000004e1600000| Untracked 
|  74|0x00000004e1800000, 0x00000004e1800000, 0x00000004e1a00000|  0%| F|  |TAMS 0x00000004e1800000, 0x00000004e1800000| Untracked 
|  75|0x00000004e1a00000, 0x00000004e1a00000, 0x00000004e1c00000|  0%| F|  |TAMS 0x00000004e1a00000, 0x00000004e1a00000| Untracked 
|  76|0x00000004e1c00000, 0x00000004e1c00000, 0x00000004e1e00000|  0%| F|  |TAMS 0x00000004e1c00000, 0x00000004e1c00000| Untracked 
|  77|0x00000004e1e00000, 0x00000004e1e00000, 0x00000004e2000000|  0%| F|  |TAMS 0x00000004e1e00000, 0x00000004e1e00000| Untracked 
|  78|0x00000004e2000000, 0x00000004e2000000, 0x00000004e2200000|  0%| F|  |TAMS 0x00000004e2000000, 0x00000004e2000000| Untracked 
|  79|0x00000004e2200000, 0x00000004e2200000, 0x00000004e2400000|  0%| F|  |TAMS 0x00000004e2200000, 0x00000004e2200000| Untracked 
|  80|0x00000004e2400000, 0x00000004e2400000, 0x00000004e2600000|  0%| F|  |TAMS 0x00000004e2400000, 0x00000004e2400000| Untracked 
|  81|0x00000004e2600000, 0x00000004e2600000, 0x00000004e2800000|  0%| F|  |TAMS 0x00000004e2600000, 0x00000004e2600000| Untracked 
|  82|0x00000004e2800000, 0x00000004e2800000, 0x00000004e2a00000|  0%| F|  |TAMS 0x00000004e2800000, 0x00000004e2800000| Untracked 
|  83|0x00000004e2a00000, 0x00000004e2a00000, 0x00000004e2c00000|  0%| F|  |TAMS 0x00000004e2a00000, 0x00000004e2a00000| Untracked 
|  84|0x00000004e2c00000, 0x00000004e2c00000, 0x00000004e2e00000|  0%| F|  |TAMS 0x00000004e2c00000, 0x00000004e2c00000| Untracked 
|  85|0x00000004e2e00000, 0x00000004e2e00000, 0x00000004e3000000|  0%| F|  |TAMS 0x00000004e2e00000, 0x00000004e2e00000| Untracked 
|  86|0x00000004e3000000, 0x00000004e3000000, 0x00000004e3200000|  0%| F|  |TAMS 0x00000004e3000000, 0x00000004e3000000| Untracked 
|  87|0x00000004e3200000, 0x00000004e3200000, 0x00000004e3400000|  0%| F|  |TAMS 0x00000004e3200000, 0x00000004e3200000| Untracked 
|  88|0x00000004e3400000, 0x00000004e3400000, 0x00000004e3600000|  0%| F|  |TAMS 0x00000004e3400000, 0x00000004e3400000| Untracked 
|  89|0x00000004e3600000, 0x00000004e3600000, 0x00000004e3800000|  0%| F|  |TAMS 0x00000004e3600000, 0x00000004e3600000| Untracked 
|  90|0x00000004e3800000, 0x00000004e3800000, 0x00000004e3a00000|  0%| F|  |TAMS 0x00000004e3800000, 0x00000004e3800000| Untracked 
|  91|0x00000004e3a00000, 0x00000004e3a00000, 0x00000004e3c00000|  0%| F|  |TAMS 0x00000004e3a00000, 0x00000004e3a00000| Untracked 
|  92|0x00000004e3c00000, 0x00000004e3c00000, 0x00000004e3e00000|  0%| F|  |TAMS 0x00000004e3c00000, 0x00000004e3c00000| Untracked 
|  93|0x00000004e3e00000, 0x00000004e3e00000, 0x00000004e4000000|  0%| F|  |TAMS 0x00000004e3e00000, 0x00000004e3e00000| Untracked 
|  94|0x00000004e4000000, 0x00000004e4000000, 0x00000004e4200000|  0%| F|  |TAMS 0x00000004e4000000, 0x00000004e4000000| Untracked 
|  95|0x00000004e4200000, 0x00000004e4200000, 0x00000004e4400000|  0%| F|  |TAMS 0x00000004e4200000, 0x00000004e4200000| Untracked 
|  96|0x00000004e4400000, 0x00000004e4400000, 0x00000004e4600000|  0%| F|  |TAMS 0x00000004e4400000, 0x00000004e4400000| Untracked 
|  97|0x00000004e4600000, 0x00000004e4600000, 0x00000004e4800000|  0%| F|  |TAMS 0x00000004e4600000, 0x00000004e4600000| Untracked 
|  98|0x00000004e4800000, 0x00000004e4800000, 0x00000004e4a00000|  0%| F|  |TAMS 0x00000004e4800000, 0x00000004e4800000| Untracked 
|  99|0x00000004e4a00000, 0x00000004e4a00000, 0x00000004e4c00000|  0%| F|  |TAMS 0x00000004e4a00000, 0x00000004e4a00000| Untracked 
| 100|0x00000004e4c00000, 0x00000004e4c00000, 0x00000004e4e00000|  0%| F|  |TAMS 0x00000004e4c00000, 0x00000004e4c00000| Untracked 
| 101|0x00000004e4e00000, 0x00000004e4e00000, 0x00000004e5000000|  0%| F|  |TAMS 0x00000004e4e00000, 0x00000004e4e00000| Untracked 
| 102|0x00000004e5000000, 0x00000004e5000000, 0x00000004e5200000|  0%| F|  |TAMS 0x00000004e5000000, 0x00000004e5000000| Untracked 
| 103|0x00000004e5200000, 0x00000004e5200000, 0x00000004e5400000|  0%| F|  |TAMS 0x00000004e5200000, 0x00000004e5200000| Untracked 
| 104|0x00000004e5400000, 0x00000004e5400000, 0x00000004e5600000|  0%| F|  |TAMS 0x00000004e5400000, 0x00000004e5400000| Untracked 
| 105|0x00000004e5600000, 0x00000004e5600000, 0x00000004e5800000|  0%| F|  |TAMS 0x00000004e5600000, 0x00000004e5600000| Untracked 
| 106|0x00000004e5800000, 0x00000004e5800000, 0x00000004e5a00000|  0%| F|  |TAMS 0x00000004e5800000, 0x00000004e5800000| Untracked 
| 107|0x00000004e5a00000, 0x00000004e5a00000, 0x00000004e5c00000|  0%| F|  |TAMS 0x00000004e5a00000, 0x00000004e5a00000| Untracked 
| 108|0x00000004e5c00000, 0x00000004e5c00000, 0x00000004e5e00000|  0%| F|  |TAMS 0x00000004e5c00000, 0x00000004e5c00000| Untracked 
| 109|0x00000004e5e00000, 0x00000004e5e00000, 0x00000004e6000000|  0%| F|  |TAMS 0x00000004e5e00000, 0x00000004e5e00000| Untracked 
| 110|0x00000004e6000000, 0x00000004e6000000, 0x00000004e6200000|  0%| F|  |TAMS 0x00000004e6000000, 0x00000004e6000000| Untracked 
| 111|0x00000004e6200000, 0x00000004e6200000, 0x00000004e6400000|  0%| F|  |TAMS 0x00000004e6200000, 0x00000004e6200000| Untracked 
| 112|0x00000004e6400000, 0x00000004e6400000, 0x00000004e6600000|  0%| F|  |TAMS 0x00000004e6400000, 0x00000004e6400000| Untracked 
| 113|0x00000004e6600000, 0x00000004e6600000, 0x00000004e6800000|  0%| F|  |TAMS 0x00000004e6600000, 0x00000004e6600000| Untracked 
| 114|0x00000004e6800000, 0x00000004e6800000, 0x00000004e6a00000|  0%| F|  |TAMS 0x00000004e6800000, 0x00000004e6800000| Untracked 
| 115|0x00000004e6a00000, 0x00000004e6a00000, 0x00000004e6c00000|  0%| F|  |TAMS 0x00000004e6a00000, 0x00000004e6a00000| Untracked 
| 116|0x00000004e6c00000, 0x00000004e6c00000, 0x00000004e6e00000|  0%| F|  |TAMS 0x00000004e6c00000, 0x00000004e6c00000| Untracked 
| 117|0x00000004e6e00000, 0x00000004e6e00000, 0x00000004e7000000|  0%| F|  |TAMS 0x00000004e6e00000, 0x00000004e6e00000| Untracked 
| 118|0x00000004e7000000, 0x00000004e70713c0, 0x00000004e7200000| 22%| E|  |TAMS 0x00000004e7000000, 0x00000004e7000000| Complete 
| 119|0x00000004e7200000, 0x00000004e7400000, 0x00000004e7400000|100%| E|CS|TAMS 0x00000004e7200000, 0x00000004e7200000| Complete 
| 120|0x00000004e7400000, 0x00000004e7600000, 0x00000004e7600000|100%| E|CS|TAMS 0x00000004e7400000, 0x00000004e7400000| Complete 
| 121|0x00000004e7600000, 0x00000004e7800000, 0x00000004e7800000|100%| E|CS|TAMS 0x00000004e7600000, 0x00000004e7600000| Complete 
| 122|0x00000004e7800000, 0x00000004e7a00000, 0x00000004e7a00000|100%| E|CS|TAMS 0x00000004e7800000, 0x00000004e7800000| Complete 
| 123|0x00000004e7a00000, 0x00000004e7c00000, 0x00000004e7c00000|100%| E|CS|TAMS 0x00000004e7a00000, 0x00000004e7a00000| Complete 
| 124|0x00000004e7c00000, 0x00000004e7e00000, 0x00000004e7e00000|100%| E|CS|TAMS 0x00000004e7c00000, 0x00000004e7c00000| Complete 
| 125|0x00000004e7e00000, 0x00000004e8000000, 0x00000004e8000000|100%| E|CS|TAMS 0x00000004e7e00000, 0x00000004e7e00000| Complete 

Card table byte_map: [0x000001d87cfb0000,0x000001d87d790000] _byte_map_base: 0x000001d87a8ee000

Marking Bits (Prev, Next): (CMBitMap*) 0x000001d870c86d80, (CMBitMap*) 0x000001d870c86dc0
 Prev Bits: [0x000001d800000000, 0x000001d803ee8000)
 Next Bits: [0x000001d803ef0000, 0x000001d807dd8000)

Polling page: 0x000001d86f1b0000

Metaspace:

Usage:
  Non-class:      2.53 MB used.
      Class:    350.90 KB used.
       Both:      2.88 MB used.

Virtual space:
  Non-class space:       64.00 MB reserved,       2.62 MB (  4%) committed,  1 nodes.
      Class space:        1.00 GB reserved,     448.00 KB ( <1%) committed,  1 nodes.
             Both:        1.06 GB reserved,       3.06 MB ( <1%) committed. 

Chunk freelists:
   Non-Class:  2.69 MB
       Class:  3.55 MB
        Both:  6.23 MB

MaxMetaspaceSize: unlimited
CompressedClassSpaceSize: 1.00 GB
Initial GC threshold: 21.00 MB
Current GC threshold: 21.00 MB
CDS: on
MetaspaceReclaimPolicy: balanced
 - commit_granule_bytes: 65536.
 - commit_granule_words: 8192.
 - virtual_space_node_default_size: 8388608.
 - enlarge_chunks_in_place: 1.
 - new_chunks_are_fully_committed: 0.
 - uncommit_free_chunks: 1.
 - use_allocation_guard: 0.


Internal statistics:

num_allocs_failed_limit: 0.
num_arena_births: 68.
num_arena_deaths: 0.
num_vsnodes_births: 2.
num_vsnodes_deaths: 0.
num_space_committed: 49.
num_space_uncommitted: 0.
num_chunks_returned_to_freelist: 0.
num_chunks_taken_from_freelist: 152.
num_chunk_merges: 0.
num_chunk_splits: 87.
num_chunks_enlarged: 64.
num_inconsistent_stats: 0.

CodeCache: size=49152Kb used=3395Kb max_used=3395Kb free=45756Kb
 bounds [0x000001d878f50000, 0x000001d8792b0000, 0x000001d87bf50000]
 total_blobs=1175 nmethods=752 adapters=347
 compilation: enabled
              stopped_count=0, restarted_count=0
 full_count=0

Compilation events (20 events):
Event: 0.601 Thread 0x000001d80cc0cf50 nmethod 678 0x000001d879282b90 code [0x000001d879282dc0, 0x000001d8792832e8]
Event: 0.607 Thread 0x000001d80cc0cf50  682       1       sun.invoke.util.VerifyType::isNullConversion (157 bytes)
Event: 0.608 Thread 0x000001d80cd22150  683       1       java.lang.invoke.LambdaForm::uncustomize (57 bytes)
Event: 0.608 Thread 0x000001d80cd22150 nmethod 683 0x000001d879283a90 code [0x000001d879283c40, 0x000001d879283dc8]
Event: 0.608 Thread 0x000001d80cc0cf50 nmethod 682 0x000001d879283e90 code [0x000001d8792840c0, 0x000001d879284768]
Event: 0.609 Thread 0x000001d80cd1dbc0  684       1       java.lang.invoke.MethodType::genericMethodType (95 bytes)
Event: 0.609 Thread 0x000001d80cd22150  685       1       java.util.concurrent.locks.ReentrantLock$NonfairSync::<init> (5 bytes)
Event: 0.609 Thread 0x000001d80cc0cf50  686       1       java.util.concurrent.locks.ReentrantLock$Sync::<init> (5 bytes)
Event: 0.609 Thread 0x000001d80cd22150 nmethod 685 0x000001d879284990 code [0x000001d879284b20, 0x000001d879284bd8]
Event: 0.609 Thread 0x000001d80cc0cf50 nmethod 686 0x000001d879284c90 code [0x000001d879284e20, 0x000001d879284ed8]
Event: 0.609 Thread 0x000001d80cd22150  687       1       java.util.concurrent.locks.AbstractQueuedSynchronizer::<init> (5 bytes)
Event: 0.609 Thread 0x000001d80cc0cf50  688       1       java.util.concurrent.locks.AbstractOwnableSynchronizer::<init> (5 bytes)
Event: 0.609 Thread 0x000001d80cd22150 nmethod 687 0x000001d879284f90 code [0x000001d879285120, 0x000001d8792851d8]
Event: 0.609 Thread 0x000001d80cc0cf50 nmethod 688 0x000001d879285290 code [0x000001d879285420, 0x000001d8792854d8]
Event: 0.609 Thread 0x000001d80cd22150  689       1       java.util.concurrent.locks.ReentrantLock::<init> (16 bytes)
Event: 0.609 Thread 0x000001d80cc0cf50  690       1       java.net.URLStreamHandler::parseURL (1124 bytes)
Event: 0.609 Thread 0x000001d80cd22150 nmethod 689 0x000001d879285590 code [0x000001d879285720, 0x000001d879285898]
Event: 0.610 Thread 0x000001d80cd1dbc0 nmethod 684 0x000001d879285910 code [0x000001d879285b40, 0x000001d8792862b8]
Event: 0.610 Thread 0x000001d80cd1dbc0  691       1       java.util.concurrent.CopyOnWriteArrayList::setArray (6 bytes)
Event: 0.610 Thread 0x000001d80cd1dbc0 nmethod 691 0x000001d879286610 code [0x000001d8792867a0, 0x000001d8792868b8]

GC Heap History (0 events):
No events

Dll operation events (6 events):
Event: 0.013 Loaded shared library C:\Program Files\Java\jdk-19\bin\java.dll
Event: 0.051 Loaded shared library C:\Program Files\Java\jdk-19\bin\jsvml.dll
Event: 0.208 Loaded shared library C:\Program Files\Java\jdk-19\bin\net.dll
Event: 0.213 Loaded shared library C:\Program Files\Java\jdk-19\bin\nio.dll
Event: 0.221 Loaded shared library C:\Program Files\Java\jdk-19\bin\zip.dll
Event: 0.383 Loaded shared library C:\Program Files\Java\jdk-19\bin\jimage.dll

Deoptimization events (0 events):
No events

Classes loaded (20 events):
Event: 0.591 Loading class java/util/stream/ReferencePipeline$StatefulOp done
Event: 0.591 Loading class java/util/stream/DistinctOps$1 done
Event: 0.591 Loading class java/util/ImmutableCollections$Access
Event: 0.591 Loading class java/util/ImmutableCollections$Access done
Event: 0.591 Loading class java/util/ImmutableCollections$Access$1
Event: 0.591 Loading class jdk/internal/access/JavaUtilCollectionAccess
Event: 0.591 Loading class jdk/internal/access/JavaUtilCollectionAccess done
Event: 0.592 Loading class java/util/ImmutableCollections$Access$1 done
Event: 0.593 Loading class java/util/stream/Nodes$SpinedNodeBuilder
Event: 0.593 Loading class java/util/stream/SpinedBuffer
Event: 0.593 Loading class java/util/stream/AbstractSpinedBuffer
Event: 0.593 Loading class java/util/stream/AbstractSpinedBuffer done
Event: 0.593 Loading class java/util/stream/SpinedBuffer done
Event: 0.593 Loading class java/util/stream/Nodes$SpinedNodeBuilder done
Event: 0.593 Loading class java/util/stream/DistinctOps$1$2
Event: 0.593 Loading class java/util/stream/DistinctOps$1$2 done
Event: 0.606 Loading class java/lang/IllegalAccessException
Event: 0.606 Loading class java/lang/IllegalAccessException done
Event: 0.606 Loading class java/lang/reflect/UndeclaredThrowableException
Event: 0.606 Loading class java/lang/reflect/UndeclaredThrowableException done

Classes unloaded (0 events):
No events

Classes redefined (0 events):
No events

Internal exceptions (4 events):
Event: 0.455 Thread 0x000001d870c17610 Exception <a 'java/lang/ClassNotFoundException'{0x00000004e77a2690}: javax/smartcardio/CardPermission> (0x00000004e77a2690) 
thrown [s\open\src\hotspot\share\classfile\systemDictionary.cpp, line 255]
Event: 0.461 Thread 0x000001d870c17610 Exception <a 'java/io/FileNotFoundException'{0x00000004e77b0de8}> (0x00000004e77b0de8) 
thrown [s\open\src\hotspot\share\prims\jni.cpp, line 517]
Event: 0.562 Thread 0x000001d870c17610 Exception <a 'java/lang/NoSuchMethodError'{0x00000004e75c71c0}: 'void java.lang.invoke.DirectMethodHandle$Holder.invokeStatic(java.lang.Object, java.lang.Object, java.lang.Object, java.lang.Object)'> (0x00000004e75c71c0) 
thrown [s\open\src\hotspot\share\interpreter\linkResolver.cpp, line 774]
Event: 0.607 Thread 0x000001d870c17610 Exception <a 'java/lang/NoSuchMethodError'{0x00000004e72e6520}: 'int java.lang.invoke.DirectMethodHandle$Holder.invokeStaticInit(java.lang.Object, java.lang.Object)'> (0x00000004e72e6520) 
thrown [s\open\src\hotspot\share\interpreter\linkResolver.cpp, line 774]

VM Operations (8 events):
Event: 0.223 Executing VM operation: HandshakeAllThreads
Event: 0.223 Executing VM operation: HandshakeAllThreads done
Event: 0.376 Executing VM operation: HandshakeAllThreads
Event: 0.376 Executing VM operation: HandshakeAllThreads done
Event: 0.388 Executing VM operation: HandshakeAllThreads
Event: 0.389 Executing VM operation: HandshakeAllThreads done
Event: 0.527 Executing VM operation: HandshakeAllThreads
Event: 0.527 Executing VM operation: HandshakeAllThreads done

Events (13 events):
Event: 0.052 Thread 0x000001d870c17610 Thread added: 0x000001d870c17610
Event: 0.075 Thread 0x000001d8080e1950 Thread added: 0x000001d8080e1950
Event: 0.075 Thread 0x000001d8080e24a0 Thread added: 0x000001d8080e24a0
Event: 0.076 Thread 0x000001d8080e7140 Thread added: 0x000001d8080e7140
Event: 0.076 Thread 0x000001d8080e7a40 Thread added: 0x000001d8080e7a40
Event: 0.076 Thread 0x000001d8080e9f90 Thread added: 0x000001d8080e9f90
Event: 0.076 Thread 0x000001d8080ea820 Thread added: 0x000001d8080ea820
Event: 0.076 Thread 0x000001d80cc0cf50 Thread added: 0x000001d80cc0cf50
Event: 0.077 Thread 0x000001d80cc19700 Thread added: 0x000001d80cc19700
Event: 0.190 Thread 0x000001d80cd1dbc0 Thread added: 0x000001d80cd1dbc0
Event: 0.190 Thread 0x000001d80cd22150 Thread added: 0x000001d80cd22150
Event: 0.194 Thread 0x000001d80cd2d350 Thread added: 0x000001d80cd2d350
Event: 0.200 Thread 0x000001d80cd36540 Thread added: 0x000001d80cd36540


Dynamic libraries:
0x00007ff751000000 - 0x00007ff751010000 	C:\Program Files\Java\jdk-19\bin\java.exe
0x00007ff93a4f0000 - 0x00007ff93a6e8000 	C:\Windows\SYSTEM32\ntdll.dll
0x00007ff938ff0000 - 0x00007ff9390af000 	C:\Windows\System32\KERNEL32.DLL
0x00007ff937d50000 - 0x00007ff938022000 	C:\Windows\System32\KERNELBASE.dll
0x00007ff938230000 - 0x00007ff938330000 	C:\Windows\System32\ucrtbase.dll
0x00007ff928490000 - 0x00007ff9284a8000 	C:\Program Files\Java\jdk-19\bin\jli.dll
0x00007ff928350000 - 0x00007ff92836b000 	C:\Program Files\Java\jdk-19\bin\VCRUNTIME140.dll
0x00007ff939f60000 - 0x00007ff93a00e000 	C:\Windows\System32\ADVAPI32.dll
0x00007ff938ac0000 - 0x00007ff938b5e000 	C:\Windows\System32\msvcrt.dll
0x00007ff939ec0000 - 0x00007ff939f5c000 	C:\Windows\System32\sechost.dll
0x00007ff939190000 - 0x00007ff9392b4000 	C:\Windows\System32\RPCRT4.dll
0x00007ff938910000 - 0x00007ff938ab1000 	C:\Windows\System32\USER32.dll
0x00007ff937cf0000 - 0x00007ff937d12000 	C:\Windows\System32\win32u.dll
0x00007ff921f40000 - 0x00007ff9221da000 	C:\Windows\WinSxS\amd64_microsoft.windows.common-controls_6595b64144ccf1df_6.0.19041.1110_none_60b5254171f9507e\COMCTL32.dll
0x00007ff93a480000 - 0x00007ff93a4ab000 	C:\Windows\System32\GDI32.dll
0x00007ff938430000 - 0x00007ff93853f000 	C:\Windows\System32\gdi32full.dll
0x00007ff938190000 - 0x00007ff93822d000 	C:\Windows\System32\msvcp_win.dll
0x00007ff92f100000 - 0x00007ff92f10a000 	C:\Windows\SYSTEM32\VERSION.dll
0x00007ff939370000 - 0x00007ff9393a0000 	C:\Windows\System32\IMM32.DLL
0x00007ff8ff0d0000 - 0x00007ff8ff174000 	C:\Program Files\McAfee\Endpoint Security\Threat Prevention\Ips\EpMPApi.dll
0x00007ff937c80000 - 0x00007ff937ce9000 	C:\Windows\System32\WINTRUST.dll
0x00007ff938030000 - 0x00007ff938186000 	C:\Windows\System32\CRYPT32.dll
0x00007ff9377e0000 - 0x00007ff9377f2000 	C:\Windows\SYSTEM32\MSASN1.dll
0x0000000071c50000 - 0x0000000071c5c000 	C:\Program Files\McAfee\Endpoint Security\Threat Prevention\Ips\EpMPThe.dll
0x00007ff8ff070000 - 0x00007ff8ff0cb000 	C:\Program Files\McAfee\Endpoint Security\Threat Prevention\Ips\HIPHandlers64.dll
0x00007ff939770000 - 0x00007ff939eb5000 	C:\Windows\System32\SHELL32.dll
0x00007ff938b70000 - 0x00007ff938bc5000 	C:\Windows\System32\SHLWAPI.dll
0x00007ff935a20000 - 0x00007ff935c04000 	C:\Windows\SYSTEM32\dbghelp.dll
0x00007ff928340000 - 0x00007ff92834c000 	C:\Program Files\Java\jdk-19\bin\vcruntime140_1.dll
0x00007ff8f17c0000 - 0x00007ff8f184e000 	C:\Program Files\Java\jdk-19\bin\msvcp140.dll
0x00007ff8e28f0000 - 0x00007ff8e35b0000 	C:\Program Files\Java\jdk-19\bin\server\jvm.dll
0x00007ff90d940000 - 0x00007ff90d949000 	C:\Windows\SYSTEM32\WSOCK32.dll
0x00007ff92d110000 - 0x00007ff92d137000 	C:\Windows\SYSTEM32\WINMM.dll
0x00007ff939650000 - 0x00007ff9396bb000 	C:\Windows\System32\WS2_32.dll
0x00007ff9363f0000 - 0x00007ff936402000 	C:\Windows\SYSTEM32\kernel.appcore.dll
0x00007ff928330000 - 0x00007ff92833a000 	C:\Program Files\Java\jdk-19\bin\jimage.dll
0x00007ff917230000 - 0x00007ff917265000 	C:\Windows\SYSTEM32\dbgcore.DLL
0x00007ff937bf0000 - 0x00007ff937c72000 	C:\Windows\System32\bcryptPrimitives.dll
0x00007ff90d9a0000 - 0x00007ff90d9c6000 	C:\Program Files\Java\jdk-19\bin\java.dll
0x00007ff8e80a0000 - 0x00007ff8e8177000 	C:\Program Files\Java\jdk-19\bin\jsvml.dll
0x00007ff935c40000 - 0x00007ff9363d2000 	C:\Windows\SYSTEM32\windows.storage.dll
0x00007ff938540000 - 0x00007ff938895000 	C:\Windows\System32\combase.dll
0x00007ff937570000 - 0x00007ff9375a0000 	C:\Windows\SYSTEM32\Wldp.dll
0x00007ff9392c0000 - 0x00007ff93936d000 	C:\Windows\System32\SHCORE.dll
0x00007ff937b30000 - 0x00007ff937b4f000 	C:\Windows\SYSTEM32\profapi.dll
0x00007ff921580000 - 0x00007ff921593000 	C:\Program Files\Java\jdk-19\bin\net.dll
0x00007ff932ae0000 - 0x00007ff932bea000 	C:\Windows\SYSTEM32\WINHTTP.dll
0x00007ff937350000 - 0x00007ff9373ba000 	C:\Windows\system32\mswsock.dll
0x00007ff907830000 - 0x00007ff907846000 	C:\Program Files\Java\jdk-19\bin\nio.dll
0x00007ff907810000 - 0x00007ff907828000 	C:\Program Files\Java\jdk-19\bin\zip.dll

dbghelp: loaded successfully - version: 4.0.5 - missing functions: none
symbol engine: initialized successfully - sym options: 0x614 - pdb path: .;C:\Program Files\Java\jdk-19\bin;C:\Windows\SYSTEM32;C:\Windows\WinSxS\amd64_microsoft.windows.common-controls_6595b64144ccf1df_6.0.19041.1110_none_60b5254171f9507e;C:\Program Files\McAfee\Endpoint Security\Threat Prevention\Ips;C:\Program Files\Java\jdk-19\bin\server

VM Arguments:
jvm_args: -XX:TieredStopAtLevel=1 
java_command: com.plprv.PlataformaProveedores.PlataformaProveedoresApplication
java_class_path (initial): C:\Users\javgonzalez\Desktop\Nueva carpeta\PlataformaProveedores\target\classes;C:\Users\javgonzalez\.m2\repository\org\aspectj\aspectjweaver\1.9.19\aspectjweaver-1.9.19.jar;C:\Users\javgonzalez\.m2\repository\com\zaxxer\HikariCP\5.0.1\HikariCP-5.0.1.jar;C:\Users\javgonzalez\.m2\repository\org\springframework\spring-jdbc\6.0.6\spring-jdbc-6.0.6.jar;C:\Users\javgonzalez\.m2\repository\org\hibernate\orm\hibernate-core\6.1.7.Final\hibernate-core-6.1.7.Final.jar;C:\Users\javgonzalez\.m2\repository\jakarta\persistence\jakarta.persistence-api\3.1.0\jakarta.persistence-api-3.1.0.jar;C:\Users\javgonzalez\.m2\repository\jakarta\transaction\jakarta.transaction-api\2.0.1\jakarta.transaction-api-2.0.1.jar;C:\Users\javgonzalez\.m2\repository\org\jboss\logging\jboss-logging\3.5.0.Final\jboss-logging-3.5.0.Final.jar;C:\Users\javgonzalez\.m2\repository\org\hibernate\common\hibernate-commons-annotations\6.0.6.Final\hibernate-commons-annotations-6.0.6.Final.jar;C:\Users\javgonzalez\.m2\repository\org\jboss\jandex\2.4.2.Final\jandex-2.4.2.Final.jar;C:\Users\javgonzalez\.m2\repository\com\fasterxml\classmate\1.5.1\classmate-1.5.1.jar;C:\Users\javgonzalez\.m2\repository\net\bytebuddy\byte-buddy\1.12.23\byte-buddy-1.12.23.jar;C:\Users\javgonzalez\.m2\repository\org\glassfish\jaxb\jaxb-runtime\4.0.2\jaxb-runtime-4.0.2.jar;C:\Users\javgonzalez\.m2\repository\org\glassfish\jaxb\jaxb-core\4.0.2\jaxb-core-4.0.2.jar;C:\Users\javgonzalez\.m2\repository\org\eclipse\angus\angus-activation\2.0.0\angus-activation-2.0.0.jar;C:\Users\javgonzalez\.m2\repository\org\glassfish\jaxb\txw2\4.0.2\txw2-4.0.2.jar;C:\Users\javgonzalez\.m2\repository\com\sun\istack\istack-commons-runtime\4.1.1\istack-commons-runtime-4.1.1.jar;C:\Users\javgonzalez\.m2\repository\jakarta\inject\jakarta.inject-api\2.0.0\jakarta.inject-api-2.0.0.jar;C:\Users\javgonzalez\.m2\repository\org\antlr\antlr4-runtime\4.10.1\antlr4-runtime-4.10.1.jar;C:\Users\javgonzalez\.m2\repository\org\springframework\data\spring-data-jpa\3.0.3\spring-data-jpa-3.0.3.jar;C:\Users\javgonzalez\.m2\repository\org\springframework\data\spring-data-commons\3.0.3\spring-data-commons-3.0.3.jar;C:\Users\javgonzalez\.m2\repository\org\springframework\spring-orm\6.0.6\spring-orm-6.0.6.jar;C:\Users\javgonzalez\.m2\repository\org\springframework\spring-context\6.0.6\spring-context-6.0.6.jar;C:\Users\javgonzalez\.m2\repository\org\springframework\spring-tx\6.0.6\spring-tx-6.0.6.jar;C:\Users\javgonzalez\.m2\repository\org\springframework\spring-beans\6.0.6\spring-beans-6.0.6.jar;C:\Users\javgonzalez\.m2\repository\jakarta\annotation\jakarta.annotation-api\2.1.1\jakarta.annotation-api-2.1.1.jar;C:\Users\javgonzalez\.m2\repository\org\springframework\spring-aspects\6.0.6\spring-aspects-6.0.6.jar;C:\Users\javgonzalez\.m2\repository\ch\qos\logback\logback-classic\1.4.5\logback-classic-1.4.5.jar;C:\Users\javgonzalez\.m2\repository\ch\qos\logback\logback-core\1.4.5\logback-core-1.4.5.jar;C:\Users\javgonzalez\.m2\repository\org\apache\logging\log4j\log4j-to-slf4j\2.19.0\log4j-to-slf4j-2.19.0.jar;C:\Users\javgonzalez\.m2\repository\org\apache\logging\log4j\log4j-api\2.19.0\log4j-api-2.19.0.jar;C:\Users\javgonzalez\.m2\repository\org\slf4j\jul-to-slf4j\2.0.6\jul-to-slf4j-2.0.6.jar;C:\Users\javgonzalez\.m2\repository\org\yaml\snakeyaml\1.33\snakeyaml-1.33.jar;C:\Users\javgonzalez\.m2\repository\org\springframework\security\spring-security-config\6.0.2\spring-security-config-6.0.2.jar;C:\Users\javgonzalez\.m2\repository\org\springframework\security\spring-security-core\6.0.2\spring-security-core-6.0.2.jar;C:\Users\javgonzalez\.m2\repository\org\springframework\security\spring-security-crypto\6.0.2\spring-security-crypto-6.0.2.jar;C:\Users\javgonzalez\.m2\repository\org\springframework\spring-expression\6.0.6\spring-expression-6.0.6.jar;C:\Users\javgonzalez\.m2\repository\io\micrometer\micrometer-observation\1.10.4\micrometer-observation-1.10.4.jar;C:\Users\javgonzalez\.m2\repository\io\micrometer\micrometer-commons\1.10.4\micrometer-commons-1.10.4.jar;C:\Users\javgonzalez\.m2\repository\org\springframework\security\spring-security-oauth2-client\6.0.2\spring-security-oauth2-client-6.0.2.jar;C:\Users\javgonzalez\.m2\repository\org\springframework\security\spring-security-oauth2-core\6.0.2\spring-security-oauth2-core-6.0.2.jar;C:\Users\javgonzalez\.m2\repository\com\nimbusds\oauth2-oidc-sdk\9.43.1\oauth2-oidc-sdk-9.43.1.jar;C:\Users\javgonzalez\.m2\repository\com\github\stephenc\jcip\jcip-annotations\1.0-1\jcip-annotations-1.0-1.jar;C:\Users\javgonzalez\.m2\repository\com\nimbusds\content-type\2.2\content-type-2.2.jar;C:\Users\javgonzalez\.m2\repository\com\nimbusds\lang-tag\1.7\lang-tag-1.7.jar;C:\Users\javgonzalez\.m2\repository\org\springframework\security\spring-security-oauth2-jose\6.0.2\spring-security-oauth2-jose-6.0.2.jar;C:\Users\javgonzalez\.m2\repository\com\nimbusds\nimbus-jose-jwt\9.24.4\nimbus-jose-jwt-9.24.4.jar;C:\Users\javgonzalez\.m2\repository\org\springframework\spring-aop\6.0.6\spring-aop-6.0.6.jar;C:\Users\javgonzalez\.m2\repository\org\springframework\security\spring-security-web\6.0.2\spring-security-web-6.0.2.jar;C:\Users\javgonzalez\.m2\repository\org\thymeleaf\thymeleaf-spring6\3.1.1.RELEASE\thymeleaf-spring6-3.1.1.RELEASE.jar;C:\Users\javgonzalez\.m2\repository\org\thymeleaf\thymeleaf\3.1.1.RELEASE\thymeleaf-3.1.1.RELEASE.jar;C:\Users\javgonzalez\.m2\repository\org\attoparser\attoparser\2.0.6.RELEASE\attoparser-2.0.6.RELEASE.jar;C:\Users\javgonzalez\.m2\repository\org\unbescape\unbescape\1.1.6.RELEASE\unbescape-1.1.6.RELEASE.jar;C:\Users\javgonzalez\.m2\repository\com\fasterxml\jackson\core\jackson-databind\2.14.2\jackson-databind-2.14.2.jar;C:\Users\javgonzalez\.m2\repository\com\fasterxml\jackson\core\jackson-annotations\2.14.2\jackson-annotations-2.14.2.jar;C:\Users\javgonzalez\.m2\repository\com\fasterxml\jackson\core\jackson-core\2.14.2\jackson-core-2.14.2.jar;C:\Users\javgonzalez\.m2\repository\com\fasterxml\jackson\datatype\jackson-datatype-jdk8\2.14.2\jackson-datatype-jdk8-2.14.2.jar;C:\Users\javgonzalez\.m2\repository\com\fasterxml\jackson\datatype\jackson-datatype-jsr310\2.14.2\jackson-datatype-jsr310-2.14.2.jar;C:\Users\javgonzalez\.m2\repository\com\fasterxml\jackson\module\jackson-module-parameter-names\2.14.2\jackson-module-parameter-names-2.14.2.jar;C:\Users\javgonzalez\.m2\repository\org\apache\tomcat\embed\tomcat-embed-core\10.1.5\tomcat-embed-core-10.1.5.jar;C:\Users\javgonzalez\.m2\repository\org\apache\tomcat\embed\tomcat-embed-el\10.1.5\tomcat-embed-el-10.1.5.jar;C:\Users\javgonzalez\.m2\repository\org\apache\tomcat\embed\tomcat-embed-websocket\10.1.5\tomcat-embed-websocket-10.1.5.jar;C:\Users\javgonzalez\.m2\repository\org\springframework\spring-web\6.0.6\spring-web-6.0.6.jar;C:\Users\javgonzalez\.m2\repository\org\springframework\spring-webmvc\6.0.6\spring-webmvc-6.0.6.jar;C:\Users\javgonzalez\.m2\repository\org\thymeleaf\extras\thymeleaf-extras-springsecurity6\3.1.1.RELEASE\thymeleaf-extras-springsecurity6-3.1.1.RELEASE.jar;C:\Users\javgonzalez\.m2\repository\org\slf4j\slf4j-api\2.0.6\slf4j-api-2.0.6.jar;C:\Users\javgonzalez\.m2\repository\org\springframework\boot\spring-boot-devtools\3.0.4\spring-boot-devtools-3.0.4.jar;C:\Users\javgonzalez\.m2\repository\org\springframework\boot\spring-boot\3.0.4\spring-boot-3.0.4.jar;C:\Users\javgonzalez\.m2\repository\org\springframework\boot\spring-boot-autoconfigure\3.0.4\spring-boot-autoconfigure-3.0.4.jar;C:\Users\javgonzalez\.m2\repository\com\oracle\database\jdbc\ojdbc8\21.7.0.0\ojdbc8-21.7.0.0.jar;C:\Users\javgonzalez\.m2\repository\net\minidev\json-smart\2.4.8\json-smart-2.4.8.jar;C:\Users\javgonzalez\.m2\repository\net\minidev\accessors-smart\2.4.8\accessors-smart-2.4.8.jar;C:\Users\javgonzalez\.m2\repository\org\ow2\asm\asm\9.1\asm-9.1.jar;C:\Users\javgonzalez\.m2\repository\jakarta\xml\bind\jakarta.xml.bind-api\4.0.0\jakarta.xml.bind-api-4.0.0.jar;C:\Users\javgonzalez\.m2\repository\jakarta\activation\jakarta.activation-api\2.1.1\jakarta.activation-api-2.1.1.jar;C:\Users\javgonzalez\.m2\repository\org\springframework\spring-core\6.0.6\spring-core-6.0.6.jar;C:\Users\javgonzalez\.m2\repository\org\springframework\spring-jcl\6.0.6\spring-jcl-6.0.6.jar
Launcher Type: SUN_STANDARD

[Global flags]
     intx CICompilerCount                          = 4                                         {product} {ergonomic}
     uint ConcGCThreads                            = 2                                         {product} {ergonomic}
     uint G1ConcRefinementThreads                  = 8                                         {product} {ergonomic}
   size_t G1HeapRegionSize                         = 2097152                                   {product} {ergonomic}
    uintx GCDrainStackTargetSize                   = 64                                        {product} {ergonomic}
   size_t InitialHeapSize                          = 264241152                                 {product} {ergonomic}
   size_t MarkStackSize                            = 4194304                                   {product} {ergonomic}
   size_t MaxHeapSize                              = 4221566976                                {product} {ergonomic}
   size_t MaxNewSize                               = 2531262464                                {product} {ergonomic}
   size_t MinHeapDeltaBytes                        = 2097152                                   {product} {ergonomic}
   size_t MinHeapSize                              = 8388608                                   {product} {ergonomic}
    uintx NonProfiledCodeHeapSize                  = 0                                      {pd product} {ergonomic}
     bool ProfileInterpreter                       = false                                  {pd product} {command line}
    uintx ProfiledCodeHeapSize                     = 0                                      {pd product} {ergonomic}
   size_t SoftMaxHeapSize                          = 4221566976                             {manageable} {ergonomic}
     intx TieredStopAtLevel                        = 1                                         {product} {command line}
     bool UseCompressedClassPointers               = true                           {product lp64_product} {ergonomic}
     bool UseCompressedOops                        = true                           {product lp64_product} {ergonomic}
     bool UseG1GC                                  = true                                      {product} {ergonomic}
     bool UseLargePagesIndividualAllocation        = false                                  {pd product} {ergonomic}

Logging:
Log output configuration:
 #0: stdout all=warning uptime,level,tags foldmultilines=false
 #1: stderr all=off uptime,level,tags foldmultilines=false

Environment Variables:
PATH=C:\Program Files\Common Files\Oracle\Java\javapath;C:\orawin11g\jvagonzalez\product\11.2.0\client_1\bin;C:\Oracle\instantclient_21_9;C:\Oracle\jdk\jre\bin\classic;C:\Oracle\jdk\jre\bin;C:\Oracle\jdk\jre\bin\client;C:\Oracle\jlib;C:\Oracle\bin;C:\Oracle\jre\1.4.2\bin\client;C:\Oracle\jre\1.4.2\bin;C:\Program Files (x86)\Common Files\Oracle\Java\javapath;C:\Windows\system32;C:\Windows;C:\Windows\System32\Wbem;C:\Windows\System32\WindowsPowerShell\v1.0\;C:\Windows\System32\OpenSSH\;C:\Program Files\Microsoft SQL Server\150\Tools\Binn\;C:\Program Files\Microsoft SQL Server\Client SDK\ODBC\170\Tools\Binn\;C:\Program Files\dotnet\;C:\Program Files\nodejs\;C:\Program Files\Git\cmd;C:\Users\javgonzalez\AppData\Local\Programs\Python\Python310\Scripts\;C:\Users\javgonzalez\AppData\Local\Programs\Python\Python310\;C:\Users\javgonzalez\AppData\Local\Microsoft\WindowsApps;C:\Users\javgonzalez\AppData\Local\Programs\Microsoft VS Code\bin;C:\Users\javgonzalez\.dotnet\tools;C:\Users\javgonzalez\AppData\Roaming\npm;
USERNAME=javgonzalez
OS=Windows_NT
PROCESSOR_IDENTIFIER=Intel64 Family 6 Model 140 Stepping 1, GenuineIntel
TMP=C:\Users\JAVGON~1\AppData\Local\Temp
TEMP=C:\Users\JAVGON~1\AppData\Local\Temp



---------------  S Y S T E M  ---------------

OS:
 Windows 10 , 64 bit Build 19041 (10.0.19041.2546)
OS uptime: 0 days 23:59 hours
Hyper-V role detected

CPU: total 8 (initial active 8) (4 cores per cpu, 2 threads per core) family 6 model 140 stepping 1 microcode 0xa4, cx8, cmov, fxsr, ht, mmx, 3dnowpref, sse, sse2, sse3, ssse3, sse4.1, sse4.2, popcnt, lzcnt, tsc, tscinvbit, avx, avx2, aes, erms, clmul, bmi1, bmi2, adx, avx512f, avx512dq, avx512cd, avx512bw, avx512vl, sha, fma, vzeroupper, avx512_vpopcntdq, avx512_vpclmulqdq, avx512_vaes, avx512_vnni, clflush, clflushopt, clwb, avx512_vbmi2, avx512_vbmi, hv, rdtscp, rdpid, fsrm, gfni, avx512_bitalg

Memory: 4k page, system-wide physical 16103M (879M free)
TotalPageFile size 18151M (AvailPageFile size 1M)
current process WorkingSet (physical memory assigned to process): 53M, peak: 53M
current process commit charge ("private bytes"): 345M, peak: 345M

vm_info: Java HotSpot(TM) 64-Bit Server VM (19.0.2+7-44) for windows-amd64 JRE (19.0.2+7-44), built on 2022-11-30T18:02:09Z by "mach5one" with MS VC++ 17.1 (VS2022)

END.
