#
# There is insufficient memory for the Java Runtime Environment to continue.
# Native memory allocation (malloc) failed to allocate 1074096 bytes for Chunk::new
# Possible reasons:
#   The system is out of physical RAM or swap space
#   The process is running with CompressedOops enabled, and the Java Heap may be blocking the growth of the native heap
# Possible solutions:
#   Reduce memory load on the system
#   Increase physical memory or swap space
#   Check if swap backing store is full
#   Decrease Java heap size (-Xmx/-Xms)
#   Decrease number of Java threads
#   Decrease Java thread stack sizes (-Xss)
#   Set larger code cache with -XX:ReservedCodeCacheSize=
#   JVM is running with Zero Based Compressed Oops mode in which the Java heap is
#     placed in the first 32GB address space. The Java Heap base address is the
#     maximum limit for the native heap growth. Please use -XX:HeapBaseMinAddress
#     to set the Java Heap base and to place the Java Heap above 32GB virtual address.
# This output file may be truncated or incomplete.
#
#  Out of Memory Error (arena.cpp:184), pid=23604, tid=22456
#
# JRE version: Java(TM) SE Runtime Environment (19.0.2+7) (build 19.0.2+7-44)
# Java VM: Java HotSpot(TM) 64-Bit Server VM (19.0.2+7-44, mixed mode, sharing, tiered, compressed oops, compressed class ptrs, g1 gc, windows-amd64)
# No core dump will be written. Minidumps are not enabled by default on client versions of Windows
#

---------------  S U M M A R Y ------------

Command Line: -Dmaven.multiModuleProjectDirectory=C:\Users\javgonzalez\Desktop\Nueva carpeta\PlataformaProveedores -Djansi.passthrough=true -Dmaven.home=C:\Users\javgonzalez\.m2\wrapper\dists\apache-maven-3.8.7-bin\1ktonn2lleg549uah6ngl1r74r\apache-maven-3.8.7 -Dclassworlds.conf=C:\Users\javgonzalez\.m2\wrapper\dists\apache-maven-3.8.7-bin\1ktonn2lleg549uah6ngl1r74r\apache-maven-3.8.7\bin\m2.conf -Dmaven.ext.class.path=C:\Program Files\JetBrains\IntelliJ IDEA 2022.3.3\plugins\maven\lib\maven-event-listener.jar -javaagent:C:\Program Files\JetBrains\IntelliJ IDEA 2022.3.3\lib\idea_rt.jar=51018:C:\Program Files\JetBrains\IntelliJ IDEA 2022.3.3\bin -Dfile.encoding=UTF-8 -Dsun.stdout.encoding=UTF-8 -Dsun.stderr.encoding=UTF-8 org.codehaus.classworlds.Launcher -Didea.version=2022.3.3 spring-boot:run

Host: 11th Gen Intel(R) Core(TM) i7-1165G7 @ 2.80GHz, 8 cores, 15G,  Windows 10 , 64 bit Build 19041 (10.0.19041.2546)
Time: Fri Mar 17 15:05:12 2023 Hora est. Pac璗ico, Sudam廨ica elapsed time: 7.387066 seconds (0d 0h 0m 7s)

---------------  T H R E A D  ---------------

Current thread (0x000002101f7702a0):  JavaThread "C2 CompilerThread0" daemon [_thread_in_native, id=22456, stack(0x000000e0d6e00000,0x000000e0d6f00000)]


Current CompileTask:
C2:   7387 7686       4       org.apache.maven.model.inheritance.DefaultInheritanceAssembler$InheritanceModelMerger::mergePluginContainer_Plugins (430 bytes)

Stack: [0x000000e0d6e00000,0x000000e0d6f00000]
Native frames: (J=compiled Java code, j=interpreted, Vv=VM code, C=native code)
V  [jvm.dll+0x6ee21a]
V  [jvm.dll+0x85765e]
V  [jvm.dll+0x85904e]
V  [jvm.dll+0x859703]
V  [jvm.dll+0x28298f]
V  [jvm.dll+0xc9adf]
V  [jvm.dll+0xc9e65]
V  [jvm.dll+0x2f7caf]
V  [jvm.dll+0x5f076b]
V  [jvm.dll+0x255483]
V  [jvm.dll+0x24dd00]
V  [jvm.dll+0x24b673]
V  [jvm.dll+0x1d6ce1]
V  [jvm.dll+0x25b25a]
V  [jvm.dll+0x2596e8]
V  [jvm.dll+0x807588]
V  [jvm.dll+0x80125a]
V  [jvm.dll+0x6ecf0b]
C  [ucrtbase.dll+0x21bb2]
C  [KERNEL32.DLL+0x17614]
C  [ntdll.dll+0x526a1]


---------------  P R O C E S S  ---------------

Threads class SMR info:
_java_thread_list=0x00000210223a25d0, length=14, elements={
0x0000021077eaa960, 0x000002101f7679c0, 0x000002101f7687b0, 0x000002101f76c720,
0x000002101f76d190, 0x000002101f76dfc0, 0x000002101f76f240, 0x000002101f7702a0,
0x000002101f78b970, 0x000002101f78ff10, 0x000002101aa8ce90, 0x000002101f9f54f0,
0x000002101f9f5a30, 0x000002101ff8d9e0
}

Java Threads: ( => current thread )
  0x0000021077eaa960 JavaThread "main" [_thread_in_native, id=20336, stack(0x000000e0d6100000,0x000000e0d6200000)]
  0x000002101f7679c0 JavaThread "Reference Handler" daemon [_thread_blocked, id=17964, stack(0x000000e0d6800000,0x000000e0d6900000)]
  0x000002101f7687b0 JavaThread "Finalizer" daemon [_thread_blocked, id=16908, stack(0x000000e0d6900000,0x000000e0d6a00000)]
  0x000002101f76c720 JavaThread "Signal Dispatcher" daemon [_thread_blocked, id=22076, stack(0x000000e0d6a00000,0x000000e0d6b00000)]
  0x000002101f76d190 JavaThread "Attach Listener" daemon [_thread_blocked, id=21176, stack(0x000000e0d6b00000,0x000000e0d6c00000)]
  0x000002101f76dfc0 JavaThread "Service Thread" daemon [_thread_blocked, id=14564, stack(0x000000e0d6c00000,0x000000e0d6d00000)]
  0x000002101f76f240 JavaThread "Monitor Deflation Thread" daemon [_thread_blocked, id=19552, stack(0x000000e0d6d00000,0x000000e0d6e00000)]
=>0x000002101f7702a0 JavaThread "C2 CompilerThread0" daemon [_thread_in_native, id=22456, stack(0x000000e0d6e00000,0x000000e0d6f00000)]
  0x000002101f78b970 JavaThread "C1 CompilerThread0" daemon [_thread_blocked, id=18680, stack(0x000000e0d6f00000,0x000000e0d7000000)]
  0x000002101f78ff10 JavaThread "Sweeper thread" daemon [_thread_blocked, id=2860, stack(0x000000e0d7000000,0x000000e0d7100000)]
  0x000002101aa8ce90 JavaThread "Common-Cleaner" daemon [_thread_blocked, id=4820, stack(0x000000e0d7100000,0x000000e0d7200000)]
  0x000002101f9f54f0 JavaThread "Monitor Ctrl-Break" daemon [_thread_in_native, id=20296, stack(0x000000e0d7200000,0x000000e0d7300000)]
  0x000002101f9f5a30 JavaThread "Notification Thread" daemon [_thread_blocked, id=20124, stack(0x000000e0d7300000,0x000000e0d7400000)]
  0x000002101ff8d9e0 JavaThread "C2 CompilerThread1" daemon [_thread_blocked, id=22876, stack(0x000000e0d7500000,0x000000e0d7600000)]

Other Threads:
  0x000002101aa9bff0 VMThread "VM Thread" [stack: 0x000000e0d6700000,0x000000e0d6800000] [id=22160]
  0x000002101f9f7f80 WatcherThread "VM Periodic Task Thread" [stack: 0x000000e0d7400000,0x000000e0d7500000] [id=1680]
  0x0000021077f1ac10 WorkerThread "GC Thread#0" [stack: 0x000000e0d6200000,0x000000e0d6300000] [id=420]
  0x000002101fe85290 WorkerThread "GC Thread#1" [stack: 0x000000e0d7700000,0x000000e0d7800000] [id=21868]
  0x0000021020306f60 WorkerThread "GC Thread#2" [stack: 0x000000e0d7800000,0x000000e0d7900000] [id=13156]
  0x000002102041bc00 WorkerThread "GC Thread#3" [stack: 0x000000e0d7900000,0x000000e0d7a00000] [id=15328]
  0x000002102041cce0 WorkerThread "GC Thread#4" [stack: 0x000000e0d7a00000,0x000000e0d7b00000] [id=5932]
  0x000002102041cfb0 WorkerThread "GC Thread#5" [stack: 0x000000e0d7b00000,0x000000e0d7c00000] [id=16500]
  0x000002102041ca10 WorkerThread "GC Thread#6" [stack: 0x000000e0d7c00000,0x000000e0d7d00000] [id=20844]
  0x000002102041b390 WorkerThread "GC Thread#7" [stack: 0x000000e0d7d00000,0x000000e0d7e00000] [id=7316]
  0x0000021077f2b610 ConcurrentGCThread "G1 Main Marker" [stack: 0x000000e0d6300000,0x000000e0d6400000] [id=16768]
  0x0000021077f2bf50 WorkerThread "G1 Conc#0" [stack: 0x000000e0d6400000,0x000000e0d6500000] [id=14152]
  0x000002102041c740 WorkerThread "G1 Conc#1" [stack: 0x000000e0d7e00000,0x000000e0d7f00000] [id=21016]
  0x000002101a95a540 ConcurrentGCThread "G1 Refine#0" [stack: 0x000000e0d6500000,0x000000e0d6600000] [id=9760]
  0x000002101a95ad30 ConcurrentGCThread "G1 Service" [stack: 0x000000e0d6600000,0x000000e0d6700000] [id=11400]

Threads with active compile tasks:
C2 CompilerThread0     7408 7686       4       org.apache.maven.model.inheritance.DefaultInheritanceAssembler$InheritanceModelMerger::mergePluginContainer_Plugins (430 bytes)

VM state: not at safepoint (normal execution)

VM Mutex/Monitor currently owned by a thread: None

Heap address: 0x0000000704600000, size: 4026 MB, Compressed Oops mode: Zero based, Oop shift amount: 3

CDS archive(s) mapped at: [0x0000000800000000-0x0000000800c40000-0x0000000800c40000), size 12845056, SharedBaseAddress: 0x0000000800000000, ArchiveRelocationMode: 0.
Compressed class space mapped at: 0x0000000801000000-0x0000000841000000, reserved size: 1073741824
Narrow klass base: 0x0000000800000000, Narrow klass shift: 0, Narrow klass range: 0x100000000

GC Precious Log:
 CardTable entry size: 512
 Card Set container configuration: InlinePtr #cards 4 size 8 Array Of Cards #cards 16 size 48 Howl #buckets 8 coarsen threshold 3686 Howl Bitmap #cards 512 size 80 coarsen threshold 460 Card regions per heap region 1 cards per card region 4096
 CPUs: 8 total, 8 available
 Memory: 16103M
 Large Page Support: Disabled
 NUMA Support: Disabled
 Compressed Oops: Enabled (Zero based)
 Heap Region Size: 2M
 Heap Min Capacity: 8M
 Heap Initial Capacity: 252M
 Heap Max Capacity: 4026M
 Pre-touch: Disabled
 Parallel Workers: 8
 Concurrent Workers: 2
 Concurrent Refinement Workers: 8
 Periodic GC: Disabled

Heap:
 garbage-first heap   total 161792K, used 67964K [0x0000000704600000, 0x0000000800000000)
  region size 2048K, 11 young (22528K), 2 survivors (4096K)
 Metaspace       used 31251K, committed 31616K, reserved 1114112K
  class space    used 3278K, committed 3456K, reserved 1048576K

Heap Regions: E=young(eden), S=young(survivor), O=old, HS=humongous(starts), HC=humongous(continues), CS=collection set, F=free, OA=open archive, CA=closed archive, TAMS=top-at-mark-start (previous, next)
|   0|0x0000000704600000, 0x0000000704800000, 0x0000000704800000|100%| O|  |TAMS 0x0000000704800000, 0x0000000704600000| Untracked 
|   1|0x0000000704800000, 0x0000000704a00000, 0x0000000704a00000|100%| O|  |TAMS 0x0000000704800000, 0x0000000704800000| Untracked 
|   2|0x0000000704a00000, 0x0000000704c00000, 0x0000000704c00000|100%| O|  |TAMS 0x0000000704a00000, 0x0000000704a00000| Untracked 
|   3|0x0000000704c00000, 0x0000000704e00000, 0x0000000704e00000|100%| O|  |TAMS 0x0000000704c00000, 0x0000000704c00000| Untracked 
|   4|0x0000000704e00000, 0x0000000705000000, 0x0000000705000000|100%| O|  |TAMS 0x0000000704e00000, 0x0000000704e00000| Untracked 
|   5|0x0000000705000000, 0x0000000705200000, 0x0000000705200000|100%| O|  |TAMS 0x0000000705000000, 0x0000000705000000| Untracked 
|   6|0x0000000705200000, 0x0000000705400000, 0x0000000705400000|100%| O|  |TAMS 0x0000000705200000, 0x0000000705200000| Untracked 
|   7|0x0000000705400000, 0x0000000705600000, 0x0000000705600000|100%| O|  |TAMS 0x0000000705400000, 0x0000000705400000| Untracked 
|   8|0x0000000705600000, 0x0000000705800000, 0x0000000705800000|100%| O|  |TAMS 0x0000000705600000, 0x0000000705600000| Untracked 
|   9|0x0000000705800000, 0x0000000705a00000, 0x0000000705a00000|100%| O|  |TAMS 0x0000000705800000, 0x0000000705800000| Untracked 
|  10|0x0000000705a00000, 0x0000000705c00000, 0x0000000705c00000|100%| O|  |TAMS 0x0000000705a00000, 0x0000000705a00000| Untracked 
|  11|0x0000000705c00000, 0x0000000705e00000, 0x0000000705e00000|100%| O|  |TAMS 0x0000000705c00000, 0x0000000705c00000| Untracked 
|  12|0x0000000705e00000, 0x0000000706000000, 0x0000000706000000|100%| O|  |TAMS 0x0000000705e00000, 0x0000000705e00000| Untracked 
|  13|0x0000000706000000, 0x0000000706200000, 0x0000000706200000|100%| O|  |TAMS 0x0000000706000000, 0x0000000706000000| Untracked 
|  14|0x0000000706200000, 0x0000000706400000, 0x0000000706400000|100%| O|  |TAMS 0x0000000706200000, 0x0000000706200000| Untracked 
|  15|0x0000000706400000, 0x0000000706600000, 0x0000000706600000|100%| O|  |TAMS 0x0000000706400000, 0x0000000706400000| Untracked 
|  16|0x0000000706600000, 0x0000000706800000, 0x0000000706800000|100%| O|  |TAMS 0x0000000706600000, 0x0000000706600000| Untracked 
|  17|0x0000000706800000, 0x0000000706a00000, 0x0000000706a00000|100%| O|  |TAMS 0x0000000706800000, 0x0000000706800000| Untracked 
|  18|0x0000000706a00000, 0x0000000706c00000, 0x0000000706c00000|100%| O|  |TAMS 0x0000000706a00000, 0x0000000706a00000| Untracked 
|  19|0x0000000706c00000, 0x0000000706e00000, 0x0000000706e00000|100%| O|  |TAMS 0x0000000706c00000, 0x0000000706c00000| Untracked 
|  20|0x0000000706e00000, 0x0000000707000000, 0x0000000707000000|100%| O|  |TAMS 0x0000000706e00000, 0x0000000706e00000| Untracked 
|  21|0x0000000707000000, 0x0000000707200000, 0x0000000707200000|100%| O|  |TAMS 0x0000000707000000, 0x0000000707000000| Untracked 
|  22|0x0000000707200000, 0x0000000707400000, 0x0000000707400000|100%| O|  |TAMS 0x0000000707200000, 0x0000000707200000| Untracked 
|  23|0x0000000707400000, 0x0000000707400000, 0x0000000707600000|  0%| F|  |TAMS 0x0000000707400000, 0x0000000707400000| Untracked 
|  24|0x0000000707600000, 0x0000000707600000, 0x0000000707800000|  0%| F|  |TAMS 0x0000000707600000, 0x0000000707600000| Untracked 
|  25|0x0000000707800000, 0x0000000707800000, 0x0000000707a00000|  0%| F|  |TAMS 0x0000000707800000, 0x0000000707800000| Untracked 
|  26|0x0000000707a00000, 0x0000000707a00000, 0x0000000707c00000|  0%| F|  |TAMS 0x0000000707a00000, 0x0000000707a00000| Untracked 
|  27|0x0000000707c00000, 0x0000000707c00000, 0x0000000707e00000|  0%| F|  |TAMS 0x0000000707c00000, 0x0000000707c00000| Untracked 
|  28|0x0000000707e00000, 0x0000000707e00000, 0x0000000708000000|  0%| F|  |TAMS 0x0000000707e00000, 0x0000000707e00000| Untracked 
|  29|0x0000000708000000, 0x0000000708000000, 0x0000000708200000|  0%| F|  |TAMS 0x0000000708000000, 0x0000000708000000| Untracked 
|  30|0x0000000708200000, 0x0000000708200000, 0x0000000708400000|  0%| F|  |TAMS 0x0000000708200000, 0x0000000708200000| Untracked 
|  31|0x0000000708400000, 0x0000000708400000, 0x0000000708600000|  0%| F|  |TAMS 0x0000000708400000, 0x0000000708400000| Untracked 
|  32|0x0000000708600000, 0x0000000708600000, 0x0000000708800000|  0%| F|  |TAMS 0x0000000708600000, 0x0000000708600000| Untracked 
|  33|0x0000000708800000, 0x0000000708800000, 0x0000000708a00000|  0%| F|  |TAMS 0x0000000708800000, 0x0000000708800000| Untracked 
|  34|0x0000000708a00000, 0x0000000708a00000, 0x0000000708c00000|  0%| F|  |TAMS 0x0000000708a00000, 0x0000000708a00000| Untracked 
|  35|0x0000000708c00000, 0x0000000708c00000, 0x0000000708e00000|  0%| F|  |TAMS 0x0000000708c00000, 0x0000000708c00000| Untracked 
|  36|0x0000000708e00000, 0x0000000708e00000, 0x0000000709000000|  0%| F|  |TAMS 0x0000000708e00000, 0x0000000708e00000| Untracked 
|  37|0x0000000709000000, 0x0000000709000000, 0x0000000709200000|  0%| F|  |TAMS 0x0000000709000000, 0x0000000709000000| Untracked 
|  38|0x0000000709200000, 0x0000000709200000, 0x0000000709400000|  0%| F|  |TAMS 0x0000000709200000, 0x0000000709200000| Untracked 
|  39|0x0000000709400000, 0x0000000709400000, 0x0000000709600000|  0%| F|  |TAMS 0x0000000709400000, 0x0000000709400000| Untracked 
|  40|0x0000000709600000, 0x0000000709600000, 0x0000000709800000|  0%| F|  |TAMS 0x0000000709600000, 0x0000000709600000| Untracked 
|  41|0x0000000709800000, 0x0000000709800000, 0x0000000709a00000|  0%| F|  |TAMS 0x0000000709800000, 0x0000000709800000| Untracked 
|  42|0x0000000709a00000, 0x0000000709a00000, 0x0000000709c00000|  0%| F|  |TAMS 0x0000000709a00000, 0x0000000709a00000| Untracked 
|  43|0x0000000709c00000, 0x0000000709c00000, 0x0000000709e00000|  0%| F|  |TAMS 0x0000000709c00000, 0x0000000709c00000| Untracked 
|  44|0x0000000709e00000, 0x0000000709e00000, 0x000000070a000000|  0%| F|  |TAMS 0x0000000709e00000, 0x0000000709e00000| Untracked 
|  45|0x000000070a000000, 0x000000070a000000, 0x000000070a200000|  0%| F|  |TAMS 0x000000070a000000, 0x000000070a000000| Untracked 
|  46|0x000000070a200000, 0x000000070a200000, 0x000000070a400000|  0%| F|  |TAMS 0x000000070a200000, 0x000000070a200000| Untracked 
|  47|0x000000070a400000, 0x000000070a400000, 0x000000070a600000|  0%| F|  |TAMS 0x000000070a400000, 0x000000070a400000| Untracked 
|  48|0x000000070a600000, 0x000000070a600000, 0x000000070a800000|  0%| F|  |TAMS 0x000000070a600000, 0x000000070a600000| Untracked 
|  49|0x000000070a800000, 0x000000070a85f078, 0x000000070aa00000| 18%| S|CS|TAMS 0x000000070a800000, 0x000000070a800000| Complete 
|  50|0x000000070aa00000, 0x000000070ac00000, 0x000000070ac00000|100%| S|CS|TAMS 0x000000070aa00000, 0x000000070aa00000| Complete 
|  51|0x000000070ac00000, 0x000000070ac00000, 0x000000070ae00000|  0%| F|  |TAMS 0x000000070ac00000, 0x000000070ac00000| Untracked 
|  52|0x000000070ae00000, 0x000000070ae00000, 0x000000070b000000|  0%| F|  |TAMS 0x000000070ae00000, 0x000000070ae00000| Untracked 
|  53|0x000000070b000000, 0x000000070b000000, 0x000000070b200000|  0%| F|  |TAMS 0x000000070b000000, 0x000000070b000000| Untracked 
|  54|0x000000070b200000, 0x000000070b200000, 0x000000070b400000|  0%| F|  |TAMS 0x000000070b200000, 0x000000070b200000| Untracked 
|  55|0x000000070b400000, 0x000000070b400000, 0x000000070b600000|  0%| F|  |TAMS 0x000000070b400000, 0x000000070b400000| Untracked 
|  56|0x000000070b600000, 0x000000070b600000, 0x000000070b800000|  0%| F|  |TAMS 0x000000070b600000, 0x000000070b600000| Untracked 
|  57|0x000000070b800000, 0x000000070b800000, 0x000000070ba00000|  0%| F|  |TAMS 0x000000070b800000, 0x000000070b800000| Untracked 
|  58|0x000000070ba00000, 0x000000070ba00000, 0x000000070bc00000|  0%| F|  |TAMS 0x000000070ba00000, 0x000000070ba00000| Untracked 
|  59|0x000000070bc00000, 0x000000070bc00000, 0x000000070be00000|  0%| F|  |TAMS 0x000000070bc00000, 0x000000070bc00000| Untracked 
|  60|0x000000070be00000, 0x000000070be00000, 0x000000070c000000|  0%| F|  |TAMS 0x000000070be00000, 0x000000070be00000| Untracked 
|  61|0x000000070c000000, 0x000000070c000000, 0x000000070c200000|  0%| F|  |TAMS 0x000000070c000000, 0x000000070c000000| Untracked 
|  62|0x000000070c200000, 0x000000070c200000, 0x000000070c400000|  0%| F|  |TAMS 0x000000070c200000, 0x000000070c200000| Untracked 
|  63|0x000000070c400000, 0x000000070c400000, 0x000000070c600000|  0%| F|  |TAMS 0x000000070c400000, 0x000000070c400000| Untracked 
|  64|0x000000070c600000, 0x000000070c600000, 0x000000070c800000|  0%| F|  |TAMS 0x000000070c600000, 0x000000070c600000| Untracked 
|  65|0x000000070c800000, 0x000000070c800000, 0x000000070ca00000|  0%| F|  |TAMS 0x000000070c800000, 0x000000070c800000| Untracked 
|  66|0x000000070ca00000, 0x000000070ca00000, 0x000000070cc00000|  0%| F|  |TAMS 0x000000070ca00000, 0x000000070ca00000| Untracked 
|  67|0x000000070cc00000, 0x000000070cc00000, 0x000000070ce00000|  0%| F|  |TAMS 0x000000070cc00000, 0x000000070cc00000| Untracked 
|  68|0x000000070ce00000, 0x000000070ce00000, 0x000000070d000000|  0%| F|  |TAMS 0x000000070ce00000, 0x000000070ce00000| Untracked 
|  69|0x000000070d000000, 0x000000070d102010, 0x000000070d200000| 50%| E|  |TAMS 0x000000070d000000, 0x000000070d000000| Complete 
|  70|0x000000070d200000, 0x000000070d400000, 0x000000070d400000|100%| E|CS|TAMS 0x000000070d200000, 0x000000070d200000| Complete 
|  71|0x000000070d400000, 0x000000070d600000, 0x000000070d600000|100%| E|CS|TAMS 0x000000070d400000, 0x000000070d400000| Complete 
|  72|0x000000070d600000, 0x000000070d800000, 0x000000070d800000|100%| E|CS|TAMS 0x000000070d600000, 0x000000070d600000| Complete 
|  73|0x000000070d800000, 0x000000070da00000, 0x000000070da00000|100%| E|CS|TAMS 0x000000070d800000, 0x000000070d800000| Complete 
|  74|0x000000070da00000, 0x000000070dc00000, 0x000000070dc00000|100%| E|CS|TAMS 0x000000070da00000, 0x000000070da00000| Complete 
|  75|0x000000070dc00000, 0x000000070de00000, 0x000000070de00000|100%| E|CS|TAMS 0x000000070dc00000, 0x000000070dc00000| Complete 
|  76|0x000000070de00000, 0x000000070e000000, 0x000000070e000000|100%| E|CS|TAMS 0x000000070de00000, 0x000000070de00000| Complete 
| 125|0x0000000714000000, 0x0000000714200000, 0x0000000714200000|100%| E|CS|TAMS 0x0000000714000000, 0x0000000714000000| Complete 
|2012|0x00000007ffe00000, 0x0000000800000000, 0x0000000800000000|100%| O|  |TAMS 0x00000007ffe00000, 0x00000007ffe00000| Untracked 

Card table byte_map: [0x000002100f8f0000,0x00000210100d0000] _byte_map_base: 0x000002100c0cd000

Marking Bits (Prev, Next): (CMBitMap*) 0x0000021077f1b190, (CMBitMap*) 0x0000021077f1b150
 Prev Bits: [0x00000210147a0000, 0x0000021018688000)
 Next Bits: [0x00000210108b0000, 0x0000021014798000)

Polling page: 0x0000021075a40000

Metaspace:

Usage:
  Non-class:     27.32 MB used.
      Class:      3.20 MB used.
       Both:     30.52 MB used.

Virtual space:
  Non-class space:       64.00 MB reserved,      27.50 MB ( 43%) committed,  1 nodes.
      Class space:        1.00 GB reserved,       3.38 MB ( <1%) committed,  1 nodes.
             Both:        1.06 GB reserved,      30.88 MB (  3%) committed. 

Chunk freelists:
   Non-Class:  0 bytes
       Class:  451.00 KB
        Both:  451.00 KB

MaxMetaspaceSize: unlimited
CompressedClassSpaceSize: 1.00 GB
Initial GC threshold: 21.00 MB
Current GC threshold: 35.31 MB
CDS: on
MetaspaceReclaimPolicy: balanced
 - commit_granule_bytes: 65536.
 - commit_granule_words: 8192.
 - virtual_space_node_default_size: 8388608.
 - enlarge_chunks_in_place: 1.
 - new_chunks_are_fully_committed: 0.
 - uncommit_free_chunks: 1.
 - use_allocation_guard: 0.


Internal statistics:

num_allocs_failed_limit: 3.
num_arena_births: 416.
num_arena_deaths: 0.
num_vsnodes_births: 2.
num_vsnodes_deaths: 0.
num_space_committed: 494.
num_space_uncommitted: 0.
num_chunks_returned_to_freelist: 3.
num_chunks_taken_from_freelist: 1549.
num_chunk_merges: 3.
num_chunk_splits: 1100.
num_chunks_enlarged: 831.
num_inconsistent_stats: 0.

CodeHeap 'non-profiled nmethods': size=120000Kb used=4268Kb max_used=4268Kb free=115731Kb
 bounds [0x0000021007ad0000, 0x0000021007f00000, 0x000002100f000000]
CodeHeap 'profiled nmethods': size=120000Kb used=15475Kb max_used=15475Kb free=104524Kb
 bounds [0x0000021000000000, 0x0000021000f20000, 0x0000021007530000]
CodeHeap 'non-nmethods': size=5760Kb used=1330Kb max_used=1447Kb free=4429Kb
 bounds [0x0000021007530000, 0x00000210077a0000, 0x0000021007ad0000]
 total_blobs=7468 nmethods=6930 adapters=448
 compilation: enabled
              stopped_count=0, restarted_count=0
 full_count=0

Compilation events (20 events):
Event: 6.692 Thread 0x000002101f78b970 7872       3       java.lang.ProcessEnvironment$NameComparator::compare (90 bytes)
Event: 6.693 Thread 0x000002101f78b970 nmethod 7872 0x0000021000f0f390 code [0x0000021000f0f6a0, 0x0000021000f10938]
Event: 6.693 Thread 0x000002101f78b970 7873       3       java.lang.ProcessEnvironment$CheckedEntry::getKey (5 bytes)
Event: 6.693 Thread 0x000002101f78b970 nmethod 7873 0x0000021000f11110 code [0x0000021000f112c0, 0x0000021000f115e8]
Event: 6.693 Thread 0x000002101f78b970 7874       3       java.lang.ProcessEnvironment$CheckedEntry::getKey (13 bytes)
Event: 6.693 Thread 0x000002101f78b970 nmethod 7874 0x0000021000f11710 code [0x0000021000f118c0, 0x0000021000f11b88]
Event: 6.693 Thread 0x000002101f78b970 7871       3       java.lang.ProcessEnvironment$CheckedEntrySet$1::next (20 bytes)
Event: 6.694 Thread 0x000002101f78b970 nmethod 7871 0x0000021000f11c90 code [0x0000021000f11e60, 0x0000021000f122c8]
Event: 6.716 Thread 0x000002101f78b970 7876       3       jdk.internal.org.objectweb.asm.Type::getReturnTypeOffset (64 bytes)
Event: 6.717 Thread 0x000002101f78b970 nmethod 7876 0x0000021000f12410 code [0x0000021000f12720, 0x0000021000f13b18]
Event: 6.717 Thread 0x000002101f78b970 7877       3       java.lang.invoke.TypeConvertingMethodAdapter::<init> (8 bytes)
Event: 6.717 Thread 0x000002101f78b970 nmethod 7877 0x0000021000f14290 code [0x0000021000f14440, 0x0000021000f14588]
Event: 6.717 Thread 0x000002101f78b970 7878       3       jdk.internal.org.objectweb.asm.MethodVisitor::visitCode (15 bytes)
Event: 6.717 Thread 0x000002101f78b970 nmethod 7878 0x0000021000f14610 code [0x0000021000f147c0, 0x0000021000f149c8]
Event: 6.718 Thread 0x000002101f78b970 7881   !   3       java.lang.invoke.InnerClassLambdaMetafactory::generateInnerClass (615 bytes)
Event: 6.721 Thread 0x000002101f78b970 nmethod 7881 0x0000021000f14a90 code [0x0000021000f14fc0, 0x0000021000f17b58]
Event: 6.721 Thread 0x000002101f78b970 7882       3       java.lang.invoke.InnerClassLambdaMetafactory::generateConstructor (154 bytes)
Event: 6.722 Thread 0x000002101f78b970 nmethod 7882 0x0000021000f18c10 code [0x0000021000f18ee0, 0x0000021000f19ec8]
Event: 6.722 Thread 0x000002101f78b970 7883       3       java.lang.invoke.InnerClassLambdaMetafactory$ForwardingMethodGenerator::generate (272 bytes)
Event: 6.723 Thread 0x000002101f78b970 nmethod 7883 0x0000021000f1a410 code [0x0000021000f1a7a0, 0x0000021000f1c4a8]

GC Heap History (20 events):
Event: 0.574 GC heap before
{Heap before GC invocations=0 (full 0):
 garbage-first heap   total 258048K, used 22528K [0x0000000704600000, 0x0000000800000000)
  region size 2048K, 11 young (22528K), 0 survivors (0K)
 Metaspace       used 5283K, committed 5440K, reserved 1114112K
  class space    used 583K, committed 640K, reserved 1048576K
}
Event: 0.578 GC heap after
{Heap after GC invocations=1 (full 0):
 garbage-first heap   total 258048K, used 3722K [0x0000000704600000, 0x0000000800000000)
  region size 2048K, 2 young (4096K), 2 survivors (4096K)
 Metaspace       used 5283K, committed 5440K, reserved 1114112K
  class space    used 583K, committed 640K, reserved 1048576K
}
Event: 1.075 GC heap before
{Heap before GC invocations=1 (full 0):
 garbage-first heap   total 258048K, used 38538K [0x0000000704600000, 0x0000000800000000)
  region size 2048K, 19 young (38912K), 2 survivors (4096K)
 Metaspace       used 10767K, committed 10944K, reserved 1114112K
  class space    used 1258K, committed 1344K, reserved 1048576K
}
Event: 1.080 GC heap after
{Heap after GC invocations=2 (full 0):
 garbage-first heap   total 258048K, used 6291K [0x0000000704600000, 0x0000000800000000)
  region size 2048K, 2 young (4096K), 2 survivors (4096K)
 Metaspace       used 10767K, committed 10944K, reserved 1114112K
  class space    used 1258K, committed 1344K, reserved 1048576K
}
Event: 2.493 GC heap before
{Heap before GC invocations=2 (full 0):
 garbage-first heap   total 258048K, used 143507K [0x0000000704600000, 0x0000000800000000)
  region size 2048K, 55 young (112640K), 2 survivors (4096K)
 Metaspace       used 21163K, committed 21504K, reserved 1114112K
  class space    used 2306K, committed 2496K, reserved 1048576K
}
Event: 2.501 GC heap after
{Heap after GC invocations=3 (full 0):
 garbage-first heap   total 258048K, used 15253K [0x0000000704600000, 0x0000000800000000)
  region size 2048K, 6 young (12288K), 6 survivors (12288K)
 Metaspace       used 21163K, committed 21504K, reserved 1114112K
  class space    used 2306K, committed 2496K, reserved 1048576K
}
Event: 2.952 GC heap before
{Heap before GC invocations=4 (full 0):
 garbage-first heap   total 61440K, used 39829K [0x0000000704600000, 0x0000000800000000)
  region size 2048K, 18 young (36864K), 6 survivors (12288K)
 Metaspace       used 23843K, committed 24192K, reserved 1114112K
  class space    used 2566K, committed 2752K, reserved 1048576K
}
Event: 2.977 GC heap after
{Heap after GC invocations=5 (full 0):
 garbage-first heap   total 63488K, used 24316K [0x0000000704600000, 0x0000000800000000)
  region size 2048K, 3 young (6144K), 3 survivors (6144K)
 Metaspace       used 23843K, committed 24192K, reserved 1114112K
  class space    used 2566K, committed 2752K, reserved 1048576K
}
Event: 2.994 GC heap before
{Heap before GC invocations=5 (full 0):
 garbage-first heap   total 63488K, used 26364K [0x0000000704600000, 0x0000000800000000)
  region size 2048K, 4 young (8192K), 3 survivors (6144K)
 Metaspace       used 23843K, committed 24192K, reserved 1114112K
  class space    used 2566K, committed 2752K, reserved 1048576K
}
Event: 2.998 GC heap after
{Heap after GC invocations=6 (full 0):
 garbage-first heap   total 63488K, used 26823K [0x0000000704600000, 0x0000000800000000)
  region size 2048K, 1 young (2048K), 1 survivors (2048K)
 Metaspace       used 23843K, committed 24192K, reserved 1114112K
  class space    used 2566K, committed 2752K, reserved 1048576K
}
Event: 3.142 GC heap before
{Heap before GC invocations=6 (full 0):
 garbage-first heap   total 63488K, used 43207K [0x0000000704600000, 0x0000000800000000)
  region size 2048K, 9 young (18432K), 1 survivors (2048K)
 Metaspace       used 24209K, committed 24576K, reserved 1114112K
  class space    used 2607K, committed 2816K, reserved 1048576K
}
Event: 3.145 GC heap after
{Heap after GC invocations=7 (full 0):
 garbage-first heap   total 63488K, used 30688K [0x0000000704600000, 0x0000000800000000)
  region size 2048K, 2 young (4096K), 2 survivors (4096K)
 Metaspace       used 24209K, committed 24576K, reserved 1114112K
  class space    used 2607K, committed 2816K, reserved 1048576K
}
Event: 3.265 GC heap before
{Heap before GC invocations=7 (full 0):
 garbage-first heap   total 63488K, used 45024K [0x0000000704600000, 0x0000000800000000)
  region size 2048K, 9 young (18432K), 2 survivors (4096K)
 Metaspace       used 24601K, committed 25024K, reserved 1114112K
  class space    used 2626K, committed 2816K, reserved 1048576K
}
Event: 3.272 GC heap after
{Heap after GC invocations=8 (full 0):
 garbage-first heap   total 161792K, used 33641K [0x0000000704600000, 0x0000000800000000)
  region size 2048K, 2 young (4096K), 2 survivors (4096K)
 Metaspace       used 24601K, committed 25024K, reserved 1114112K
  class space    used 2626K, committed 2816K, reserved 1048576K
}
Event: 4.325 GC heap before
{Heap before GC invocations=8 (full 0):
 garbage-first heap   total 161792K, used 103273K [0x0000000704600000, 0x0000000800000000)
  region size 2048K, 37 young (75776K), 2 survivors (4096K)
 Metaspace       used 27085K, committed 27520K, reserved 1114112K
  class space    used 2842K, committed 3072K, reserved 1048576K
}
Event: 4.331 GC heap after
{Heap after GC invocations=9 (full 0):
 garbage-first heap   total 161792K, used 34980K [0x0000000704600000, 0x0000000800000000)
  region size 2048K, 3 young (6144K), 3 survivors (6144K)
 Metaspace       used 27085K, committed 27520K, reserved 1114112K
  class space    used 2842K, committed 3072K, reserved 1048576K
}
Event: 5.779 GC heap before
{Heap before GC invocations=9 (full 0):
 garbage-first heap   total 161792K, used 108708K [0x0000000704600000, 0x0000000800000000)
  region size 2048K, 39 young (79872K), 3 survivors (6144K)
 Metaspace       used 28860K, committed 29312K, reserved 1114112K
  class space    used 3033K, committed 3264K, reserved 1048576K
}
Event: 5.794 GC heap after
{Heap after GC invocations=10 (full 0):
 garbage-first heap   total 161792K, used 54279K [0x0000000704600000, 0x0000000800000000)
  region size 2048K, 5 young (10240K), 5 survivors (10240K)
 Metaspace       used 28860K, committed 29312K, reserved 1114112K
  class space    used 3033K, committed 3264K, reserved 1048576K
}
Event: 6.494 GC heap before
{Heap before GC invocations=10 (full 0):
 garbage-first heap   total 161792K, used 109575K [0x0000000704600000, 0x0000000800000000)
  region size 2048K, 32 young (65536K), 5 survivors (10240K)
 Metaspace       used 30339K, committed 30784K, reserved 1114112K
  class space    used 3181K, committed 3392K, reserved 1048576K
}
Event: 6.500 GC heap after
{Heap after GC invocations=11 (full 0):
 garbage-first heap   total 161792K, used 51580K [0x0000000704600000, 0x0000000800000000)
  region size 2048K, 2 young (4096K), 2 survivors (4096K)
 Metaspace       used 30339K, committed 30784K, reserved 1114112K
  class space    used 3181K, committed 3392K, reserved 1048576K
}

Dll operation events (12 events):
Event: 0.013 Loaded shared library C:\Program Files\Java\jdk-19\bin\java.dll
Event: 0.026 Loaded shared library C:\Program Files\Java\jdk-19\bin\jsvml.dll
Event: 0.076 Loaded shared library C:\Program Files\Java\jdk-19\bin\zip.dll
Event: 0.078 Loaded shared library C:\Program Files\Java\jdk-19\bin\instrument.dll
Event: 0.084 Loaded shared library C:\Program Files\Java\jdk-19\bin\net.dll
Event: 0.088 Loaded shared library C:\Program Files\Java\jdk-19\bin\nio.dll
Event: 0.090 Loaded shared library C:\Program Files\Java\jdk-19\bin\zip.dll
Event: 0.101 Loaded shared library C:\Program Files\JetBrains\IntelliJ IDEA 2022.3.3\bin\breakgen64.dll
Event: 0.111 Loaded shared library C:\Program Files\Java\jdk-19\bin\extnet.dll
Event: 0.167 Loaded shared library C:\Program Files\Java\jdk-19\bin\jimage.dll
Event: 0.292 Loaded shared library C:\Users\javgonzalez\AppData\Local\Temp\jansi-2.4.0-4abce01a280eda1e-jansi.dll
Event: 0.299 Loaded shared library C:\Program Files\Java\jdk-19\bin\verify.dll

Deoptimization events (20 events):
Event: 6.636 Thread 0x0000021077eaa960 Uncommon trap: trap_request=0xffffffde fr.pc=0x0000021007bab2e0 relative=0x0000000000000460
Event: 6.636 Thread 0x0000021077eaa960 Uncommon trap: reason=class_check action=maybe_recompile pc=0x0000021007bab2e0 method=com.google.inject.internal.MoreTypes.getRawType(Ljava/lang/reflect/Type;)Ljava/lang/Class; @ 13 c2
Event: 6.636 Thread 0x0000021077eaa960 DEOPT PACKING pc=0x0000021007bab2e0 sp=0x000000e0d61fe420
Event: 6.636 Thread 0x0000021077eaa960 DEOPT UNPACKING pc=0x000002100759a5a3 sp=0x000000e0d61fe368 mode 2
Event: 6.639 Thread 0x0000021077eaa960 Uncommon trap: trap_request=0xffffff66 fr.pc=0x0000021007dac6ec relative=0x000000000000004c
Event: 6.639 Thread 0x0000021077eaa960 Uncommon trap: reason=speculate_class_check action=maybe_recompile pc=0x0000021007dac6ec method=java.lang.invoke.Invokers$Holder.linkToTargetMethod(Ljava/lang/Object;Ljava/lang/Object;)Ljava/lang/Object; @ 1 c2
Event: 6.639 Thread 0x0000021077eaa960 DEOPT PACKING pc=0x0000021007dac6ec sp=0x000000e0d61fe640
Event: 6.639 Thread 0x0000021077eaa960 DEOPT UNPACKING pc=0x000002100759a5a3 sp=0x000000e0d61fe5d0 mode 2
Event: 6.647 Thread 0x0000021077eaa960 Uncommon trap: trap_request=0xffffff45 fr.pc=0x0000021007e669b8 relative=0x0000000000000218
Event: 6.647 Thread 0x0000021077eaa960 Uncommon trap: reason=unstable_if action=reinterpret pc=0x0000021007e669b8 method=java.util.ArrayDeque.addFirst(Ljava/lang/Object;)V @ 42 c2
Event: 6.647 Thread 0x0000021077eaa960 DEOPT PACKING pc=0x0000021007e669b8 sp=0x000000e0d61fe560
Event: 6.647 Thread 0x0000021077eaa960 DEOPT UNPACKING pc=0x000002100759a5a3 sp=0x000000e0d61fe500 mode 2
Event: 6.664 Thread 0x0000021077eaa960 Uncommon trap: trap_request=0xffffff66 fr.pc=0x0000021007dac6ec relative=0x000000000000004c
Event: 6.664 Thread 0x0000021077eaa960 Uncommon trap: reason=speculate_class_check action=maybe_recompile pc=0x0000021007dac6ec method=java.lang.invoke.Invokers$Holder.linkToTargetMethod(Ljava/lang/Object;Ljava/lang/Object;)Ljava/lang/Object; @ 1 c2
Event: 6.664 Thread 0x0000021077eaa960 DEOPT PACKING pc=0x0000021007dac6ec sp=0x000000e0d61fe6b0
Event: 6.664 Thread 0x0000021077eaa960 DEOPT UNPACKING pc=0x000002100759a5a3 sp=0x000000e0d61fe640 mode 2
Event: 6.721 Thread 0x0000021077eaa960 Uncommon trap: trap_request=0xffffffde fr.pc=0x0000021007c51674 relative=0x0000000000000434
Event: 6.721 Thread 0x0000021077eaa960 Uncommon trap: reason=class_check action=maybe_recompile pc=0x0000021007c51674 method=java.util.Hashtable.get(Ljava/lang/Object;)Ljava/lang/Object; @ 6 c2
Event: 6.721 Thread 0x0000021077eaa960 DEOPT PACKING pc=0x0000021007c51674 sp=0x000000e0d61fe3c0
Event: 6.721 Thread 0x0000021077eaa960 DEOPT UNPACKING pc=0x000002100759a5a3 sp=0x000000e0d61fe370 mode 2

Classes loaded (20 events):
Event: 6.719 Loading class java/util/concurrent/SynchronousQueue$TransferStack$SNode
Event: 6.719 Loading class java/util/concurrent/SynchronousQueue$TransferStack$SNode done
Event: 6.719 Loading class java/lang/ProcessImpl$2
Event: 6.720 Loading class java/lang/ProcessImpl$2 done
Event: 6.720 Loading class java/lang/ProcessBuilder$NullOutputStream
Event: 6.720 Loading class java/lang/ProcessBuilder$NullOutputStream done
Event: 6.720 Loading class java/lang/ProcessBuilder$NullInputStream
Event: 6.720 Loading class java/lang/ProcessBuilder$NullInputStream done
Event: 6.720 Loading class jdk/internal/event/ProcessStartEvent
Event: 6.720 Loading class jdk/internal/event/Event
Event: 6.720 Loading class jdk/internal/event/Event done
Event: 6.720 Loading class jdk/internal/event/ProcessStartEvent done
Event: 6.720 Loading class sun/misc/Signal
Event: 6.720 Loading class sun/misc/Signal done
Event: 6.721 Loading class sun/misc/SignalHandler
Event: 6.721 Loading class sun/misc/SignalHandler done
Event: 6.721 Loading class sun/misc/Signal$InternalMiscHandler
Event: 6.721 Loading class sun/misc/Signal$InternalMiscHandler done
Event: 6.721 Loading class sun/misc/Signal$SunMiscHandler
Event: 6.721 Loading class sun/misc/Signal$SunMiscHandler done

Classes unloaded (0 events):
No events

Classes redefined (0 events):
No events

Internal exceptions (20 events):
Event: 6.111 Thread 0x0000021077eaa960 Exception <a 'sun/nio/fs/WindowsException'{0x000000070cc83c80}> (0x000000070cc83c80) 
thrown [s\open\src\hotspot\share\prims\jni.cpp, line 517]
Event: 6.111 Thread 0x0000021077eaa960 Exception <a 'sun/nio/fs/WindowsException'{0x000000070cc84c58}> (0x000000070cc84c58) 
thrown [s\open\src\hotspot\share\prims\jni.cpp, line 517]
Event: 6.111 Thread 0x0000021077eaa960 Exception <a 'sun/nio/fs/WindowsException'{0x000000070cc85090}> (0x000000070cc85090) 
thrown [s\open\src\hotspot\share\prims\jni.cpp, line 517]
Event: 6.111 Thread 0x0000021077eaa960 Exception <a 'sun/nio/fs/WindowsException'{0x000000070cc86140}> (0x000000070cc86140) 
thrown [s\open\src\hotspot\share\prims\jni.cpp, line 517]
Event: 6.111 Thread 0x0000021077eaa960 Exception <a 'sun/nio/fs/WindowsException'{0x000000070cc864d0}> (0x000000070cc864d0) 
thrown [s\open\src\hotspot\share\prims\jni.cpp, line 517]
Event: 6.113 Thread 0x0000021077eaa960 Exception <a 'sun/nio/fs/WindowsException'{0x000000070cca7088}> (0x000000070cca7088) 
thrown [s\open\src\hotspot\share\prims\jni.cpp, line 517]
Event: 6.113 Thread 0x0000021077eaa960 Exception <a 'sun/nio/fs/WindowsException'{0x000000070cca73f8}> (0x000000070cca73f8) 
thrown [s\open\src\hotspot\share\prims\jni.cpp, line 517]
Event: 6.113 Thread 0x0000021077eaa960 Exception <a 'sun/nio/fs/WindowsException'{0x000000070cca83d0}> (0x000000070cca83d0) 
thrown [s\open\src\hotspot\share\prims\jni.cpp, line 517]
Event: 6.113 Thread 0x0000021077eaa960 Exception <a 'sun/nio/fs/WindowsException'{0x000000070cca8808}> (0x000000070cca8808) 
thrown [s\open\src\hotspot\share\prims\jni.cpp, line 517]
Event: 6.113 Thread 0x0000021077eaa960 Exception <a 'sun/nio/fs/WindowsException'{0x000000070cca98b8}> (0x000000070cca98b8) 
thrown [s\open\src\hotspot\share\prims\jni.cpp, line 517]
Event: 6.113 Thread 0x0000021077eaa960 Exception <a 'sun/nio/fs/WindowsException'{0x000000070cca9c48}> (0x000000070cca9c48) 
thrown [s\open\src\hotspot\share\prims\jni.cpp, line 517]
Event: 6.116 Thread 0x0000021077eaa960 Exception <a 'sun/nio/fs/WindowsException'{0x000000070cd73c70}> (0x000000070cd73c70) 
thrown [s\open\src\hotspot\share\prims\jni.cpp, line 517]
Event: 6.118 Thread 0x0000021077eaa960 Exception <a 'sun/nio/fs/WindowsException'{0x000000070cd889e0}> (0x000000070cd889e0) 
thrown [s\open\src\hotspot\share\prims\jni.cpp, line 517]
Event: 6.121 Thread 0x0000021077eaa960 Exception <a 'sun/nio/fs/WindowsException'{0x000000070cd9fc18}> (0x000000070cd9fc18) 
thrown [s\open\src\hotspot\share\prims\jni.cpp, line 517]
Event: 6.238 Thread 0x0000021077eaa960 Implicit null exception at 0x0000021007ce6a36 to 0x0000021007cec3b0
Event: 6.608 Thread 0x0000021077eaa960 Exception <a 'java/lang/NoClassDefFoundError'{0x000000070d8f63a0}: org/sonatype/aether/graph/DependencyNode> (0x000000070d8f63a0) 
thrown [s\open\src\hotspot\share\classfile\systemDictionary.cpp, line 244]
Event: 6.716 Thread 0x0000021077eaa960 Exception <a 'java/lang/NoSuchMethodError'{0x000000070d06a3a0}: 'void java.lang.invoke.DirectMethodHandle$Holder.invokeStatic(java.lang.Object, long)'> (0x000000070d06a3a0) 
thrown [s\open\src\hotspot\share\interpreter\linkResolver.cpp, line 774]
Event: 6.716 Thread 0x0000021077eaa960 Exception <a 'java/lang/NoSuchMethodError'{0x000000070d06f908}: 'java.lang.Object java.lang.invoke.DirectMethodHandle$Holder.newInvokeSpecial(java.lang.Object, long)'> (0x000000070d06f908) 
thrown [s\open\src\hotspot\share\interpreter\linkResolver.cpp, line 774]
Event: 6.717 Thread 0x0000021077eaa960 Exception <a 'java/lang/NoSuchMethodError'{0x000000070d076c08}: 'java.lang.Object java.lang.invoke.DirectMethodHandle$Holder.invokeStatic(java.lang.Object, long, java.lang.Object)'> (0x000000070d076c08) 
thrown [s\open\src\hotspot\share\interpreter\linkResolver.cpp, line 774]
Event: 6.718 Thread 0x0000021077eaa960 Exception <a 'java/lang/NoSuchMethodError'{0x000000070d07a638}: 'java.lang.Object java.lang.invoke.DirectMethodHandle$Holder.invokeStaticInit(java.lang.Object, long, java.lang.Object)'> (0x000000070d07a638) 
thrown [s\open\src\hotspot\share\interpreter\linkResolver.cpp, line 774]

VM Operations (20 events):
Event: 4.493 Executing VM operation: HandshakeAllThreads
Event: 4.493 Executing VM operation: HandshakeAllThreads done
Event: 4.499 Executing VM operation: ICBufferFull
Event: 4.500 Executing VM operation: ICBufferFull done
Event: 4.677 Executing VM operation: ICBufferFull
Event: 4.677 Executing VM operation: ICBufferFull done
Event: 4.709 Executing VM operation: HandshakeAllThreads
Event: 4.709 Executing VM operation: HandshakeAllThreads done
Event: 4.726 Executing VM operation: ICBufferFull
Event: 4.726 Executing VM operation: ICBufferFull done
Event: 5.076 Executing VM operation: ICBufferFull
Event: 5.076 Executing VM operation: ICBufferFull done
Event: 5.306 Executing VM operation: HandshakeAllThreads
Event: 5.306 Executing VM operation: HandshakeAllThreads done
Event: 5.312 Executing VM operation: ICBufferFull
Event: 5.313 Executing VM operation: ICBufferFull done
Event: 5.779 Executing VM operation: G1CollectForAllocation
Event: 5.794 Executing VM operation: G1CollectForAllocation done
Event: 6.494 Executing VM operation: G1CollectForAllocation
Event: 6.500 Executing VM operation: G1CollectForAllocation done

Events (20 events):
Event: 3.343 Thread 0x000002101f78ff10 flushing nmethod 0x0000021000a86f10
Event: 3.343 Thread 0x000002101f78ff10 flushing nmethod 0x0000021000a87310
Event: 3.344 Thread 0x000002101f78ff10 flushing nmethod 0x0000021000a9ee10
Event: 3.344 Thread 0x000002101f78ff10 flushing nmethod 0x0000021000aa0b10
Event: 3.344 Thread 0x000002101f78ff10 flushing nmethod 0x0000021000aa9410
Event: 3.344 Thread 0x000002101f78ff10 flushing nmethod 0x0000021000aad610
Event: 3.344 Thread 0x000002101f78ff10 flushing nmethod 0x0000021000abdf90
Event: 3.344 Thread 0x000002101f78ff10 flushing nmethod 0x0000021000ac5690
Event: 3.344 Thread 0x000002101f78ff10 flushing nmethod 0x0000021000ac8490
Event: 3.344 Thread 0x000002101f78ff10 flushing nmethod 0x0000021000ad4290
Event: 3.344 Thread 0x000002101f78ff10 flushing nmethod 0x0000021000adaf90
Event: 3.764 Thread 0x0000021020147120 Thread exited: 0x0000021020147120
Event: 3.959 Thread 0x0000021021555c10 Thread added: 0x0000021021555c10
Event: 5.312 Thread 0x000002101f78ff10 flushing nmethod 0x0000021000897190
Event: 5.313 Thread 0x000002101f78ff10 flushing nmethod 0x0000021000a3a410
Event: 5.313 Thread 0x000002101f78ff10 flushing nmethod 0x0000021000a64390
Event: 5.313 Thread 0x000002101f78ff10 flushing nmethod 0x0000021000a8e810
Event: 5.313 Thread 0x000002101f78ff10 flushing nmethod 0x0000021000b31590
Event: 5.315 Thread 0x000002101f78ff10 flushing nmethod 0x0000021000b58a90
Event: 5.845 Thread 0x0000021021555c10 Thread exited: 0x0000021021555c10


Dynamic libraries:
0x00007ff6ff6e0000 - 0x00007ff6ff6f0000 	C:\Program Files\Java\jdk-19\bin\java.exe
0x00007ffdde7d0000 - 0x00007ffdde9c8000 	C:\Windows\SYSTEM32\ntdll.dll
0x00007ffddd570000 - 0x00007ffddd62f000 	C:\Windows\System32\KERNEL32.DLL
0x00007ffddc250000 - 0x00007ffddc522000 	C:\Windows\System32\KERNELBASE.dll
0x00007ffddc5f0000 - 0x00007ffddc6f0000 	C:\Windows\System32\ucrtbase.dll
0x00007ffdb3af0000 - 0x00007ffdb3b0b000 	C:\Program Files\Java\jdk-19\bin\VCRUNTIME140.dll
0x00007ffdb2dd0000 - 0x00007ffdb2de8000 	C:\Program Files\Java\jdk-19\bin\jli.dll
0x00007ffdddae0000 - 0x00007ffdddb8e000 	C:\Windows\System32\ADVAPI32.dll
0x00007ffddd630000 - 0x00007ffddd6ce000 	C:\Windows\System32\msvcrt.dll
0x00007ffddd8a0000 - 0x00007ffddd93c000 	C:\Windows\System32\sechost.dll
0x00007ffdde650000 - 0x00007ffdde774000 	C:\Windows\System32\RPCRT4.dll
0x00007ffddc820000 - 0x00007ffddc9c1000 	C:\Windows\System32\USER32.dll
0x00007ffddc0c0000 - 0x00007ffddc0e2000 	C:\Windows\System32\win32u.dll
0x00007ffdc3e90000 - 0x00007ffdc412a000 	C:\Windows\WinSxS\amd64_microsoft.windows.common-controls_6595b64144ccf1df_6.0.19041.1110_none_60b5254171f9507e\COMCTL32.dll
0x00007ffdde0f0000 - 0x00007ffdde11b000 	C:\Windows\System32\GDI32.dll
0x00007ffddbed0000 - 0x00007ffddbfdf000 	C:\Windows\System32\gdi32full.dll
0x00007ffddc780000 - 0x00007ffddc81d000 	C:\Windows\System32\msvcp_win.dll
0x00007ffdd3bc0000 - 0x00007ffdd3bca000 	C:\Windows\SYSTEM32\VERSION.dll
0x00007ffddd280000 - 0x00007ffddd2b0000 	C:\Windows\System32\IMM32.DLL
0x00007ffdbdb10000 - 0x00007ffdbdbb4000 	C:\Program Files\McAfee\Endpoint Security\Threat Prevention\Ips\EpMPApi.dll
0x00007ffddc580000 - 0x00007ffddc5e9000 	C:\Windows\System32\WINTRUST.dll
0x00007ffddc0f0000 - 0x00007ffddc246000 	C:\Windows\System32\CRYPT32.dll
0x00007ffddbac0000 - 0x00007ffddbad2000 	C:\Windows\SYSTEM32\MSASN1.dll
0x00000000610a0000 - 0x00000000610ac000 	C:\Program Files\McAfee\Endpoint Security\Threat Prevention\Ips\EpMPThe.dll
0x00007ffdc9480000 - 0x00007ffdc94db000 	C:\Program Files\McAfee\Endpoint Security\Threat Prevention\Ips\HIPHandlers64.dll
0x00007ffddcb30000 - 0x00007ffddd275000 	C:\Windows\System32\SHELL32.dll
0x00007ffdde120000 - 0x00007ffdde175000 	C:\Windows\System32\SHLWAPI.dll
0x00007ffdd9bb0000 - 0x00007ffdd9d94000 	C:\Windows\SYSTEM32\dbghelp.dll
0x00007ffdc3040000 - 0x00007ffdc304c000 	C:\Program Files\Java\jdk-19\bin\vcruntime140_1.dll
0x00007ffdaffa0000 - 0x00007ffdb002e000 	C:\Program Files\Java\jdk-19\bin\msvcp140.dll
0x00007ffd33ff0000 - 0x00007ffd34cb0000 	C:\Program Files\Java\jdk-19\bin\server\jvm.dll
0x00007ffdd24a0000 - 0x00007ffdd24c7000 	C:\Windows\SYSTEM32\WINMM.dll
0x00007ffdaff60000 - 0x00007ffdaff69000 	C:\Windows\SYSTEM32\WSOCK32.dll
0x00007ffddda70000 - 0x00007ffdddadb000 	C:\Windows\System32\WS2_32.dll
0x00007ffdda6d0000 - 0x00007ffdda6e2000 	C:\Windows\SYSTEM32\kernel.appcore.dll
0x00007ffdbd780000 - 0x00007ffdbd78a000 	C:\Program Files\Java\jdk-19\bin\jimage.dll
0x00007ffdbd500000 - 0x00007ffdbd535000 	C:\Windows\SYSTEM32\dbgcore.DLL
0x00007ffddc6f0000 - 0x00007ffddc772000 	C:\Windows\System32\bcryptPrimitives.dll
0x00007ffdd8640000 - 0x00007ffdd864e000 	C:\Program Files\Java\jdk-19\bin\instrument.dll
0x00007ffdb25a0000 - 0x00007ffdb25c6000 	C:\Program Files\Java\jdk-19\bin\java.dll
0x00007ffd84df0000 - 0x00007ffd84ec7000 	C:\Program Files\Java\jdk-19\bin\jsvml.dll
0x00007ffdd9f20000 - 0x00007ffdda6b2000 	C:\Windows\SYSTEM32\windows.storage.dll
0x00007ffddb850000 - 0x00007ffddb880000 	C:\Windows\SYSTEM32\Wldp.dll
0x000002101f400000 - 0x000002101f755000 	C:\Windows\System32\combase.dll
0x00007ffddca80000 - 0x00007ffddcb2d000 	C:\Windows\System32\SHCORE.dll
0x00007ffddbe10000 - 0x00007ffddbe2f000 	C:\Windows\SYSTEM32\profapi.dll
0x00007ffdb2580000 - 0x00007ffdb2598000 	C:\Program Files\Java\jdk-19\bin\zip.dll
0x00007ffdb2600000 - 0x00007ffdb2613000 	C:\Program Files\Java\jdk-19\bin\net.dll
0x00007ffdd6c40000 - 0x00007ffdd6d4a000 	C:\Windows\SYSTEM32\WINHTTP.dll
0x00007ffddb630000 - 0x00007ffddb69a000 	C:\Windows\system32\mswsock.dll
0x00007ffdb25e0000 - 0x00007ffdb25f6000 	C:\Program Files\Java\jdk-19\bin\nio.dll
0x00007ffdd8620000 - 0x00007ffdd863a000 	C:\Program Files\JetBrains\IntelliJ IDEA 2022.3.3\bin\breakgen64.dll
0x00007ffdbbd40000 - 0x00007ffdbbd48000 	C:\Program Files\Java\jdk-19\bin\extnet.dll
0x0000000069ac0000 - 0x0000000069ae4000 	C:\Users\javgonzalez\AppData\Local\Temp\jansi-2.4.0-4abce01a280eda1e-jansi.dll
0x00007ffdb2570000 - 0x00007ffdb2580000 	C:\Program Files\Java\jdk-19\bin\verify.dll

dbghelp: loaded successfully - version: 4.0.5 - missing functions: none
symbol engine: initialized successfully - sym options: 0x614 - pdb path: .;C:\Program Files\Java\jdk-19\bin;C:\Windows\SYSTEM32;C:\Windows\WinSxS\amd64_microsoft.windows.common-controls_6595b64144ccf1df_6.0.19041.1110_none_60b5254171f9507e;C:\Program Files\McAfee\Endpoint Security\Threat Prevention\Ips;C:\Program Files\Java\jdk-19\bin\server;C:\Program Files\JetBrains\IntelliJ IDEA 2022.3.3\bin;C:\Users\javgonzalez\AppData\Local\Temp

VM Arguments:
jvm_args: -Dmaven.multiModuleProjectDirectory=C:\Users\javgonzalez\Desktop\Nueva carpeta\PlataformaProveedores -Djansi.passthrough=true -Dmaven.home=C:\Users\javgonzalez\.m2\wrapper\dists\apache-maven-3.8.7-bin\1ktonn2lleg549uah6ngl1r74r\apache-maven-3.8.7 -Dclassworlds.conf=C:\Users\javgonzalez\.m2\wrapper\dists\apache-maven-3.8.7-bin\1ktonn2lleg549uah6ngl1r74r\apache-maven-3.8.7\bin\m2.conf -Dmaven.ext.class.path=C:\Program Files\JetBrains\IntelliJ IDEA 2022.3.3\plugins\maven\lib\maven-event-listener.jar -javaagent:C:\Program Files\JetBrains\IntelliJ IDEA 2022.3.3\lib\idea_rt.jar=51018:C:\Program Files\JetBrains\IntelliJ IDEA 2022.3.3\bin -Dfile.encoding=UTF-8 -Dsun.stdout.encoding=UTF-8 -Dsun.stderr.encoding=UTF-8 
java_command: org.codehaus.classworlds.Launcher -Didea.version=2022.3.3 spring-boot:run
java_class_path (initial): C:\Users\javgonzalez\.m2\wrapper\dists\apache-maven-3.8.7-bin\1ktonn2lleg549uah6ngl1r74r\apache-maven-3.8.7\boot\plexus-classworlds-2.6.0.jar;C:\Users\javgonzalez\.m2\wrapper\dists\apache-maven-3.8.7-bin\1ktonn2lleg549uah6ngl1r74r\apache-maven-3.8.7\boot\plexus-classworlds.license
Launcher Type: SUN_STANDARD

[Global flags]
     intx CICompilerCount                          = 4                                         {product} {ergonomic}
     uint ConcGCThreads                            = 2                                         {product} {ergonomic}
     uint G1ConcRefinementThreads                  = 8                                         {product} {ergonomic}
   size_t G1HeapRegionSize                         = 2097152                                   {product} {ergonomic}
    uintx GCDrainStackTargetSize                   = 64                                        {product} {ergonomic}
   size_t InitialHeapSize                          = 264241152                                 {product} {ergonomic}
   size_t MarkStackSize                            = 4194304                                   {product} {ergonomic}
   size_t MaxHeapSize                              = 4221566976                                {product} {ergonomic}
   size_t MaxNewSize                               = 2531262464                                {product} {ergonomic}
   size_t MinHeapDeltaBytes                        = 2097152                                   {product} {ergonomic}
   size_t MinHeapSize                              = 8388608                                   {product} {ergonomic}
    uintx NonNMethodCodeHeapSize                   = 5839372                                {pd product} {ergonomic}
    uintx NonProfiledCodeHeapSize                  = 122909434                              {pd product} {ergonomic}
    uintx ProfiledCodeHeapSize                     = 122909434                              {pd product} {ergonomic}
    uintx ReservedCodeCacheSize                    = 251658240                              {pd product} {ergonomic}
     bool SegmentedCodeCache                       = true                                      {product} {ergonomic}
   size_t SoftMaxHeapSize                          = 4221566976                             {manageable} {ergonomic}
     bool UseCompressedClassPointers               = true                           {product lp64_product} {ergonomic}
     bool UseCompressedOops                        = true                           {product lp64_product} {ergonomic}
     bool UseG1GC                                  = true                                      {product} {ergonomic}
     bool UseLargePagesIndividualAllocation        = false                                  {pd product} {ergonomic}

Logging:
Log output configuration:
 #0: stdout all=warning uptime,level,tags foldmultilines=false
 #1: stderr all=off uptime,level,tags foldmultilines=false

Environment Variables:
PATH=C:\Program Files\Common Files\Oracle\Java\javapath;C:\orawin11g\jvagonzalez\product\11.2.0\client_1\bin;C:\Oracle\instantclient_21_9;C:\Oracle\jdk\jre\bin\classic;C:\Oracle\jdk\jre\bin;C:\Oracle\jdk\jre\bin\client;C:\Oracle\jlib;C:\Oracle\bin;C:\Oracle\jre\1.4.2\bin\client;C:\Oracle\jre\1.4.2\bin;C:\Program Files (x86)\Common Files\Oracle\Java\javapath;C:\Windows\system32;C:\Windows;C:\Windows\System32\Wbem;C:\Windows\System32\WindowsPowerShell\v1.0\;C:\Windows\System32\OpenSSH\;C:\Program Files\Microsoft SQL Server\150\Tools\Binn\;C:\Program Files\Microsoft SQL Server\Client SDK\ODBC\170\Tools\Binn\;C:\Program Files\dotnet\;C:\Program Files\nodejs\;C:\Program Files\Git\cmd;C:\Users\javgonzalez\AppData\Local\Programs\Python\Python310\Scripts\;C:\Users\javgonzalez\AppData\Local\Programs\Python\Python310\;C:\Users\javgonzalez\AppData\Local\Microsoft\WindowsApps;C:\Users\javgonzalez\.dotnet\tools;C:\Users\javgonzalez\AppData\Roaming\npm;C:\Users\javgonzalez\AppData\Local\Programs\Microsoft VS Code\bin
USERNAME=javgonzalez
OS=Windows_NT
PROCESSOR_IDENTIFIER=Intel64 Family 6 Model 140 Stepping 1, GenuineIntel
TMP=C:\Users\JAVGON~1\AppData\Local\Temp
TEMP=C:\Users\JAVGON~1\AppData\Local\Temp



---------------  S Y S T E M  ---------------

OS:
 Windows 10 , 64 bit Build 19041 (10.0.19041.2546)
OS uptime: 0 days 4:41 hours
Hyper-V role detected

CPU: total 8 (initial active 8) (4 cores per cpu, 2 threads per core) family 6 model 140 stepping 1 microcode 0xa4, cx8, cmov, fxsr, ht, mmx, 3dnowpref, sse, sse2, sse3, ssse3, sse4.1, sse4.2, popcnt, lzcnt, tsc, tscinvbit, avx, avx2, aes, erms, clmul, bmi1, bmi2, adx, avx512f, avx512dq, avx512cd, avx512bw, avx512vl, sha, fma, vzeroupper, avx512_vpopcntdq, avx512_vpclmulqdq, avx512_vaes, avx512_vnni, clflush, clflushopt, clwb, avx512_vbmi2, avx512_vbmi, hv, rdtscp, rdpid, fsrm, gfni, avx512_bitalg

Memory: 4k page, system-wide physical 16103M (569M free)
TotalPageFile size 18151M (AvailPageFile size 4M)
current process WorkingSet (physical memory assigned to process): 275M, peak: 290M
current process commit charge ("private bytes"): 336M, peak: 402M

vm_info: Java HotSpot(TM) 64-Bit Server VM (19.0.2+7-44) for windows-amd64 JRE (19.0.2+7-44), built on 2022-11-30T18:02:09Z by "mach5one" with MS VC++ 17.1 (VS2022)

END.
