#
# There is insufficient memory for the Java Runtime Environment to continue.
# Native memory allocation (mmap) failed to map 65536 bytes for Failed to commit metaspace.
# Possible reasons:
#   The system is out of physical RAM or swap space
#   The process is running with CompressedOops enabled, and the Java Heap may be blocking the growth of the native heap
# Possible solutions:
#   Reduce memory load on the system
#   Increase physical memory or swap space
#   Check if swap backing store is full
#   Decrease Java heap size (-Xmx/-Xms)
#   Decrease number of Java threads
#   Decrease Java thread stack sizes (-Xss)
#   Set larger code cache with -XX:ReservedCodeCacheSize=
#   JVM is running with Zero Based Compressed Oops mode in which the Java heap is
#     placed in the first 32GB address space. The Java Heap base address is the
#     maximum limit for the native heap growth. Please use -XX:HeapBaseMinAddress
#     to set the Java Heap base and to place the Java Heap above 32GB virtual address.
# This output file may be truncated or incomplete.
#
#  Out of Memory Error (virtualSpaceNode.cpp:110), pid=14572, tid=13148
#
# JRE version: Java(TM) SE Runtime Environment (19.0.2+7) (build 19.0.2+7-44)
# Java VM: Java HotSpot(TM) 64-Bit Server VM (19.0.2+7-44, mixed mode, emulated-client, sharing, tiered, compressed oops, compressed class ptrs, g1 gc, windows-amd64)
# No core dump will be written. Minidumps are not enabled by default on client versions of Windows
#

---------------  S U M M A R Y ------------

Command Line: -XX:TieredStopAtLevel=1 com.plprv.PlataformaProveedores.PlataformaProveedoresApplication

Host: 11th Gen Intel(R) Core(TM) i7-1165G7 @ 2.80GHz, 8 cores, 15G,  Windows 10 , 64 bit Build 19041 (10.0.19041.2546)
Time: Mon Apr 10 12:10:02 2023 Hora est. Pac璗ico, Sudam廨ica elapsed time: 0.346929 seconds (0d 0h 0m 0s)

---------------  T H R E A D  ---------------

Current thread (0x00000227cc739b90):  JavaThread "main" [_thread_in_vm, id=13148, stack(0x0000007e1fd00000,0x0000007e1fe00000)]

Stack: [0x0000007e1fd00000,0x0000007e1fe00000]
Native frames: (J=compiled Java code, j=interpreted, Vv=VM code, C=native code)
V  [jvm.dll+0x6ee21a]
V  [jvm.dll+0x85765e]
V  [jvm.dll+0x85904e]
V  [jvm.dll+0x859703]
V  [jvm.dll+0x28298f]
V  [jvm.dll+0x8532db]
V  [jvm.dll+0x692cb6]
V  [jvm.dll+0x692d1a]
V  [jvm.dll+0x695613]
V  [jvm.dll+0x6954de]
V  [jvm.dll+0x6936de]
V  [jvm.dll+0x69dd07]
V  [jvm.dll+0x21e072]
V  [jvm.dll+0x21e5a5]
V  [jvm.dll+0x21ef01]
V  [jvm.dll+0x2146a1]
V  [jvm.dll+0x5a9cb6]
V  [jvm.dll+0x2257aa]
V  [jvm.dll+0x7cc802]
V  [jvm.dll+0x7cdc4a]
V  [jvm.dll+0x4711b6]
C  [java.dll+0x1a55]

Java frames: (J=compiled Java code, j=interpreted, Vv=VM code)
j  java.lang.ClassLoader.findBootstrapClass(Ljava/lang/String;)Ljava/lang/Class;+0 java.base@19.0.2
j  java.lang.ClassLoader.findBootstrapClassOrNull(Ljava/lang/String;)Ljava/lang/Class;+10 java.base@19.0.2
j  java.lang.System$2.findBootstrapClassOrNull(Ljava/lang/String;)Ljava/lang/Class;+1 java.base@19.0.2
j  jdk.internal.loader.ClassLoaders$BootClassLoader.loadClassOrNull(Ljava/lang/String;Z)Ljava/lang/Class;+4 java.base@19.0.2
J 492 c1 jdk.internal.loader.BuiltinClassLoader.loadClassOrNull(Ljava/lang/String;Z)Ljava/lang/Class; java.base@19.0.2 (143 bytes) @ 0x00000227d48ba8d4 [0x00000227d48ba5e0+0x00000000000002f4]
j  jdk.internal.loader.BuiltinClassLoader.loadClass(Ljava/lang/String;Z)Ljava/lang/Class;+3 java.base@19.0.2
j  jdk.internal.loader.ClassLoaders$AppClassLoader.loadClass(Ljava/lang/String;Z)Ljava/lang/Class;+36 java.base@19.0.2
j  java.lang.ClassLoader.loadClass(Ljava/lang/String;)Ljava/lang/Class;+3 java.base@19.0.2
v  ~StubRoutines::call_stub 0x00000227d46610e8
j  ch.qos.logback.core.util.COWArrayList.<init>([Ljava/lang/Object;)V+5
j  ch.qos.logback.core.spi.FilterAttachableImpl.<init>()V+13
j  ch.qos.logback.core.UnsynchronizedAppenderBase.<init>()V+25
j  ch.qos.logback.core.OutputStreamAppender.<init>()V+1
j  ch.qos.logback.core.ConsoleAppender.<init>()V+1
j  ch.qos.logback.classic.BasicConfigurator.configure(Lch/qos/logback/classic/LoggerContext;)Lch/qos/logback/classic/spi/Configurator$ExecutionStatus;+10
j  ch.qos.logback.classic.util.ContextInitializer.fallbackOnToBasicConfigurator()V+21
j  ch.qos.logback.classic.util.ContextInitializer.autoConfig(Ljava/lang/ClassLoader;)V+182
j  ch.qos.logback.classic.util.ContextInitializer.autoConfig()V+6
j  ch.qos.logback.classic.spi.LogbackServiceProvider.initializeLoggerContext()V+11
j  ch.qos.logback.classic.spi.LogbackServiceProvider.initialize()V+21
j  org.slf4j.LoggerFactory.bind()V+37
j  org.slf4j.LoggerFactory.performInitialization()V+0
j  org.slf4j.LoggerFactory.getProvider()Lorg/slf4j/spi/SLF4JServiceProvider;+21
j  org.slf4j.LoggerFactory.getILoggerFactory()Lorg/slf4j/ILoggerFactory;+0
j  org.slf4j.LoggerFactory.getLogger(Ljava/lang/String;)Lorg/slf4j/Logger;+0
j  org.apache.commons.logging.LogAdapter$Slf4jAdapter.createLocationAwareLog(Ljava/lang/String;)Lorg/apache/commons/logging/Log;+1
j  org.apache.commons.logging.LogAdapter$$Lambda$1+0x0000000801005800.apply(Ljava/lang/Object;)Ljava/lang/Object;+4
j  org.apache.commons.logging.LogAdapter.createLog(Ljava/lang/String;)Lorg/apache/commons/logging/Log;+4
j  org.apache.commons.logging.LogFactory.getLog(Ljava/lang/String;)Lorg/apache/commons/logging/Log;+1
j  org.apache.commons.logging.LogFactory.getLog(Ljava/lang/Class;)Lorg/apache/commons/logging/Log;+4
j  org.springframework.boot.SpringApplication.<clinit>()V+2
v  ~StubRoutines::call_stub 0x00000227d46610e8
j  com.plprv.PlataformaProveedores.PlataformaProveedoresApplication.main([Ljava/lang/String;)V+3
v  ~StubRoutines::call_stub 0x00000227d46610e8

Compiled method (c1)     359  492   !   1       jdk.internal.loader.BuiltinClassLoader::loadClassOrNull (143 bytes)
 total in heap  [0x00000227d48ba390,0x00000227d48bb2b0] = 3872
 relocation     [0x00000227d48ba4f0,0x00000227d48ba5d0] = 224
 main code      [0x00000227d48ba5e0,0x00000227d48babc0] = 1504
 stub code      [0x00000227d48babc0,0x00000227d48baca8] = 232
 metadata       [0x00000227d48baca8,0x00000227d48bad20] = 120
 scopes data    [0x00000227d48bad20,0x00000227d48baf18] = 504
 scopes pcs     [0x00000227d48baf18,0x00000227d48bb0a8] = 400
 dependencies   [0x00000227d48bb0a8,0x00000227d48bb0c0] = 24
 handler table  [0x00000227d48bb0c0,0x00000227d48bb270] = 432
 nul chk table  [0x00000227d48bb270,0x00000227d48bb2b0] = 64

[Constant Pool (empty)]

[MachCode]
[Entry Point]
  # {method} {0x0000000800082e90} 'loadClassOrNull' '(Ljava/lang/String;Z)Ljava/lang/Class;' in 'jdk/internal/loader/BuiltinClassLoader'
  # this:     rdx:rdx   = 'jdk/internal/loader/BuiltinClassLoader'
  # parm0:    r8:r8     = 'java/lang/String'
  # parm1:    r9        = boolean
  #           [sp+0x100]  (sp of caller)
  0x00000227d48ba5e0: 448b 5208 | 49bb 0000 | 0000 0800 | 0000 4d03 | d34c 3bd0 

  0x00000227d48ba5f4: ;   {runtime_call ic_miss_stub}
  0x00000227d48ba5f4: 0f85 8679 | e0ff 660f | 1f44 0000 
[Verified Entry Point]
  0x00000227d48ba600: 8984 2400 | 90ff ff55 | 4881 ecf0 | 0000 0048 | 8994 24a0 | 0000 004c | 8984 2498 | 0000 008b 
  0x00000227d48ba620: 5a28 48c1 | e303 4883 | fb00 0f85 | 1000 0000 | 488b f244 | 898c 24a8 | 0000 00e9 | 9900 0000 
  0x00000227d48ba640: 4489 8c24 | a800 0000 

  0x00000227d48ba648: ;   {metadata('java/lang/Object')}
  0x00000227d48ba648: 48ba 600e | 0000 0800 | 0000 498b | 87f8 0000 | 0048 8d78 | 1049 3bbf | 0801 0000 | 0f87 8b04 
  0x00000227d48ba668: 0000 4989 | bff8 0000 | 0048 c700 | 0100 0000 | 488b ca49 | ba00 0000 | 0008 0000 | 0049 2bca 
  0x00000227d48ba688: 8948 0848 | 33c9 8948 | 0c48 33c9 

  0x00000227d48ba694: ; implicit exception: dispatches to 0x00000227d48bab02
  0x00000227d48ba694: 483b 0349 | 8bf0 4c8b | c64c 8bc8 | bf01 0000 | 0048 8bd3 | 4889 8424 | 9000 0000 | 0f1f 8000 
  0x00000227d48ba6b4: ;   {optimized virtual_call}
  0x00000227d48ba6b4: 0000 00e8 

  0x00000227d48ba6b8: ; ImmutableOopMap {[144]=Oop [152]=Oop [160]=Oop }
                      ;*invokevirtual putVal {reexecute=0 rethrow=0 return_oop=0}
                      ; - java.util.concurrent.ConcurrentHashMap::putIfAbsent@4 (line 1541)
                      ; - java.lang.ClassLoader::getClassLoadingLock@23 (line 667)
                      ; - jdk.internal.loader.BuiltinClassLoader::loadClassOrNull@2 (line 651)
  0x00000227d48ba6b8: a49f ecff | 4883 f800 | 0f84 0800 | 0000 488b | f0e9 0b00 | 0000 488b | 8424 9000 | 0000 488b 
  0x00000227d48ba6d8: f048 8d94 | 24d0 0000 | 0048 8972 | 0848 8b06 | 4883 c801 | 4889 02f0 | 480f b116 | 0f84 1200 
  0x00000227d48ba6f8: 0000 482b | c448 2507 | f0ff ff48 | 8902 0f85 | 0004 0000 | 488b 9424 | 9800 0000 | 4889 b424 
  0x00000227d48ba718: b000 0000 

  0x00000227d48ba71c: ;   {static_call}
  0x00000227d48ba71c: 6666 90e8 

  0x00000227d48ba720: ; ImmutableOopMap {[152]=Oop [160]=Oop [176]=Oop [216]=Oop }
                      ;*invokestatic checkName {reexecute=0 rethrow=0 return_oop=0}
                      ; - java.lang.ClassLoader::findLoadedClass@1 (line 1284)
                      ; - jdk.internal.loader.BuiltinClassLoader::loadClassOrNull@10 (line 653)
  0x00000227d48ba720: 3c37 fbff | 83f8 000f | 850f 0000 

  0x00000227d48ba72c: ;   {oop(NULL)}
  0x00000227d48ba72c: 0048 be00 | 0000 0000 | 0000 00e9 | 1b00 0000 | 4c8b 8424 | 9800 0000 | 488b 9424 | a000 0000 
  0x00000227d48ba74c: ;   {optimized virtual_call}
  0x00000227d48ba74c: 6666 90e8 

  0x00000227d48ba750: ; ImmutableOopMap {[152]=Oop [160]=Oop [176]=Oop [216]=Oop }
                      ;*invokevirtual findLoadedClass0 {reexecute=0 rethrow=0 return_oop=0}
                      ; - java.lang.ClassLoader::findLoadedClass@11 (line 1286)
                      ; - jdk.internal.loader.BuiltinClassLoader::loadClassOrNull@10 (line 653)
  0x00000227d48ba750: 0ce2 ffff | 488b f048 | 83fe 000f | 8556 0200 | 0048 89b4 | 24b8 0000 | 004c 8b84 | 2498 0000 
  0x00000227d48ba770: 0041 8b48 | 1448 c1e1 | 0344 8b49 | 0c41 0fbe | 4810 c1e1 | 18c1 f918 | 41d3 f941 | ffc9 498b 
  0x00000227d48ba790: f841 b82e | 0000 0048 | 8bd7 0f1f 

  0x00000227d48ba79c: ;   {optimized virtual_call}
  0x00000227d48ba79c: 4400 00e8 

  0x00000227d48ba7a0: ; ImmutableOopMap {[152]=Oop [160]=Oop [176]=Oop [184]=Oop [216]=Oop }
                      ;*invokevirtual lastIndexOf {reexecute=0 rethrow=0 return_oop=0}
                      ; - java.lang.String::lastIndexOf@8 (line 2457)
                      ; - jdk.internal.loader.BuiltinClassLoader::findLoadedModule@3 (line 709)
                      ; - jdk.internal.loader.BuiltinClassLoader::loadClassOrNull@22 (line 658)
  0x00000227d48ba7a0: bc5f f9ff | 83f8 000f | 8d0f 0000 

  0x00000227d48ba7ac: ;   {oop(NULL)}
  0x00000227d48ba7ac: 0048 be00 | 0000 0000 | 0000 00e9 | 6900 0000 | 41b8 0000 | 0000 4c8b | c848 8b94 | 2498 0000 
  0x00000227d48ba7cc: ;   {optimized virtual_call}
  0x00000227d48ba7cc: 0066 90e8 

  0x00000227d48ba7d0: ; ImmutableOopMap {[152]=Oop [160]=Oop [176]=Oop [184]=Oop [216]=Oop }
                      ;*invokevirtual substring {reexecute=0 rethrow=0 return_oop=0}
                      ; - jdk.internal.loader.BuiltinClassLoader::findLoadedModule@16 (line 713)
                      ; - jdk.internal.loader.BuiltinClassLoader::loadClassOrNull@22 (line 658)
  0x00000227d48ba7d0: 2c1b f9ff 

  0x00000227d48ba7d4: ;   {oop(a 'java/util/concurrent/ConcurrentHashMap'{0x000000071405e758})}
  0x00000227d48ba7d4: 4c8b c048 | ba58 e705 | 1407 0000 | 0066 0f1f 

  0x00000227d48ba7e4: ;   {optimized virtual_call}
  0x00000227d48ba7e4: 4400 00e8 

  0x00000227d48ba7e8: ; ImmutableOopMap {[152]=Oop [160]=Oop [176]=Oop [184]=Oop [216]=Oop }
                      ;*invokeinterface get {reexecute=0 rethrow=0 return_oop=0}
                      ; - jdk.internal.loader.BuiltinClassLoader::findLoadedModule@24 (line 714)
                      ; - jdk.internal.loader.BuiltinClassLoader::loadClassOrNull@22 (line 658)
  0x00000227d48ba7e8: d4d3 f9ff | 4883 f800 | 0f84 2900 

  0x00000227d48ba7f4: ;   {metadata('jdk/internal/loader/BuiltinClassLoader$LoadedModule')}
  0x00000227d48ba7f4: 0000 48be | 50d7 1900 | 0800 0000 | 448b 4808 | 49ba 0000 | 0000 0800 | 0000 4d03 | ca49 3bf1 
  0x00000227d48ba814: 0f85 0f03 | 0000 e900 | 0000 004c | 8bc0 498b | f048 83fe | 0048 8b94 | 24a0 0000 | 000f 84a5 
  0x00000227d48ba834: 0000 008b | 7e0c 48c1 | e703 483b | fa0f 8565 

  0x00000227d48ba844: ;   {oop(a 'java/lang/Class'{0x000000071400a360} = 'jdk/internal/misc/VM')}
  0x00000227d48ba844: 0000 0049 | b860 a300 | 1407 0000 | 0045 8b80 | 9400 0000 | 4183 f802 | 41b8 0000 | 0000 0f8c 
  0x00000227d48ba864: 0600 0000 | 41b8 0100 | 0000 4183 | e001 4183 | f800 0f85 | 0d00 0000 | 488b b424 | b800 0000 
  0x00000227d48ba884: e92e 0100 | 004c 8b84 | 2498 0000 | 004c 8bce | 488b f248 | 8bd6 0f1f 

  0x00000227d48ba89c: ;   {optimized virtual_call}
  0x00000227d48ba89c: 4400 00e8 

  0x00000227d48ba8a0: ; ImmutableOopMap {[160]=Oop [176]=Oop [216]=Oop }
                      ;*invokevirtual defineClass {reexecute=0 rethrow=0 return_oop=0}
                      ; - jdk.internal.loader.BuiltinClassLoader::findClassInModuleOrNull@9 (line 741)
                      ; - jdk.internal.loader.BuiltinClassLoader::loadClassOrNull@55 (line 665)
  0x00000227d48ba8a0: 5c7c e0ff | 488b f0e9 | 0b01 0000 

  0x00000227d48ba8ac: ; implicit exception: dispatches to 0x00000227d48bab37
  0x00000227d48ba8ac: 483b 074c | 8b84 2498 | 0000 0041 | b900 0000 | 0048 8bd7 | 0f1f 4400 | 0048 b8ff | ffff ffff 
  0x00000227d48ba8cc: ;   {virtual_call}
  0x00000227d48ba8cc: ffff ffe8 

  0x00000227d48ba8d0: ; ImmutableOopMap {[160]=Oop [176]=Oop [216]=Oop }
                      ;*invokevirtual loadClassOrNull {reexecute=0 rethrow=0 return_oop=0}
                      ; - jdk.internal.loader.BuiltinClassLoader::loadClassOrNull@3 (line 700)
                      ; - jdk.internal.loader.BuiltinClassLoader::loadClassOrNull@66 (line 669)
  0x00000227d48ba8d0: 8c49 e0ff | 488b f0e9 | db00 0000 | 8b72 5448 | c1e6 0348 | 83fe 000f | 850d 0000 | 0048 8bb4 
  0x00000227d48ba8f0: 24b8 0000 | 00e9 2d00 | 0000 483b | 064c 8b84 | 2498 0000 | 0041 b900 | 0000 0048 | 8bd6 0f1f 
  0x00000227d48ba910: 8000 0000 | 0048 b800 | 4108 0008 

  0x00000227d48ba91c: ;   {virtual_call}
  0x00000227d48ba91c: 0000 00e8 

  0x00000227d48ba920: ; ImmutableOopMap {[152]=Oop [160]=Oop [176]=Oop [216]=Oop }
                      ;*invokevirtual loadClassOrNull {reexecute=0 rethrow=0 return_oop=0}
                      ; - jdk.internal.loader.BuiltinClassLoader::loadClassOrNull@3 (line 700)
                      ; - jdk.internal.loader.BuiltinClassLoader::loadClassOrNull@86 (line 676)
  0x00000227d48ba920: 7c48 e0ff | 488b f048 | 83fe 000f | 8586 0000 | 0048 8b94 | 24a0 0000 | 0044 8b42 | 5849 c1e0 
  0x00000227d48ba940: 0349 83f8 | 0041 b800 | 0000 000f | 8406 0000 | 0041 b801 | 0000 0041 | 83e0 0141 | 83f8 000f 
  0x00000227d48ba960: 8452 0000 

  0x00000227d48ba964: ;   {oop(a 'java/lang/Class'{0x000000071400a360} = 'jdk/internal/misc/VM')}
  0x00000227d48ba964: 0049 b860 | a300 1407 | 0000 0045 | 8b80 9400 | 0000 4183 | f802 41b8 | 0000 0000 | 0f8c 0600 
  0x00000227d48ba984: 0000 41b8 | 0100 0000 | 4183 e001 | 4183 f800 | 0f84 1d00 | 0000 4c8b | 8424 9800 | 0000 488b 
  0x00000227d48ba9a4: f248 8bd6 | 0f1f 8000 

  0x00000227d48ba9ac: ;   {optimized virtual_call}
  0x00000227d48ba9ac: 0000 00e8 

  0x00000227d48ba9b0: ; ImmutableOopMap {[160]=Oop [176]=Oop [216]=Oop }
                      ;*invokevirtual findClassOnClassPathOrNull {reexecute=0 rethrow=0 return_oop=0}
                      ; - jdk.internal.loader.BuiltinClassLoader::loadClassOrNull@111 (line 681)
  0x00000227d48ba9b0: a102 0000 | 488b f044 | 8b8c 24a8 | 0000 0041 | 83f9 000f | 8414 0000 | 0048 83fe | 000f 840a 
  0x00000227d48ba9d0: 0000 0048 | 83fe 000f | 843c 0000 | 0048 8d84 | 24d0 0000 | 0048 8b10 | 4885 d20f | 840f 0000 
  0x00000227d48ba9f0: 0048 8b78 | 08f0 480f | b117 0f85 | 4101 0000 | 488b c648 | 81c4 f000 

  0x00000227d48baa08: ;   {poll_return}
  0x00000227d48baa08: 0000 5d49 | 3ba7 7803 | 0000 0f87 | 3f01 0000 | c348 89b4 | 24c8 0000 

  0x00000227d48baa20: ;   {metadata('java/lang/NullPointerException')}
  0x00000227d48baa20: 0048 ba70 | 8008 0008 | 0000 0049 | 8b87 f800 | 0000 488d | 7830 493b | bf08 0100 | 000f 872a 
  0x00000227d48baa40: 0100 0049 | 89bf f800 | 0000 48c7 | 0001 0000 | 0048 8bca | 49ba 0000 | 0000 0800 | 0000 492b 
  0x00000227d48baa60: ca89 4808 | 4833 c989 | 480c 4833 | c948 8948 | 1048 8948 | 1848 8948 | 2048 8948 | 2848 8bd0 
  0x00000227d48baa80: 4889 8424 | c000 0000 | 0f1f 8000 

  0x00000227d48baa8c: ;   {optimized virtual_call}
  0x00000227d48baa8c: 0000 00e8 

  0x00000227d48baa90: ; ImmutableOopMap {[176]=Oop [192]=Oop [200]=Oop [216]=Oop }
                      ;*invokespecial <init> {reexecute=0 rethrow=0 return_oop=0}
                      ; - java.lang.ClassLoader::resolveClass@8 (line 1224)
                      ; - jdk.internal.loader.BuiltinClassLoader::loadClassOrNull@128 (line 688)
  0x00000227d48baa90: 6c7a e0ff | 488b 8424 

  0x00000227d48baa98: ; ImmutableOopMap {rax=Oop [176]=Oop [200]=Oop [216]=Oop }
                      ;*athrow {reexecute=1 rethrow=0 return_oop=0}
                      ; - (reexecute) java.lang.ClassLoader::resolveClass@11 (line 1224)
                      ; - jdk.internal.loader.BuiltinClassLoader::loadClassOrNull@128 (line 688)
  0x00000227d48baa98: c000 0000 

  0x00000227d48baa9c: ;   {section_word}
  0x00000227d48baa9c: 48ba 9caa | 8bd4 2702 

  0x00000227d48baaa4: ;   {runtime_call handle_exception_nofpu Runtime1 stub}
  0x00000227d48baaa4: 0000 e855 | 17eb ff90 | 498b 8720 | 0400 004d | 33d2 4d89 | 9720 0400 | 004d 33d2 | 4d89 9728 
  0x00000227d48baac4: 0400 0048 | 8bf0 488d | 8424 d000 | 0000 488b | 3848 85ff | 0f84 0f00 | 0000 488b | 5808 f048 
  0x00000227d48baae4: 0fb1 3b0f | 858d 0000 | 0048 8bc6 | e9b8 0000 | 0048 8bd2 

  0x00000227d48baaf8: ;   {runtime_call fast_new_instance Runtime1 stub}
  0x00000227d48baaf8: e803 03eb 

  0x00000227d48baafc: ; ImmutableOopMap {r8=Oop rbx=Oop [152]=Oop [160]=Oop }
                      ;*new {reexecute=0 rethrow=0 return_oop=0}
                      ; - java.lang.ClassLoader::getClassLoadingLock@9 (line 666)
                      ; - jdk.internal.loader.BuiltinClassLoader::loadClassOrNull@2 (line 651)
  0x00000227d48baafc: ffe9 92fb 

  0x00000227d48bab00: ;   {runtime_call throw_null_pointer_exception Runtime1 stub}
  0x00000227d48bab00: ffff e819 

  0x00000227d48bab04: ; ImmutableOopMap {r8=Oop rbx=Oop rax=Oop [152]=Oop [160]=Oop }
                      ;*invokevirtual putIfAbsent {reexecute=0 rethrow=0 return_oop=0}
                      ; - java.lang.ClassLoader::getClassLoadingLock@23 (line 667)
                      ; - jdk.internal.loader.BuiltinClassLoader::loadClassOrNull@2 (line 651)
                      ;   {runtime_call throw_null_pointer_exception Runtime1 stub}
  0x00000227d48bab04: f5ea ffe8 

  0x00000227d48bab08: ; ImmutableOopMap {rsi=Oop [152]=Oop [160]=Oop }
                      ;*monitorenter {reexecute=0 rethrow=0 return_oop=0}
                      ; - jdk.internal.loader.BuiltinClassLoader::loadClassOrNull@7 (line 651)
  0x00000227d48bab08: 14f5 eaff | 4889 7424 | 0848 8914 

  0x00000227d48bab14: ;   {runtime_call monitorenter_nofpu Runtime1 stub}
  0x00000227d48bab14: 24e8 6639 

  0x00000227d48bab18: ; ImmutableOopMap {rsi=Oop [152]=Oop [160]=Oop [216]=Oop }
                      ;*monitorenter {reexecute=0 rethrow=0 return_oop=0}
                      ; - jdk.internal.loader.BuiltinClassLoader::loadClassOrNull@7 (line 651)
  0x00000227d48bab18: ebff e9ed 

  0x00000227d48bab1c: ;   {runtime_call throw_null_pointer_exception Runtime1 stub}
  0x00000227d48bab1c: fbff ffe8 

  0x00000227d48bab20: ; ImmutableOopMap {r8=Oop [152]=Oop [160]=Oop [176]=Oop [184]=Oop [216]=Oop }
                      ;*invokevirtual lastIndexOf {reexecute=0 rethrow=0 return_oop=0}
                      ; - jdk.internal.loader.BuiltinClassLoader::findLoadedModule@3 (line 709)
                      ; - jdk.internal.loader.BuiltinClassLoader::loadClassOrNull@22 (line 658)
  0x00000227d48bab20: fcf4 eaff 

  0x00000227d48bab24: ;   {runtime_call throw_null_pointer_exception Runtime1 stub}
  0x00000227d48bab24: e8f7 f4ea 

  0x00000227d48bab28: ; ImmutableOopMap {r8=Oop [152]=Oop [160]=Oop [176]=Oop [184]=Oop [216]=Oop }
                      ;*arraylength {reexecute=0 rethrow=0 return_oop=0}
                      ; - java.lang.String::length@4 (line 1491)
                      ; - java.lang.String::lastIndexOf@3 (line 2457)
                      ; - jdk.internal.loader.BuiltinClassLoader::findLoadedModule@3 (line 709)
                      ; - jdk.internal.loader.BuiltinClassLoader::loadClassOrNull@22 (line 658)
  0x00000227d48bab28: ff48 8904 

  0x00000227d48bab2c: ;   {runtime_call throw_class_cast_exception Runtime1 stub}
  0x00000227d48bab2c: 24e8 ee26 

  0x00000227d48bab30: ; ImmutableOopMap {[152]=Oop [160]=Oop [176]=Oop [184]=Oop [216]=Oop }
                      ;*checkcast {reexecute=0 rethrow=0 return_oop=0}
                      ; - jdk.internal.loader.BuiltinClassLoader::findLoadedModule@29 (line 714)
                      ; - jdk.internal.loader.BuiltinClassLoader::loadClassOrNull@22 (line 658)
                      ;   {runtime_call throw_null_pointer_exception Runtime1 stub}
  0x00000227d48bab30: ebff e8e9 

  0x00000227d48bab34: ; ImmutableOopMap {rsi=Oop rdx=Oop [152]=Oop [160]=Oop [176]=Oop [184]=Oop [216]=Oop }
                      ;*invokevirtual loader {reexecute=0 rethrow=0 return_oop=0}
                      ; - jdk.internal.loader.BuiltinClassLoader::loadClassOrNull@34 (line 662)
                      ;   {runtime_call throw_null_pointer_exception Runtime1 stub}
  0x00000227d48bab34: f4ea ffe8 

  0x00000227d48bab38: ; ImmutableOopMap {rdi=Oop [152]=Oop [160]=Oop [176]=Oop [216]=Oop }
                      ;*invokevirtual loadClassOrNull {reexecute=0 rethrow=0 return_oop=0}
                      ; - jdk.internal.loader.BuiltinClassLoader::loadClassOrNull@66 (line 669)
  0x00000227d48bab38: e4f4 eaff 

  0x00000227d48bab3c: ;   {runtime_call throw_null_pointer_exception Runtime1 stub}
  0x00000227d48bab3c: e8df f4ea 

  0x00000227d48bab40: ; ImmutableOopMap {rsi=Oop [152]=Oop [160]=Oop [176]=Oop [216]=Oop }
                      ;*invokevirtual loadClassOrNull {reexecute=0 rethrow=0 return_oop=0}
                      ; - jdk.internal.loader.BuiltinClassLoader::loadClassOrNull@86 (line 676)
  0x00000227d48bab40: ff48 8d84 | 24d0 0000 | 0048 8904 

  0x00000227d48bab4c: ;   {runtime_call monitorexit_nofpu Runtime1 stub}
  0x00000227d48bab4c: 24e8 ae42 | ebff e9a9 

  0x00000227d48bab54: ;   {internal_word}
  0x00000227d48bab54: feff ff49 | ba0b aa8b | d427 0200 | 004d 8997 | 9003 0000 

  0x00000227d48bab68: ;   {runtime_call SafepointBlob}
  0x00000227d48bab68: e913 e8e0 | ff48 8bd2 

  0x00000227d48bab70: ;   {runtime_call fast_new_instance Runtime1 stub}
  0x00000227d48bab70: e88b 02eb 

  0x00000227d48bab74: ; ImmutableOopMap {[176]=Oop [200]=Oop [216]=Oop }
                      ;*new {reexecute=0 rethrow=0 return_oop=0}
                      ; - java.lang.ClassLoader::resolveClass@4 (line 1224)
                      ; - jdk.internal.loader.BuiltinClassLoader::loadClassOrNull@128 (line 688)
  0x00000227d48bab74: ffe9 03ff | ffff 488d | 8424 d000 | 0000 4889 

  0x00000227d48bab84: ;   {runtime_call monitorexit_nofpu Runtime1 stub}
  0x00000227d48bab84: 0424 e875 | 42eb ffe9 | 5dff ffff | 498b 8720 | 0400 0049 | c787 2004 | 0000 0000 | 0000 49c7 
  0x00000227d48baba4: 8728 0400 | 0000 0000 | 0048 81c4 | f000 0000 

  0x00000227d48babb4: ;   {runtime_call unwind_exception Runtime1 stub}
  0x00000227d48babb4: 5de9 46df | eaff f4f4 | f4f4 f4f4 
[Stub Code]
  0x00000227d48babc0: ;   {no_reloc}
  0x00000227d48babc0: 0f1f 4400 

  0x00000227d48babc4: ;   {static_stub}
  0x00000227d48babc4: 0048 bb00 | 0000 0000 

  0x00000227d48babcc: ;   {runtime_call}
  0x00000227d48babcc: 0000 00e9 | fbff ffff 

  0x00000227d48babd4: ;   {static_stub}
  0x00000227d48babd4: 9048 bb00 | 0000 0000 

  0x00000227d48babdc: ;   {runtime_call}
  0x00000227d48babdc: 0000 00e9 | fbff ffff 

  0x00000227d48babe4: ;   {static_stub}
  0x00000227d48babe4: 9048 bb00 | 0000 0000 

  0x00000227d48babec: ;   {runtime_call}
  0x00000227d48babec: 0000 00e9 | fbff ffff 

  0x00000227d48babf4: ;   {static_stub}
  0x00000227d48babf4: 9048 bb00 | 0000 0000 

  0x00000227d48babfc: ;   {runtime_call}
  0x00000227d48babfc: 0000 00e9 | fbff ffff 

  0x00000227d48bac04: ;   {static_stub}
  0x00000227d48bac04: 9048 bb00 | 0000 0000 

  0x00000227d48bac0c: ;   {runtime_call}
  0x00000227d48bac0c: 0000 00e9 | fbff ffff 

  0x00000227d48bac14: ;   {static_stub}
  0x00000227d48bac14: 9048 bb00 | 0000 0000 

  0x00000227d48bac1c: ;   {runtime_call}
  0x00000227d48bac1c: 0000 00e9 | fbff ffff 

  0x00000227d48bac24: ;   {static_stub}
  0x00000227d48bac24: 9048 bb00 | 0000 0000 

  0x00000227d48bac2c: ;   {runtime_call}
  0x00000227d48bac2c: 0000 00e9 | fbff ffff 

  0x00000227d48bac34: ;   {static_stub}
  0x00000227d48bac34: 9048 bb00 | 0000 0000 

  0x00000227d48bac3c: ;   {runtime_call}
  0x00000227d48bac3c: 0000 00e9 | fbff ffff 

  0x00000227d48bac44: ;   {static_stub}
  0x00000227d48bac44: 9048 bb00 | 0000 0000 

  0x00000227d48bac4c: ;   {runtime_call}
  0x00000227d48bac4c: 0000 00e9 | fbff ffff 

  0x00000227d48bac54: ;   {static_stub}
  0x00000227d48bac54: 9048 bb18 | 3608 0008 

  0x00000227d48bac5c: ;   {runtime_call I2C/C2I adapters}
  0x00000227d48bac5c: 0000 00e9 | f9cc e0ff 

  0x00000227d48bac64: ;   {static_stub}
  0x00000227d48bac64: 9048 bb00 | 0000 0000 

  0x00000227d48bac6c: ;   {runtime_call}
  0x00000227d48bac6c: 0000 00e9 | fbff ffff 
[Exception Handler]
  0x00000227d48bac74: ;   {runtime_call handle_exception_from_callee Runtime1 stub}
  0x00000227d48bac74: e887 1ceb 

  0x00000227d48bac78: ;   {external_word}
  0x00000227d48bac78: ff48 b928 | 49a2 10fa | 7f00 0048 

  0x00000227d48bac84: ;   {runtime_call}
  0x00000227d48bac84: 83e4 f049 | bab0 f86d | 10fa 7f00 | 0041 ffd2 

  0x00000227d48bac94: ;   {section_word}
  0x00000227d48bac94: f449 ba95 | ac8b d427 | 0200 0041 

  0x00000227d48baca0: ;   {runtime_call DeoptimizationBlob}
  0x00000227d48baca0: 52e9 7afb | e0ff f4f4 
[/MachCode]


---------------  P R O C E S S  ---------------

Threads class SMR info:
_java_thread_list=0x00000227e7a22190, length=12, elements={
0x00000227cc739b90, 0x00000227e0f731f0, 0x00000227e0f77750, 0x00000227e0f7b6d0,
0x00000227e0f7dd10, 0x00000227e7920080, 0x00000227e7924d70, 0x00000227e7925e60,
0x00000227e793a2e0, 0x00000227e7a32c30, 0x00000227e7a49040, 0x00000227e7a6fc90
}

Java Threads: ( => current thread )
=>0x00000227cc739b90 JavaThread "main" [_thread_in_vm, id=13148, stack(0x0000007e1fd00000,0x0000007e1fe00000)]
  0x00000227e0f731f0 JavaThread "Reference Handler" daemon [_thread_blocked, id=3676, stack(0x0000007e20400000,0x0000007e20500000)]
  0x00000227e0f77750 JavaThread "Finalizer" daemon [_thread_blocked, id=10732, stack(0x0000007e20500000,0x0000007e20600000)]
  0x00000227e0f7b6d0 JavaThread "Signal Dispatcher" daemon [_thread_blocked, id=19588, stack(0x0000007e20600000,0x0000007e20700000)]
  0x00000227e0f7dd10 JavaThread "Attach Listener" daemon [_thread_blocked, id=18520, stack(0x0000007e20700000,0x0000007e20800000)]
  0x00000227e7920080 JavaThread "Service Thread" daemon [_thread_blocked, id=15256, stack(0x0000007e20800000,0x0000007e20900000)]
  0x00000227e7924d70 JavaThread "Monitor Deflation Thread" daemon [_thread_blocked, id=16268, stack(0x0000007e20900000,0x0000007e20a00000)]
  0x00000227e7925e60 JavaThread "C1 CompilerThread0" daemon [_thread_blocked, id=14752, stack(0x0000007e20a00000,0x0000007e20b00000)]
  0x00000227e793a2e0 JavaThread "Sweeper thread" daemon [_thread_blocked, id=13080, stack(0x0000007e20b00000,0x0000007e20c00000)]
  0x00000227e7a32c30 JavaThread "C1 CompilerThread1" daemon [_thread_blocked, id=9708, stack(0x0000007e20c00000,0x0000007e20d00000)]
  0x00000227e7a49040 JavaThread "Notification Thread" daemon [_thread_blocked, id=16984, stack(0x0000007e20d00000,0x0000007e20e00000)]
  0x00000227e7a6fc90 JavaThread "Common-Cleaner" daemon [_thread_blocked, id=19544, stack(0x0000007e20f00000,0x0000007e21000000)]

Other Threads:
  0x00000227e0f58260 VMThread "VM Thread" [stack: 0x0000007e20300000,0x0000007e20400000] [id=17888]
  0x00000227e7a6e1c0 WatcherThread "VM Periodic Task Thread" [stack: 0x0000007e20e00000,0x0000007e20f00000] [id=4808]
  0x00000227cc7a99a0 WorkerThread "GC Thread#0" [stack: 0x0000007e1fe00000,0x0000007e1ff00000] [id=14808]
  0x00000227cc7ba330 ConcurrentGCThread "G1 Main Marker" [stack: 0x0000007e1ff00000,0x0000007e20000000] [id=21940]
  0x00000227cc7bc9c0 WorkerThread "G1 Conc#0" [stack: 0x0000007e20000000,0x0000007e20100000] [id=7528]
  0x00000227e0e11f40 ConcurrentGCThread "G1 Refine#0" [stack: 0x0000007e20100000,0x0000007e20200000] [id=14088]
  0x00000227e0e12530 ConcurrentGCThread "G1 Service" [stack: 0x0000007e20200000,0x0000007e20300000] [id=21228]

Threads with active compile tasks:

VM state: not at safepoint (normal execution)

VM Mutex/Monitor currently owned by a thread:  ([mutex/lock_event])
[0x00000227cc7339c0] Metaspace_lock - owner thread: 0x00000227cc739b90

Heap address: 0x0000000704600000, size: 4026 MB, Compressed Oops mode: Zero based, Oop shift amount: 3

CDS archive(s) mapped at: [0x0000000800000000-0x0000000800c40000-0x0000000800c40000), size 12845056, SharedBaseAddress: 0x0000000800000000, ArchiveRelocationMode: 0.
Compressed class space mapped at: 0x0000000801000000-0x0000000841000000, reserved size: 1073741824
Narrow klass base: 0x0000000800000000, Narrow klass shift: 0, Narrow klass range: 0x100000000

GC Precious Log:
 CardTable entry size: 512
 Card Set container configuration: InlinePtr #cards 4 size 8 Array Of Cards #cards 16 size 48 Howl #buckets 8 coarsen threshold 3686 Howl Bitmap #cards 512 size 80 coarsen threshold 460 Card regions per heap region 1 cards per card region 4096
 CPUs: 8 total, 8 available
 Memory: 16103M
 Large Page Support: Disabled
 NUMA Support: Disabled
 Compressed Oops: Enabled (Zero based)
 Heap Region Size: 2M
 Heap Min Capacity: 8M
 Heap Initial Capacity: 252M
 Heap Max Capacity: 4026M
 Pre-touch: Disabled
 Parallel Workers: 8
 Concurrent Workers: 2
 Concurrent Refinement Workers: 8
 Periodic GC: Disabled

Heap:
 garbage-first heap   total 258048K, used 10240K [0x0000000704600000, 0x0000000800000000)
  region size 2048K, 6 young (12288K), 0 survivors (0K)
 Metaspace       used 1612K, committed 1728K, reserved 1114112K
  class space    used 156K, committed 256K, reserved 1048576K

Heap Regions: E=young(eden), S=young(survivor), O=old, HS=humongous(starts), HC=humongous(continues), CS=collection set, F=free, OA=open archive, CA=closed archive, TAMS=top-at-mark-start (previous, next)
|   0|0x0000000704600000, 0x0000000704600000, 0x0000000704800000|  0%| F|  |TAMS 0x0000000704600000, 0x0000000704600000| Untracked 
|   1|0x0000000704800000, 0x0000000704800000, 0x0000000704a00000|  0%| F|  |TAMS 0x0000000704800000, 0x0000000704800000| Untracked 
|   2|0x0000000704a00000, 0x0000000704a00000, 0x0000000704c00000|  0%| F|  |TAMS 0x0000000704a00000, 0x0000000704a00000| Untracked 
|   3|0x0000000704c00000, 0x0000000704c00000, 0x0000000704e00000|  0%| F|  |TAMS 0x0000000704c00000, 0x0000000704c00000| Untracked 
|   4|0x0000000704e00000, 0x0000000704e00000, 0x0000000705000000|  0%| F|  |TAMS 0x0000000704e00000, 0x0000000704e00000| Untracked 
|   5|0x0000000705000000, 0x0000000705000000, 0x0000000705200000|  0%| F|  |TAMS 0x0000000705000000, 0x0000000705000000| Untracked 
|   6|0x0000000705200000, 0x0000000705200000, 0x0000000705400000|  0%| F|  |TAMS 0x0000000705200000, 0x0000000705200000| Untracked 
|   7|0x0000000705400000, 0x0000000705400000, 0x0000000705600000|  0%| F|  |TAMS 0x0000000705400000, 0x0000000705400000| Untracked 
|   8|0x0000000705600000, 0x0000000705600000, 0x0000000705800000|  0%| F|  |TAMS 0x0000000705600000, 0x0000000705600000| Untracked 
|   9|0x0000000705800000, 0x0000000705800000, 0x0000000705a00000|  0%| F|  |TAMS 0x0000000705800000, 0x0000000705800000| Untracked 
|  10|0x0000000705a00000, 0x0000000705a00000, 0x0000000705c00000|  0%| F|  |TAMS 0x0000000705a00000, 0x0000000705a00000| Untracked 
|  11|0x0000000705c00000, 0x0000000705c00000, 0x0000000705e00000|  0%| F|  |TAMS 0x0000000705c00000, 0x0000000705c00000| Untracked 
|  12|0x0000000705e00000, 0x0000000705e00000, 0x0000000706000000|  0%| F|  |TAMS 0x0000000705e00000, 0x0000000705e00000| Untracked 
|  13|0x0000000706000000, 0x0000000706000000, 0x0000000706200000|  0%| F|  |TAMS 0x0000000706000000, 0x0000000706000000| Untracked 
|  14|0x0000000706200000, 0x0000000706200000, 0x0000000706400000|  0%| F|  |TAMS 0x0000000706200000, 0x0000000706200000| Untracked 
|  15|0x0000000706400000, 0x0000000706400000, 0x0000000706600000|  0%| F|  |TAMS 0x0000000706400000, 0x0000000706400000| Untracked 
|  16|0x0000000706600000, 0x0000000706600000, 0x0000000706800000|  0%| F|  |TAMS 0x0000000706600000, 0x0000000706600000| Untracked 
|  17|0x0000000706800000, 0x0000000706800000, 0x0000000706a00000|  0%| F|  |TAMS 0x0000000706800000, 0x0000000706800000| Untracked 
|  18|0x0000000706a00000, 0x0000000706a00000, 0x0000000706c00000|  0%| F|  |TAMS 0x0000000706a00000, 0x0000000706a00000| Untracked 
|  19|0x0000000706c00000, 0x0000000706c00000, 0x0000000706e00000|  0%| F|  |TAMS 0x0000000706c00000, 0x0000000706c00000| Untracked 
|  20|0x0000000706e00000, 0x0000000706e00000, 0x0000000707000000|  0%| F|  |TAMS 0x0000000706e00000, 0x0000000706e00000| Untracked 
|  21|0x0000000707000000, 0x0000000707000000, 0x0000000707200000|  0%| F|  |TAMS 0x0000000707000000, 0x0000000707000000| Untracked 
|  22|0x0000000707200000, 0x0000000707200000, 0x0000000707400000|  0%| F|  |TAMS 0x0000000707200000, 0x0000000707200000| Untracked 
|  23|0x0000000707400000, 0x0000000707400000, 0x0000000707600000|  0%| F|  |TAMS 0x0000000707400000, 0x0000000707400000| Untracked 
|  24|0x0000000707600000, 0x0000000707600000, 0x0000000707800000|  0%| F|  |TAMS 0x0000000707600000, 0x0000000707600000| Untracked 
|  25|0x0000000707800000, 0x0000000707800000, 0x0000000707a00000|  0%| F|  |TAMS 0x0000000707800000, 0x0000000707800000| Untracked 
|  26|0x0000000707a00000, 0x0000000707a00000, 0x0000000707c00000|  0%| F|  |TAMS 0x0000000707a00000, 0x0000000707a00000| Untracked 
|  27|0x0000000707c00000, 0x0000000707c00000, 0x0000000707e00000|  0%| F|  |TAMS 0x0000000707c00000, 0x0000000707c00000| Untracked 
|  28|0x0000000707e00000, 0x0000000707e00000, 0x0000000708000000|  0%| F|  |TAMS 0x0000000707e00000, 0x0000000707e00000| Untracked 
|  29|0x0000000708000000, 0x0000000708000000, 0x0000000708200000|  0%| F|  |TAMS 0x0000000708000000, 0x0000000708000000| Untracked 
|  30|0x0000000708200000, 0x0000000708200000, 0x0000000708400000|  0%| F|  |TAMS 0x0000000708200000, 0x0000000708200000| Untracked 
|  31|0x0000000708400000, 0x0000000708400000, 0x0000000708600000|  0%| F|  |TAMS 0x0000000708400000, 0x0000000708400000| Untracked 
|  32|0x0000000708600000, 0x0000000708600000, 0x0000000708800000|  0%| F|  |TAMS 0x0000000708600000, 0x0000000708600000| Untracked 
|  33|0x0000000708800000, 0x0000000708800000, 0x0000000708a00000|  0%| F|  |TAMS 0x0000000708800000, 0x0000000708800000| Untracked 
|  34|0x0000000708a00000, 0x0000000708a00000, 0x0000000708c00000|  0%| F|  |TAMS 0x0000000708a00000, 0x0000000708a00000| Untracked 
|  35|0x0000000708c00000, 0x0000000708c00000, 0x0000000708e00000|  0%| F|  |TAMS 0x0000000708c00000, 0x0000000708c00000| Untracked 
|  36|0x0000000708e00000, 0x0000000708e00000, 0x0000000709000000|  0%| F|  |TAMS 0x0000000708e00000, 0x0000000708e00000| Untracked 
|  37|0x0000000709000000, 0x0000000709000000, 0x0000000709200000|  0%| F|  |TAMS 0x0000000709000000, 0x0000000709000000| Untracked 
|  38|0x0000000709200000, 0x0000000709200000, 0x0000000709400000|  0%| F|  |TAMS 0x0000000709200000, 0x0000000709200000| Untracked 
|  39|0x0000000709400000, 0x0000000709400000, 0x0000000709600000|  0%| F|  |TAMS 0x0000000709400000, 0x0000000709400000| Untracked 
|  40|0x0000000709600000, 0x0000000709600000, 0x0000000709800000|  0%| F|  |TAMS 0x0000000709600000, 0x0000000709600000| Untracked 
|  41|0x0000000709800000, 0x0000000709800000, 0x0000000709a00000|  0%| F|  |TAMS 0x0000000709800000, 0x0000000709800000| Untracked 
|  42|0x0000000709a00000, 0x0000000709a00000, 0x0000000709c00000|  0%| F|  |TAMS 0x0000000709a00000, 0x0000000709a00000| Untracked 
|  43|0x0000000709c00000, 0x0000000709c00000, 0x0000000709e00000|  0%| F|  |TAMS 0x0000000709c00000, 0x0000000709c00000| Untracked 
|  44|0x0000000709e00000, 0x0000000709e00000, 0x000000070a000000|  0%| F|  |TAMS 0x0000000709e00000, 0x0000000709e00000| Untracked 
|  45|0x000000070a000000, 0x000000070a000000, 0x000000070a200000|  0%| F|  |TAMS 0x000000070a000000, 0x000000070a000000| Untracked 
|  46|0x000000070a200000, 0x000000070a200000, 0x000000070a400000|  0%| F|  |TAMS 0x000000070a200000, 0x000000070a200000| Untracked 
|  47|0x000000070a400000, 0x000000070a400000, 0x000000070a600000|  0%| F|  |TAMS 0x000000070a400000, 0x000000070a400000| Untracked 
|  48|0x000000070a600000, 0x000000070a600000, 0x000000070a800000|  0%| F|  |TAMS 0x000000070a600000, 0x000000070a600000| Untracked 
|  49|0x000000070a800000, 0x000000070a800000, 0x000000070aa00000|  0%| F|  |TAMS 0x000000070a800000, 0x000000070a800000| Untracked 
|  50|0x000000070aa00000, 0x000000070aa00000, 0x000000070ac00000|  0%| F|  |TAMS 0x000000070aa00000, 0x000000070aa00000| Untracked 
|  51|0x000000070ac00000, 0x000000070ac00000, 0x000000070ae00000|  0%| F|  |TAMS 0x000000070ac00000, 0x000000070ac00000| Untracked 
|  52|0x000000070ae00000, 0x000000070ae00000, 0x000000070b000000|  0%| F|  |TAMS 0x000000070ae00000, 0x000000070ae00000| Untracked 
|  53|0x000000070b000000, 0x000000070b000000, 0x000000070b200000|  0%| F|  |TAMS 0x000000070b000000, 0x000000070b000000| Untracked 
|  54|0x000000070b200000, 0x000000070b200000, 0x000000070b400000|  0%| F|  |TAMS 0x000000070b200000, 0x000000070b200000| Untracked 
|  55|0x000000070b400000, 0x000000070b400000, 0x000000070b600000|  0%| F|  |TAMS 0x000000070b400000, 0x000000070b400000| Untracked 
|  56|0x000000070b600000, 0x000000070b600000, 0x000000070b800000|  0%| F|  |TAMS 0x000000070b600000, 0x000000070b600000| Untracked 
|  57|0x000000070b800000, 0x000000070b800000, 0x000000070ba00000|  0%| F|  |TAMS 0x000000070b800000, 0x000000070b800000| Untracked 
|  58|0x000000070ba00000, 0x000000070ba00000, 0x000000070bc00000|  0%| F|  |TAMS 0x000000070ba00000, 0x000000070ba00000| Untracked 
|  59|0x000000070bc00000, 0x000000070bc00000, 0x000000070be00000|  0%| F|  |TAMS 0x000000070bc00000, 0x000000070bc00000| Untracked 
|  60|0x000000070be00000, 0x000000070be00000, 0x000000070c000000|  0%| F|  |TAMS 0x000000070be00000, 0x000000070be00000| Untracked 
|  61|0x000000070c000000, 0x000000070c000000, 0x000000070c200000|  0%| F|  |TAMS 0x000000070c000000, 0x000000070c000000| Untracked 
|  62|0x000000070c200000, 0x000000070c200000, 0x000000070c400000|  0%| F|  |TAMS 0x000000070c200000, 0x000000070c200000| Untracked 
|  63|0x000000070c400000, 0x000000070c400000, 0x000000070c600000|  0%| F|  |TAMS 0x000000070c400000, 0x000000070c400000| Untracked 
|  64|0x000000070c600000, 0x000000070c600000, 0x000000070c800000|  0%| F|  |TAMS 0x000000070c600000, 0x000000070c600000| Untracked 
|  65|0x000000070c800000, 0x000000070c800000, 0x000000070ca00000|  0%| F|  |TAMS 0x000000070c800000, 0x000000070c800000| Untracked 
|  66|0x000000070ca00000, 0x000000070ca00000, 0x000000070cc00000|  0%| F|  |TAMS 0x000000070ca00000, 0x000000070ca00000| Untracked 
|  67|0x000000070cc00000, 0x000000070cc00000, 0x000000070ce00000|  0%| F|  |TAMS 0x000000070cc00000, 0x000000070cc00000| Untracked 
|  68|0x000000070ce00000, 0x000000070ce00000, 0x000000070d000000|  0%| F|  |TAMS 0x000000070ce00000, 0x000000070ce00000| Untracked 
|  69|0x000000070d000000, 0x000000070d000000, 0x000000070d200000|  0%| F|  |TAMS 0x000000070d000000, 0x000000070d000000| Untracked 
|  70|0x000000070d200000, 0x000000070d200000, 0x000000070d400000|  0%| F|  |TAMS 0x000000070d200000, 0x000000070d200000| Untracked 
|  71|0x000000070d400000, 0x000000070d400000, 0x000000070d600000|  0%| F|  |TAMS 0x000000070d400000, 0x000000070d400000| Untracked 
|  72|0x000000070d600000, 0x000000070d600000, 0x000000070d800000|  0%| F|  |TAMS 0x000000070d600000, 0x000000070d600000| Untracked 
|  73|0x000000070d800000, 0x000000070d800000, 0x000000070da00000|  0%| F|  |TAMS 0x000000070d800000, 0x000000070d800000| Untracked 
|  74|0x000000070da00000, 0x000000070da00000, 0x000000070dc00000|  0%| F|  |TAMS 0x000000070da00000, 0x000000070da00000| Untracked 
|  75|0x000000070dc00000, 0x000000070dc00000, 0x000000070de00000|  0%| F|  |TAMS 0x000000070dc00000, 0x000000070dc00000| Untracked 
|  76|0x000000070de00000, 0x000000070de00000, 0x000000070e000000|  0%| F|  |TAMS 0x000000070de00000, 0x000000070de00000| Untracked 
|  77|0x000000070e000000, 0x000000070e000000, 0x000000070e200000|  0%| F|  |TAMS 0x000000070e000000, 0x000000070e000000| Untracked 
|  78|0x000000070e200000, 0x000000070e200000, 0x000000070e400000|  0%| F|  |TAMS 0x000000070e200000, 0x000000070e200000| Untracked 
|  79|0x000000070e400000, 0x000000070e400000, 0x000000070e600000|  0%| F|  |TAMS 0x000000070e400000, 0x000000070e400000| Untracked 
|  80|0x000000070e600000, 0x000000070e600000, 0x000000070e800000|  0%| F|  |TAMS 0x000000070e600000, 0x000000070e600000| Untracked 
|  81|0x000000070e800000, 0x000000070e800000, 0x000000070ea00000|  0%| F|  |TAMS 0x000000070e800000, 0x000000070e800000| Untracked 
|  82|0x000000070ea00000, 0x000000070ea00000, 0x000000070ec00000|  0%| F|  |TAMS 0x000000070ea00000, 0x000000070ea00000| Untracked 
|  83|0x000000070ec00000, 0x000000070ec00000, 0x000000070ee00000|  0%| F|  |TAMS 0x000000070ec00000, 0x000000070ec00000| Untracked 
|  84|0x000000070ee00000, 0x000000070ee00000, 0x000000070f000000|  0%| F|  |TAMS 0x000000070ee00000, 0x000000070ee00000| Untracked 
|  85|0x000000070f000000, 0x000000070f000000, 0x000000070f200000|  0%| F|  |TAMS 0x000000070f000000, 0x000000070f000000| Untracked 
|  86|0x000000070f200000, 0x000000070f200000, 0x000000070f400000|  0%| F|  |TAMS 0x000000070f200000, 0x000000070f200000| Untracked 
|  87|0x000000070f400000, 0x000000070f400000, 0x000000070f600000|  0%| F|  |TAMS 0x000000070f400000, 0x000000070f400000| Untracked 
|  88|0x000000070f600000, 0x000000070f600000, 0x000000070f800000|  0%| F|  |TAMS 0x000000070f600000, 0x000000070f600000| Untracked 
|  89|0x000000070f800000, 0x000000070f800000, 0x000000070fa00000|  0%| F|  |TAMS 0x000000070f800000, 0x000000070f800000| Untracked 
|  90|0x000000070fa00000, 0x000000070fa00000, 0x000000070fc00000|  0%| F|  |TAMS 0x000000070fa00000, 0x000000070fa00000| Untracked 
|  91|0x000000070fc00000, 0x000000070fc00000, 0x000000070fe00000|  0%| F|  |TAMS 0x000000070fc00000, 0x000000070fc00000| Untracked 
|  92|0x000000070fe00000, 0x000000070fe00000, 0x0000000710000000|  0%| F|  |TAMS 0x000000070fe00000, 0x000000070fe00000| Untracked 
|  93|0x0000000710000000, 0x0000000710000000, 0x0000000710200000|  0%| F|  |TAMS 0x0000000710000000, 0x0000000710000000| Untracked 
|  94|0x0000000710200000, 0x0000000710200000, 0x0000000710400000|  0%| F|  |TAMS 0x0000000710200000, 0x0000000710200000| Untracked 
|  95|0x0000000710400000, 0x0000000710400000, 0x0000000710600000|  0%| F|  |TAMS 0x0000000710400000, 0x0000000710400000| Untracked 
|  96|0x0000000710600000, 0x0000000710600000, 0x0000000710800000|  0%| F|  |TAMS 0x0000000710600000, 0x0000000710600000| Untracked 
|  97|0x0000000710800000, 0x0000000710800000, 0x0000000710a00000|  0%| F|  |TAMS 0x0000000710800000, 0x0000000710800000| Untracked 
|  98|0x0000000710a00000, 0x0000000710a00000, 0x0000000710c00000|  0%| F|  |TAMS 0x0000000710a00000, 0x0000000710a00000| Untracked 
|  99|0x0000000710c00000, 0x0000000710c00000, 0x0000000710e00000|  0%| F|  |TAMS 0x0000000710c00000, 0x0000000710c00000| Untracked 
| 100|0x0000000710e00000, 0x0000000710e00000, 0x0000000711000000|  0%| F|  |TAMS 0x0000000710e00000, 0x0000000710e00000| Untracked 
| 101|0x0000000711000000, 0x0000000711000000, 0x0000000711200000|  0%| F|  |TAMS 0x0000000711000000, 0x0000000711000000| Untracked 
| 102|0x0000000711200000, 0x0000000711200000, 0x0000000711400000|  0%| F|  |TAMS 0x0000000711200000, 0x0000000711200000| Untracked 
| 103|0x0000000711400000, 0x0000000711400000, 0x0000000711600000|  0%| F|  |TAMS 0x0000000711400000, 0x0000000711400000| Untracked 
| 104|0x0000000711600000, 0x0000000711600000, 0x0000000711800000|  0%| F|  |TAMS 0x0000000711600000, 0x0000000711600000| Untracked 
| 105|0x0000000711800000, 0x0000000711800000, 0x0000000711a00000|  0%| F|  |TAMS 0x0000000711800000, 0x0000000711800000| Untracked 
| 106|0x0000000711a00000, 0x0000000711a00000, 0x0000000711c00000|  0%| F|  |TAMS 0x0000000711a00000, 0x0000000711a00000| Untracked 
| 107|0x0000000711c00000, 0x0000000711c00000, 0x0000000711e00000|  0%| F|  |TAMS 0x0000000711c00000, 0x0000000711c00000| Untracked 
| 108|0x0000000711e00000, 0x0000000711e00000, 0x0000000712000000|  0%| F|  |TAMS 0x0000000711e00000, 0x0000000711e00000| Untracked 
| 109|0x0000000712000000, 0x0000000712000000, 0x0000000712200000|  0%| F|  |TAMS 0x0000000712000000, 0x0000000712000000| Untracked 
| 110|0x0000000712200000, 0x0000000712200000, 0x0000000712400000|  0%| F|  |TAMS 0x0000000712200000, 0x0000000712200000| Untracked 
| 111|0x0000000712400000, 0x0000000712400000, 0x0000000712600000|  0%| F|  |TAMS 0x0000000712400000, 0x0000000712400000| Untracked 
| 112|0x0000000712600000, 0x0000000712600000, 0x0000000712800000|  0%| F|  |TAMS 0x0000000712600000, 0x0000000712600000| Untracked 
| 113|0x0000000712800000, 0x0000000712800000, 0x0000000712a00000|  0%| F|  |TAMS 0x0000000712800000, 0x0000000712800000| Untracked 
| 114|0x0000000712a00000, 0x0000000712a00000, 0x0000000712c00000|  0%| F|  |TAMS 0x0000000712a00000, 0x0000000712a00000| Untracked 
| 115|0x0000000712c00000, 0x0000000712c00000, 0x0000000712e00000|  0%| F|  |TAMS 0x0000000712c00000, 0x0000000712c00000| Untracked 
| 116|0x0000000712e00000, 0x0000000712e00000, 0x0000000713000000|  0%| F|  |TAMS 0x0000000712e00000, 0x0000000712e00000| Untracked 
| 117|0x0000000713000000, 0x0000000713000000, 0x0000000713200000|  0%| F|  |TAMS 0x0000000713000000, 0x0000000713000000| Untracked 
| 118|0x0000000713200000, 0x0000000713200000, 0x0000000713400000|  0%| F|  |TAMS 0x0000000713200000, 0x0000000713200000| Untracked 
| 119|0x0000000713400000, 0x0000000713400000, 0x0000000713600000|  0%| F|  |TAMS 0x0000000713400000, 0x0000000713400000| Untracked 
| 120|0x0000000713600000, 0x00000007136e7658, 0x0000000713800000| 45%| E|  |TAMS 0x0000000713600000, 0x0000000713600000| Complete 
| 121|0x0000000713800000, 0x0000000713a00000, 0x0000000713a00000|100%| E|CS|TAMS 0x0000000713800000, 0x0000000713800000| Complete 
| 122|0x0000000713a00000, 0x0000000713c00000, 0x0000000713c00000|100%| E|CS|TAMS 0x0000000713a00000, 0x0000000713a00000| Complete 
| 123|0x0000000713c00000, 0x0000000713e00000, 0x0000000713e00000|100%| E|CS|TAMS 0x0000000713c00000, 0x0000000713c00000| Complete 
| 124|0x0000000713e00000, 0x0000000714000000, 0x0000000714000000|100%| E|CS|TAMS 0x0000000713e00000, 0x0000000713e00000| Complete 
| 125|0x0000000714000000, 0x0000000714200000, 0x0000000714200000|100%| E|CS|TAMS 0x0000000714000000, 0x0000000714000000| Complete 

Card table byte_map: [0x00000227d7f50000,0x00000227d8730000] _byte_map_base: 0x00000227d472d000

Marking Bits (Prev, Next): (CMBitMap*) 0x00000227cc7a9e70, (CMBitMap*) 0x00000227cc7a9eb0
 Prev Bits: [0x00000227d8f10000, 0x00000227dcdf8000)
 Next Bits: [0x00000227dce00000, 0x00000227e0ce8000)

Polling page: 0x00000227ca320000

Metaspace:

Usage:
  Non-class:      1.42 MB used.
      Class:    156.02 KB used.
       Both:      1.57 MB used.

Virtual space:
  Non-class space:       64.00 MB reserved,       1.44 MB (  2%) committed,  1 nodes.
      Class space:        1.00 GB reserved,     256.00 KB ( <1%) committed,  1 nodes.
             Both:        1.06 GB reserved,       1.69 MB ( <1%) committed. 

Chunk freelists:
   Non-Class:  3.44 MB
       Class:  3.67 MB
        Both:  7.11 MB

MaxMetaspaceSize: unlimited
CompressedClassSpaceSize: 1.00 GB
Initial GC threshold: 21.00 MB
Current GC threshold: 21.00 MB
CDS: on
MetaspaceReclaimPolicy: balanced
 - commit_granule_bytes: 65536.
 - commit_granule_words: 8192.
 - virtual_space_node_default_size: 8388608.
 - enlarge_chunks_in_place: 1.
 - new_chunks_are_fully_committed: 0.
 - uncommit_free_chunks: 1.
 - use_allocation_guard: 0.


Internal statistics:

num_allocs_failed_limit: 0.
num_arena_births: 28.
num_arena_deaths: 0.
num_vsnodes_births: 2.
num_vsnodes_deaths: 0.
num_space_committed: 27.
num_space_uncommitted: 0.
num_chunks_returned_to_freelist: 0.
num_chunks_taken_from_freelist: 64.
num_chunk_merges: 0.
num_chunk_splits: 33.
num_chunks_enlarged: 25.
num_inconsistent_stats: 0.

CodeCache: size=49152Kb used=2429Kb max_used=2429Kb free=46722Kb
 bounds [0x00000227d4660000, 0x00000227d48d0000, 0x00000227d7660000]
 total_blobs=895 nmethods=501 adapters=319
 compilation: enabled
              stopped_count=0, restarted_count=0
 full_count=0

Compilation events (20 events):
Event: 0.341 Thread 0x00000227e7a32c30  489       1       java.util.concurrent.ConcurrentHashMap$ValueIterator::next (34 bytes)
Event: 0.341 Thread 0x00000227e7925e60  490       1       java.util.Optional::empty (6 bytes)
Event: 0.341 Thread 0x00000227e7925e60 nmethod 490 0x00000227d48b7410 code [0x00000227d48b75a0, 0x00000227d48b7658]
Event: 0.341 Thread 0x00000227e7a32c30 nmethod 489 0x00000227d48b7710 code [0x00000227d48b78c0, 0x00000227d48b7a78]
Event: 0.342 Thread 0x00000227e7a32c30  491       1       java.util.jar.JarFile::getVersionedEntry (133 bytes)
Event: 0.342 Thread 0x00000227e7a32c30 nmethod 491 0x00000227d48b7b90 code [0x00000227d48b7dc0, 0x00000227d48b8368]
Event: 0.343 Thread 0x00000227e7a32c30  492   !   1       jdk.internal.loader.BuiltinClassLoader::loadClassOrNull (143 bytes)
Event: 0.343 Thread 0x00000227e7925e60  493       1       java.lang.ClassLoader::getClassLoadingLock (35 bytes)
Event: 0.343 Thread 0x00000227e7925e60 nmethod 493 0x00000227d48b8e90 code [0x00000227d48b9040, 0x00000227d48b91c8]
Event: 0.343 Thread 0x00000227e7925e60  494       1       java.lang.ClassLoader::findLoadedClass (15 bytes)
Event: 0.343 Thread 0x00000227e7925e60 nmethod 494 0x00000227d48b9310 code [0x00000227d48b94c0, 0x00000227d48b9618]
Event: 0.343 Thread 0x00000227e7925e60  496       1       jdk.internal.loader.BuiltinClassLoader::findLoadedModule (33 bytes)
Event: 0.343 Thread 0x00000227e7925e60 nmethod 496 0x00000227d48b9710 code [0x00000227d48b98e0, 0x00000227d48b9b18]
Event: 0.343 Thread 0x00000227e7925e60  497       1       jdk.internal.loader.BuiltinClassLoader::loadClassOrNull (7 bytes)
Event: 0.343 Thread 0x00000227e7925e60 nmethod 497 0x00000227d48b9c90 code [0x00000227d48b9e40, 0x00000227d48b9f28]
Event: 0.344 Thread 0x00000227e7925e60  498       1       jdk.internal.loader.URLClassPath::getResource (74 bytes)
Event: 0.344 Thread 0x00000227e7925e60 nmethod 498 0x00000227d48b9f90 code [0x00000227d48ba140, 0x00000227d48ba2d8]
Event: 0.344 Thread 0x00000227e7a32c30 nmethod 492 0x00000227d48ba390 code [0x00000227d48ba5e0, 0x00000227d48baca8]
Event: 0.345 Thread 0x00000227e7925e60  499   !   1       java.net.URL::<init> (543 bytes)
Event: 0.345 Thread 0x00000227e7a32c30  500       1       java.net.URLStreamHandler::setURL (73 bytes)

GC Heap History (0 events):
No events

Dll operation events (6 events):
Event: 0.014 Loaded shared library C:\Program Files\Java\jdk-19\bin\java.dll
Event: 0.025 Loaded shared library C:\Program Files\Java\jdk-19\bin\jsvml.dll
Event: 0.162 Loaded shared library C:\Program Files\Java\jdk-19\bin\net.dll
Event: 0.166 Loaded shared library C:\Program Files\Java\jdk-19\bin\nio.dll
Event: 0.173 Loaded shared library C:\Program Files\Java\jdk-19\bin\zip.dll
Event: 0.270 Loaded shared library C:\Program Files\Java\jdk-19\bin\jimage.dll

Deoptimization events (0 events):
No events

Classes loaded (20 events):
Event: 0.333 Loading class sun/security/provider/PolicyFile$8 done
Event: 0.333 Loading class sun/security/provider/PolicyFile$SelfPermission
Event: 0.333 Loading class sun/security/provider/PolicyFile$SelfPermission done
Event: 0.333 Loading class java/net/SocketPermissionCollection
Event: 0.333 Loading class java/net/SocketPermissionCollection done
Event: 0.333 Loading class java/net/SocketPermissionCollection$1
Event: 0.333 Loading class java/net/SocketPermissionCollection$1 done
Event: 0.333 Loading class java/util/PropertyPermissionCollection
Event: 0.333 Loading class java/util/PropertyPermissionCollection done
Event: 0.333 Loading class java/util/PropertyPermissionCollection$1
Event: 0.333 Loading class java/util/PropertyPermissionCollection$1 done
Event: 0.333 Loading class java/io/FilePermissionCollection
Event: 0.333 Loading class java/io/FilePermissionCollection done
Event: 0.333 Loading class java/io/FilePermissionCollection$1
Event: 0.333 Loading class java/io/FilePermissionCollection$1 done
Event: 0.333 Loading class java/security/PermissionsEnumerator
Event: 0.333 Loading class java/security/PermissionsEnumerator done
Event: 0.333 Loading class java/security/AccessControlException
Event: 0.333 Loading class java/security/AccessControlException done
Event: 0.345 Loading class java/util/concurrent/atomic/AtomicBoolean

Classes unloaded (0 events):
No events

Classes redefined (0 events):
No events

Internal exceptions (2 events):
Event: 0.330 Thread 0x00000227cc739b90 Exception <a 'java/lang/ClassNotFoundException'{0x0000000713634320}: javax/smartcardio/CardPermission> (0x0000000713634320) 
thrown [s\open\src\hotspot\share\classfile\systemDictionary.cpp, line 255]
Event: 0.332 Thread 0x00000227cc739b90 Exception <a 'java/io/FileNotFoundException'{0x0000000713642a78}> (0x0000000713642a78) 
thrown [s\open\src\hotspot\share\prims\jni.cpp, line 517]

VM Operations (4 events):
Event: 0.181 Executing VM operation: HandshakeAllThreads
Event: 0.181 Executing VM operation: HandshakeAllThreads done
Event: 0.294 Executing VM operation: HandshakeAllThreads
Event: 0.294 Executing VM operation: HandshakeAllThreads done

Events (12 events):
Event: 0.026 Thread 0x00000227cc739b90 Thread added: 0x00000227cc739b90
Event: 0.040 Thread 0x00000227e0f731f0 Thread added: 0x00000227e0f731f0
Event: 0.041 Thread 0x00000227e0f77750 Thread added: 0x00000227e0f77750
Event: 0.042 Thread 0x00000227e0f7b6d0 Thread added: 0x00000227e0f7b6d0
Event: 0.042 Thread 0x00000227e0f7dd10 Thread added: 0x00000227e0f7dd10
Event: 0.043 Thread 0x00000227e7920080 Thread added: 0x00000227e7920080
Event: 0.043 Thread 0x00000227e7924d70 Thread added: 0x00000227e7924d70
Event: 0.043 Thread 0x00000227e7925e60 Thread added: 0x00000227e7925e60
Event: 0.043 Thread 0x00000227e793a2e0 Thread added: 0x00000227e793a2e0
Event: 0.150 Thread 0x00000227e7a32c30 Thread added: 0x00000227e7a32c30
Event: 0.151 Thread 0x00000227e7a49040 Thread added: 0x00000227e7a49040
Event: 0.154 Thread 0x00000227e7a6fc90 Thread added: 0x00000227e7a6fc90


Dynamic libraries:
0x00007ff7a0e20000 - 0x00007ff7a0e30000 	C:\Program Files\Java\jdk-19\bin\java.exe
0x00007ffabde10000 - 0x00007ffabe008000 	C:\Windows\SYSTEM32\ntdll.dll
0x00007ffabc360000 - 0x00007ffabc41f000 	C:\Windows\System32\KERNEL32.DLL
0x00007ffabb610000 - 0x00007ffabb8e2000 	C:\Windows\System32\KERNELBASE.dll
0x00007ffabb510000 - 0x00007ffabb610000 	C:\Windows\System32\ucrtbase.dll
0x00007ffa87290000 - 0x00007ffa872a8000 	C:\Program Files\Java\jdk-19\bin\jli.dll
0x00007ffa872b0000 - 0x00007ffa872cb000 	C:\Program Files\Java\jdk-19\bin\VCRUNTIME140.dll
0x00007ffabc420000 - 0x00007ffabc4ce000 	C:\Windows\System32\ADVAPI32.dll
0x00007ffabd430000 - 0x00007ffabd4ce000 	C:\Windows\System32\msvcrt.dll
0x00007ffabc4d0000 - 0x00007ffabc56c000 	C:\Windows\System32\sechost.dll
0x00007ffabca10000 - 0x00007ffabcb34000 	C:\Windows\System32\RPCRT4.dll
0x00007ffabd160000 - 0x00007ffabd301000 	C:\Windows\System32\USER32.dll
0x00007ffaa87d0000 - 0x00007ffaa8a6a000 	C:\Windows\WinSxS\amd64_microsoft.windows.common-controls_6595b64144ccf1df_6.0.19041.1110_none_60b5254171f9507e\COMCTL32.dll
0x00007ffabbd00000 - 0x00007ffabbd22000 	C:\Windows\System32\win32u.dll
0x00007ffabd500000 - 0x00007ffabd52b000 	C:\Windows\System32\GDI32.dll
0x00007ffabb960000 - 0x00007ffabba6f000 	C:\Windows\System32\gdi32full.dll
0x00007ffabbbd0000 - 0x00007ffabbc6d000 	C:\Windows\System32\msvcp_win.dll
0x00007ffab2a40000 - 0x00007ffab2a4a000 	C:\Windows\SYSTEM32\VERSION.dll
0x00007ffabd4d0000 - 0x00007ffabd500000 	C:\Windows\System32\IMM32.DLL
0x00007ffa90af0000 - 0x00007ffa90b94000 	C:\Program Files\McAfee\Endpoint Security\Threat Prevention\Ips\EpMPApi.dll
0x00007ffabb8f0000 - 0x00007ffabb959000 	C:\Windows\System32\WINTRUST.dll
0x00007ffabba70000 - 0x00007ffabbbc6000 	C:\Windows\System32\CRYPT32.dll
0x00007ffabb100000 - 0x00007ffabb112000 	C:\Windows\SYSTEM32\MSASN1.dll
0x000000006aba0000 - 0x000000006abac000 	C:\Program Files\McAfee\Endpoint Security\Threat Prevention\Ips\EpMPThe.dll
0x00007ffa8af30000 - 0x00007ffa8af8b000 	C:\Program Files\McAfee\Endpoint Security\Threat Prevention\Ips\HIPHandlers64.dll
0x00007ffabd680000 - 0x00007ffabddc5000 	C:\Windows\System32\SHELL32.dll
0x00007ffabc250000 - 0x00007ffabc2a5000 	C:\Windows\System32\SHLWAPI.dll
0x00007ffab9340000 - 0x00007ffab9524000 	C:\Windows\SYSTEM32\dbghelp.dll
0x00007ffa87280000 - 0x00007ffa8728c000 	C:\Program Files\Java\jdk-19\bin\vcruntime140_1.dll
0x00007ffa69a90000 - 0x00007ffa69b1e000 	C:\Program Files\Java\jdk-19\bin\msvcp140.dll
0x00007ffa100c0000 - 0x00007ffa10d80000 	C:\Program Files\Java\jdk-19\bin\server\jvm.dll
0x00007ffa90a90000 - 0x00007ffa90a99000 	C:\Windows\SYSTEM32\WSOCK32.dll
0x00007ffaad4d0000 - 0x00007ffaad4f7000 	C:\Windows\SYSTEM32\WINMM.dll
0x00007ffabd610000 - 0x00007ffabd67b000 	C:\Windows\System32\WS2_32.dll
0x00007ffab9d10000 - 0x00007ffab9d22000 	C:\Windows\SYSTEM32\kernel.appcore.dll
0x00007ffa87270000 - 0x00007ffa8727a000 	C:\Program Files\Java\jdk-19\bin\jimage.dll
0x00007ffa98dc0000 - 0x00007ffa98df5000 	C:\Windows\SYSTEM32\dbgcore.DLL
0x00007ffabbc70000 - 0x00007ffabbcf2000 	C:\Windows\System32\bcryptPrimitives.dll
0x00007ffa87210000 - 0x00007ffa87236000 	C:\Program Files\Java\jdk-19\bin\java.dll
0x00007ffa68120000 - 0x00007ffa681f7000 	C:\Program Files\Java\jdk-19\bin\jsvml.dll
0x00007ffab9560000 - 0x00007ffab9cf2000 	C:\Windows\SYSTEM32\windows.storage.dll
0x00007ffabc5e0000 - 0x00007ffabc935000 	C:\Windows\System32\combase.dll
0x00007ffabae90000 - 0x00007ffabaec0000 	C:\Windows\SYSTEM32\Wldp.dll
0x00007ffabc2b0000 - 0x00007ffabc35d000 	C:\Windows\System32\SHCORE.dll
0x00007ffabb450000 - 0x00007ffabb46f000 	C:\Windows\SYSTEM32\profapi.dll
0x00007ffa87250000 - 0x00007ffa87263000 	C:\Program Files\Java\jdk-19\bin\net.dll
0x00007ffab6300000 - 0x00007ffab640a000 	C:\Windows\SYSTEM32\WINHTTP.dll
0x00007ffabac70000 - 0x00007ffabacda000 	C:\Windows\system32\mswsock.dll
0x00007ffa870a0000 - 0x00007ffa870b6000 	C:\Program Files\Java\jdk-19\bin\nio.dll
0x00007ffa69a70000 - 0x00007ffa69a88000 	C:\Program Files\Java\jdk-19\bin\zip.dll

dbghelp: loaded successfully - version: 4.0.5 - missing functions: none
symbol engine: initialized successfully - sym options: 0x614 - pdb path: .;C:\Program Files\Java\jdk-19\bin;C:\Windows\SYSTEM32;C:\Windows\WinSxS\amd64_microsoft.windows.common-controls_6595b64144ccf1df_6.0.19041.1110_none_60b5254171f9507e;C:\Program Files\McAfee\Endpoint Security\Threat Prevention\Ips;C:\Program Files\Java\jdk-19\bin\server

VM Arguments:
jvm_args: -XX:TieredStopAtLevel=1 
java_command: com.plprv.PlataformaProveedores.PlataformaProveedoresApplication
java_class_path (initial): C:\Users\javgonzalez\Desktop\PlataformaProveedores\target\classes;C:\Users\javgonzalez\.m2\repository\org\springframework\spring-aop\6.0.6\spring-aop-6.0.6.jar;C:\Users\javgonzalez\.m2\repository\org\aspectj\aspectjweaver\1.9.19\aspectjweaver-1.9.19.jar;C:\Users\javgonzalez\.m2\repository\com\zaxxer\HikariCP\5.0.1\HikariCP-5.0.1.jar;C:\Users\javgonzalez\.m2\repository\org\springframework\spring-jdbc\6.0.6\spring-jdbc-6.0.6.jar;C:\Users\javgonzalez\.m2\repository\org\hibernate\orm\hibernate-core\6.1.7.Final\hibernate-core-6.1.7.Final.jar;C:\Users\javgonzalez\.m2\repository\jakarta\persistence\jakarta.persistence-api\3.1.0\jakarta.persistence-api-3.1.0.jar;C:\Users\javgonzalez\.m2\repository\jakarta\transaction\jakarta.transaction-api\2.0.1\jakarta.transaction-api-2.0.1.jar;C:\Users\javgonzalez\.m2\repository\org\jboss\logging\jboss-logging\3.5.0.Final\jboss-logging-3.5.0.Final.jar;C:\Users\javgonzalez\.m2\repository\org\hibernate\common\hibernate-commons-annotations\6.0.6.Final\hibernate-commons-annotations-6.0.6.Final.jar;C:\Users\javgonzalez\.m2\repository\org\jboss\jandex\2.4.2.Final\jandex-2.4.2.Final.jar;C:\Users\javgonzalez\.m2\repository\com\fasterxml\classmate\1.5.1\classmate-1.5.1.jar;C:\Users\javgonzalez\.m2\repository\net\bytebuddy\byte-buddy\1.12.23\byte-buddy-1.12.23.jar;C:\Users\javgonzalez\.m2\repository\org\glassfish\jaxb\jaxb-runtime\4.0.2\jaxb-runtime-4.0.2.jar;C:\Users\javgonzalez\.m2\repository\org\glassfish\jaxb\jaxb-core\4.0.2\jaxb-core-4.0.2.jar;C:\Users\javgonzalez\.m2\repository\org\glassfish\jaxb\txw2\4.0.2\txw2-4.0.2.jar;C:\Users\javgonzalez\.m2\repository\com\sun\istack\istack-commons-runtime\4.1.1\istack-commons-runtime-4.1.1.jar;C:\Users\javgonzalez\.m2\repository\jakarta\inject\jakarta.inject-api\2.0.0\jakarta.inject-api-2.0.0.jar;C:\Users\javgonzalez\.m2\repository\org\antlr\antlr4-runtime\4.10.1\antlr4-runtime-4.10.1.jar;C:\Users\javgonzalez\.m2\repository\org\springframework\data\spring-data-jpa\3.0.3\spring-data-jpa-3.0.3.jar;C:\Users\javgonzalez\.m2\repository\org\springframework\data\spring-data-commons\3.0.3\spring-data-commons-3.0.3.jar;C:\Users\javgonzalez\.m2\repository\org\springframework\spring-orm\6.0.6\spring-orm-6.0.6.jar;C:\Users\javgonzalez\.m2\repository\org\springframework\spring-context\6.0.6\spring-context-6.0.6.jar;C:\Users\javgonzalez\.m2\repository\org\springframework\spring-tx\6.0.6\spring-tx-6.0.6.jar;C:\Users\javgonzalez\.m2\repository\org\springframework\spring-beans\6.0.6\spring-beans-6.0.6.jar;C:\Users\javgonzalez\.m2\repository\jakarta\annotation\jakarta.annotation-api\2.1.1\jakarta.annotation-api-2.1.1.jar;C:\Users\javgonzalez\.m2\repository\org\springframework\spring-aspects\6.0.6\spring-aspects-6.0.6.jar;C:\Users\javgonzalez\.m2\repository\ch\qos\logback\logback-classic\1.4.5\logback-classic-1.4.5.jar;C:\Users\javgonzalez\.m2\repository\ch\qos\logback\logback-core\1.4.5\logback-core-1.4.5.jar;C:\Users\javgonzalez\.m2\repository\org\apache\logging\log4j\log4j-to-slf4j\2.19.0\log4j-to-slf4j-2.19.0.jar;C:\Users\javgonzalez\.m2\repository\org\apache\logging\log4j\log4j-api\2.19.0\log4j-api-2.19.0.jar;C:\Users\javgonzalez\.m2\repository\org\slf4j\jul-to-slf4j\2.0.6\jul-to-slf4j-2.0.6.jar;C:\Users\javgonzalez\.m2\repository\org\yaml\snakeyaml\1.33\snakeyaml-1.33.jar;C:\Users\javgonzalez\.m2\repository\org\thymeleaf\thymeleaf-spring6\3.1.1.RELEASE\thymeleaf-spring6-3.1.1.RELEASE.jar;C:\Users\javgonzalez\.m2\repository\org\thymeleaf\thymeleaf\3.1.1.RELEASE\thymeleaf-3.1.1.RELEASE.jar;C:\Users\javgonzalez\.m2\repository\org\attoparser\attoparser\2.0.6.RELEASE\attoparser-2.0.6.RELEASE.jar;C:\Users\javgonzalez\.m2\repository\org\unbescape\unbescape\1.1.6.RELEASE\unbescape-1.1.6.RELEASE.jar;C:\Users\javgonzalez\.m2\repository\com\fasterxml\jackson\core\jackson-databind\2.14.2\jackson-databind-2.14.2.jar;C:\Users\javgonzalez\.m2\repository\com\fasterxml\jackson\core\jackson-annotations\2.14.2\jackson-annotations-2.14.2.jar;C:\Users\javgonzalez\.m2\repository\com\fasterxml\jackson\core\jackson-core\2.14.2\jackson-core-2.14.2.jar;C:\Users\javgonzalez\.m2\repository\com\fasterxml\jackson\datatype\jackson-datatype-jdk8\2.14.2\jackson-datatype-jdk8-2.14.2.jar;C:\Users\javgonzalez\.m2\repository\com\fasterxml\jackson\datatype\jackson-datatype-jsr310\2.14.2\jackson-datatype-jsr310-2.14.2.jar;C:\Users\javgonzalez\.m2\repository\com\fasterxml\jackson\module\jackson-module-parameter-names\2.14.2\jackson-module-parameter-names-2.14.2.jar;C:\Users\javgonzalez\.m2\repository\org\apache\tomcat\embed\tomcat-embed-core\10.1.5\tomcat-embed-core-10.1.5.jar;C:\Users\javgonzalez\.m2\repository\org\apache\tomcat\embed\tomcat-embed-el\10.1.5\tomcat-embed-el-10.1.5.jar;C:\Users\javgonzalez\.m2\repository\org\apache\tomcat\embed\tomcat-embed-websocket\10.1.5\tomcat-embed-websocket-10.1.5.jar;C:\Users\javgonzalez\.m2\repository\org\springframework\spring-web\6.0.6\spring-web-6.0.6.jar;C:\Users\javgonzalez\.m2\repository\io\micrometer\micrometer-observation\1.10.4\micrometer-observation-1.10.4.jar;C:\Users\javgonzalez\.m2\repository\io\micrometer\micrometer-commons\1.10.4\micrometer-commons-1.10.4.jar;C:\Users\javgonzalez\.m2\repository\org\springframework\spring-webmvc\6.0.6\spring-webmvc-6.0.6.jar;C:\Users\javgonzalez\.m2\repository\org\springframework\spring-expression\6.0.6\spring-expression-6.0.6.jar;C:\Users\javgonzalez\.m2\repository\org\thymeleaf\extras\thymeleaf-extras-springsecurity6\3.1.1.RELEASE\thymeleaf-extras-springsecurity6-3.1.1.RELEASE.jar;C:\Users\javgonzalez\.m2\repository\org\slf4j\slf4j-api\2.0.6\slf4j-api-2.0.6.jar;C:\Users\javgonzalez\.m2\repository\org\springframework\boot\spring-boot-devtools\3.0.4\spring-boot-devtools-3.0.4.jar;C:\Users\javgonzalez\.m2\repository\org\springframework\boot\spring-boot\3.0.4\spring-boot-3.0.4.jar;C:\Users\javgonzalez\.m2\repository\org\springframework\boot\spring-boot-autoconfigure\3.0.4\spring-boot-autoconfigure-3.0.4.jar;C:\Users\javgonzalez\.m2\repository\com\oracle\database\jdbc\ojdbc8\21.7.0.0\ojdbc8-21.7.0.0.jar;C:\Users\javgonzalez\.m2\repository\jakarta\xml\bind\jakarta.xml.bind-api\4.0.0\jakarta.xml.bind-api-4.0.0.jar;C:\Users\javgonzalez\.m2\repository\jakarta\activation\jakarta.activation-api\2.1.1\jakarta.activation-api-2.1.1.jar;C:\Users\javgonzalez\.m2\repository\org\springframework\spring-core\6.0.6\spring-core-6.0.6.jar;C:\Users\javgonzalez\.m2\repository\org\springframework\spring-jcl\6.0.6\spring-jcl-6.0.6.jar;C:\Users\javgonzalez\.m2\repository\mysql\mysql-connector-java\8.0.26\mysql-connector-java-8.0.26.jar;C:\Users\javgonzalez\.m2\repository\com\google\protobuf\protobuf-java\3.11.4\protobuf-java-3.11.4.jar;C:\Users\javgonzalez\.m2\repository\com\google\apis\google-api-services-drive\v3-rev20230306-2.0.0\google-api-services-drive-v3-rev20230306-2.0.0.jar;C:\Users\javgonzalez\.m2\repository\com\google\api-client\google-api-client\2.2.0\google-api-client-2.2.0.jar;C:\Users\javgonzalez\.m2\repository\commons-codec\commons-codec\1.15\commons-codec-1.15.jar;C:\Users\javgonzalez\.m2\repository\com\google\oauth-client\google-oauth-client\1.34.1\google-oauth-client-1.34.1.jar;C:\Users\javgonzalez\.m2\repository\com\google\http-client\google-http-client-apache-v2\1.42.3\google-http-client-apache-v2-1.42.3.jar;C:\Users\javgonzalez\.m2\repository\org\apache\httpcomponents\httpcore\4.4.16\httpcore-4.4.16.jar;C:\Users\javgonzalez\.m2\repository\org\apache\httpcomponents\httpclient\4.5.14\httpclient-4.5.14.jar;C:\Users\javgonzalez\.m2\repository\com\google\auth\google-auth-library-oauth2-http\1.16.0\google-auth-library-oauth2-http-1.16.0.jar;C:\Users\javgonzalez\.m2\repository\com\google\auto\value\auto-value-annotations\1.10.1\auto-value-annotations-1.10.1.jar;C:\Users\javgonzalez\.m2\repository\com\google\code\findbugs\jsr305\3.0.2\jsr305-3.0.2.jar;C:\Users\javgonzalez\.m2\repository\com\google\auth\google-auth-library-credentials\1.16.0\google-auth-library-credentials-1.16.0.jar;C:\Users\javgonzalez\.m2\repository\com\google\http-client\google-http-client\1.42.3\google-http-client-1.42.3.jar;C:\Users\javgonzalez\.m2\repository\com\google\errorprone\error_prone_annotations\2.16\error_prone_annotations-2.16.jar;C:\Users\javgonzalez\.m2\repository\com\google\j2objc\j2objc-annotations\1.3\j2objc-annotations-1.3.jar;C:\Users\javgonzalez\.m2\repository\io\opencensus\opencensus-api\0.31.1\opencensus-api-0.31.1.jar;C:\Users\javgonzalez\.m2\repository\io\grpc\grpc-context\1.27.2\grpc-context-1.27.2.jar;C:\Users\javgonzalez\.m2\repository\io\opencensus\opencensus-contrib-http-util\0.31.1\opencensus-contrib-http-util-0.31.1.jar;C:\Users\javgonzalez\.m2\repository\com\google\http-client\google-http-client-gson\1.42.3\google-http-client-gson-1.42.3.jar;C:\Users\javgonzalez\.m2\repository\com\google\code\gson\gson\2.9.1\gson-2.9.1.jar;C:\Users\javgonzalez\.m2\repository\com\google\guava\guava\31.0.1-android\guava-31.0.1-android.jar;C:\Users\javgonzalez\.m2\repository\com\google\guava\failureaccess\1.0.1\failureaccess-1.0.1.jar;C:\Users\javgonzalez\.m2\repository\com\google\guava\listenablefuture\9999.0-empty-to-avoid-conflict-with-guava\listenablefuture-9999.0-empty-to-avoid-conflict-with-guava.jar;C:\Users\javgonzalez\.m2\repository\org\checkerframework\checker-qual\3.12.0\checker-qual-3.12.0.jar;C:\Users\javgonzalez\.m2\repository\org\checkerframework\checker-compat-qual\2.5.5\checker-compat-qual-2.5.5.jar;C:\Users\javgonzalez\.m2\repository\org\springframework\spring-context-support\6.0.6\spring-context-support-6.0.6.jar;C:\Users\javgonzalez\.m2\repository\org\eclipse\angus\jakarta.mail\1.0.0\jakarta.mail-1.0.0.jar;C:\Users\javgonzalez\.m2\repository\org\eclipse\angus\angus-activation\2.0.0\angus-activation-2.0.0.jar;C:\Users\javgonzalez\.m2\repository\javax\persistence\javax.persistence-api\2.2\javax.persistence-api-2.2.jar
Launcher Type: SUN_STANDARD

[Global flags]
     intx CICompilerCount                          = 4                                         {product} {ergonomic}
     uint ConcGCThreads                            = 2                                         {product} {ergonomic}
     uint G1ConcRefinementThreads                  = 8                                         {product} {ergonomic}
   size_t G1HeapRegionSize                         = 2097152                                   {product} {ergonomic}
    uintx GCDrainStackTargetSize                   = 64                                        {product} {ergonomic}
   size_t InitialHeapSize                          = 264241152                                 {product} {ergonomic}
   size_t MarkStackSize                            = 4194304                                   {product} {ergonomic}
   size_t MaxHeapSize                              = 4221566976                                {product} {ergonomic}
   size_t MaxNewSize                               = 2531262464                                {product} {ergonomic}
   size_t MinHeapDeltaBytes                        = 2097152                                   {product} {ergonomic}
   size_t MinHeapSize                              = 8388608                                   {product} {ergonomic}
    uintx NonProfiledCodeHeapSize                  = 0                                      {pd product} {ergonomic}
     bool ProfileInterpreter                       = false                                  {pd product} {command line}
    uintx ProfiledCodeHeapSize                     = 0                                      {pd product} {ergonomic}
   size_t SoftMaxHeapSize                          = 4221566976                             {manageable} {ergonomic}
     intx TieredStopAtLevel                        = 1                                         {product} {command line}
     bool UseCompressedClassPointers               = true                           {product lp64_product} {ergonomic}
     bool UseCompressedOops                        = true                           {product lp64_product} {ergonomic}
     bool UseG1GC                                  = true                                      {product} {ergonomic}
     bool UseLargePagesIndividualAllocation        = false                                  {pd product} {ergonomic}

Logging:
Log output configuration:
 #0: stdout all=warning uptime,level,tags foldmultilines=false
 #1: stderr all=off uptime,level,tags foldmultilines=false

Environment Variables:
PATH=C:\Program Files\Common Files\Oracle\Java\javapath;C:\orawin11g\jvagonzalez\product\11.2.0\client_1\bin;C:\Oracle\instantclient_21_9;C:\Oracle\jdk\jre\bin\classic;C:\Oracle\jdk\jre\bin;C:\Oracle\jdk\jre\bin\client;C:\Oracle\jlib;C:\Oracle\bin;C:\Oracle\jre\1.4.2\bin\client;C:\Oracle\jre\1.4.2\bin;C:\Program Files (x86)\Common Files\Oracle\Java\javapath;C:\Windows\system32;C:\Windows;C:\Windows\System32\Wbem;C:\Windows\System32\WindowsPowerShell\v1.0\;C:\Windows\System32\OpenSSH\;C:\Program Files\Microsoft SQL Server\150\Tools\Binn\;C:\Program Files\Microsoft SQL Server\Client SDK\ODBC\170\Tools\Binn\;C:\Program Files\dotnet\;C:\Program Files\nodejs\;C:\Program Files\Git\cmd;C:\Users\javgonzalez\AppData\Local\Programs\Python\Python310\Scripts\;C:\Users\javgonzalez\AppData\Local\Programs\Python\Python310\;C:\Users\javgonzalez\AppData\Local\Microsoft\WindowsApps;C:\Users\javgonzalez\.dotnet\tools;C:\Users\javgonzalez\AppData\Roaming\npm;C:\Users\javgonzalez\AppData\Local\Programs\Microsoft VS Code\bin;C:\Users\javgonzalez\AppData\Local\GitHubDesktop\bin
USERNAME=javgonzalez
OS=Windows_NT
PROCESSOR_IDENTIFIER=Intel64 Family 6 Model 140 Stepping 1, GenuineIntel
TMP=C:\Users\JAVGON~1\AppData\Local\Temp
TEMP=C:\Users\JAVGON~1\AppData\Local\Temp



---------------  S Y S T E M  ---------------

OS:
 Windows 10 , 64 bit Build 19041 (10.0.19041.2546)
OS uptime: 0 days 2:43 hours
Hyper-V role detected

CPU: total 8 (initial active 8) (4 cores per cpu, 2 threads per core) family 6 model 140 stepping 1 microcode 0xa4, cx8, cmov, fxsr, ht, mmx, 3dnowpref, sse, sse2, sse3, ssse3, sse4.1, sse4.2, popcnt, lzcnt, tsc, tscinvbit, avx, avx2, aes, erms, clmul, bmi1, bmi2, adx, avx512f, avx512dq, avx512cd, avx512bw, avx512vl, sha, fma, vzeroupper, avx512_vpopcntdq, avx512_vpclmulqdq, avx512_vaes, avx512_vnni, clflush, clflushopt, clwb, avx512_vbmi2, avx512_vbmi, hv, rdtscp, rdpid, fsrm, gfni, avx512_bitalg

Memory: 4k page, system-wide physical 16103M (517M free)
TotalPageFile size 18151M (AvailPageFile size 15M)
current process WorkingSet (physical memory assigned to process): 44M, peak: 44M
current process commit charge ("private bytes"): 342M, peak: 342M

vm_info: Java HotSpot(TM) 64-Bit Server VM (19.0.2+7-44) for windows-amd64 JRE (19.0.2+7-44), built on 2022-11-30T18:02:09Z by "mach5one" with MS VC++ 17.1 (VS2022)

END.
