#
# There is insufficient memory for the Java Runtime Environment to continue.
# Native memory allocation (malloc) failed to allocate 640656 bytes for Chunk::new
# Possible reasons:
#   The system is out of physical RAM or swap space
#   The process is running with CompressedOops enabled, and the Java Heap may be blocking the growth of the native heap
# Possible solutions:
#   Reduce memory load on the system
#   Increase physical memory or swap space
#   Check if swap backing store is full
#   Decrease Java heap size (-Xmx/-Xms)
#   Decrease number of Java threads
#   Decrease Java thread stack sizes (-Xss)
#   Set larger code cache with -XX:ReservedCodeCacheSize=
#   JVM is running with Zero Based Compressed Oops mode in which the Java heap is
#     placed in the first 32GB address space. The Java Heap base address is the
#     maximum limit for the native heap growth. Please use -XX:HeapBaseMinAddress
#     to set the Java Heap base and to place the Java Heap above 32GB virtual address.
# This output file may be truncated or incomplete.
#
#  Out of Memory Error (arena.cpp:184), pid=20908, tid=24340
#
# JRE version: Java(TM) SE Runtime Environment (19.0.2+7) (build 19.0.2+7-44)
# Java VM: Java HotSpot(TM) 64-Bit Server VM (19.0.2+7-44, mixed mode, sharing, tiered, compressed oops, compressed class ptrs, g1 gc, windows-amd64)
# No core dump will be written. Minidumps are not enabled by default on client versions of Windows
#

---------------  S U M M A R Y ------------

Command Line: -Dmaven.multiModuleProjectDirectory=C:\Users\javgonzalez\Desktop\PlataformaProveedores -Djansi.passthrough=true -Dmaven.home=C:\Users\javgonzalez\.m2\wrapper\dists\apache-maven-3.8.7-bin\1ktonn2lleg549uah6ngl1r74r\apache-maven-3.8.7 -Dclassworlds.conf=C:\Users\javgonzalez\.m2\wrapper\dists\apache-maven-3.8.7-bin\1ktonn2lleg549uah6ngl1r74r\apache-maven-3.8.7\bin\m2.conf -Dmaven.ext.class.path=C:\Program Files\JetBrains\IntelliJ IDEA 2023.1\plugins\maven\lib\maven-event-listener.jar -javaagent:C:\Program Files\JetBrains\IntelliJ IDEA 2023.1\lib\idea_rt.jar=58066:C:\Program Files\JetBrains\IntelliJ IDEA 2023.1\bin -Dfile.encoding=UTF-8 -Dsun.stdout.encoding=UTF-8 -Dsun.stderr.encoding=UTF-8 org.codehaus.classworlds.Launcher -Didea.version=2023.1 spring-boot:run

Host: 11th Gen Intel(R) Core(TM) i7-1165G7 @ 2.80GHz, 8 cores, 15G,  Windows 10 , 64 bit Build 19041 (10.0.19041.2788)
Time: Mon Apr 17 14:47:35 2023 Hora est. Pac璗ico, Sudam廨ica elapsed time: 1.624398 seconds (0d 0h 0m 1s)

---------------  T H R E A D  ---------------

Current thread (0x000001a1643d1440):  JavaThread "C2 CompilerThread1" daemon [_thread_in_native, id=24340, stack(0x000000295a000000,0x000000295a100000)]


Current CompileTask:
C2:   1624 1133   !   4       sun.nio.cs.StreamDecoder::read (78 bytes)

Stack: [0x000000295a000000,0x000000295a100000]
Native frames: (J=compiled Java code, j=interpreted, Vv=VM code, C=native code)
V  [jvm.dll+0x6ee21a]
V  [jvm.dll+0x85765e]
V  [jvm.dll+0x85904e]
V  [jvm.dll+0x859703]
V  [jvm.dll+0x28298f]
V  [jvm.dll+0xc9adf]
V  [jvm.dll+0xc9e65]
V  [jvm.dll+0x3bca4c]
V  [jvm.dll+0x1ee29a]
V  [jvm.dll+0x24c52b]
V  [jvm.dll+0x24b781]
V  [jvm.dll+0x1d6ce1]
V  [jvm.dll+0x25b25a]
V  [jvm.dll+0x2596e8]
V  [jvm.dll+0x807588]
V  [jvm.dll+0x80125a]
V  [jvm.dll+0x6ecf0b]
C  [ucrtbase.dll+0x21bb2]
C  [KERNEL32.DLL+0x17604]
C  [ntdll.dll+0x526a1]


---------------  P R O C E S S  ---------------

Threads class SMR info:
_java_thread_list=0x000001a163e39e30, length=15, elements={
0x000001a13c48d040, 0x000001a15f1955f0, 0x000001a15f198130, 0x000001a15f199770,
0x000001a15f19c5c0, 0x000001a15f19d750, 0x000001a15f19e080, 0x000001a15f1a7170,
0x000001a163930060, 0x000001a15f1ad3f0, 0x000001a163a22810, 0x000001a163ae9870,
0x000001a163ae9db0, 0x000001a1643d1440, 0x000001a1643ddae0
}

Java Threads: ( => current thread )
  0x000001a13c48d040 JavaThread "main" [_thread_in_vm, id=6948, stack(0x0000002958c00000,0x0000002958d00000)]
  0x000001a15f1955f0 JavaThread "Reference Handler" daemon [_thread_blocked, id=24296, stack(0x0000002959300000,0x0000002959400000)]
  0x000001a15f198130 JavaThread "Finalizer" daemon [_thread_blocked, id=24196, stack(0x0000002959400000,0x0000002959500000)]
  0x000001a15f199770 JavaThread "Signal Dispatcher" daemon [_thread_blocked, id=24308, stack(0x0000002959500000,0x0000002959600000)]
  0x000001a15f19c5c0 JavaThread "Attach Listener" daemon [_thread_blocked, id=24312, stack(0x0000002959600000,0x0000002959700000)]
  0x000001a15f19d750 JavaThread "Service Thread" daemon [_thread_blocked, id=24316, stack(0x0000002959700000,0x0000002959800000)]
  0x000001a15f19e080 JavaThread "Monitor Deflation Thread" daemon [_thread_blocked, id=23316, stack(0x0000002959800000,0x0000002959900000)]
  0x000001a15f1a7170 JavaThread "C2 CompilerThread0" daemon [_thread_in_native, id=5304, stack(0x0000002959900000,0x0000002959a00000)]
  0x000001a163930060 JavaThread "C1 CompilerThread0" daemon [_thread_blocked, id=23320, stack(0x0000002959a00000,0x0000002959b00000)]
  0x000001a15f1ad3f0 JavaThread "Sweeper thread" daemon [_thread_blocked, id=23312, stack(0x0000002959b00000,0x0000002959c00000)]
  0x000001a163a22810 JavaThread "Common-Cleaner" daemon [_thread_blocked, id=24320, stack(0x0000002959c00000,0x0000002959d00000)]
  0x000001a163ae9870 JavaThread "Monitor Ctrl-Break" daemon [_thread_in_native, id=24324, stack(0x0000002959d00000,0x0000002959e00000)]
  0x000001a163ae9db0 JavaThread "Notification Thread" daemon [_thread_blocked, id=10728, stack(0x0000002959e00000,0x0000002959f00000)]
=>0x000001a1643d1440 JavaThread "C2 CompilerThread1" daemon [_thread_in_native, id=24340, stack(0x000000295a000000,0x000000295a100000)]
  0x000001a1643ddae0 JavaThread "C2 CompilerThread2" daemon [_thread_in_native, id=24344, stack(0x000000295a100000,0x000000295a200000)]

Other Threads:
  0x000001a15f179ea0 VMThread "VM Thread" [stack: 0x0000002959200000,0x0000002959300000] [id=18588]
  0x000001a163aefe40 WatcherThread "VM Periodic Task Thread" [stack: 0x0000002959f00000,0x000000295a000000] [id=24304]
  0x000001a13c4fe2e0 WorkerThread "GC Thread#0" [stack: 0x0000002958d00000,0x0000002958e00000] [id=15500]
  0x000001a164d3a840 WorkerThread "GC Thread#1" [stack: 0x000000295a200000,0x000000295a300000] [id=16848]
  0x000001a1645731c0 WorkerThread "GC Thread#2" [stack: 0x000000295a300000,0x000000295a400000] [id=24356]
  0x000001a164573490 WorkerThread "GC Thread#3" [stack: 0x000000295a400000,0x000000295a500000] [id=24360]
  0x000001a1645723b0 WorkerThread "GC Thread#4" [stack: 0x000000295a500000,0x000000295a600000] [id=20456]
  0x000001a1645720e0 WorkerThread "GC Thread#5" [stack: 0x000000295a600000,0x000000295a700000] [id=18232]
  0x000001a164573760 WorkerThread "GC Thread#6" [stack: 0x000000295a700000,0x000000295a800000] [id=24364]
  0x000001a164573a30 WorkerThread "GC Thread#7" [stack: 0x000000295a800000,0x000000295a900000] [id=24376]
  0x000001a139ffb180 ConcurrentGCThread "G1 Main Marker" [stack: 0x0000002958e00000,0x0000002958f00000] [id=14724]
  0x000001a139ffb860 WorkerThread "G1 Conc#0" [stack: 0x0000002958f00000,0x0000002959000000] [id=17020]
  0x000001a15f0347f0 ConcurrentGCThread "G1 Refine#0" [stack: 0x0000002959000000,0x0000002959100000] [id=24064]
  0x000001a15f035240 ConcurrentGCThread "G1 Service" [stack: 0x0000002959100000,0x0000002959200000] [id=24056]

Threads with active compile tasks:
C2 CompilerThread0     1655 1107   !   4       sun.nio.cs.StreamDecoder::read0 (59 bytes)
C2 CompilerThread1     1655 1133   !   4       sun.nio.cs.StreamDecoder::read (78 bytes)
C2 CompilerThread2     1655 1124       4       sun.nio.cs.UTF_8$Decoder::decodeArrayLoop (688 bytes)

VM state: not at safepoint (normal execution)

VM Mutex/Monitor currently owned by a thread: None

Heap address: 0x0000000704600000, size: 4026 MB, Compressed Oops mode: Zero based, Oop shift amount: 3

CDS archive(s) mapped at: [0x0000000800000000-0x0000000800c40000-0x0000000800c40000), size 12845056, SharedBaseAddress: 0x0000000800000000, ArchiveRelocationMode: 0.
Compressed class space mapped at: 0x0000000801000000-0x0000000841000000, reserved size: 1073741824
Narrow klass base: 0x0000000800000000, Narrow klass shift: 0, Narrow klass range: 0x100000000

GC Precious Log:
 CardTable entry size: 512
 Card Set container configuration: InlinePtr #cards 4 size 8 Array Of Cards #cards 16 size 48 Howl #buckets 8 coarsen threshold 3686 Howl Bitmap #cards 512 size 80 coarsen threshold 460 Card regions per heap region 1 cards per card region 4096
 CPUs: 8 total, 8 available
 Memory: 16103M
 Large Page Support: Disabled
 NUMA Support: Disabled
 Compressed Oops: Enabled (Zero based)
 Heap Region Size: 2M
 Heap Min Capacity: 8M
 Heap Initial Capacity: 252M
 Heap Max Capacity: 4026M
 Pre-touch: Disabled
 Parallel Workers: 8
 Concurrent Workers: 2
 Concurrent Refinement Workers: 8
 Periodic GC: Disabled

Heap:
 garbage-first heap   total 258048K, used 10224K [0x0000000704600000, 0x0000000800000000)
  region size 2048K, 6 young (12288K), 2 survivors (4096K)
 Metaspace       used 5938K, committed 6144K, reserved 1114112K
  class space    used 650K, committed 768K, reserved 1048576K

Heap Regions: E=young(eden), S=young(survivor), O=old, HS=humongous(starts), HC=humongous(continues), CS=collection set, F=free, OA=open archive, CA=closed archive, TAMS=top-at-mark-start (previous, next)
|   0|0x0000000704600000, 0x0000000704600000, 0x0000000704800000|  0%| F|  |TAMS 0x0000000704600000, 0x0000000704600000| Untracked 
|   1|0x0000000704800000, 0x0000000704800000, 0x0000000704a00000|  0%| F|  |TAMS 0x0000000704800000, 0x0000000704800000| Untracked 
|   2|0x0000000704a00000, 0x0000000704a00000, 0x0000000704c00000|  0%| F|  |TAMS 0x0000000704a00000, 0x0000000704a00000| Untracked 
|   3|0x0000000704c00000, 0x0000000704c00000, 0x0000000704e00000|  0%| F|  |TAMS 0x0000000704c00000, 0x0000000704c00000| Untracked 
|   4|0x0000000704e00000, 0x0000000704e00000, 0x0000000705000000|  0%| F|  |TAMS 0x0000000704e00000, 0x0000000704e00000| Untracked 
|   5|0x0000000705000000, 0x0000000705000000, 0x0000000705200000|  0%| F|  |TAMS 0x0000000705000000, 0x0000000705000000| Untracked 
|   6|0x0000000705200000, 0x0000000705200000, 0x0000000705400000|  0%| F|  |TAMS 0x0000000705200000, 0x0000000705200000| Untracked 
|   7|0x0000000705400000, 0x0000000705400000, 0x0000000705600000|  0%| F|  |TAMS 0x0000000705400000, 0x0000000705400000| Untracked 
|   8|0x0000000705600000, 0x0000000705600000, 0x0000000705800000|  0%| F|  |TAMS 0x0000000705600000, 0x0000000705600000| Untracked 
|   9|0x0000000705800000, 0x0000000705800000, 0x0000000705a00000|  0%| F|  |TAMS 0x0000000705800000, 0x0000000705800000| Untracked 
|  10|0x0000000705a00000, 0x0000000705a00000, 0x0000000705c00000|  0%| F|  |TAMS 0x0000000705a00000, 0x0000000705a00000| Untracked 
|  11|0x0000000705c00000, 0x0000000705c00000, 0x0000000705e00000|  0%| F|  |TAMS 0x0000000705c00000, 0x0000000705c00000| Untracked 
|  12|0x0000000705e00000, 0x0000000705e00000, 0x0000000706000000|  0%| F|  |TAMS 0x0000000705e00000, 0x0000000705e00000| Untracked 
|  13|0x0000000706000000, 0x0000000706000000, 0x0000000706200000|  0%| F|  |TAMS 0x0000000706000000, 0x0000000706000000| Untracked 
|  14|0x0000000706200000, 0x0000000706200000, 0x0000000706400000|  0%| F|  |TAMS 0x0000000706200000, 0x0000000706200000| Untracked 
|  15|0x0000000706400000, 0x0000000706400000, 0x0000000706600000|  0%| F|  |TAMS 0x0000000706400000, 0x0000000706400000| Untracked 
|  16|0x0000000706600000, 0x0000000706600000, 0x0000000706800000|  0%| F|  |TAMS 0x0000000706600000, 0x0000000706600000| Untracked 
|  17|0x0000000706800000, 0x0000000706800000, 0x0000000706a00000|  0%| F|  |TAMS 0x0000000706800000, 0x0000000706800000| Untracked 
|  18|0x0000000706a00000, 0x0000000706a00000, 0x0000000706c00000|  0%| F|  |TAMS 0x0000000706a00000, 0x0000000706a00000| Untracked 
|  19|0x0000000706c00000, 0x0000000706c00000, 0x0000000706e00000|  0%| F|  |TAMS 0x0000000706c00000, 0x0000000706c00000| Untracked 
|  20|0x0000000706e00000, 0x0000000706e00000, 0x0000000707000000|  0%| F|  |TAMS 0x0000000706e00000, 0x0000000706e00000| Untracked 
|  21|0x0000000707000000, 0x0000000707000000, 0x0000000707200000|  0%| F|  |TAMS 0x0000000707000000, 0x0000000707000000| Untracked 
|  22|0x0000000707200000, 0x0000000707200000, 0x0000000707400000|  0%| F|  |TAMS 0x0000000707200000, 0x0000000707200000| Untracked 
|  23|0x0000000707400000, 0x0000000707400000, 0x0000000707600000|  0%| F|  |TAMS 0x0000000707400000, 0x0000000707400000| Untracked 
|  24|0x0000000707600000, 0x0000000707600000, 0x0000000707800000|  0%| F|  |TAMS 0x0000000707600000, 0x0000000707600000| Untracked 
|  25|0x0000000707800000, 0x0000000707800000, 0x0000000707a00000|  0%| F|  |TAMS 0x0000000707800000, 0x0000000707800000| Untracked 
|  26|0x0000000707a00000, 0x0000000707a00000, 0x0000000707c00000|  0%| F|  |TAMS 0x0000000707a00000, 0x0000000707a00000| Untracked 
|  27|0x0000000707c00000, 0x0000000707c00000, 0x0000000707e00000|  0%| F|  |TAMS 0x0000000707c00000, 0x0000000707c00000| Untracked 
|  28|0x0000000707e00000, 0x0000000707e00000, 0x0000000708000000|  0%| F|  |TAMS 0x0000000707e00000, 0x0000000707e00000| Untracked 
|  29|0x0000000708000000, 0x0000000708000000, 0x0000000708200000|  0%| F|  |TAMS 0x0000000708000000, 0x0000000708000000| Untracked 
|  30|0x0000000708200000, 0x0000000708200000, 0x0000000708400000|  0%| F|  |TAMS 0x0000000708200000, 0x0000000708200000| Untracked 
|  31|0x0000000708400000, 0x0000000708400000, 0x0000000708600000|  0%| F|  |TAMS 0x0000000708400000, 0x0000000708400000| Untracked 
|  32|0x0000000708600000, 0x0000000708600000, 0x0000000708800000|  0%| F|  |TAMS 0x0000000708600000, 0x0000000708600000| Untracked 
|  33|0x0000000708800000, 0x0000000708800000, 0x0000000708a00000|  0%| F|  |TAMS 0x0000000708800000, 0x0000000708800000| Untracked 
|  34|0x0000000708a00000, 0x0000000708a00000, 0x0000000708c00000|  0%| F|  |TAMS 0x0000000708a00000, 0x0000000708a00000| Untracked 
|  35|0x0000000708c00000, 0x0000000708c00000, 0x0000000708e00000|  0%| F|  |TAMS 0x0000000708c00000, 0x0000000708c00000| Untracked 
|  36|0x0000000708e00000, 0x0000000708e00000, 0x0000000709000000|  0%| F|  |TAMS 0x0000000708e00000, 0x0000000708e00000| Untracked 
|  37|0x0000000709000000, 0x0000000709000000, 0x0000000709200000|  0%| F|  |TAMS 0x0000000709000000, 0x0000000709000000| Untracked 
|  38|0x0000000709200000, 0x0000000709200000, 0x0000000709400000|  0%| F|  |TAMS 0x0000000709200000, 0x0000000709200000| Untracked 
|  39|0x0000000709400000, 0x0000000709400000, 0x0000000709600000|  0%| F|  |TAMS 0x0000000709400000, 0x0000000709400000| Untracked 
|  40|0x0000000709600000, 0x0000000709600000, 0x0000000709800000|  0%| F|  |TAMS 0x0000000709600000, 0x0000000709600000| Untracked 
|  41|0x0000000709800000, 0x0000000709800000, 0x0000000709a00000|  0%| F|  |TAMS 0x0000000709800000, 0x0000000709800000| Untracked 
|  42|0x0000000709a00000, 0x0000000709a00000, 0x0000000709c00000|  0%| F|  |TAMS 0x0000000709a00000, 0x0000000709a00000| Untracked 
|  43|0x0000000709c00000, 0x0000000709c00000, 0x0000000709e00000|  0%| F|  |TAMS 0x0000000709c00000, 0x0000000709c00000| Untracked 
|  44|0x0000000709e00000, 0x0000000709e00000, 0x000000070a000000|  0%| F|  |TAMS 0x0000000709e00000, 0x0000000709e00000| Untracked 
|  45|0x000000070a000000, 0x000000070a000000, 0x000000070a200000|  0%| F|  |TAMS 0x000000070a000000, 0x000000070a000000| Untracked 
|  46|0x000000070a200000, 0x000000070a200000, 0x000000070a400000|  0%| F|  |TAMS 0x000000070a200000, 0x000000070a200000| Untracked 
|  47|0x000000070a400000, 0x000000070a400000, 0x000000070a600000|  0%| F|  |TAMS 0x000000070a400000, 0x000000070a400000| Untracked 
|  48|0x000000070a600000, 0x000000070a600000, 0x000000070a800000|  0%| F|  |TAMS 0x000000070a600000, 0x000000070a600000| Untracked 
|  49|0x000000070a800000, 0x000000070a800000, 0x000000070aa00000|  0%| F|  |TAMS 0x000000070a800000, 0x000000070a800000| Untracked 
|  50|0x000000070aa00000, 0x000000070aa00000, 0x000000070ac00000|  0%| F|  |TAMS 0x000000070aa00000, 0x000000070aa00000| Untracked 
|  51|0x000000070ac00000, 0x000000070ac00000, 0x000000070ae00000|  0%| F|  |TAMS 0x000000070ac00000, 0x000000070ac00000| Untracked 
|  52|0x000000070ae00000, 0x000000070ae00000, 0x000000070b000000|  0%| F|  |TAMS 0x000000070ae00000, 0x000000070ae00000| Untracked 
|  53|0x000000070b000000, 0x000000070b000000, 0x000000070b200000|  0%| F|  |TAMS 0x000000070b000000, 0x000000070b000000| Untracked 
|  54|0x000000070b200000, 0x000000070b200000, 0x000000070b400000|  0%| F|  |TAMS 0x000000070b200000, 0x000000070b200000| Untracked 
|  55|0x000000070b400000, 0x000000070b400000, 0x000000070b600000|  0%| F|  |TAMS 0x000000070b400000, 0x000000070b400000| Untracked 
|  56|0x000000070b600000, 0x000000070b600000, 0x000000070b800000|  0%| F|  |TAMS 0x000000070b600000, 0x000000070b600000| Untracked 
|  57|0x000000070b800000, 0x000000070b800000, 0x000000070ba00000|  0%| F|  |TAMS 0x000000070b800000, 0x000000070b800000| Untracked 
|  58|0x000000070ba00000, 0x000000070ba00000, 0x000000070bc00000|  0%| F|  |TAMS 0x000000070ba00000, 0x000000070ba00000| Untracked 
|  59|0x000000070bc00000, 0x000000070bc00000, 0x000000070be00000|  0%| F|  |TAMS 0x000000070bc00000, 0x000000070bc00000| Untracked 
|  60|0x000000070be00000, 0x000000070be00000, 0x000000070c000000|  0%| F|  |TAMS 0x000000070be00000, 0x000000070be00000| Untracked 
|  61|0x000000070c000000, 0x000000070c000000, 0x000000070c200000|  0%| F|  |TAMS 0x000000070c000000, 0x000000070c000000| Untracked 
|  62|0x000000070c200000, 0x000000070c200000, 0x000000070c400000|  0%| F|  |TAMS 0x000000070c200000, 0x000000070c200000| Untracked 
|  63|0x000000070c400000, 0x000000070c400000, 0x000000070c600000|  0%| F|  |TAMS 0x000000070c400000, 0x000000070c400000| Untracked 
|  64|0x000000070c600000, 0x000000070c600000, 0x000000070c800000|  0%| F|  |TAMS 0x000000070c600000, 0x000000070c600000| Untracked 
|  65|0x000000070c800000, 0x000000070c800000, 0x000000070ca00000|  0%| F|  |TAMS 0x000000070c800000, 0x000000070c800000| Untracked 
|  66|0x000000070ca00000, 0x000000070ca00000, 0x000000070cc00000|  0%| F|  |TAMS 0x000000070ca00000, 0x000000070ca00000| Untracked 
|  67|0x000000070cc00000, 0x000000070cc00000, 0x000000070ce00000|  0%| F|  |TAMS 0x000000070cc00000, 0x000000070cc00000| Untracked 
|  68|0x000000070ce00000, 0x000000070ce00000, 0x000000070d000000|  0%| F|  |TAMS 0x000000070ce00000, 0x000000070ce00000| Untracked 
|  69|0x000000070d000000, 0x000000070d000000, 0x000000070d200000|  0%| F|  |TAMS 0x000000070d000000, 0x000000070d000000| Untracked 
|  70|0x000000070d200000, 0x000000070d200000, 0x000000070d400000|  0%| F|  |TAMS 0x000000070d200000, 0x000000070d200000| Untracked 
|  71|0x000000070d400000, 0x000000070d400000, 0x000000070d600000|  0%| F|  |TAMS 0x000000070d400000, 0x000000070d400000| Untracked 
|  72|0x000000070d600000, 0x000000070d600000, 0x000000070d800000|  0%| F|  |TAMS 0x000000070d600000, 0x000000070d600000| Untracked 
|  73|0x000000070d800000, 0x000000070d800000, 0x000000070da00000|  0%| F|  |TAMS 0x000000070d800000, 0x000000070d800000| Untracked 
|  74|0x000000070da00000, 0x000000070da00000, 0x000000070dc00000|  0%| F|  |TAMS 0x000000070da00000, 0x000000070da00000| Untracked 
|  75|0x000000070dc00000, 0x000000070dc00000, 0x000000070de00000|  0%| F|  |TAMS 0x000000070dc00000, 0x000000070dc00000| Untracked 
|  76|0x000000070de00000, 0x000000070de00000, 0x000000070e000000|  0%| F|  |TAMS 0x000000070de00000, 0x000000070de00000| Untracked 
|  77|0x000000070e000000, 0x000000070e000000, 0x000000070e200000|  0%| F|  |TAMS 0x000000070e000000, 0x000000070e000000| Untracked 
|  78|0x000000070e200000, 0x000000070e200000, 0x000000070e400000|  0%| F|  |TAMS 0x000000070e200000, 0x000000070e200000| Untracked 
|  79|0x000000070e400000, 0x000000070e400000, 0x000000070e600000|  0%| F|  |TAMS 0x000000070e400000, 0x000000070e400000| Untracked 
|  80|0x000000070e600000, 0x000000070e600000, 0x000000070e800000|  0%| F|  |TAMS 0x000000070e600000, 0x000000070e600000| Untracked 
|  81|0x000000070e800000, 0x000000070e800000, 0x000000070ea00000|  0%| F|  |TAMS 0x000000070e800000, 0x000000070e800000| Untracked 
|  82|0x000000070ea00000, 0x000000070ea00000, 0x000000070ec00000|  0%| F|  |TAMS 0x000000070ea00000, 0x000000070ea00000| Untracked 
|  83|0x000000070ec00000, 0x000000070ec00000, 0x000000070ee00000|  0%| F|  |TAMS 0x000000070ec00000, 0x000000070ec00000| Untracked 
|  84|0x000000070ee00000, 0x000000070ee00000, 0x000000070f000000|  0%| F|  |TAMS 0x000000070ee00000, 0x000000070ee00000| Untracked 
|  85|0x000000070f000000, 0x000000070f000000, 0x000000070f200000|  0%| F|  |TAMS 0x000000070f000000, 0x000000070f000000| Untracked 
|  86|0x000000070f200000, 0x000000070f200000, 0x000000070f400000|  0%| F|  |TAMS 0x000000070f200000, 0x000000070f200000| Untracked 
|  87|0x000000070f400000, 0x000000070f400000, 0x000000070f600000|  0%| F|  |TAMS 0x000000070f400000, 0x000000070f400000| Untracked 
|  88|0x000000070f600000, 0x000000070f600000, 0x000000070f800000|  0%| F|  |TAMS 0x000000070f600000, 0x000000070f600000| Untracked 
|  89|0x000000070f800000, 0x000000070f800000, 0x000000070fa00000|  0%| F|  |TAMS 0x000000070f800000, 0x000000070f800000| Untracked 
|  90|0x000000070fa00000, 0x000000070fa00000, 0x000000070fc00000|  0%| F|  |TAMS 0x000000070fa00000, 0x000000070fa00000| Untracked 
|  91|0x000000070fc00000, 0x000000070fc00000, 0x000000070fe00000|  0%| F|  |TAMS 0x000000070fc00000, 0x000000070fc00000| Untracked 
|  92|0x000000070fe00000, 0x000000070fe00000, 0x0000000710000000|  0%| F|  |TAMS 0x000000070fe00000, 0x000000070fe00000| Untracked 
|  93|0x0000000710000000, 0x0000000710000000, 0x0000000710200000|  0%| F|  |TAMS 0x0000000710000000, 0x0000000710000000| Untracked 
|  94|0x0000000710200000, 0x0000000710200000, 0x0000000710400000|  0%| F|  |TAMS 0x0000000710200000, 0x0000000710200000| Untracked 
|  95|0x0000000710400000, 0x0000000710400000, 0x0000000710600000|  0%| F|  |TAMS 0x0000000710400000, 0x0000000710400000| Untracked 
|  96|0x0000000710600000, 0x0000000710600000, 0x0000000710800000|  0%| F|  |TAMS 0x0000000710600000, 0x0000000710600000| Untracked 
|  97|0x0000000710800000, 0x0000000710800000, 0x0000000710a00000|  0%| F|  |TAMS 0x0000000710800000, 0x0000000710800000| Untracked 
|  98|0x0000000710a00000, 0x0000000710a00000, 0x0000000710c00000|  0%| F|  |TAMS 0x0000000710a00000, 0x0000000710a00000| Untracked 
|  99|0x0000000710c00000, 0x0000000710c00000, 0x0000000710e00000|  0%| F|  |TAMS 0x0000000710c00000, 0x0000000710c00000| Untracked 
| 100|0x0000000710e00000, 0x0000000710e00000, 0x0000000711000000|  0%| F|  |TAMS 0x0000000710e00000, 0x0000000710e00000| Untracked 
| 101|0x0000000711000000, 0x0000000711000000, 0x0000000711200000|  0%| F|  |TAMS 0x0000000711000000, 0x0000000711000000| Untracked 
| 102|0x0000000711200000, 0x0000000711200000, 0x0000000711400000|  0%| F|  |TAMS 0x0000000711200000, 0x0000000711200000| Untracked 
| 103|0x0000000711400000, 0x0000000711400000, 0x0000000711600000|  0%| F|  |TAMS 0x0000000711400000, 0x0000000711400000| Untracked 
| 104|0x0000000711600000, 0x0000000711600000, 0x0000000711800000|  0%| F|  |TAMS 0x0000000711600000, 0x0000000711600000| Untracked 
| 105|0x0000000711800000, 0x0000000711800000, 0x0000000711a00000|  0%| F|  |TAMS 0x0000000711800000, 0x0000000711800000| Untracked 
| 106|0x0000000711a00000, 0x0000000711a00000, 0x0000000711c00000|  0%| F|  |TAMS 0x0000000711a00000, 0x0000000711a00000| Untracked 
| 107|0x0000000711c00000, 0x0000000711c00000, 0x0000000711e00000|  0%| F|  |TAMS 0x0000000711c00000, 0x0000000711c00000| Untracked 
| 108|0x0000000711e00000, 0x0000000711e00000, 0x0000000712000000|  0%| F|  |TAMS 0x0000000711e00000, 0x0000000711e00000| Untracked 
| 109|0x0000000712000000, 0x0000000712000000, 0x0000000712200000|  0%| F|  |TAMS 0x0000000712000000, 0x0000000712000000| Untracked 
| 110|0x0000000712200000, 0x0000000712200000, 0x0000000712400000|  0%| F|  |TAMS 0x0000000712200000, 0x0000000712200000| Untracked 
| 111|0x0000000712400000, 0x0000000712400000, 0x0000000712600000|  0%| F|  |TAMS 0x0000000712400000, 0x0000000712400000| Untracked 
| 112|0x0000000712600000, 0x0000000712600000, 0x0000000712800000|  0%| F|  |TAMS 0x0000000712600000, 0x0000000712600000| Untracked 
| 113|0x0000000712800000, 0x00000007129fc2a8, 0x0000000712a00000| 99%| S|CS|TAMS 0x0000000712800000, 0x0000000712800000| Complete 
| 114|0x0000000712a00000, 0x0000000712c00000, 0x0000000712c00000|100%| S|CS|TAMS 0x0000000712a00000, 0x0000000712a00000| Complete 
| 115|0x0000000712c00000, 0x0000000712c00000, 0x0000000712e00000|  0%| F|  |TAMS 0x0000000712c00000, 0x0000000712c00000| Untracked 
| 116|0x0000000712e00000, 0x0000000712e00000, 0x0000000713000000|  0%| F|  |TAMS 0x0000000712e00000, 0x0000000712e00000| Untracked 
| 117|0x0000000713000000, 0x0000000713000000, 0x0000000713200000|  0%| F|  |TAMS 0x0000000713000000, 0x0000000713000000| Untracked 
| 118|0x0000000713200000, 0x0000000713200000, 0x0000000713400000|  0%| F|  |TAMS 0x0000000713200000, 0x0000000713200000| Untracked 
| 119|0x0000000713400000, 0x0000000713400000, 0x0000000713600000|  0%| F|  |TAMS 0x0000000713400000, 0x0000000713400000| Untracked 
| 120|0x0000000713600000, 0x0000000713600000, 0x0000000713800000|  0%| F|  |TAMS 0x0000000713600000, 0x0000000713600000| Untracked 
| 121|0x0000000713800000, 0x0000000713800000, 0x0000000713a00000|  0%| F|  |TAMS 0x0000000713800000, 0x0000000713800000| Untracked 
| 122|0x0000000713a00000, 0x0000000713b01598, 0x0000000713c00000| 50%| E|  |TAMS 0x0000000713a00000, 0x0000000713a00000| Complete 
| 123|0x0000000713c00000, 0x0000000713e00000, 0x0000000713e00000|100%| E|CS|TAMS 0x0000000713c00000, 0x0000000713c00000| Complete 
| 124|0x0000000713e00000, 0x0000000714000000, 0x0000000714000000|100%| E|CS|TAMS 0x0000000713e00000, 0x0000000713e00000| Complete 
| 125|0x0000000714000000, 0x0000000714200000, 0x0000000714200000|100%| E|CS|TAMS 0x0000000714000000, 0x0000000714000000| Complete 

Card table byte_map: [0x000001a153ed0000,0x000001a1546b0000] _byte_map_base: 0x000001a1506ad000

Marking Bits (Prev, Next): (CMBitMap*) 0x000001a13c4ff830, (CMBitMap*) 0x000001a13c4ff870
 Prev Bits: [0x000001a154e90000, 0x000001a158d78000)
 Next Bits: [0x000001a158d80000, 0x000001a15cc68000)

Polling page: 0x000001a13a080000

Metaspace:

Usage:
  Non-class:      5.16 MB used.
      Class:    650.34 KB used.
       Both:      5.80 MB used.

Virtual space:
  Non-class space:       64.00 MB reserved,       5.25 MB (  8%) committed,  1 nodes.
      Class space:        1.00 GB reserved,     768.00 KB ( <1%) committed,  1 nodes.
             Both:        1.06 GB reserved,       6.00 MB ( <1%) committed. 

Chunk freelists:
   Non-Class:  1.12 MB
       Class:  3.29 MB
        Both:  4.42 MB

MaxMetaspaceSize: unlimited
CompressedClassSpaceSize: 1.00 GB
Initial GC threshold: 21.00 MB
Current GC threshold: 21.00 MB
CDS: on
MetaspaceReclaimPolicy: balanced
 - commit_granule_bytes: 65536.
 - commit_granule_words: 8192.
 - virtual_space_node_default_size: 8388608.
 - enlarge_chunks_in_place: 1.
 - new_chunks_are_fully_committed: 0.
 - uncommit_free_chunks: 1.
 - use_allocation_guard: 0.


Internal statistics:

num_allocs_failed_limit: 0.
num_arena_births: 50.
num_arena_deaths: 0.
num_vsnodes_births: 2.
num_vsnodes_deaths: 0.
num_space_committed: 96.
num_space_uncommitted: 0.
num_chunks_returned_to_freelist: 0.
num_chunks_taken_from_freelist: 202.
num_chunk_merges: 0.
num_chunk_splits: 139.
num_chunks_enlarged: 112.
num_inconsistent_stats: 0.

CodeHeap 'non-profiled nmethods': size=120000Kb used=466Kb max_used=466Kb free=119533Kb
 bounds [0x000001a14be90000, 0x000001a14c100000, 0x000001a1533c0000]
CodeHeap 'profiled nmethods': size=120000Kb used=2318Kb max_used=2318Kb free=117681Kb
 bounds [0x000001a1443c0000, 0x000001a144630000, 0x000001a14b8f0000]
CodeHeap 'non-nmethods': size=5760Kb used=1283Kb max_used=1310Kb free=4476Kb
 bounds [0x000001a14b8f0000, 0x000001a14bb60000, 0x000001a14be90000]
 total_blobs=1704 nmethods=1238 adapters=375
 compilation: enabled
              stopped_count=0, restarted_count=0
 full_count=0

Compilation events (20 events):
Event: 1.621 Thread 0x000001a163930060 nmethod 1187 0x000001a14beef510 code [0x000001a14beef6a0, 0x000001a14beef778]
Event: 1.621 Thread 0x000001a163930060 1192       1       com.google.inject.internal.AbstractBindingBuilder::getBinding (5 bytes)
Event: 1.621 Thread 0x000001a163930060 nmethod 1192 0x000001a14beef810 code [0x000001a14beef9a0, 0x000001a14beefa78]
Event: 1.621 Thread 0x000001a163930060 1193       1       com.google.inject.internal.BindingImpl::getSource (5 bytes)
Event: 1.621 Thread 0x000001a163930060 nmethod 1193 0x000001a14beefb10 code [0x000001a14beefca0, 0x000001a14beefd78]
Event: 1.621 Thread 0x000001a163930060 1194       1       com.google.inject.internal.BindingImpl::getKey (5 bytes)
Event: 1.621 Thread 0x000001a163930060 nmethod 1194 0x000001a14beefe10 code [0x000001a14beeffa0, 0x000001a14bef0078]
Event: 1.621 Thread 0x000001a163930060 1195       1       org.eclipse.sisu.plexus.ComponentImpl::role (5 bytes)
Event: 1.621 Thread 0x000001a163930060 nmethod 1195 0x000001a14bef0110 code [0x000001a14bef02a0, 0x000001a14bef0378]
Event: 1.621 Thread 0x000001a163930060 1200       2       java.lang.reflect.Field::getAnnotation (23 bytes)
Event: 1.621 Thread 0x000001a163930060 nmethod 1200 0x000001a1445ef990 code [0x000001a1445efb80, 0x000001a1445eff08]
Event: 1.621 Thread 0x000001a163930060 1196       1       com.google.inject.internal.BindingImpl::getScoping (5 bytes)
Event: 1.621 Thread 0x000001a163930060 nmethod 1196 0x000001a14bef0b10 code [0x000001a14bef0ca0, 0x000001a14bef0d78]
Event: 1.621 Thread 0x000001a163930060 1198       1       sun.reflect.generics.reflectiveObjects.ParameterizedTypeImpl::getOwnerType (5 bytes)
Event: 1.621 Thread 0x000001a163930060 nmethod 1198 0x000001a14bef0e10 code [0x000001a14bef0fa0, 0x000001a14bef1078]
Event: 1.621 Thread 0x000001a163930060 1199       1       com.google.common.collect.SingletonImmutableSet::isPartialView (2 bytes)
Event: 1.621 Thread 0x000001a163930060 nmethod 1199 0x000001a14bef1110 code [0x000001a14bef12a0, 0x000001a14bef1378]
Event: 1.621 Thread 0x000001a163930060 1197       1       java.lang.reflect.Field::getDeclaringClass (5 bytes)
Event: 1.621 Thread 0x000001a163930060 nmethod 1197 0x000001a14bef1410 code [0x000001a14bef15a0, 0x000001a14bef1678]
Event: 1.621 Thread 0x000001a163930060 1202       2       java.lang.Class::privateGetDeclaredMethods (64 bytes)

GC Heap History (2 events):
Event: 1.509 GC heap before
{Heap before GC invocations=0 (full 0):
 garbage-first heap   total 258048K, used 22528K [0x0000000704600000, 0x0000000800000000)
  region size 2048K, 11 young (22528K), 0 survivors (0K)
 Metaspace       used 5520K, committed 5696K, reserved 1114112K
  class space    used 599K, committed 704K, reserved 1048576K
}
Event: 1.518 GC heap after
{Heap after GC invocations=1 (full 0):
 garbage-first heap   total 258048K, used 4080K [0x0000000704600000, 0x0000000800000000)
  region size 2048K, 2 young (4096K), 2 survivors (4096K)
 Metaspace       used 5520K, committed 5696K, reserved 1114112K
  class space    used 599K, committed 704K, reserved 1048576K
}

Dll operation events (12 events):
Event: 0.010 Loaded shared library C:\Program Files\Java\jdk-19\bin\java.dll
Event: 0.021 Loaded shared library C:\Program Files\Java\jdk-19\bin\jsvml.dll
Event: 0.153 Loaded shared library C:\Program Files\Java\jdk-19\bin\zip.dll
Event: 0.157 Loaded shared library C:\Program Files\Java\jdk-19\bin\instrument.dll
Event: 0.180 Loaded shared library C:\Program Files\Java\jdk-19\bin\net.dll
Event: 0.183 Loaded shared library C:\Program Files\Java\jdk-19\bin\nio.dll
Event: 0.188 Loaded shared library C:\Program Files\Java\jdk-19\bin\zip.dll
Event: 0.223 Loaded shared library C:\Program Files\JetBrains\IntelliJ IDEA 2023.1\bin\breakgen64.dll
Event: 0.256 Loaded shared library C:\Program Files\Java\jdk-19\bin\extnet.dll
Event: 0.379 Loaded shared library C:\Program Files\Java\jdk-19\bin\jimage.dll
Event: 0.615 Loaded shared library C:\Users\javgonzalez\AppData\Local\Temp\jansi-2.4.0-3e029252502feae7-jansi.dll
Event: 0.646 Loaded shared library C:\Program Files\Java\jdk-19\bin\verify.dll

Deoptimization events (20 events):
Event: 1.426 Thread 0x000001a15f19c5c0 DEOPT PACKING pc=0x000001a14bec61f4 sp=0x00000029596fe2e0
Event: 1.426 Thread 0x000001a15f19c5c0 DEOPT UNPACKING pc=0x000001a14b95a5a3 sp=0x00000029596fe278 mode 2
Event: 1.431 Thread 0x000001a13c48d040 Uncommon trap: trap_request=0xffffff45 fr.pc=0x000001a14bec0094 relative=0x0000000000000994
Event: 1.431 Thread 0x000001a13c48d040 Uncommon trap: reason=unstable_if action=reinterpret pc=0x000001a14bec0094 method=java.util.HashMap.putVal(ILjava/lang/Object;Ljava/lang/Object;ZZ)Ljava/lang/Object; @ 181 c2
Event: 1.432 Thread 0x000001a13c48d040 DEOPT PACKING pc=0x000001a14bec0094 sp=0x0000002958cfe290
Event: 1.432 Thread 0x000001a13c48d040 DEOPT UNPACKING pc=0x000001a14b95a5a3 sp=0x0000002958cfe230 mode 2
Event: 1.436 Thread 0x000001a13c48d040 Uncommon trap: trap_request=0xffffff45 fr.pc=0x000001a14bebd8d0 relative=0x00000000000000b0
Event: 1.436 Thread 0x000001a13c48d040 Uncommon trap: reason=unstable_if action=reinterpret pc=0x000001a14bebd8d0 method=org.codehaus.plexus.util.xml.pull.MXParser.more()C @ 8 c2
Event: 1.436 Thread 0x000001a13c48d040 DEOPT PACKING pc=0x000001a14bebd8d0 sp=0x0000002958cfe350
Event: 1.436 Thread 0x000001a13c48d040 DEOPT UNPACKING pc=0x000001a14b95a5a3 sp=0x0000002958cfe2e0 mode 2
Event: 1.447 Thread 0x000001a13c48d040 Uncommon trap: trap_request=0xffffff45 fr.pc=0x000001a14bee40e8 relative=0x00000000000000c8
Event: 1.447 Thread 0x000001a13c48d040 Uncommon trap: reason=unstable_if action=reinterpret pc=0x000001a14bee40e8 method=java.util.concurrent.locks.ReentrantLock$Sync.tryRelease(I)Z @ 26 c2
Event: 1.448 Thread 0x000001a13c48d040 DEOPT PACKING pc=0x000001a14bee40e8 sp=0x0000002958cfdc20
Event: 1.448 Thread 0x000001a13c48d040 DEOPT UNPACKING pc=0x000001a14b95a5a3 sp=0x0000002958cfdbc0 mode 2
Event: 1.499 Thread 0x000001a13c48d040 DEOPT PACKING pc=0x000001a14447255e sp=0x0000002958cfe0b0
Event: 1.499 Thread 0x000001a13c48d040 DEOPT UNPACKING pc=0x000001a14b95b0e3 sp=0x0000002958cfd588 mode 0
Event: 1.505 Thread 0x000001a13c48d040 Uncommon trap: trap_request=0xffffff45 fr.pc=0x000001a14bee8d7c relative=0x00000000000013fc
Event: 1.505 Thread 0x000001a13c48d040 Uncommon trap: reason=unstable_if action=reinterpret pc=0x000001a14bee8d7c method=java.nio.charset.CharsetDecoder.decode(Ljava/nio/ByteBuffer;Ljava/nio/CharBuffer;Z)Ljava/nio/charset/CoderResult; @ 82 c2
Event: 1.505 Thread 0x000001a13c48d040 DEOPT PACKING pc=0x000001a14bee8d7c sp=0x0000002958cfdf90
Event: 1.505 Thread 0x000001a13c48d040 DEOPT UNPACKING pc=0x000001a14b95a5a3 sp=0x0000002958cfdb88 mode 2

Classes loaded (20 events):
Event: 1.435 Loading class sun/util/cldr/CLDRBaseLocaleDataMetaInfo$TZCanonicalIDMapHolder
Event: 1.436 Loading class sun/util/cldr/CLDRBaseLocaleDataMetaInfo$TZCanonicalIDMapHolder done
Event: 1.437 Loading class sun/util/resources/TimeZoneNames
Event: 1.438 Loading class sun/util/resources/TimeZoneNames done
Event: 1.438 Loading class sun/util/resources/TimeZoneNames_en
Event: 1.438 Loading class sun/util/resources/TimeZoneNames_en done
Event: 1.499 Loading class java/lang/foreign/MemorySegment
Event: 1.500 Loading class java/lang/foreign/Addressable
Event: 1.500 Loading class java/lang/foreign/Addressable done
Event: 1.501 Loading class java/lang/foreign/MemorySegment done
Event: 1.518 Loading class java/util/concurrent/locks/AbstractQueuedSynchronizer$ExclusiveNode
Event: 1.518 Loading class java/util/concurrent/locks/AbstractQueuedSynchronizer$ExclusiveNode done
Event: 1.589 Loading class sun/reflect/generics/reflectiveObjects/TypeVariableImpl
Event: 1.589 Loading class sun/reflect/generics/reflectiveObjects/LazyReflectiveObjectGenerator
Event: 1.589 Loading class sun/reflect/generics/reflectiveObjects/LazyReflectiveObjectGenerator done
Event: 1.589 Loading class sun/reflect/generics/reflectiveObjects/TypeVariableImpl done
Event: 1.589 Loading class sun/reflect/generics/reflectiveObjects/ParameterizedTypeImpl
Event: 1.589 Loading class sun/reflect/generics/reflectiveObjects/ParameterizedTypeImpl done
Event: 1.589 Loading class sun/reflect/misc/ReflectUtil
Event: 1.590 Loading class sun/reflect/misc/ReflectUtil done

Classes unloaded (0 events):
No events

Classes redefined (0 events):
No events

Internal exceptions (7 events):
Event: 0.213 Thread 0x000001a13c48d040 Exception <a 'java/lang/NoSuchMethodError'{0x0000000713ec9098}: 'void java.lang.invoke.DirectMethodHandle$Holder.invokeStatic(java.lang.Object, java.lang.Object, java.lang.Object)'> (0x0000000713ec9098) 
thrown [s\open\src\hotspot\share\interpreter\linkResolver.cpp, line 774]
Event: 0.218 Thread 0x000001a13c48d040 Exception <a 'java/lang/NoSuchMethodError'{0x0000000713ee1690}: 'java.lang.Object java.lang.invoke.Invokers$Holder.invokeExact_MT(java.lang.Object, java.lang.Object, java.lang.Object, java.lang.Object, java.lang.Object)'> (0x0000000713ee1690) 
thrown [s\open\src\hotspot\share\interpreter\linkResolver.cpp, line 774]
Event: 0.258 Thread 0x000001a163ae9870 Exception <a 'java/lang/NoSuchMethodError'{0x0000000713f59d20}: 'void java.lang.invoke.DirectMethodHandle$Holder.invokeStatic(java.lang.Object, java.lang.Object)'> (0x0000000713f59d20) 
thrown [s\open\src\hotspot\share\interpreter\linkResolver.cpp, line 774]
Event: 0.375 Thread 0x000001a13c48d040 Exception <a 'java/lang/NullPointerException'{0x0000000713da2948}> (0x0000000713da2948) 
thrown [s\open\src\hotspot\share\interpreter\linkResolver.cpp, line 1374]
Event: 1.391 Thread 0x000001a13c48d040 Exception <a 'java/lang/NoSuchMethodError'{0x0000000713067a38}: 'java.lang.Object java.lang.invoke.DirectMethodHandle$Holder.newInvokeSpecial(java.lang.Object, java.lang.Object, java.lang.Object, java.lang.Object, java.lang.Object)'> (0x0000000713067a38) 
thrown [s\open\src\hotspot\share\interpreter\linkResolver.cpp, line 774]
Event: 1.427 Thread 0x000001a13c48d040 Exception <a 'java/lang/NoClassDefFoundError'{0x00000007131c2580}: javax/enterprise/inject/Typed> (0x00000007131c2580) 
thrown [s\open\src\hotspot\share\classfile\systemDictionary.cpp, line 244]
Event: 1.451 Thread 0x000001a15f19c5c0 Exception <a 'java/lang/NoSuchMethodError'{0x0000000712edd740}: 'java.lang.Object java.lang.invoke.Invokers$Holder.invokeExact_MT(java.lang.Object, java.lang.Object, java.lang.Object, java.lang.Object, java.lang.Object, java.lang.Object)'> (0x0000000712edd740) 
thrown [s\open\src\hotspot\share\interpreter\linkResolver.cpp, line 774]

VM Operations (14 events):
Event: 0.118 Executing VM operation: HandshakeAllThreads
Event: 0.118 Executing VM operation: HandshakeAllThreads done
Event: 0.227 Executing VM operation: HandshakeAllThreads
Event: 0.227 Executing VM operation: HandshakeAllThreads done
Event: 0.374 Executing VM operation: HandshakeAllThreads
Event: 0.374 Executing VM operation: HandshakeAllThreads done
Event: 0.391 Executing VM operation: HandshakeAllThreads
Event: 0.392 Executing VM operation: HandshakeAllThreads done
Event: 1.405 Executing VM operation: Cleanup
Event: 1.405 Executing VM operation: Cleanup done
Event: 1.509 Executing VM operation: G1CollectForAllocation
Event: 1.518 Executing VM operation: G1CollectForAllocation done
Event: 1.518 Executing VM operation: HandshakeAllThreads
Event: 1.518 Executing VM operation: HandshakeAllThreads done

Events (17 events):
Event: 0.022 Thread 0x000001a13c48d040 Thread added: 0x000001a13c48d040
Event: 0.035 Thread 0x000001a15f1955f0 Thread added: 0x000001a15f1955f0
Event: 0.035 Thread 0x000001a15f198130 Thread added: 0x000001a15f198130
Event: 0.036 Thread 0x000001a15f199770 Thread added: 0x000001a15f199770
Event: 0.036 Thread 0x000001a15f19c5c0 Thread added: 0x000001a15f19c5c0
Event: 0.036 Thread 0x000001a15f19d750 Thread added: 0x000001a15f19d750
Event: 0.036 Thread 0x000001a15f19e080 Thread added: 0x000001a15f19e080
Event: 0.036 Thread 0x000001a15f1a7170 Thread added: 0x000001a15f1a7170
Event: 0.037 Thread 0x000001a163930060 Thread added: 0x000001a163930060
Event: 0.037 Thread 0x000001a15f1ad3f0 Thread added: 0x000001a15f1ad3f0
Event: 0.075 Thread 0x000001a163a22810 Thread added: 0x000001a163a22810
Event: 0.224 Thread 0x000001a163ae9870 Thread added: 0x000001a163ae9870
Event: 0.224 Thread 0x000001a163ae9db0 Thread added: 0x000001a163ae9db0
Event: 0.777 Thread 0x000001a163e321b0 Thread added: 0x000001a163e321b0
Event: 1.166 Thread 0x000001a163e321b0 Thread exited: 0x000001a163e321b0
Event: 1.430 Thread 0x000001a1643d1440 Thread added: 0x000001a1643d1440
Event: 1.431 Thread 0x000001a1643ddae0 Thread added: 0x000001a1643ddae0


Dynamic libraries:
0x00007ff73f610000 - 0x00007ff73f620000 	C:\Program Files\Java\jdk-19\bin\java.exe
0x00007ffa4a330000 - 0x00007ffa4a528000 	C:\Windows\SYSTEM32\ntdll.dll
0x00007ffa48860000 - 0x00007ffa4891f000 	C:\Windows\System32\KERNEL32.DLL
0x00007ffa480b0000 - 0x00007ffa4838a000 	C:\Windows\System32\KERNELBASE.dll
0x00007ffa47db0000 - 0x00007ffa47eb0000 	C:\Windows\System32\ucrtbase.dll
0x00007ffa28580000 - 0x00007ffa2859b000 	C:\Program Files\Java\jdk-19\bin\VCRUNTIME140.dll
0x00007ffa29130000 - 0x00007ffa29148000 	C:\Program Files\Java\jdk-19\bin\jli.dll
0x00007ffa49630000 - 0x00007ffa496de000 	C:\Windows\System32\ADVAPI32.dll
0x00007ffa490d0000 - 0x00007ffa4916e000 	C:\Windows\System32\msvcrt.dll
0x00007ffa48b30000 - 0x00007ffa48bcc000 	C:\Windows\System32\sechost.dll
0x00007ffa48ed0000 - 0x00007ffa48ff6000 	C:\Windows\System32\RPCRT4.dll
0x00007ffa48bd0000 - 0x00007ffa48d6d000 	C:\Windows\System32\USER32.dll
0x00007ffa2c140000 - 0x00007ffa2c3da000 	C:\Windows\WinSxS\amd64_microsoft.windows.common-controls_6595b64144ccf1df_6.0.19041.1110_none_60b5254171f9507e\COMCTL32.dll
0x00007ffa47bc0000 - 0x00007ffa47be2000 	C:\Windows\System32\win32u.dll
0x00007ffa490a0000 - 0x00007ffa490cb000 	C:\Windows\System32\GDI32.dll
0x00007ffa47ca0000 - 0x00007ffa47db0000 	C:\Windows\System32\gdi32full.dll
0x00007ffa47eb0000 - 0x00007ffa47f4d000 	C:\Windows\System32\msvcp_win.dll
0x00007ffa37360000 - 0x00007ffa3736a000 	C:\Windows\SYSTEM32\VERSION.dll
0x00007ffa49000000 - 0x00007ffa49030000 	C:\Windows\System32\IMM32.DLL
0x00007ffa15600000 - 0x00007ffa156a4000 	C:\Program Files\McAfee\Endpoint Security\Threat Prevention\Ips\EpMPApi.dll
0x00007ffa47b00000 - 0x00007ffa47b67000 	C:\Windows\System32\WINTRUST.dll
0x00007ffa47f50000 - 0x00007ffa480a6000 	C:\Windows\System32\CRYPT32.dll
0x00007ffa47630000 - 0x00007ffa47642000 	C:\Windows\SYSTEM32\MSASN1.dll
0x0000000069390000 - 0x000000006939c000 	C:\Program Files\McAfee\Endpoint Security\Threat Prevention\Ips\EpMPThe.dll
0x00007ffa140d0000 - 0x00007ffa1412b000 	C:\Program Files\McAfee\Endpoint Security\Threat Prevention\Ips\HIPHandlers64.dll
0x00007ffa498d0000 - 0x00007ffa4a014000 	C:\Windows\System32\SHELL32.dll
0x00007ffa48800000 - 0x00007ffa48855000 	C:\Windows\System32\SHLWAPI.dll
0x00007ffa456a0000 - 0x00007ffa45884000 	C:\Windows\SYSTEM32\dbghelp.dll
0x00007ffa29190000 - 0x00007ffa2919c000 	C:\Program Files\Java\jdk-19\bin\vcruntime140_1.dll
0x00007ffa16e20000 - 0x00007ffa16eae000 	C:\Program Files\Java\jdk-19\bin\msvcp140.dll
0x00007ff9f2780000 - 0x00007ff9f3440000 	C:\Program Files\Java\jdk-19\bin\server\jvm.dll
0x00007ffa3c0f0000 - 0x00007ffa3c117000 	C:\Windows\SYSTEM32\WINMM.dll
0x00007ffa267e0000 - 0x00007ffa267e9000 	C:\Windows\SYSTEM32\WSOCK32.dll
0x00007ffa49030000 - 0x00007ffa4909b000 	C:\Windows\System32\ws2_32.DLL
0x00007ffa461b0000 - 0x00007ffa461c2000 	C:\Windows\SYSTEM32\kernel.appcore.dll
0x00007ffa29030000 - 0x00007ffa2903a000 	C:\Program Files\Java\jdk-19\bin\jimage.dll
0x00007ffa284c0000 - 0x00007ffa284f4000 	C:\Windows\SYSTEM32\dbgcore.DLL
0x00007ffa47a40000 - 0x00007ffa47ac2000 	C:\Windows\System32\bcryptPrimitives.dll
0x00007ffa282a0000 - 0x00007ffa282ae000 	C:\Program Files\Java\jdk-19\bin\instrument.dll
0x00007ffa282b0000 - 0x00007ffa282d6000 	C:\Program Files\Java\jdk-19\bin\java.dll
0x00007ff9fc7e0000 - 0x00007ff9fc8b7000 	C:\Program Files\Java\jdk-19\bin\jsvml.dll
0x00007ffa45a10000 - 0x00007ffa461a3000 	C:\Windows\SYSTEM32\windows.storage.dll
0x00007ffa49170000 - 0x00007ffa494c4000 	C:\Windows\System32\combase.dll
0x00007ffa473c0000 - 0x00007ffa473ee000 	C:\Windows\SYSTEM32\Wldp.dll
0x00007ffa494d0000 - 0x00007ffa4957d000 	C:\Windows\System32\SHCORE.dll
0x00007ffa47980000 - 0x00007ffa4799f000 	C:\Windows\SYSTEM32\profapi.dll
0x00007ffa26f70000 - 0x00007ffa26f88000 	C:\Program Files\Java\jdk-19\bin\zip.dll
0x00007ffa27fe0000 - 0x00007ffa27ff3000 	C:\Program Files\Java\jdk-19\bin\net.dll
0x00007ffa42580000 - 0x00007ffa4268a000 	C:\Windows\SYSTEM32\WINHTTP.dll
0x00007ffa471a0000 - 0x00007ffa4720a000 	C:\Windows\system32\mswsock.dll
0x00007ffa27fc0000 - 0x00007ffa27fd6000 	C:\Program Files\Java\jdk-19\bin\nio.dll
0x00007ffa26f50000 - 0x00007ffa26f6a000 	C:\Program Files\JetBrains\IntelliJ IDEA 2023.1\bin\breakgen64.dll
0x00007ffa28f20000 - 0x00007ffa28f28000 	C:\Program Files\Java\jdk-19\bin\extnet.dll
0x0000000069ac0000 - 0x0000000069ae4000 	C:\Users\javgonzalez\AppData\Local\Temp\jansi-2.4.0-3e029252502feae7-jansi.dll
0x00007ffa28570000 - 0x00007ffa28580000 	C:\Program Files\Java\jdk-19\bin\verify.dll

dbghelp: loaded successfully - version: 4.0.5 - missing functions: none
symbol engine: initialized successfully - sym options: 0x614 - pdb path: .;C:\Program Files\Java\jdk-19\bin;C:\Windows\SYSTEM32;C:\Windows\WinSxS\amd64_microsoft.windows.common-controls_6595b64144ccf1df_6.0.19041.1110_none_60b5254171f9507e;C:\Program Files\McAfee\Endpoint Security\Threat Prevention\Ips;C:\Program Files\Java\jdk-19\bin\server;C:\Program Files\JetBrains\IntelliJ IDEA 2023.1\bin;C:\Users\javgonzalez\AppData\Local\Temp

VM Arguments:
jvm_args: -Dmaven.multiModuleProjectDirectory=C:\Users\javgonzalez\Desktop\PlataformaProveedores -Djansi.passthrough=true -Dmaven.home=C:\Users\javgonzalez\.m2\wrapper\dists\apache-maven-3.8.7-bin\1ktonn2lleg549uah6ngl1r74r\apache-maven-3.8.7 -Dclassworlds.conf=C:\Users\javgonzalez\.m2\wrapper\dists\apache-maven-3.8.7-bin\1ktonn2lleg549uah6ngl1r74r\apache-maven-3.8.7\bin\m2.conf -Dmaven.ext.class.path=C:\Program Files\JetBrains\IntelliJ IDEA 2023.1\plugins\maven\lib\maven-event-listener.jar -javaagent:C:\Program Files\JetBrains\IntelliJ IDEA 2023.1\lib\idea_rt.jar=58066:C:\Program Files\JetBrains\IntelliJ IDEA 2023.1\bin -Dfile.encoding=UTF-8 -Dsun.stdout.encoding=UTF-8 -Dsun.stderr.encoding=UTF-8 
java_command: org.codehaus.classworlds.Launcher -Didea.version=2023.1 spring-boot:run
java_class_path (initial): C:\Users\javgonzalez\.m2\wrapper\dists\apache-maven-3.8.7-bin\1ktonn2lleg549uah6ngl1r74r\apache-maven-3.8.7\boot\plexus-classworlds-2.6.0.jar;C:\Users\javgonzalez\.m2\wrapper\dists\apache-maven-3.8.7-bin\1ktonn2lleg549uah6ngl1r74r\apache-maven-3.8.7\boot\plexus-classworlds.license
Launcher Type: SUN_STANDARD

[Global flags]
     intx CICompilerCount                          = 4                                         {product} {ergonomic}
     uint ConcGCThreads                            = 2                                         {product} {ergonomic}
     uint G1ConcRefinementThreads                  = 8                                         {product} {ergonomic}
   size_t G1HeapRegionSize                         = 2097152                                   {product} {ergonomic}
    uintx GCDrainStackTargetSize                   = 64                                        {product} {ergonomic}
   size_t InitialHeapSize                          = 264241152                                 {product} {ergonomic}
   size_t MarkStackSize                            = 4194304                                   {product} {ergonomic}
   size_t MaxHeapSize                              = 4221566976                                {product} {ergonomic}
   size_t MaxNewSize                               = 2531262464                                {product} {ergonomic}
   size_t MinHeapDeltaBytes                        = 2097152                                   {product} {ergonomic}
   size_t MinHeapSize                              = 8388608                                   {product} {ergonomic}
    uintx NonNMethodCodeHeapSize                   = 5839372                                {pd product} {ergonomic}
    uintx NonProfiledCodeHeapSize                  = 122909434                              {pd product} {ergonomic}
    uintx ProfiledCodeHeapSize                     = 122909434                              {pd product} {ergonomic}
    uintx ReservedCodeCacheSize                    = 251658240                              {pd product} {ergonomic}
     bool SegmentedCodeCache                       = true                                      {product} {ergonomic}
   size_t SoftMaxHeapSize                          = 4221566976                             {manageable} {ergonomic}
     bool UseCompressedClassPointers               = true                           {product lp64_product} {ergonomic}
     bool UseCompressedOops                        = true                           {product lp64_product} {ergonomic}
     bool UseG1GC                                  = true                                      {product} {ergonomic}
     bool UseLargePagesIndividualAllocation        = false                                  {pd product} {ergonomic}

Logging:
Log output configuration:
 #0: stdout all=warning uptime,level,tags foldmultilines=false
 #1: stderr all=off uptime,level,tags foldmultilines=false

Environment Variables:
PATH=C:\Program Files\Common Files\Oracle\Java\javapath;C:\orawin11g\jvagonzalez\product\11.2.0\client_1\bin;C:\Oracle\instantclient_21_9;C:\Oracle\jdk\jre\bin\classic;C:\Oracle\jdk\jre\bin;C:\Oracle\jdk\jre\bin\client;C:\Oracle\jlib;C:\Oracle\bin;C:\Oracle\jre\1.4.2\bin\client;C:\Oracle\jre\1.4.2\bin;C:\Program Files (x86)\Common Files\Oracle\Java\javapath;C:\Windows\system32;C:\Windows;C:\Windows\System32\Wbem;C:\Windows\System32\WindowsPowerShell\v1.0\;C:\Windows\System32\OpenSSH\;C:\Program Files\Microsoft SQL Server\150\Tools\Binn\;C:\Program Files\Microsoft SQL Server\Client SDK\ODBC\170\Tools\Binn\;C:\Program Files\dotnet\;C:\Program Files\nodejs\;C:\Program Files\Git\cmd;C:\Users\javgonzalez\AppData\Local\Programs\Python\Python310\Scripts\;C:\Users\javgonzalez\AppData\Local\Programs\Python\Python310\;C:\Users\javgonzalez\AppData\Local\Microsoft\WindowsApps;C:\Users\javgonzalez\.dotnet\tools;C:\Users\javgonzalez\AppData\Roaming\npm;C:\Users\javgonzalez\AppData\Local\Programs\Microsoft VS Code\bin;C:\Users\javgonzalez\AppData\Local\GitHubDesktop\bin
USERNAME=javgonzalez
OS=Windows_NT
PROCESSOR_IDENTIFIER=Intel64 Family 6 Model 140 Stepping 1, GenuineIntel
TMP=C:\Users\JAVGON~1\AppData\Local\Temp
TEMP=C:\Users\JAVGON~1\AppData\Local\Temp



---------------  S Y S T E M  ---------------

OS:
 Windows 10 , 64 bit Build 19041 (10.0.19041.2788)
OS uptime: 0 days 2:55 hours
Hyper-V role detected

CPU: total 8 (initial active 8) (4 cores per cpu, 2 threads per core) family 6 model 140 stepping 1 microcode 0xa4, cx8, cmov, fxsr, ht, mmx, 3dnowpref, sse, sse2, sse3, ssse3, sse4.1, sse4.2, popcnt, lzcnt, tsc, tscinvbit, avx, avx2, aes, erms, clmul, bmi1, bmi2, adx, avx512f, avx512dq, avx512cd, avx512bw, avx512vl, sha, fma, vzeroupper, avx512_vpopcntdq, avx512_vpclmulqdq, avx512_vaes, avx512_vnni, clflush, clflushopt, clwb, avx512_vbmi2, avx512_vbmi, hv, rdtscp, rdpid, fsrm, gfni, avx512_bitalg

Memory: 4k page, system-wide physical 16103M (600M free)
TotalPageFile size 18151M (AvailPageFile size 7M)
current process WorkingSet (physical memory assigned to process): 91M, peak: 94M
current process commit charge ("private bytes"): 369M, peak: 372M

vm_info: Java HotSpot(TM) 64-Bit Server VM (19.0.2+7-44) for windows-amd64 JRE (19.0.2+7-44), built on 2022-11-30T18:02:09Z by "mach5one" with MS VC++ 17.1 (VS2022)

END.
