#
# There is insufficient memory for the Java Runtime Environment to continue.
# Native memory allocation (malloc) failed to allocate 993776 bytes for Chunk::new
# Possible reasons:
#   The system is out of physical RAM or swap space
#   The process is running with CompressedOops enabled, and the Java Heap may be blocking the growth of the native heap
# Possible solutions:
#   Reduce memory load on the system
#   Increase physical memory or swap space
#   Check if swap backing store is full
#   Decrease Java heap size (-Xmx/-Xms)
#   Decrease number of Java threads
#   Decrease Java thread stack sizes (-Xss)
#   Set larger code cache with -XX:ReservedCodeCacheSize=
#   JVM is running with Zero Based Compressed Oops mode in which the Java heap is
#     placed in the first 32GB address space. The Java Heap base address is the
#     maximum limit for the native heap growth. Please use -XX:HeapBaseMinAddress
#     to set the Java Heap base and to place the Java Heap above 32GB virtual address.
# This output file may be truncated or incomplete.
#
#  Out of Memory Error (arena.cpp:184), pid=28272, tid=28424
#
# JRE version: Java(TM) SE Runtime Environment (19.0.2+7) (build 19.0.2+7-44)
# Java VM: Java HotSpot(TM) 64-Bit Server VM (19.0.2+7-44, mixed mode, sharing, tiered, compressed oops, compressed class ptrs, g1 gc, windows-amd64)
# No core dump will be written. Minidumps are not enabled by default on client versions of Windows
#

---------------  S U M M A R Y ------------

Command Line: -Dmaven.multiModuleProjectDirectory=C:\Users\javgonzalez\Desktop\Nueva carpeta\PlataformaProveedores -Djansi.passthrough=true -Dmaven.home=C:\Users\javgonzalez\.m2\wrapper\dists\apache-maven-3.8.7-bin\1ktonn2lleg549uah6ngl1r74r\apache-maven-3.8.7 -Dclassworlds.conf=C:\Users\javgonzalez\.m2\wrapper\dists\apache-maven-3.8.7-bin\1ktonn2lleg549uah6ngl1r74r\apache-maven-3.8.7\bin\m2.conf -Dmaven.ext.class.path=C:\Program Files\JetBrains\IntelliJ IDEA 2022.3.3\plugins\maven\lib\maven-event-listener.jar -javaagent:C:\Program Files\JetBrains\IntelliJ IDEA 2022.3.3\lib\idea_rt.jar=65512:C:\Program Files\JetBrains\IntelliJ IDEA 2022.3.3\bin -Dfile.encoding=UTF-8 -Dsun.stdout.encoding=UTF-8 -Dsun.stderr.encoding=UTF-8 org.codehaus.classworlds.Launcher -Didea.version=2022.3.3 spring-boot:run

Host: 11th Gen Intel(R) Core(TM) i7-1165G7 @ 2.80GHz, 8 cores, 15G,  Windows 10 , 64 bit Build 19041 (10.0.19041.2546)
Time: Thu Mar 16 08:28:14 2023 Hora est. Pacífico, Sudamérica elapsed time: 4.215339 seconds (0d 0h 0m 4s)

---------------  T H R E A D  ---------------

Current thread (0x0000022b0fb938a0):  JavaThread "C2 CompilerThread2" daemon [_thread_in_native, id=28424, stack(0x000000a854c00000,0x000000a854d00000)]


Current CompileTask:
C2:   4215 4352       4       org.apache.maven.model.inheritance.DefaultInheritanceAssembler$InheritanceModelMerger::mergePluginContainer_Plugins (430 bytes)

Stack: [0x000000a854c00000,0x000000a854d00000]
Native frames: (J=compiled Java code, j=interpreted, Vv=VM code, C=native code)
V  [jvm.dll+0x6ee21a]
V  [jvm.dll+0x85765e]
V  [jvm.dll+0x85904e]
V  [jvm.dll+0x859703]
V  [jvm.dll+0x28298f]
V  [jvm.dll+0xc9adf]
V  [jvm.dll+0xc9e65]
V  [jvm.dll+0x2f7caf]
V  [jvm.dll+0x5f076b]
V  [jvm.dll+0x255483]
V  [jvm.dll+0x24dd00]
V  [jvm.dll+0x24b673]
V  [jvm.dll+0x1d6ce1]
V  [jvm.dll+0x25b25a]
V  [jvm.dll+0x2596e8]
V  [jvm.dll+0x807588]
V  [jvm.dll+0x80125a]
V  [jvm.dll+0x6ecf0b]
C  [ucrtbase.dll+0x21bb2]
C  [KERNEL32.DLL+0x17614]
C  [ntdll.dll+0x526a1]


---------------  P R O C E S S  ---------------

Threads class SMR info:
_java_thread_list=0x0000022b0ffb6c80, length=15, elements={
0x0000022b674f9770, 0x0000022b0af824f0, 0x0000022b0af85030, 0x0000022b0af883f0,
0x0000022b0af890e0, 0x0000022b0af89bb0, 0x0000022b0af8a680, 0x0000022b0af94610,
0x0000022b0af94b90, 0x0000022b0af95110, 0x0000022b0af57a40, 0x0000022b0f4e2310,
0x0000022b0f5efe40, 0x0000022b0f5b54f0, 0x0000022b0fb938a0
}

Java Threads: ( => current thread )
  0x0000022b674f9770 JavaThread "main" [_thread_in_native, id=15096, stack(0x000000a853700000,0x000000a853800000)]
  0x0000022b0af824f0 JavaThread "Reference Handler" daemon [_thread_blocked, id=15320, stack(0x000000a853e00000,0x000000a853f00000)]
  0x0000022b0af85030 JavaThread "Finalizer" daemon [_thread_blocked, id=26528, stack(0x000000a853f00000,0x000000a854000000)]
  0x0000022b0af883f0 JavaThread "Signal Dispatcher" daemon [_thread_blocked, id=13268, stack(0x000000a854000000,0x000000a854100000)]
  0x0000022b0af890e0 JavaThread "Attach Listener" daemon [_thread_blocked, id=14252, stack(0x000000a854100000,0x000000a854200000)]
  0x0000022b0af89bb0 JavaThread "Service Thread" daemon [_thread_blocked, id=584, stack(0x000000a854200000,0x000000a854300000)]
  0x0000022b0af8a680 JavaThread "Monitor Deflation Thread" daemon [_thread_blocked, id=15348, stack(0x000000a854300000,0x000000a854400000)]
  0x0000022b0af94610 JavaThread "C2 CompilerThread0" daemon [_thread_blocked, id=28508, stack(0x000000a854400000,0x000000a854500000)]
  0x0000022b0af94b90 JavaThread "C1 CompilerThread0" daemon [_thread_blocked, id=10220, stack(0x000000a854500000,0x000000a854600000)]
  0x0000022b0af95110 JavaThread "Sweeper thread" daemon [_thread_blocked, id=1564, stack(0x000000a854600000,0x000000a854700000)]
  0x0000022b0af57a40 JavaThread "Common-Cleaner" daemon [_thread_blocked, id=10496, stack(0x000000a854700000,0x000000a854800000)]
  0x0000022b0f4e2310 JavaThread "C2 CompilerThread1" daemon [_thread_blocked, id=16128, stack(0x000000a854800000,0x000000a854900000)]
  0x0000022b0f5efe40 JavaThread "Monitor Ctrl-Break" daemon [_thread_in_native, id=29484, stack(0x000000a854900000,0x000000a854a00000)]
  0x0000022b0f5b54f0 JavaThread "Notification Thread" daemon [_thread_blocked, id=28096, stack(0x000000a854a00000,0x000000a854b00000)]
=>0x0000022b0fb938a0 JavaThread "C2 CompilerThread2" daemon [_thread_in_native, id=28424, stack(0x000000a854c00000,0x000000a854d00000)]

Other Threads:
  0x0000022b0af684f0 VMThread "VM Thread" [stack: 0x000000a853d00000,0x000000a853e00000] [id=4928]
  0x0000022b0f5f0380 WatcherThread "VM Periodic Task Thread" [stack: 0x000000a854b00000,0x000000a854c00000] [id=1664]
  0x0000022b67568b00 WorkerThread "GC Thread#0" [stack: 0x000000a853800000,0x000000a853900000] [id=15592]
  0x0000022b1011c7d0 WorkerThread "GC Thread#1" [stack: 0x000000a854d00000,0x000000a854e00000] [id=16484]
  0x0000022b102c9b50 WorkerThread "GC Thread#2" [stack: 0x000000a854e00000,0x000000a854f00000] [id=13476]
  0x0000022b105e1c20 WorkerThread "GC Thread#3" [stack: 0x000000a854f00000,0x000000a855000000] [id=7200]
  0x0000022b105e21c0 WorkerThread "GC Thread#4" [stack: 0x000000a855000000,0x000000a855100000] [id=15888]
  0x0000022b105e0870 WorkerThread "GC Thread#5" [stack: 0x000000a855100000,0x000000a855200000] [id=30236]
  0x0000022b105e1ef0 WorkerThread "GC Thread#6" [stack: 0x000000a855200000,0x000000a855300000] [id=23432]
  0x0000022b105e05a0 WorkerThread "GC Thread#7" [stack: 0x000000a855300000,0x000000a855400000] [id=24136]
  0x0000022b6757a6b0 ConcurrentGCThread "G1 Main Marker" [stack: 0x000000a853900000,0x000000a853a00000] [id=5988]
  0x0000022b6757b790 WorkerThread "G1 Conc#0" [stack: 0x000000a853a00000,0x000000a853b00000] [id=25948]
  0x0000022b0ae247e0 ConcurrentGCThread "G1 Refine#0" [stack: 0x000000a853b00000,0x000000a853c00000] [id=30324]
  0x0000022b0ae25230 ConcurrentGCThread "G1 Service" [stack: 0x000000a853c00000,0x000000a853d00000] [id=8512]

Threads with active compile tasks:
C2 CompilerThread2     4254 4352       4       org.apache.maven.model.inheritance.DefaultInheritanceAssembler$InheritanceModelMerger::mergePluginContainer_Plugins (430 bytes)

VM state: not at safepoint (normal execution)

VM Mutex/Monitor currently owned by a thread: None

Heap address: 0x0000000704600000, size: 4026 MB, Compressed Oops mode: Zero based, Oop shift amount: 3

CDS archive(s) mapped at: [0x0000000800000000-0x0000000800c40000-0x0000000800c40000), size 12845056, SharedBaseAddress: 0x0000000800000000, ArchiveRelocationMode: 0.
Compressed class space mapped at: 0x0000000801000000-0x0000000841000000, reserved size: 1073741824
Narrow klass base: 0x0000000800000000, Narrow klass shift: 0, Narrow klass range: 0x100000000

GC Precious Log:
 CardTable entry size: 512
 Card Set container configuration: InlinePtr #cards 4 size 8 Array Of Cards #cards 16 size 48 Howl #buckets 8 coarsen threshold 3686 Howl Bitmap #cards 512 size 80 coarsen threshold 460 Card regions per heap region 1 cards per card region 4096
 CPUs: 8 total, 8 available
 Memory: 16103M
 Large Page Support: Disabled
 NUMA Support: Disabled
 Compressed Oops: Enabled (Zero based)
 Heap Region Size: 2M
 Heap Min Capacity: 8M
 Heap Initial Capacity: 252M
 Heap Max Capacity: 4026M
 Pre-touch: Disabled
 Parallel Workers: 8
 Concurrent Workers: 2
 Concurrent Refinement Workers: 8
 Periodic GC: Disabled

Heap:
 garbage-first heap   total 258048K, used 19440K [0x0000000704600000, 0x0000000800000000)
  region size 2048K, 9 young (18432K), 7 survivors (14336K)
 Metaspace       used 17502K, committed 17856K, reserved 1114112K
  class space    used 1804K, committed 1984K, reserved 1048576K

Heap Regions: E=young(eden), S=young(survivor), O=old, HS=humongous(starts), HC=humongous(continues), CS=collection set, F=free, OA=open archive, CA=closed archive, TAMS=top-at-mark-start (previous, next)
|   0|0x0000000704600000, 0x0000000704800000, 0x0000000704800000|100%| O|  |TAMS 0x0000000704600000, 0x0000000704600000| Untracked 
|   1|0x0000000704800000, 0x0000000704956600, 0x0000000704a00000| 66%| O|  |TAMS 0x0000000704800000, 0x0000000704800000| Untracked 
|   2|0x0000000704a00000, 0x0000000704a00000, 0x0000000704c00000|  0%| F|  |TAMS 0x0000000704a00000, 0x0000000704a00000| Untracked 
|   3|0x0000000704c00000, 0x0000000704c00000, 0x0000000704e00000|  0%| F|  |TAMS 0x0000000704c00000, 0x0000000704c00000| Untracked 
|   4|0x0000000704e00000, 0x0000000704e00000, 0x0000000705000000|  0%| F|  |TAMS 0x0000000704e00000, 0x0000000704e00000| Untracked 
|   5|0x0000000705000000, 0x0000000705000000, 0x0000000705200000|  0%| F|  |TAMS 0x0000000705000000, 0x0000000705000000| Untracked 
|   6|0x0000000705200000, 0x0000000705200000, 0x0000000705400000|  0%| F|  |TAMS 0x0000000705200000, 0x0000000705200000| Untracked 
|   7|0x0000000705400000, 0x0000000705400000, 0x0000000705600000|  0%| F|  |TAMS 0x0000000705400000, 0x0000000705400000| Untracked 
|   8|0x0000000705600000, 0x0000000705600000, 0x0000000705800000|  0%| F|  |TAMS 0x0000000705600000, 0x0000000705600000| Untracked 
|   9|0x0000000705800000, 0x0000000705800000, 0x0000000705a00000|  0%| F|  |TAMS 0x0000000705800000, 0x0000000705800000| Untracked 
|  10|0x0000000705a00000, 0x0000000705a00000, 0x0000000705c00000|  0%| F|  |TAMS 0x0000000705a00000, 0x0000000705a00000| Untracked 
|  11|0x0000000705c00000, 0x0000000705c00000, 0x0000000705e00000|  0%| F|  |TAMS 0x0000000705c00000, 0x0000000705c00000| Untracked 
|  12|0x0000000705e00000, 0x0000000705e00000, 0x0000000706000000|  0%| F|  |TAMS 0x0000000705e00000, 0x0000000705e00000| Untracked 
|  13|0x0000000706000000, 0x0000000706000000, 0x0000000706200000|  0%| F|  |TAMS 0x0000000706000000, 0x0000000706000000| Untracked 
|  14|0x0000000706200000, 0x0000000706200000, 0x0000000706400000|  0%| F|  |TAMS 0x0000000706200000, 0x0000000706200000| Untracked 
|  15|0x0000000706400000, 0x0000000706400000, 0x0000000706600000|  0%| F|  |TAMS 0x0000000706400000, 0x0000000706400000| Untracked 
|  16|0x0000000706600000, 0x0000000706600000, 0x0000000706800000|  0%| F|  |TAMS 0x0000000706600000, 0x0000000706600000| Untracked 
|  17|0x0000000706800000, 0x0000000706800000, 0x0000000706a00000|  0%| F|  |TAMS 0x0000000706800000, 0x0000000706800000| Untracked 
|  18|0x0000000706a00000, 0x0000000706a00000, 0x0000000706c00000|  0%| F|  |TAMS 0x0000000706a00000, 0x0000000706a00000| Untracked 
|  19|0x0000000706c00000, 0x0000000706c00000, 0x0000000706e00000|  0%| F|  |TAMS 0x0000000706c00000, 0x0000000706c00000| Untracked 
|  20|0x0000000706e00000, 0x0000000706e00000, 0x0000000707000000|  0%| F|  |TAMS 0x0000000706e00000, 0x0000000706e00000| Untracked 
|  21|0x0000000707000000, 0x0000000707000000, 0x0000000707200000|  0%| F|  |TAMS 0x0000000707000000, 0x0000000707000000| Untracked 
|  22|0x0000000707200000, 0x0000000707200000, 0x0000000707400000|  0%| F|  |TAMS 0x0000000707200000, 0x0000000707200000| Untracked 
|  23|0x0000000707400000, 0x0000000707400000, 0x0000000707600000|  0%| F|  |TAMS 0x0000000707400000, 0x0000000707400000| Untracked 
|  24|0x0000000707600000, 0x0000000707600000, 0x0000000707800000|  0%| F|  |TAMS 0x0000000707600000, 0x0000000707600000| Untracked 
|  25|0x0000000707800000, 0x0000000707800000, 0x0000000707a00000|  0%| F|  |TAMS 0x0000000707800000, 0x0000000707800000| Untracked 
|  26|0x0000000707a00000, 0x0000000707a00000, 0x0000000707c00000|  0%| F|  |TAMS 0x0000000707a00000, 0x0000000707a00000| Untracked 
|  27|0x0000000707c00000, 0x0000000707c00000, 0x0000000707e00000|  0%| F|  |TAMS 0x0000000707c00000, 0x0000000707c00000| Untracked 
|  28|0x0000000707e00000, 0x0000000707e00000, 0x0000000708000000|  0%| F|  |TAMS 0x0000000707e00000, 0x0000000707e00000| Untracked 
|  29|0x0000000708000000, 0x0000000708000000, 0x0000000708200000|  0%| F|  |TAMS 0x0000000708000000, 0x0000000708000000| Untracked 
|  30|0x0000000708200000, 0x0000000708200000, 0x0000000708400000|  0%| F|  |TAMS 0x0000000708200000, 0x0000000708200000| Untracked 
|  31|0x0000000708400000, 0x0000000708400000, 0x0000000708600000|  0%| F|  |TAMS 0x0000000708400000, 0x0000000708400000| Untracked 
|  32|0x0000000708600000, 0x0000000708600000, 0x0000000708800000|  0%| F|  |TAMS 0x0000000708600000, 0x0000000708600000| Untracked 
|  33|0x0000000708800000, 0x0000000708800000, 0x0000000708a00000|  0%| F|  |TAMS 0x0000000708800000, 0x0000000708800000| Untracked 
|  34|0x0000000708a00000, 0x0000000708a00000, 0x0000000708c00000|  0%| F|  |TAMS 0x0000000708a00000, 0x0000000708a00000| Untracked 
|  35|0x0000000708c00000, 0x0000000708c00000, 0x0000000708e00000|  0%| F|  |TAMS 0x0000000708c00000, 0x0000000708c00000| Untracked 
|  36|0x0000000708e00000, 0x0000000708e00000, 0x0000000709000000|  0%| F|  |TAMS 0x0000000708e00000, 0x0000000708e00000| Untracked 
|  37|0x0000000709000000, 0x0000000709000000, 0x0000000709200000|  0%| F|  |TAMS 0x0000000709000000, 0x0000000709000000| Untracked 
|  38|0x0000000709200000, 0x0000000709200000, 0x0000000709400000|  0%| F|  |TAMS 0x0000000709200000, 0x0000000709200000| Untracked 
|  39|0x0000000709400000, 0x0000000709400000, 0x0000000709600000|  0%| F|  |TAMS 0x0000000709400000, 0x0000000709400000| Untracked 
|  40|0x0000000709600000, 0x0000000709600000, 0x0000000709800000|  0%| F|  |TAMS 0x0000000709600000, 0x0000000709600000| Untracked 
|  41|0x0000000709800000, 0x0000000709800000, 0x0000000709a00000|  0%| F|  |TAMS 0x0000000709800000, 0x0000000709800000| Untracked 
|  42|0x0000000709a00000, 0x0000000709a00000, 0x0000000709c00000|  0%| F|  |TAMS 0x0000000709a00000, 0x0000000709a00000| Untracked 
|  43|0x0000000709c00000, 0x0000000709c00000, 0x0000000709e00000|  0%| F|  |TAMS 0x0000000709c00000, 0x0000000709c00000| Untracked 
|  44|0x0000000709e00000, 0x0000000709fa5b90, 0x000000070a000000| 82%| S|CS|TAMS 0x0000000709e00000, 0x0000000709e00000| Complete 
|  45|0x000000070a000000, 0x000000070a200000, 0x000000070a200000|100%| S|CS|TAMS 0x000000070a000000, 0x000000070a000000| Complete 
|  46|0x000000070a200000, 0x000000070a400000, 0x000000070a400000|100%| S|CS|TAMS 0x000000070a200000, 0x000000070a200000| Complete 
|  47|0x000000070a400000, 0x000000070a600000, 0x000000070a600000|100%| S|CS|TAMS 0x000000070a400000, 0x000000070a400000| Complete 
|  48|0x000000070a600000, 0x000000070a800000, 0x000000070a800000|100%| S|CS|TAMS 0x000000070a600000, 0x000000070a600000| Complete 
|  49|0x000000070a800000, 0x000000070aa00000, 0x000000070aa00000|100%| S|CS|TAMS 0x000000070a800000, 0x000000070a800000| Complete 
|  50|0x000000070aa00000, 0x000000070ac00000, 0x000000070ac00000|100%| S|CS|TAMS 0x000000070aa00000, 0x000000070aa00000| Complete 
|  51|0x000000070ac00000, 0x000000070ac00000, 0x000000070ae00000|  0%| F|  |TAMS 0x000000070ac00000, 0x000000070ac00000| Untracked 
|  52|0x000000070ae00000, 0x000000070ae00000, 0x000000070b000000|  0%| F|  |TAMS 0x000000070ae00000, 0x000000070ae00000| Untracked 
|  53|0x000000070b000000, 0x000000070b000000, 0x000000070b200000|  0%| F|  |TAMS 0x000000070b000000, 0x000000070b000000| Untracked 
|  54|0x000000070b200000, 0x000000070b200000, 0x000000070b400000|  0%| F|  |TAMS 0x000000070b200000, 0x000000070b200000| Untracked 
|  55|0x000000070b400000, 0x000000070b400000, 0x000000070b600000|  0%| F|  |TAMS 0x000000070b400000, 0x000000070b400000| Untracked 
|  56|0x000000070b600000, 0x000000070b600000, 0x000000070b800000|  0%| F|  |TAMS 0x000000070b600000, 0x000000070b600000| Untracked 
|  57|0x000000070b800000, 0x000000070b800000, 0x000000070ba00000|  0%| F|  |TAMS 0x000000070b800000, 0x000000070b800000| Untracked 
|  58|0x000000070ba00000, 0x000000070ba00000, 0x000000070bc00000|  0%| F|  |TAMS 0x000000070ba00000, 0x000000070ba00000| Untracked 
|  59|0x000000070bc00000, 0x000000070bc00000, 0x000000070be00000|  0%| F|  |TAMS 0x000000070bc00000, 0x000000070bc00000| Untracked 
|  60|0x000000070be00000, 0x000000070be00000, 0x000000070c000000|  0%| F|  |TAMS 0x000000070be00000, 0x000000070be00000| Untracked 
|  61|0x000000070c000000, 0x000000070c000000, 0x000000070c200000|  0%| F|  |TAMS 0x000000070c000000, 0x000000070c000000| Untracked 
|  62|0x000000070c200000, 0x000000070c200000, 0x000000070c400000|  0%| F|  |TAMS 0x000000070c200000, 0x000000070c200000| Untracked 
|  63|0x000000070c400000, 0x000000070c400000, 0x000000070c600000|  0%| F|  |TAMS 0x000000070c400000, 0x000000070c400000| Untracked 
|  64|0x000000070c600000, 0x000000070c600000, 0x000000070c800000|  0%| F|  |TAMS 0x000000070c600000, 0x000000070c600000| Untracked 
|  65|0x000000070c800000, 0x000000070c800000, 0x000000070ca00000|  0%| F|  |TAMS 0x000000070c800000, 0x000000070c800000| Untracked 
|  66|0x000000070ca00000, 0x000000070ca00000, 0x000000070cc00000|  0%| F|  |TAMS 0x000000070ca00000, 0x000000070ca00000| Untracked 
|  67|0x000000070cc00000, 0x000000070cc00000, 0x000000070ce00000|  0%| F|  |TAMS 0x000000070cc00000, 0x000000070cc00000| Untracked 
|  68|0x000000070ce00000, 0x000000070ce00000, 0x000000070d000000|  0%| F|  |TAMS 0x000000070ce00000, 0x000000070ce00000| Untracked 
|  69|0x000000070d000000, 0x000000070d000000, 0x000000070d200000|  0%| F|  |TAMS 0x000000070d000000, 0x000000070d000000| Untracked 
|  70|0x000000070d200000, 0x000000070d200000, 0x000000070d400000|  0%| F|  |TAMS 0x000000070d200000, 0x000000070d200000| Untracked 
|  71|0x000000070d400000, 0x000000070d400000, 0x000000070d600000|  0%| F|  |TAMS 0x000000070d400000, 0x000000070d400000| Untracked 
|  72|0x000000070d600000, 0x000000070d600000, 0x000000070d800000|  0%| F|  |TAMS 0x000000070d600000, 0x000000070d600000| Untracked 
|  73|0x000000070d800000, 0x000000070d800000, 0x000000070da00000|  0%| F|  |TAMS 0x000000070d800000, 0x000000070d800000| Untracked 
|  74|0x000000070da00000, 0x000000070da00000, 0x000000070dc00000|  0%| F|  |TAMS 0x000000070da00000, 0x000000070da00000| Untracked 
|  75|0x000000070dc00000, 0x000000070dc00000, 0x000000070de00000|  0%| F|  |TAMS 0x000000070dc00000, 0x000000070dc00000| Untracked 
|  76|0x000000070de00000, 0x000000070de00000, 0x000000070e000000|  0%| F|  |TAMS 0x000000070de00000, 0x000000070de00000| Untracked 
|  77|0x000000070e000000, 0x000000070e000000, 0x000000070e200000|  0%| F|  |TAMS 0x000000070e000000, 0x000000070e000000| Untracked 
|  78|0x000000070e200000, 0x000000070e200000, 0x000000070e400000|  0%| F|  |TAMS 0x000000070e200000, 0x000000070e200000| Untracked 
|  79|0x000000070e400000, 0x000000070e400000, 0x000000070e600000|  0%| F|  |TAMS 0x000000070e400000, 0x000000070e400000| Untracked 
|  80|0x000000070e600000, 0x000000070e600000, 0x000000070e800000|  0%| F|  |TAMS 0x000000070e600000, 0x000000070e600000| Untracked 
|  81|0x000000070e800000, 0x000000070e800000, 0x000000070ea00000|  0%| F|  |TAMS 0x000000070e800000, 0x000000070e800000| Untracked 
|  82|0x000000070ea00000, 0x000000070ea00000, 0x000000070ec00000|  0%| F|  |TAMS 0x000000070ea00000, 0x000000070ea00000| Untracked 
|  83|0x000000070ec00000, 0x000000070ec00000, 0x000000070ee00000|  0%| F|  |TAMS 0x000000070ec00000, 0x000000070ec00000| Untracked 
|  84|0x000000070ee00000, 0x000000070ee00000, 0x000000070f000000|  0%| F|  |TAMS 0x000000070ee00000, 0x000000070ee00000| Untracked 
|  85|0x000000070f000000, 0x000000070f000000, 0x000000070f200000|  0%| F|  |TAMS 0x000000070f000000, 0x000000070f000000| Untracked 
|  86|0x000000070f200000, 0x000000070f200000, 0x000000070f400000|  0%| F|  |TAMS 0x000000070f200000, 0x000000070f200000| Untracked 
|  87|0x000000070f400000, 0x000000070f400000, 0x000000070f600000|  0%| F|  |TAMS 0x000000070f400000, 0x000000070f400000| Untracked 
|  88|0x000000070f600000, 0x000000070f600000, 0x000000070f800000|  0%| F|  |TAMS 0x000000070f600000, 0x000000070f600000| Untracked 
|  89|0x000000070f800000, 0x000000070f800000, 0x000000070fa00000|  0%| F|  |TAMS 0x000000070f800000, 0x000000070f800000| Untracked 
|  90|0x000000070fa00000, 0x000000070fa00000, 0x000000070fc00000|  0%| F|  |TAMS 0x000000070fa00000, 0x000000070fa00000| Untracked 
|  91|0x000000070fc00000, 0x000000070fc00000, 0x000000070fe00000|  0%| F|  |TAMS 0x000000070fc00000, 0x000000070fc00000| Untracked 
|  92|0x000000070fe00000, 0x000000070fe00000, 0x0000000710000000|  0%| F|  |TAMS 0x000000070fe00000, 0x000000070fe00000| Untracked 
|  93|0x0000000710000000, 0x0000000710000000, 0x0000000710200000|  0%| F|  |TAMS 0x0000000710000000, 0x0000000710000000| Untracked 
|  94|0x0000000710200000, 0x0000000710200000, 0x0000000710400000|  0%| F|  |TAMS 0x0000000710200000, 0x0000000710200000| Untracked 
|  95|0x0000000710400000, 0x0000000710400000, 0x0000000710600000|  0%| F|  |TAMS 0x0000000710400000, 0x0000000710400000| Untracked 
|  96|0x0000000710600000, 0x0000000710600000, 0x0000000710800000|  0%| F|  |TAMS 0x0000000710600000, 0x0000000710600000| Untracked 
|  97|0x0000000710800000, 0x0000000710800000, 0x0000000710a00000|  0%| F|  |TAMS 0x0000000710800000, 0x0000000710800000| Untracked 
|  98|0x0000000710a00000, 0x0000000710a00000, 0x0000000710c00000|  0%| F|  |TAMS 0x0000000710a00000, 0x0000000710a00000| Untracked 
|  99|0x0000000710c00000, 0x0000000710c00000, 0x0000000710e00000|  0%| F|  |TAMS 0x0000000710c00000, 0x0000000710c00000| Untracked 
| 100|0x0000000710e00000, 0x0000000710e00000, 0x0000000711000000|  0%| F|  |TAMS 0x0000000710e00000, 0x0000000710e00000| Untracked 
| 101|0x0000000711000000, 0x0000000711000000, 0x0000000711200000|  0%| F|  |TAMS 0x0000000711000000, 0x0000000711000000| Untracked 
| 102|0x0000000711200000, 0x0000000711200000, 0x0000000711400000|  0%| F|  |TAMS 0x0000000711200000, 0x0000000711200000| Untracked 
| 103|0x0000000711400000, 0x0000000711400000, 0x0000000711600000|  0%| F|  |TAMS 0x0000000711400000, 0x0000000711400000| Untracked 
| 104|0x0000000711600000, 0x0000000711600000, 0x0000000711800000|  0%| F|  |TAMS 0x0000000711600000, 0x0000000711600000| Untracked 
| 105|0x0000000711800000, 0x0000000711800000, 0x0000000711a00000|  0%| F|  |TAMS 0x0000000711800000, 0x0000000711800000| Untracked 
| 106|0x0000000711a00000, 0x0000000711a00000, 0x0000000711c00000|  0%| F|  |TAMS 0x0000000711a00000, 0x0000000711a00000| Untracked 
| 107|0x0000000711c00000, 0x0000000711c00000, 0x0000000711e00000|  0%| F|  |TAMS 0x0000000711c00000, 0x0000000711c00000| Untracked 
| 108|0x0000000711e00000, 0x0000000711e00000, 0x0000000712000000|  0%| F|  |TAMS 0x0000000711e00000, 0x0000000711e00000| Untracked 
| 109|0x0000000712000000, 0x0000000712000000, 0x0000000712200000|  0%| F|  |TAMS 0x0000000712000000, 0x0000000712000000| Untracked 
| 110|0x0000000712200000, 0x0000000712200000, 0x0000000712400000|  0%| F|  |TAMS 0x0000000712200000, 0x0000000712200000| Untracked 
| 111|0x0000000712400000, 0x0000000712400000, 0x0000000712600000|  0%| F|  |TAMS 0x0000000712400000, 0x0000000712400000| Untracked 
| 112|0x0000000712600000, 0x0000000712600000, 0x0000000712800000|  0%| F|  |TAMS 0x0000000712600000, 0x0000000712600000| Untracked 
| 113|0x0000000712800000, 0x0000000712800000, 0x0000000712a00000|  0%| F|  |TAMS 0x0000000712800000, 0x0000000712800000| Untracked 
| 114|0x0000000712a00000, 0x0000000712a00000, 0x0000000712c00000|  0%| F|  |TAMS 0x0000000712a00000, 0x0000000712a00000| Untracked 
| 115|0x0000000712c00000, 0x0000000712c00000, 0x0000000712e00000|  0%| F|  |TAMS 0x0000000712c00000, 0x0000000712c00000| Untracked 
| 116|0x0000000712e00000, 0x0000000712e00000, 0x0000000713000000|  0%| F|  |TAMS 0x0000000712e00000, 0x0000000712e00000| Untracked 
| 117|0x0000000713000000, 0x0000000713000000, 0x0000000713200000|  0%| F|  |TAMS 0x0000000713000000, 0x0000000713000000| Untracked 
| 118|0x0000000713200000, 0x0000000713200000, 0x0000000713400000|  0%| F|  |TAMS 0x0000000713200000, 0x0000000713200000| Untracked 
| 119|0x0000000713400000, 0x0000000713400000, 0x0000000713600000|  0%| F|  |TAMS 0x0000000713400000, 0x0000000713400000| Untracked 
| 120|0x0000000713600000, 0x0000000713600000, 0x0000000713800000|  0%| F|  |TAMS 0x0000000713600000, 0x0000000713600000| Untracked 
| 121|0x0000000713800000, 0x0000000713800000, 0x0000000713a00000|  0%| F|  |TAMS 0x0000000713800000, 0x0000000713800000| Untracked 
| 122|0x0000000713a00000, 0x0000000713a00000, 0x0000000713c00000|  0%| F|  |TAMS 0x0000000713a00000, 0x0000000713a00000| Untracked 
| 123|0x0000000713c00000, 0x0000000713c00000, 0x0000000713e00000|  0%| F|  |TAMS 0x0000000713c00000, 0x0000000713c00000| Untracked 
| 124|0x0000000713e00000, 0x0000000713f00800, 0x0000000714000000| 50%| E|  |TAMS 0x0000000713e00000, 0x0000000713e00000| Complete 
| 125|0x0000000714000000, 0x0000000714200000, 0x0000000714200000|100%| E|CS|TAMS 0x0000000714000000, 0x0000000714000000| Complete 

Card table byte_map: [0x0000022b00000000,0x0000022b007e0000] _byte_map_base: 0x0000022afc7dd000

Marking Bits (Prev, Next): (CMBitMap*) 0x0000022b6756a050, (CMBitMap*) 0x0000022b6756a090
 Prev Bits: [0x0000022b00fc0000, 0x0000022b04ea8000)
 Next Bits: [0x0000022b04eb0000, 0x0000022b08d98000)

Polling page: 0x0000022b67590000

Metaspace:

Usage:
  Non-class:     15.36 MB used.
      Class:      1.77 MB used.
       Both:     17.12 MB used.

Virtual space:
  Non-class space:       64.00 MB reserved,      15.50 MB ( 24%) committed,  1 nodes.
      Class space:        1.00 GB reserved,       1.94 MB ( <1%) committed,  1 nodes.
             Both:        1.06 GB reserved,      17.44 MB (  2%) committed. 

Chunk freelists:
   Non-Class:  3.82 MB
       Class:  2.07 MB
        Both:  5.88 MB

MaxMetaspaceSize: unlimited
CompressedClassSpaceSize: 1.00 GB
Initial GC threshold: 21.00 MB
Current GC threshold: 21.00 MB
CDS: on
MetaspaceReclaimPolicy: balanced
 - commit_granule_bytes: 65536.
 - commit_granule_words: 8192.
 - virtual_space_node_default_size: 8388608.
 - enlarge_chunks_in_place: 1.
 - new_chunks_are_fully_committed: 0.
 - uncommit_free_chunks: 1.
 - use_allocation_guard: 0.


Internal statistics:

num_allocs_failed_limit: 0.
num_arena_births: 308.
num_arena_deaths: 0.
num_vsnodes_births: 2.
num_vsnodes_deaths: 0.
num_space_committed: 279.
num_space_uncommitted: 0.
num_chunks_returned_to_freelist: 0.
num_chunks_taken_from_freelist: 897.
num_chunk_merges: 0.
num_chunk_splits: 637.
num_chunks_enlarged: 474.
num_inconsistent_stats: 0.

CodeHeap 'non-profiled nmethods': size=120000Kb used=2495Kb max_used=2495Kb free=117504Kb
 bounds [0x0000022b77270000, 0x0000022b774e0000, 0x0000022b7e7a0000]
CodeHeap 'profiled nmethods': size=120000Kb used=9776Kb max_used=9776Kb free=110223Kb
 bounds [0x0000022b6f7a0000, 0x0000022b70130000, 0x0000022b76cd0000]
CodeHeap 'non-nmethods': size=5760Kb used=1300Kb max_used=1344Kb free=4459Kb
 bounds [0x0000022b76cd0000, 0x0000022b76f40000, 0x0000022b77270000]
 total_blobs=5153 nmethods=4651 adapters=412
 compilation: enabled
              stopped_count=0, restarted_count=0
 full_count=0

Compilation events (20 events):
Event: 3.356 Thread 0x0000022b0af94b90 4620       3       java.util.concurrent.ConcurrentHashMap::remove (8 bytes)
Event: 3.356 Thread 0x0000022b0af94b90 nmethod 4620 0x0000022b70123a90 code [0x0000022b70123c40, 0x0000022b70123d88]
Event: 3.356 Thread 0x0000022b0af94b90 4615       3       java.net.URI$Parser::<init> (30 bytes)
Event: 3.356 Thread 0x0000022b0af94b90 nmethod 4615 0x0000022b70123e10 code [0x0000022b70123fc0, 0x0000022b70124278]
Event: 3.356 Thread 0x0000022b0af94b90 4616       3       java.net.URI$Parser::parse (243 bytes)
Event: 3.357 Thread 0x0000022b0f4e2310 nmethod 4617 0x0000022b774d5d90 code [0x0000022b774d5f40, 0x0000022b774d6238]
Event: 3.359 Thread 0x0000022b0af94b90 nmethod 4616 0x0000022b70124390 code [0x0000022b70124880, 0x0000022b70126cd8]
Event: 3.359 Thread 0x0000022b0af94b90 4621       3       java.lang.invoke.Invokers$Holder::linkToTargetMethod (9 bytes)
Event: 3.360 Thread 0x0000022b0af94b90 nmethod 4621 0x0000022b70127b10 code [0x0000022b70127cc0, 0x0000022b70128098]
Event: 3.360 Thread 0x0000022b0af94b90 4622       3       java.lang.ProcessEnvironment$NameComparator::compare (90 bytes)
Event: 3.361 Thread 0x0000022b0af94b90 nmethod 4622 0x0000022b70128190 code [0x0000022b701284a0, 0x0000022b70129738]
Event: 3.361 Thread 0x0000022b0af94b90 4623       3       java.lang.ProcessEnvironment$CheckedEntry::getKey (5 bytes)
Event: 3.361 Thread 0x0000022b0af94b90 nmethod 4623 0x0000022b70129f10 code [0x0000022b7012a0c0, 0x0000022b7012a408]
Event: 3.361 Thread 0x0000022b0af94b90 4624       3       java.lang.ProcessEnvironment$CheckedEntry::getKey (13 bytes)
Event: 3.361 Thread 0x0000022b0af94b90 nmethod 4624 0x0000022b7012a510 code [0x0000022b7012a6c0, 0x0000022b7012a988]
Event: 3.393 Thread 0x0000022b0af94610 nmethod 4580% 0x0000022b774d6590 code [0x0000022b774d6820, 0x0000022b774d92e8]
Event: 3.400 Thread 0x0000022b0af94b90 4629       3       java.lang.invoke.DirectMethodHandle$Holder::newInvokeSpecial (20 bytes)
Event: 3.400 Thread 0x0000022b0af94b90 nmethod 4629 0x0000022b7012aa90 code [0x0000022b7012ac80, 0x0000022b7012b348]
Event: 3.403 Thread 0x0000022b0af94b90 4632       1       java.lang.invoke.InfoFromMemberName::getReferenceKind (5 bytes)
Event: 3.403 Thread 0x0000022b0af94b90 nmethod 4632 0x0000022b774dc010 code [0x0000022b774dc1a0, 0x0000022b774dc258]

GC Heap History (6 events):
Event: 0.598 GC heap before
{Heap before GC invocations=0 (full 0):
 garbage-first heap   total 258048K, used 22528K [0x0000000704600000, 0x0000000800000000)
  region size 2048K, 11 young (22528K), 0 survivors (0K)
 Metaspace       used 5278K, committed 5440K, reserved 1114112K
  class space    used 583K, committed 640K, reserved 1048576K
}
Event: 0.602 GC heap after
{Heap after GC invocations=1 (full 0):
 garbage-first heap   total 258048K, used 3855K [0x0000000704600000, 0x0000000800000000)
  region size 2048K, 2 young (4096K), 2 survivors (4096K)
 Metaspace       used 5278K, committed 5440K, reserved 1114112K
  class space    used 583K, committed 640K, reserved 1048576K
}
Event: 1.074 GC heap before
{Heap before GC invocations=1 (full 0):
 garbage-first heap   total 258048K, used 36623K [0x0000000704600000, 0x0000000800000000)
  region size 2048K, 18 young (36864K), 2 survivors (4096K)
 Metaspace       used 10573K, committed 10752K, reserved 1114112K
  class space    used 1243K, committed 1344K, reserved 1048576K
}
Event: 1.078 GC heap after
{Heap after GC invocations=2 (full 0):
 garbage-first heap   total 258048K, used 5995K [0x0000000704600000, 0x0000000800000000)
  region size 2048K, 2 young (4096K), 2 survivors (4096K)
 Metaspace       used 10573K, committed 10752K, reserved 1114112K
  class space    used 1243K, committed 1344K, reserved 1048576K
}
Event: 3.321 GC heap before
{Heap before GC invocations=2 (full 0):
 garbage-first heap   total 258048K, used 186219K [0x0000000704600000, 0x0000000800000000)
  region size 2048K, 75 young (153600K), 2 survivors (4096K)
 Metaspace       used 17274K, committed 17600K, reserved 1114112K
  class space    used 1781K, committed 1920K, reserved 1048576K
}
Event: 3.334 GC heap after
{Heap after GC invocations=3 (full 0):
 garbage-first heap   total 258048K, used 17392K [0x0000000704600000, 0x0000000800000000)
  region size 2048K, 7 young (14336K), 7 survivors (14336K)
 Metaspace       used 17274K, committed 17600K, reserved 1114112K
  class space    used 1781K, committed 1920K, reserved 1048576K
}

Dll operation events (12 events):
Event: 0.016 Loaded shared library C:\Program Files\Java\jdk-19\bin\java.dll
Event: 0.033 Loaded shared library C:\Program Files\Java\jdk-19\bin\jsvml.dll
Event: 0.103 Loaded shared library C:\Program Files\Java\jdk-19\bin\zip.dll
Event: 0.106 Loaded shared library C:\Program Files\Java\jdk-19\bin\instrument.dll
Event: 0.121 Loaded shared library C:\Program Files\Java\jdk-19\bin\net.dll
Event: 0.125 Loaded shared library C:\Program Files\Java\jdk-19\bin\nio.dll
Event: 0.131 Loaded shared library C:\Program Files\Java\jdk-19\bin\zip.dll
Event: 0.150 Loaded shared library C:\Program Files\JetBrains\IntelliJ IDEA 2022.3.3\bin\breakgen64.dll
Event: 0.157 Loaded shared library C:\Program Files\Java\jdk-19\bin\extnet.dll
Event: 0.237 Loaded shared library C:\Program Files\Java\jdk-19\bin\jimage.dll
Event: 0.305 Loaded shared library C:\Users\javgonzalez\AppData\Local\Temp\jansi-2.4.0-71088c8f30ce414b-jansi.dll
Event: 0.313 Loaded shared library C:\Program Files\Java\jdk-19\bin\verify.dll

Deoptimization events (20 events):
Event: 3.238 Thread 0x0000022b674f9770 DEOPT PACKING pc=0x0000022b7733e4c0 sp=0x000000a8537fe3b0
Event: 3.238 Thread 0x0000022b674f9770 DEOPT UNPACKING pc=0x0000022b76d3a5a3 sp=0x000000a8537fe340 mode 2
Event: 3.240 Thread 0x0000022b674f9770 Uncommon trap: trap_request=0xffffffde fr.pc=0x0000022b7733e4c0 relative=0x0000000000000080
Event: 3.240 Thread 0x0000022b674f9770 Uncommon trap: reason=class_check action=maybe_recompile pc=0x0000022b7733e4c0 method=com.google.inject.internal.MoreTypes.getRawType(Ljava/lang/reflect/Type;)Ljava/lang/Class; @ 13 c2
Event: 3.240 Thread 0x0000022b674f9770 DEOPT PACKING pc=0x0000022b7733e4c0 sp=0x000000a8537fe3b0
Event: 3.240 Thread 0x0000022b674f9770 DEOPT UNPACKING pc=0x0000022b76d3a5a3 sp=0x000000a8537fe340 mode 2
Event: 3.284 Thread 0x0000022b674f9770 Uncommon trap: trap_request=0xffffff45 fr.pc=0x0000022b774d1728 relative=0x00000000000001e8
Event: 3.284 Thread 0x0000022b674f9770 Uncommon trap: reason=unstable_if action=reinterpret pc=0x0000022b774d1728 method=java.util.jar.Attributes$Name.hash(Ljava/lang/String;)I @ 96 c2
Event: 3.284 Thread 0x0000022b674f9770 DEOPT PACKING pc=0x0000022b774d1728 sp=0x000000a8537fdef0
Event: 3.284 Thread 0x0000022b674f9770 DEOPT UNPACKING pc=0x0000022b76d3a5a3 sp=0x000000a8537fde68 mode 2
Event: 3.290 Thread 0x0000022b674f9770 DEOPT PACKING pc=0x0000022b6f9d84a6 sp=0x000000a8537fdc70
Event: 3.290 Thread 0x0000022b674f9770 DEOPT UNPACKING pc=0x0000022b76d3b0e3 sp=0x000000a8537fd1f0 mode 0
Event: 3.359 Thread 0x0000022b674f9770 Uncommon trap: trap_request=0xffffffde fr.pc=0x0000022b774a1a88 relative=0x0000000000000068
Event: 3.359 Thread 0x0000022b674f9770 Uncommon trap: reason=class_check action=maybe_recompile pc=0x0000022b774a1a88 method=java.util.Collections$UnmodifiableMap.size()I @ 4 c2
Event: 3.359 Thread 0x0000022b674f9770 DEOPT PACKING pc=0x0000022b774a1a88 sp=0x000000a8537fe4d0
Event: 3.359 Thread 0x0000022b674f9770 DEOPT UNPACKING pc=0x0000022b76d3a5a3 sp=0x000000a8537fe458 mode 2
Event: 3.403 Thread 0x0000022b674f9770 Uncommon trap: trap_request=0xffffffde fr.pc=0x0000022b773f65f4 relative=0x0000000000000434
Event: 3.403 Thread 0x0000022b674f9770 Uncommon trap: reason=class_check action=maybe_recompile pc=0x0000022b773f65f4 method=java.util.Hashtable.get(Ljava/lang/Object;)Ljava/lang/Object; @ 6 c2
Event: 3.403 Thread 0x0000022b674f9770 DEOPT PACKING pc=0x0000022b773f65f4 sp=0x000000a8537fe3b0
Event: 3.403 Thread 0x0000022b674f9770 DEOPT UNPACKING pc=0x0000022b76d3a5a3 sp=0x000000a8537fe360 mode 2

Classes loaded (20 events):
Event: 3.401 Loading class java/util/concurrent/SynchronousQueue$TransferStack$SNode
Event: 3.401 Loading class java/util/concurrent/SynchronousQueue$TransferStack$SNode done
Event: 3.401 Loading class java/lang/ProcessImpl$2
Event: 3.401 Loading class java/lang/ProcessImpl$2 done
Event: 3.401 Loading class java/lang/ProcessBuilder$NullOutputStream
Event: 3.402 Loading class java/lang/ProcessBuilder$NullOutputStream done
Event: 3.402 Loading class java/lang/ProcessBuilder$NullInputStream
Event: 3.402 Loading class java/lang/ProcessBuilder$NullInputStream done
Event: 3.402 Loading class jdk/internal/event/ProcessStartEvent
Event: 3.402 Loading class jdk/internal/event/Event
Event: 3.402 Loading class jdk/internal/event/Event done
Event: 3.402 Loading class jdk/internal/event/ProcessStartEvent done
Event: 3.403 Loading class sun/misc/Signal
Event: 3.403 Loading class sun/misc/Signal done
Event: 3.403 Loading class sun/misc/SignalHandler
Event: 3.403 Loading class sun/misc/SignalHandler done
Event: 3.403 Loading class sun/misc/Signal$InternalMiscHandler
Event: 3.403 Loading class sun/misc/Signal$InternalMiscHandler done
Event: 3.403 Loading class sun/misc/Signal$SunMiscHandler
Event: 3.403 Loading class sun/misc/Signal$SunMiscHandler done

Classes unloaded (0 events):
No events

Classes redefined (0 events):
No events

Internal exceptions (20 events):
Event: 1.257 Thread 0x0000022b674f9770 Exception <a 'java/lang/NoSuchMethodError'{0x00000007134301b8}: 'void java.lang.invoke.DirectMethodHandle$Holder.invokeVirtual(java.lang.Object, java.lang.Object, int)'> (0x00000007134301b8) 
thrown [s\open\src\hotspot\share\interpreter\linkResolver.cpp, line 774]
Event: 1.258 Thread 0x0000022b674f9770 Exception <a 'java/lang/NoSuchMethodError'{0x00000007134345d0}: 'int java.lang.invoke.DirectMethodHandle$Holder.invokeSpecial(java.lang.Object, java.lang.Object, java.lang.Object, int)'> (0x00000007134345d0) 
thrown [s\open\src\hotspot\share\interpreter\linkResolver.cpp, line 774]
Event: 1.259 Thread 0x0000022b674f9770 Exception <a 'java/lang/NoSuchMethodError'{0x00000007134449d8}: 'java.lang.Object java.lang.invoke.DirectMethodHandle$Holder.invokeStatic(java.lang.Object, java.lang.Object, java.lang.Object, java.lang.Object, int)'> (0x00000007134449d8) 
thrown [s\open\src\hotspot\share\interpreter\linkResolver.cpp, line 774]
Event: 1.259 Thread 0x0000022b674f9770 Exception <a 'java/lang/NoSuchMethodError'{0x0000000713450298}: 'void java.lang.invoke.DelegatingMethodHandle$Holder.reinvoke_L(java.lang.Object, java.lang.Object, int)'> (0x0000000713450298) 
thrown [s\open\src\hotspot\share\interpreter\linkResolver.cpp, line 774]
Event: 1.432 Thread 0x0000022b674f9770 Implicit null exception at 0x0000022b773793a0 to 0x0000022b7737a97c
Event: 1.432 Thread 0x0000022b674f9770 Implicit null exception at 0x0000022b773085ed to 0x0000022b773087b8
Event: 1.432 Thread 0x0000022b674f9770 Implicit null exception at 0x0000022b772bbed8 to 0x0000022b772bbf6e
Event: 1.817 Thread 0x0000022b674f9770 Implicit null exception at 0x0000022b773206ed to 0x0000022b773208b8
Event: 1.817 Thread 0x0000022b674f9770 Implicit null exception at 0x0000022b772bd8af to 0x0000022b772bd929
Event: 2.067 Thread 0x0000022b674f9770 Implicit null exception at 0x0000022b77452c42 to 0x0000022b77453718
Event: 2.098 Thread 0x0000022b674f9770 Exception <a 'java/lang/NoSuchMethodError'{0x000000070e9d38b8}: 'void java.lang.invoke.Invokers$Holder.invokeExact_MT(java.lang.Object, java.lang.Object, int, java.lang.Object)'> (0x000000070e9d38b8) 
thrown [s\open\src\hotspot\share\interpreter\linkResolver.cpp, line 774]
Event: 3.219 Thread 0x0000022b674f9770 Exception <a 'java/lang/NoClassDefFoundError'{0x000000070b3ac2d8}: org/sonatype/aether/graph/DependencyNode> (0x000000070b3ac2d8) 
thrown [s\open\src\hotspot\share\classfile\systemDictionary.cpp, line 244]
Event: 3.247 Thread 0x0000022b674f9770 Exception <a 'java/lang/NoSuchMethodError'{0x000000070b0cbeb8}: 'int java.lang.invoke.DirectMethodHandle$Holder.invokeStaticInit(java.lang.Object, java.lang.Object)'> (0x000000070b0cbeb8) 
thrown [s\open\src\hotspot\share\interpreter\linkResolver.cpp, line 774]
Event: 3.250 Thread 0x0000022b674f9770 Exception <a 'java/lang/NoSuchMethodError'{0x000000070b0dbbd8}: 'int java.lang.invoke.DirectMethodHandle$Holder.invokeStatic(java.lang.Object, java.lang.Object, java.lang.Object, java.lang.Object)'> (0x000000070b0dbbd8) 
thrown [s\open\src\hotspot\share\interpreter\linkResolver.cpp, line 774]
Event: 3.397 Thread 0x0000022b674f9770 Exception <a 'java/lang/NoSuchMethodError'{0x0000000713e0e7f0}: 'void java.lang.invoke.DirectMethodHandle$Holder.invokeStatic(java.lang.Object, long)'> (0x0000000713e0e7f0) 
thrown [s\open\src\hotspot\share\interpreter\linkResolver.cpp, line 774]
Event: 3.398 Thread 0x0000022b674f9770 Exception <a 'java/lang/NoSuchMethodError'{0x0000000713e14060}: 'java.lang.Object java.lang.invoke.DirectMethodHandle$Holder.newInvokeSpecial(java.lang.Object, long)'> (0x0000000713e14060) 
thrown [s\open\src\hotspot\share\interpreter\linkResolver.cpp, line 774]
Event: 3.399 Thread 0x0000022b674f9770 Exception <a 'java/lang/NoSuchMethodError'{0x0000000713e18a40}: 'java.lang.Object java.lang.invoke.DirectMethodHandle$Holder.invokeStaticInit(java.lang.Object)'> (0x0000000713e18a40) 
thrown [s\open\src\hotspot\share\interpreter\linkResolver.cpp, line 774]
Event: 3.400 Thread 0x0000022b674f9770 Exception <a 'java/lang/NoSuchMethodError'{0x0000000713e1f0d8}: 'java.lang.Object java.lang.invoke.DirectMethodHandle$Holder.invokeStatic(java.lang.Object, long, java.lang.Object)'> (0x0000000713e1f0d8) 
thrown [s\open\src\hotspot\share\interpreter\linkResolver.cpp, line 774]
Event: 3.400 Thread 0x0000022b674f9770 Exception <a 'java/lang/NoSuchMethodError'{0x0000000713e22b08}: 'java.lang.Object java.lang.invoke.DirectMethodHandle$Holder.invokeStaticInit(java.lang.Object, long, java.lang.Object)'> (0x0000000713e22b08) 
thrown [s\open\src\hotspot\share\interpreter\linkResolver.cpp, line 774]
Event: 3.402 Thread 0x0000022b674f9770 Exception <a 'java/lang/NoSuchMethodError'{0x0000000713e298a0}: 'int java.lang.invoke.DirectMethodHandle$Holder.invokeVirtual(java.lang.Object, java.lang.Object)'> (0x0000000713e298a0) 
thrown [s\open\src\hotspot\share\interpreter\linkResolver.cpp, line 774]

VM Operations (20 events):
Event: 1.394 Executing VM operation: HandshakeAllThreads
Event: 1.394 Executing VM operation: HandshakeAllThreads done
Event: 1.454 Executing VM operation: ICBufferFull
Event: 1.454 Executing VM operation: ICBufferFull done
Event: 1.480 Executing VM operation: HandshakeAllThreads
Event: 1.480 Executing VM operation: HandshakeAllThreads done
Event: 1.628 Executing VM operation: ICBufferFull
Event: 1.628 Executing VM operation: ICBufferFull done
Event: 1.984 Executing VM operation: ICBufferFull
Event: 1.984 Executing VM operation: ICBufferFull done
Event: 2.093 Executing VM operation: HandshakeAllThreads
Event: 2.093 Executing VM operation: HandshakeAllThreads done
Event: 2.321 Executing VM operation: HandshakeAllThreads
Event: 2.321 Executing VM operation: HandshakeAllThreads done
Event: 2.402 Executing VM operation: ICBufferFull
Event: 2.402 Executing VM operation: ICBufferFull done
Event: 3.235 Executing VM operation: ICBufferFull
Event: 3.235 Executing VM operation: ICBufferFull done
Event: 3.321 Executing VM operation: G1CollectForAllocation
Event: 3.334 Executing VM operation: G1CollectForAllocation done

Events (15 events):
Event: 0.033 Thread 0x0000022b674f9770 Thread added: 0x0000022b674f9770
Event: 0.049 Thread 0x0000022b0af824f0 Thread added: 0x0000022b0af824f0
Event: 0.049 Thread 0x0000022b0af85030 Thread added: 0x0000022b0af85030
Event: 0.050 Thread 0x0000022b0af883f0 Thread added: 0x0000022b0af883f0
Event: 0.051 Thread 0x0000022b0af890e0 Thread added: 0x0000022b0af890e0
Event: 0.051 Thread 0x0000022b0af89bb0 Thread added: 0x0000022b0af89bb0
Event: 0.051 Thread 0x0000022b0af8a680 Thread added: 0x0000022b0af8a680
Event: 0.051 Thread 0x0000022b0af94610 Thread added: 0x0000022b0af94610
Event: 0.051 Thread 0x0000022b0af94b90 Thread added: 0x0000022b0af94b90
Event: 0.052 Thread 0x0000022b0af95110 Thread added: 0x0000022b0af95110
Event: 0.082 Thread 0x0000022b0af57a40 Thread added: 0x0000022b0af57a40
Event: 0.106 Thread 0x0000022b0f4e2310 Thread added: 0x0000022b0f4e2310
Event: 0.151 Thread 0x0000022b0f5efe40 Thread added: 0x0000022b0f5efe40
Event: 0.151 Thread 0x0000022b0f5b54f0 Thread added: 0x0000022b0f5b54f0
Event: 0.572 Thread 0x0000022b0fb938a0 Thread added: 0x0000022b0fb938a0


Dynamic libraries:
0x00007ff751000000 - 0x00007ff751010000 	C:\Program Files\Java\jdk-19\bin\java.exe
0x00007ff93a4f0000 - 0x00007ff93a6e8000 	C:\Windows\SYSTEM32\ntdll.dll
0x00007ff938ff0000 - 0x00007ff9390af000 	C:\Windows\System32\KERNEL32.DLL
0x00007ff937d50000 - 0x00007ff938022000 	C:\Windows\System32\KERNELBASE.dll
0x00007ff938230000 - 0x00007ff938330000 	C:\Windows\System32\ucrtbase.dll
0x00007ff928490000 - 0x00007ff9284a8000 	C:\Program Files\Java\jdk-19\bin\jli.dll
0x00007ff928350000 - 0x00007ff92836b000 	C:\Program Files\Java\jdk-19\bin\VCRUNTIME140.dll
0x00007ff939f60000 - 0x00007ff93a00e000 	C:\Windows\System32\ADVAPI32.dll
0x00007ff938ac0000 - 0x00007ff938b5e000 	C:\Windows\System32\msvcrt.dll
0x00007ff939ec0000 - 0x00007ff939f5c000 	C:\Windows\System32\sechost.dll
0x00007ff939190000 - 0x00007ff9392b4000 	C:\Windows\System32\RPCRT4.dll
0x00007ff938910000 - 0x00007ff938ab1000 	C:\Windows\System32\USER32.dll
0x00007ff937cf0000 - 0x00007ff937d12000 	C:\Windows\System32\win32u.dll
0x00007ff921f40000 - 0x00007ff9221da000 	C:\Windows\WinSxS\amd64_microsoft.windows.common-controls_6595b64144ccf1df_6.0.19041.1110_none_60b5254171f9507e\COMCTL32.dll
0x00007ff93a480000 - 0x00007ff93a4ab000 	C:\Windows\System32\GDI32.dll
0x00007ff938430000 - 0x00007ff93853f000 	C:\Windows\System32\gdi32full.dll
0x00007ff938190000 - 0x00007ff93822d000 	C:\Windows\System32\msvcp_win.dll
0x00007ff92f100000 - 0x00007ff92f10a000 	C:\Windows\SYSTEM32\VERSION.dll
0x00007ff939370000 - 0x00007ff9393a0000 	C:\Windows\System32\IMM32.DLL
0x00007ff8ff0d0000 - 0x00007ff8ff174000 	C:\Program Files\McAfee\Endpoint Security\Threat Prevention\Ips\EpMPApi.dll
0x00007ff937c80000 - 0x00007ff937ce9000 	C:\Windows\System32\WINTRUST.dll
0x00007ff938030000 - 0x00007ff938186000 	C:\Windows\System32\CRYPT32.dll
0x00007ff9377e0000 - 0x00007ff9377f2000 	C:\Windows\SYSTEM32\MSASN1.dll
0x0000000071c50000 - 0x0000000071c5c000 	C:\Program Files\McAfee\Endpoint Security\Threat Prevention\Ips\EpMPThe.dll
0x00007ff8ff070000 - 0x00007ff8ff0cb000 	C:\Program Files\McAfee\Endpoint Security\Threat Prevention\Ips\HIPHandlers64.dll
0x00007ff939770000 - 0x00007ff939eb5000 	C:\Windows\System32\SHELL32.dll
0x00007ff938b70000 - 0x00007ff938bc5000 	C:\Windows\System32\SHLWAPI.dll
0x00007ff935a20000 - 0x00007ff935c04000 	C:\Windows\SYSTEM32\dbghelp.dll
0x00007ff928340000 - 0x00007ff92834c000 	C:\Program Files\Java\jdk-19\bin\vcruntime140_1.dll
0x00007ff8f17c0000 - 0x00007ff8f184e000 	C:\Program Files\Java\jdk-19\bin\msvcp140.dll
0x00007ff8e28f0000 - 0x00007ff8e35b0000 	C:\Program Files\Java\jdk-19\bin\server\jvm.dll
0x00007ff90d940000 - 0x00007ff90d949000 	C:\Windows\SYSTEM32\WSOCK32.dll
0x00007ff92d110000 - 0x00007ff92d137000 	C:\Windows\SYSTEM32\WINMM.dll
0x00007ff939650000 - 0x00007ff9396bb000 	C:\Windows\System32\WS2_32.dll
0x00007ff9363f0000 - 0x00007ff936402000 	C:\Windows\SYSTEM32\kernel.appcore.dll
0x00007ff928330000 - 0x00007ff92833a000 	C:\Program Files\Java\jdk-19\bin\jimage.dll
0x00007ff917230000 - 0x00007ff917265000 	C:\Windows\SYSTEM32\dbgcore.DLL
0x00007ff937bf0000 - 0x00007ff937c72000 	C:\Windows\System32\bcryptPrimitives.dll
0x00007ff9285e0000 - 0x00007ff9285ee000 	C:\Program Files\Java\jdk-19\bin\instrument.dll
0x00007ff90d9a0000 - 0x00007ff90d9c6000 	C:\Program Files\Java\jdk-19\bin\java.dll
0x00007ff8e80a0000 - 0x00007ff8e8177000 	C:\Program Files\Java\jdk-19\bin\jsvml.dll
0x00007ff935c40000 - 0x00007ff9363d2000 	C:\Windows\SYSTEM32\windows.storage.dll
0x00007ff938540000 - 0x00007ff938895000 	C:\Windows\System32\combase.dll
0x00007ff937570000 - 0x00007ff9375a0000 	C:\Windows\SYSTEM32\Wldp.dll
0x00007ff9392c0000 - 0x00007ff93936d000 	C:\Windows\System32\SHCORE.dll
0x00007ff937b30000 - 0x00007ff937b4f000 	C:\Windows\SYSTEM32\profapi.dll
0x00007ff907810000 - 0x00007ff907828000 	C:\Program Files\Java\jdk-19\bin\zip.dll
0x00007ff921580000 - 0x00007ff921593000 	C:\Program Files\Java\jdk-19\bin\net.dll
0x00007ff932ae0000 - 0x00007ff932bea000 	C:\Windows\SYSTEM32\WINHTTP.dll
0x00007ff937350000 - 0x00007ff9373ba000 	C:\Windows\system32\mswsock.dll
0x00007ff907830000 - 0x00007ff907846000 	C:\Program Files\Java\jdk-19\bin\nio.dll
0x00007ff907060000 - 0x00007ff90707a000 	C:\Program Files\JetBrains\IntelliJ IDEA 2022.3.3\bin\breakgen64.dll
0x00007ff928320000 - 0x00007ff928328000 	C:\Program Files\Java\jdk-19\bin\extnet.dll
0x0000000069ac0000 - 0x0000000069ae4000 	C:\Users\javgonzalez\AppData\Local\Temp\jansi-2.4.0-71088c8f30ce414b-jansi.dll
0x00007ff927630000 - 0x00007ff927640000 	C:\Program Files\Java\jdk-19\bin\verify.dll

dbghelp: loaded successfully - version: 4.0.5 - missing functions: none
symbol engine: initialized successfully - sym options: 0x614 - pdb path: .;C:\Program Files\Java\jdk-19\bin;C:\Windows\SYSTEM32;C:\Windows\WinSxS\amd64_microsoft.windows.common-controls_6595b64144ccf1df_6.0.19041.1110_none_60b5254171f9507e;C:\Program Files\McAfee\Endpoint Security\Threat Prevention\Ips;C:\Program Files\Java\jdk-19\bin\server;C:\Program Files\JetBrains\IntelliJ IDEA 2022.3.3\bin;C:\Users\javgonzalez\AppData\Local\Temp

VM Arguments:
jvm_args: -Dmaven.multiModuleProjectDirectory=C:\Users\javgonzalez\Desktop\Nueva carpeta\PlataformaProveedores -Djansi.passthrough=true -Dmaven.home=C:\Users\javgonzalez\.m2\wrapper\dists\apache-maven-3.8.7-bin\1ktonn2lleg549uah6ngl1r74r\apache-maven-3.8.7 -Dclassworlds.conf=C:\Users\javgonzalez\.m2\wrapper\dists\apache-maven-3.8.7-bin\1ktonn2lleg549uah6ngl1r74r\apache-maven-3.8.7\bin\m2.conf -Dmaven.ext.class.path=C:\Program Files\JetBrains\IntelliJ IDEA 2022.3.3\plugins\maven\lib\maven-event-listener.jar -javaagent:C:\Program Files\JetBrains\IntelliJ IDEA 2022.3.3\lib\idea_rt.jar=65512:C:\Program Files\JetBrains\IntelliJ IDEA 2022.3.3\bin -Dfile.encoding=UTF-8 -Dsun.stdout.encoding=UTF-8 -Dsun.stderr.encoding=UTF-8 
java_command: org.codehaus.classworlds.Launcher -Didea.version=2022.3.3 spring-boot:run
java_class_path (initial): C:\Users\javgonzalez\.m2\wrapper\dists\apache-maven-3.8.7-bin\1ktonn2lleg549uah6ngl1r74r\apache-maven-3.8.7\boot\plexus-classworlds-2.6.0.jar;C:\Users\javgonzalez\.m2\wrapper\dists\apache-maven-3.8.7-bin\1ktonn2lleg549uah6ngl1r74r\apache-maven-3.8.7\boot\plexus-classworlds.license
Launcher Type: SUN_STANDARD

[Global flags]
     intx CICompilerCount                          = 4                                         {product} {ergonomic}
     uint ConcGCThreads                            = 2                                         {product} {ergonomic}
     uint G1ConcRefinementThreads                  = 8                                         {product} {ergonomic}
   size_t G1HeapRegionSize                         = 2097152                                   {product} {ergonomic}
    uintx GCDrainStackTargetSize                   = 64                                        {product} {ergonomic}
   size_t InitialHeapSize                          = 264241152                                 {product} {ergonomic}
   size_t MarkStackSize                            = 4194304                                   {product} {ergonomic}
   size_t MaxHeapSize                              = 4221566976                                {product} {ergonomic}
   size_t MaxNewSize                               = 2531262464                                {product} {ergonomic}
   size_t MinHeapDeltaBytes                        = 2097152                                   {product} {ergonomic}
   size_t MinHeapSize                              = 8388608                                   {product} {ergonomic}
    uintx NonNMethodCodeHeapSize                   = 5839372                                {pd product} {ergonomic}
    uintx NonProfiledCodeHeapSize                  = 122909434                              {pd product} {ergonomic}
    uintx ProfiledCodeHeapSize                     = 122909434                              {pd product} {ergonomic}
    uintx ReservedCodeCacheSize                    = 251658240                              {pd product} {ergonomic}
     bool SegmentedCodeCache                       = true                                      {product} {ergonomic}
   size_t SoftMaxHeapSize                          = 4221566976                             {manageable} {ergonomic}
     bool UseCompressedClassPointers               = true                           {product lp64_product} {ergonomic}
     bool UseCompressedOops                        = true                           {product lp64_product} {ergonomic}
     bool UseG1GC                                  = true                                      {product} {ergonomic}
     bool UseLargePagesIndividualAllocation        = false                                  {pd product} {ergonomic}

Logging:
Log output configuration:
 #0: stdout all=warning uptime,level,tags foldmultilines=false
 #1: stderr all=off uptime,level,tags foldmultilines=false

Environment Variables:
PATH=C:\Program Files\Common Files\Oracle\Java\javapath;C:\orawin11g\jvagonzalez\product\11.2.0\client_1\bin;C:\Oracle\instantclient_21_9;C:\Oracle\jdk\jre\bin\classic;C:\Oracle\jdk\jre\bin;C:\Oracle\jdk\jre\bin\client;C:\Oracle\jlib;C:\Oracle\bin;C:\Oracle\jre\1.4.2\bin\client;C:\Oracle\jre\1.4.2\bin;C:\Program Files (x86)\Common Files\Oracle\Java\javapath;C:\Windows\system32;C:\Windows;C:\Windows\System32\Wbem;C:\Windows\System32\WindowsPowerShell\v1.0\;C:\Windows\System32\OpenSSH\;C:\Program Files\Microsoft SQL Server\150\Tools\Binn\;C:\Program Files\Microsoft SQL Server\Client SDK\ODBC\170\Tools\Binn\;C:\Program Files\dotnet\;C:\Program Files\nodejs\;C:\Program Files\Git\cmd;C:\Users\javgonzalez\AppData\Local\Programs\Python\Python310\Scripts\;C:\Users\javgonzalez\AppData\Local\Programs\Python\Python310\;C:\Users\javgonzalez\AppData\Local\Microsoft\WindowsApps;C:\Users\javgonzalez\AppData\Local\Programs\Microsoft VS Code\bin;C:\Users\javgonzalez\.dotnet\tools;C:\Users\javgonzalez\AppData\Roaming\npm;
USERNAME=javgonzalez
OS=Windows_NT
PROCESSOR_IDENTIFIER=Intel64 Family 6 Model 140 Stepping 1, GenuineIntel
TMP=C:\Users\JAVGON~1\AppData\Local\Temp
TEMP=C:\Users\JAVGON~1\AppData\Local\Temp



---------------  S Y S T E M  ---------------

OS:
 Windows 10 , 64 bit Build 19041 (10.0.19041.2546)
OS uptime: 0 days 23:59 hours
Hyper-V role detected

CPU: total 8 (initial active 8) (4 cores per cpu, 2 threads per core) family 6 model 140 stepping 1 microcode 0xa4, cx8, cmov, fxsr, ht, mmx, 3dnowpref, sse, sse2, sse3, ssse3, sse4.1, sse4.2, popcnt, lzcnt, tsc, tscinvbit, avx, avx2, aes, erms, clmul, bmi1, bmi2, adx, avx512f, avx512dq, avx512cd, avx512bw, avx512vl, sha, fma, vzeroupper, avx512_vpopcntdq, avx512_vpclmulqdq, avx512_vaes, avx512_vnni, clflush, clflushopt, clwb, avx512_vbmi2, avx512_vbmi, hv, rdtscp, rdpid, fsrm, gfni, avx512_bitalg

Memory: 4k page, system-wide physical 16103M (910M free)
TotalPageFile size 18151M (AvailPageFile size 350M)
current process WorkingSet (physical memory assigned to process): 299M, peak: 299M
current process commit charge ("private bytes"): 402M, peak: 404M

vm_info: Java HotSpot(TM) 64-Bit Server VM (19.0.2+7-44) for windows-amd64 JRE (19.0.2+7-44), built on 2022-11-30T18:02:09Z by "mach5one" with MS VC++ 17.1 (VS2022)

END.
